{"/Users/bart.riepe/Projects/mycoverage/src/blitz-client.ts": {"path":"/Users/bart.riepe/Projects/mycoverage/src/blitz-client.ts","statementMap":{"0":{"start":{"line":5,"column":26},"end":{"line":7,"column":null}},"1":{"start":{"line":9,"column":29},"end":{"line":11,"column":null}}},"fnMap":{},"branchMap":{},"s":{"0":0,"1":0},"f":{},"b":{}}
,"/Users/bart.riepe/Projects/mycoverage/src/blitz-server.ts": {"path":"/Users/bart.riepe/Projects/mycoverage/src/blitz-server.ts","statementMap":{"0":{"start":{"line":7,"column":34},"end":{"line":15,"column":null}}},"fnMap":{},"branchMap":{},"s":{"0":0},"f":{},"b":{}}
,"/Users/bart.riepe/Projects/mycoverage/src/worker.ts": {"path":"/Users/bart.riepe/Projects/mycoverage/src/worker.ts","statementMap":{"0":{"start":{"line":8,"column":11},"end":{"line":8,"column":null}},"1":{"start":{"line":10,"column":40},"end":{"line":15,"column":null}},"2":{"start":{"line":17,"column":0},"end":{"line":17,"column":null}},"3":{"start":{"line":19,"column":0},"end":{"line":28,"column":null}},"4":{"start":{"line":20,"column":2},"end":{"line":27,"column":null}},"5":{"start":{"line":21,"column":4},"end":{"line":21,"column":null}},"6":{"start":{"line":22,"column":19},"end":{"line":22,"column":null}},"7":{"start":{"line":24,"column":4},"end":{"line":26,"column":null}},"8":{"start":{"line":25,"column":6},"end":{"line":25,"column":null}},"9":{"start":{"line":30,"column":0},"end":{"line":42,"column":null}},"10":{"start":{"line":32,"column":17},"end":{"line":35,"column":null}},"11":{"start":{"line":33,"column":4},"end":{"line":33,"column":null}},"12":{"start":{"line":34,"column":4},"end":{"line":34,"column":null}},"13":{"start":{"line":37,"column":15},"end":{"line":37,"column":null}},"14":{"start":{"line":38,"column":15},"end":{"line":38,"column":null}},"15":{"start":{"line":39,"column":2},"end":{"line":41,"column":null}},"16":{"start":{"line":40,"column":4},"end":{"line":40,"column":null}},"17":{"start":{"line":44,"column":0},"end":{"line":44,"column":null}}},"fnMap":{"0":{"name":"(anonymous_0)","decl":{"start":{"line":19,"column":29},"end":{"line":19,"column":30}},"loc":{"start":{"line":19,"column":44},"end":{"line":28,"column":1}}},"1":{"name":"(anonymous_1)","decl":{"start":{"line":24,"column":24},"end":{"line":24,"column":25}},"loc":{"start":{"line":24,"column":35},"end":{"line":26,"column":5}}},"2":{"name":"(anonymous_2)","decl":{"start":{"line":32,"column":35},"end":{"line":32,"column":36}},"loc":{"start":{"line":32,"column":49},"end":{"line":35,"column":3}}},"3":{"name":"(anonymous_3)","decl":{"start":{"line":39,"column":41},"end":{"line":39,"column":47}},"loc":{"start":{"line":39,"column":47},"end":{"line":41,"column":3}}}},"branchMap":{"0":{"loc":{"start":{"line":20,"column":2},"end":{"line":27,"column":null}},"type":"if","locations":[{"start":{"line":20,"column":2},"end":{"line":27,"column":null}},{"start":{"line":20,"column":2},"end":{"line":27,"column":null}}]},"1":{"loc":{"start":{"line":20,"column":6},"end":{"line":20,"column":77}},"type":"binary-expr","locations":[{"start":{"line":20,"column":6},"end":{"line":20,"column":22}},{"start":{"line":20,"column":22},"end":{"line":20,"column":77}}]},"2":{"loc":{"start":{"line":30,"column":0},"end":{"line":42,"column":null}},"type":"if","locations":[{"start":{"line":30,"column":0},"end":{"line":42,"column":null}},{"start":{"line":30,"column":0},"end":{"line":42,"column":null}}]},"3":{"loc":{"start":{"line":38,"column":15},"end":{"line":38,"column":null}},"type":"binary-expr","locations":[{"start":{"line":38,"column":15},"end":{"line":38,"column":47}},{"start":{"line":38,"column":47},"end":{"line":38,"column":null}}]}},"s":{"0":0,"1":0,"2":0,"3":0,"4":0,"5":0,"6":0,"7":0,"8":0,"9":0,"10":0,"11":0,"12":0,"13":0,"14":0,"15":0,"16":0,"17":0},"f":{"0":0,"1":0,"2":0,"3":0},"b":{"0":[0,0],"1":[0,0],"2":[0,0],"3":[0,0]}}
,"/Users/bart.riepe/Projects/mycoverage/src/auth/validations.ts": {"path":"/Users/bart.riepe/Projects/mycoverage/src/auth/validations.ts","statementMap":{"0":{"start":{"line":3,"column":17},"end":{"line":3,"column":null}},"1":{"start":{"line":5,"column":22},"end":{"line":8,"column":null}},"2":{"start":{"line":10,"column":21},"end":{"line":13,"column":null}},"3":{"start":{"line":15,"column":30},"end":{"line":17,"column":null}},"4":{"start":{"line":19,"column":29},"end":{"line":28,"column":null}},"5":{"start":{"line":25,"column":20},"end":{"line":25,"column":65}},"6":{"start":{"line":30,"column":30},"end":{"line":33,"column":null}}},"fnMap":{"0":{"name":"(anonymous_0)","decl":{"start":{"line":25,"column":10},"end":{"line":25,"column":11}},"loc":{"start":{"line":25,"column":20},"end":{"line":25,"column":65}}}},"branchMap":{},"s":{"0":0,"1":0,"2":0,"3":0,"4":0,"5":0,"6":0},"f":{"0":0},"b":{}}
,"/Users/bart.riepe/Projects/mycoverage/src/auth/components/LoginForm.tsx": {"path":"/Users/bart.riepe/Projects/mycoverage/src/auth/components/LoginForm.tsx","statementMap":{"0":{"start":{"line":14,"column":25},"end":{"line":55,"column":null}},"1":{"start":{"line":15,"column":26},"end":{"line":15,"column":null}},"2":{"start":{"line":17,"column":2},"end":{"line":53,"column":null}},"3":{"start":{"line":26,"column":10},"end":{"line":38,"column":null}},"4":{"start":{"line":27,"column":12},"end":{"line":27,"column":null}},"5":{"start":{"line":28,"column":12},"end":{"line":28,"column":null}},"6":{"start":{"line":30,"column":12},"end":{"line":37,"column":null}},"7":{"start":{"line":31,"column":14},"end":{"line":31,"column":null}},"8":{"start":{"line":33,"column":14},"end":{"line":36,"column":null}}},"fnMap":{"0":{"name":"(anonymous_0)","decl":{"start":{"line":14,"column":25},"end":{"line":14,"column":26}},"loc":{"start":{"line":14,"column":52},"end":{"line":55,"column":null}}},"1":{"name":"(anonymous_1)","decl":{"start":{"line":25,"column":18},"end":{"line":25,"column":25}},"loc":{"start":{"line":25,"column":36},"end":{"line":39,"column":null}}}},"branchMap":{"0":{"loc":{"start":{"line":30,"column":12},"end":{"line":37,"column":null}},"type":"if","locations":[{"start":{"line":30,"column":12},"end":{"line":37,"column":null}},{"start":{"line":32,"column":19},"end":{"line":37,"column":null}}]}},"s":{"0":0,"1":0,"2":0,"3":0,"4":0,"5":0,"6":0,"7":0,"8":0},"f":{"0":0,"1":0},"b":{"0":[0,0]}}
,"/Users/bart.riepe/Projects/mycoverage/src/auth/components/SignupForm.tsx": {"path":"/Users/bart.riepe/Projects/mycoverage/src/auth/components/SignupForm.tsx","statementMap":{"0":{"start":{"line":11,"column":26},"end":{"line":41,"column":null}},"1":{"start":{"line":12,"column":27},"end":{"line":12,"column":null}},"2":{"start":{"line":14,"column":2},"end":{"line":39,"column":null}},"3":{"start":{"line":23,"column":10},"end":{"line":33,"column":null}},"4":{"start":{"line":24,"column":12},"end":{"line":24,"column":null}},"5":{"start":{"line":25,"column":12},"end":{"line":25,"column":null}},"6":{"start":{"line":27,"column":12},"end":{"line":32,"column":null}},"7":{"start":{"line":29,"column":14},"end":{"line":29,"column":null}},"8":{"start":{"line":31,"column":14},"end":{"line":31,"column":null}}},"fnMap":{"0":{"name":"(anonymous_0)","decl":{"start":{"line":11,"column":26},"end":{"line":11,"column":27}},"loc":{"start":{"line":11,"column":54},"end":{"line":41,"column":null}}},"1":{"name":"(anonymous_1)","decl":{"start":{"line":22,"column":18},"end":{"line":22,"column":25}},"loc":{"start":{"line":22,"column":36},"end":{"line":34,"column":null}}}},"branchMap":{"0":{"loc":{"start":{"line":27,"column":12},"end":{"line":32,"column":null}},"type":"if","locations":[{"start":{"line":27,"column":12},"end":{"line":32,"column":null}},{"start":{"line":30,"column":19},"end":{"line":32,"column":null}}]},"1":{"loc":{"start":{"line":27,"column":16},"end":{"line":27,"column":81}},"type":"binary-expr","locations":[{"start":{"line":27,"column":16},"end":{"line":27,"column":42}},{"start":{"line":27,"column":42},"end":{"line":27,"column":81}}]}},"s":{"0":0,"1":0,"2":0,"3":0,"4":0,"5":0,"6":0,"7":0,"8":0},"f":{"0":0,"1":0},"b":{"0":[0,0],"1":[0,0]}}
,"/Users/bart.riepe/Projects/mycoverage/src/auth/mutations/changePassword.ts": {"path":"/Users/bart.riepe/Projects/mycoverage/src/auth/mutations/changePassword.ts","statementMap":{"0":{"start":{"line":12,"column":17},"end":{"line":12,"column":null}},"1":{"start":{"line":13,"column":4},"end":{"line":13,"column":null}},"2":{"start":{"line":13,"column":15},"end":{"line":13,"column":null}},"3":{"start":{"line":15,"column":4},"end":{"line":15,"column":null}},"4":{"start":{"line":17,"column":27},"end":{"line":17,"column":null}},"5":{"start":{"line":18,"column":4},"end":{"line":21,"column":null}},"6":{"start":{"line":23,"column":4},"end":{"line":23,"column":null}}},"fnMap":{"0":{"name":"(anonymous_0)","decl":{"start":{"line":11,"column":2},"end":{"line":11,"column":9}},"loc":{"start":{"line":11,"column":51},"end":{"line":24,"column":null}}}},"branchMap":{"0":{"loc":{"start":{"line":13,"column":4},"end":{"line":13,"column":null}},"type":"if","locations":[{"start":{"line":13,"column":4},"end":{"line":13,"column":null}},{"start":{"line":13,"column":4},"end":{"line":13,"column":null}}]}},"s":{"0":0,"1":0,"2":0,"3":0,"4":0,"5":0,"6":0},"f":{"0":0},"b":{"0":[0,0]}}
,"/Users/bart.riepe/Projects/mycoverage/src/auth/mutations/forgotPassword.ts": {"path":"/Users/bart.riepe/Projects/mycoverage/src/auth/mutations/forgotPassword.ts","statementMap":{"0":{"start":{"line":7,"column":49},"end":{"line":7,"column":null}},"1":{"start":{"line":11,"column":15},"end":{"line":11,"column":null}},"2":{"start":{"line":14,"column":16},"end":{"line":14,"column":null}},"3":{"start":{"line":15,"column":22},"end":{"line":15,"column":null}},"4":{"start":{"line":16,"column":20},"end":{"line":16,"column":null}},"5":{"start":{"line":17,"column":2},"end":{"line":17,"column":null}},"6":{"start":{"line":20,"column":2},"end":{"line":38,"column":null}},"7":{"start":{"line":22,"column":4},"end":{"line":22,"column":null}},"8":{"start":{"line":24,"column":4},"end":{"line":32,"column":null}},"9":{"start":{"line":34,"column":4},"end":{"line":34,"column":null}},"10":{"start":{"line":37,"column":4},"end":{"line":37,"column":null}},"11":{"start":{"line":37,"column":35},"end":{"line":37,"column":59}},"12":{"start":{"line":41,"column":2},"end":{"line":41,"column":null}}},"fnMap":{"0":{"name":"(anonymous_0)","decl":{"start":{"line":9,"column":59},"end":{"line":9,"column":66}},"loc":{"start":{"line":9,"column":80},"end":{"line":42,"column":1}}},"1":{"name":"(anonymous_1)","decl":{"start":{"line":37,"column":22},"end":{"line":37,"column":23}},"loc":{"start":{"line":37,"column":35},"end":{"line":37,"column":59}}}},"branchMap":{"0":{"loc":{"start":{"line":20,"column":2},"end":{"line":38,"column":null}},"type":"if","locations":[{"start":{"line":20,"column":2},"end":{"line":38,"column":null}},{"start":{"line":35,"column":9},"end":{"line":38,"column":null}}]}},"s":{"0":0,"1":0,"2":0,"3":0,"4":0,"5":0,"6":0,"7":0,"8":0,"9":0,"10":0,"11":0,"12":0},"f":{"0":0,"1":0},"b":{"0":[0,0]}}
,"/Users/bart.riepe/Projects/mycoverage/src/auth/mutations/login.ts": {"path":"/Users/bart.riepe/Projects/mycoverage/src/auth/mutations/login.ts","statementMap":{"0":{"start":{"line":7,"column":32},"end":{"line":23,"column":null}},"1":{"start":{"line":8,"column":16},"end":{"line":8,"column":null}},"2":{"start":{"line":9,"column":19},"end":{"line":9,"column":null}},"3":{"start":{"line":10,"column":15},"end":{"line":10,"column":null}},"4":{"start":{"line":11,"column":2},"end":{"line":11,"column":null}},"5":{"start":{"line":11,"column":13},"end":{"line":11,"column":null}},"6":{"start":{"line":13,"column":17},"end":{"line":13,"column":null}},"7":{"start":{"line":15,"column":2},"end":{"line":19,"column":null}},"8":{"start":{"line":17,"column":25},"end":{"line":17,"column":null}},"9":{"start":{"line":18,"column":4},"end":{"line":18,"column":null}},"10":{"start":{"line":21,"column":38},"end":{"line":21,"column":null}},"11":{"start":{"line":22,"column":2},"end":{"line":22,"column":null}},"12":{"start":{"line":27,"column":15},"end":{"line":27,"column":null}},"13":{"start":{"line":29,"column":2},"end":{"line":29,"column":null}},"14":{"start":{"line":31,"column":2},"end":{"line":31,"column":null}}},"fnMap":{"0":{"name":"(anonymous_0)","decl":{"start":{"line":7,"column":32},"end":{"line":7,"column":39}},"loc":{"start":{"line":7,"column":81},"end":{"line":23,"column":null}}},"1":{"name":"(anonymous_1)","decl":{"start":{"line":25,"column":50},"end":{"line":25,"column":57}},"loc":{"start":{"line":25,"column":86},"end":{"line":32,"column":1}}}},"branchMap":{"0":{"loc":{"start":{"line":11,"column":2},"end":{"line":11,"column":null}},"type":"if","locations":[{"start":{"line":11,"column":2},"end":{"line":11,"column":null}},{"start":{"line":11,"column":2},"end":{"line":11,"column":null}}]},"1":{"loc":{"start":{"line":15,"column":2},"end":{"line":19,"column":null}},"type":"if","locations":[{"start":{"line":15,"column":2},"end":{"line":19,"column":null}},{"start":{"line":15,"column":2},"end":{"line":19,"column":null}}]}},"s":{"0":0,"1":0,"2":0,"3":0,"4":0,"5":0,"6":0,"7":0,"8":0,"9":0,"10":0,"11":0,"12":0,"13":0,"14":0},"f":{"0":0,"1":0},"b":{"0":[0,0],"1":[0,0]}}
,"/Users/bart.riepe/Projects/mycoverage/src/auth/mutations/logout.ts": {"path":"/Users/bart.riepe/Projects/mycoverage/src/auth/mutations/logout.ts","statementMap":{"0":{"start":{"line":4,"column":2},"end":{"line":4,"column":null}}},"fnMap":{"0":{"name":"logout","decl":{"start":{"line":3,"column":30},"end":{"line":3,"column":37}},"loc":{"start":{"line":3,"column":55},"end":{"line":5,"column":null}}}},"branchMap":{},"s":{"0":0},"f":{"0":0},"b":{}}
,"/Users/bart.riepe/Projects/mycoverage/src/auth/mutations/resetPassword.ts": {"path":"/Users/bart.riepe/Projects/mycoverage/src/auth/mutations/resetPassword.ts","statementMap":{"0":{"start":{"line":8,"column":7},"end":{"line":8,"column":13}},"1":{"start":{"line":9,"column":2},"end":{"line":9,"column":null}},"2":{"start":{"line":10,"column":2},"end":{"line":10,"column":null}},"3":{"start":{"line":15,"column":22},"end":{"line":15,"column":null}},"4":{"start":{"line":16,"column":24},"end":{"line":19,"column":null}},"5":{"start":{"line":22,"column":2},"end":{"line":24,"column":null}},"6":{"start":{"line":23,"column":4},"end":{"line":23,"column":null}},"7":{"start":{"line":25,"column":21},"end":{"line":25,"column":null}},"8":{"start":{"line":28,"column":2},"end":{"line":28,"column":null}},"9":{"start":{"line":31,"column":2},"end":{"line":33,"column":null}},"10":{"start":{"line":32,"column":4},"end":{"line":32,"column":null}},"11":{"start":{"line":36,"column":25},"end":{"line":36,"column":null}},"12":{"start":{"line":37,"column":15},"end":{"line":40,"column":null}},"13":{"start":{"line":43,"column":2},"end":{"line":43,"column":null}},"14":{"start":{"line":46,"column":2},"end":{"line":46,"column":null}},"15":{"start":{"line":48,"column":2},"end":{"line":48,"column":null}}},"fnMap":{"0":{"name":"(anonymous_0)","decl":{"start":{"line":8,"column":7},"end":{"line":8,"column":13}},"loc":{"start":{"line":8,"column":7},"end":{"line":10,"column":null}}},"1":{"name":"(anonymous_1)","decl":{"start":{"line":13,"column":58},"end":{"line":13,"column":65}},"loc":{"start":{"line":13,"column":94},"end":{"line":49,"column":1}}}},"branchMap":{"0":{"loc":{"start":{"line":22,"column":2},"end":{"line":24,"column":null}},"type":"if","locations":[{"start":{"line":22,"column":2},"end":{"line":24,"column":null}},{"start":{"line":22,"column":2},"end":{"line":24,"column":null}}]},"1":{"loc":{"start":{"line":31,"column":2},"end":{"line":33,"column":null}},"type":"if","locations":[{"start":{"line":31,"column":2},"end":{"line":33,"column":null}},{"start":{"line":31,"column":2},"end":{"line":33,"column":null}}]}},"s":{"0":0,"1":0,"2":0,"3":0,"4":0,"5":0,"6":0,"7":0,"8":0,"9":0,"10":0,"11":0,"12":0,"13":0,"14":0,"15":0},"f":{"0":0,"1":0},"b":{"0":[0,0],"1":[0,0]}}
,"/Users/bart.riepe/Projects/mycoverage/src/auth/mutations/signup.ts": {"path":"/Users/bart.riepe/Projects/mycoverage/src/auth/mutations/signup.ts","statementMap":{"0":{"start":{"line":7,"column":25},"end":{"line":7,"column":null}},"1":{"start":{"line":8,"column":15},"end":{"line":11,"column":null}},"2":{"start":{"line":13,"column":2},"end":{"line":13,"column":null}},"3":{"start":{"line":14,"column":2},"end":{"line":14,"column":null}}},"fnMap":{"0":{"name":"(anonymous_0)","decl":{"start":{"line":6,"column":51},"end":{"line":6,"column":58}},"loc":{"start":{"line":6,"column":87},"end":{"line":15,"column":1}}}},"branchMap":{},"s":{"0":0,"1":0,"2":0,"3":0},"f":{"0":0},"b":{}}
,"/Users/bart.riepe/Projects/mycoverage/src/auth/pages/forgot-password.tsx": {"path":"/Users/bart.riepe/Projects/mycoverage/src/auth/pages/forgot-password.tsx","statementMap":{"0":{"start":{"line":9,"column":38},"end":{"line":44,"column":null}},"1":{"start":{"line":10,"column":50},"end":{"line":10,"column":null}},"2":{"start":{"line":12,"column":2},"end":{"line":42,"column":null}},"3":{"start":{"line":30,"column":12},"end":{"line":36,"column":null}},"4":{"start":{"line":31,"column":14},"end":{"line":31,"column":null}},"5":{"start":{"line":33,"column":14},"end":{"line":35,"column":null}},"6":{"start":{"line":46,"column":0},"end":{"line":46,"column":null}},"7":{"start":{"line":47,"column":0},"end":{"line":47,"column":null}},"8":{"start":{"line":47,"column":41},"end":{"line":47,"column":null}}},"fnMap":{"0":{"name":"(anonymous_0)","decl":{"start":{"line":9,"column":38},"end":{"line":9,"column":44}},"loc":{"start":{"line":9,"column":44},"end":{"line":44,"column":null}}},"1":{"name":"(anonymous_1)","decl":{"start":{"line":29,"column":20},"end":{"line":29,"column":27}},"loc":{"start":{"line":29,"column":38},"end":{"line":37,"column":null}}},"2":{"name":"(anonymous_2)","decl":{"start":{"line":47,"column":31},"end":{"line":47,"column":32}},"loc":{"start":{"line":47,"column":41},"end":{"line":47,"column":null}}}},"branchMap":{"0":{"loc":{"start":{"line":16,"column":7},"end":{"line":40,"column":null}},"type":"cond-expr","locations":[{"start":{"line":17,"column":8},"end":{"line":23,"column":null}},{"start":{"line":25,"column":8},"end":{"line":40,"column":null}}]}},"s":{"0":0,"1":0,"2":0,"3":0,"4":0,"5":0,"6":0,"7":0,"8":0},"f":{"0":0,"1":0,"2":0},"b":{"0":[0,0]}}
,"/Users/bart.riepe/Projects/mycoverage/src/auth/pages/login.tsx": {"path":"/Users/bart.riepe/Projects/mycoverage/src/auth/pages/login.tsx","statementMap":{"0":{"start":{"line":6,"column":29},"end":{"line":19,"column":null}},"1":{"start":{"line":7,"column":17},"end":{"line":7,"column":null}},"2":{"start":{"line":9,"column":2},"end":{"line":17,"column":null}},"3":{"start":{"line":13,"column":23},"end":{"line":13,"column":null}},"4":{"start":{"line":14,"column":10},"end":{"line":14,"column":null}},"5":{"start":{"line":21,"column":0},"end":{"line":21,"column":null}},"6":{"start":{"line":22,"column":0},"end":{"line":22,"column":null}},"7":{"start":{"line":22,"column":32},"end":{"line":22,"column":null}}},"fnMap":{"0":{"name":"(anonymous_0)","decl":{"start":{"line":6,"column":29},"end":{"line":6,"column":35}},"loc":{"start":{"line":6,"column":35},"end":{"line":19,"column":null}}},"1":{"name":"(anonymous_1)","decl":{"start":{"line":12,"column":19},"end":{"line":12,"column":31}},"loc":{"start":{"line":12,"column":31},"end":{"line":15,"column":null}}},"2":{"name":"(anonymous_2)","decl":{"start":{"line":22,"column":22},"end":{"line":22,"column":23}},"loc":{"start":{"line":22,"column":32},"end":{"line":22,"column":null}}}},"branchMap":{"0":{"loc":{"start":{"line":13,"column":23},"end":{"line":13,"column":null}},"type":"cond-expr","locations":[{"start":{"line":13,"column":43},"end":{"line":13,"column":93}},{"start":{"line":13,"column":93},"end":{"line":13,"column":null}}]}},"s":{"0":0,"1":0,"2":0,"3":0,"4":0,"5":0,"6":0,"7":0},"f":{"0":0,"1":0,"2":0},"b":{"0":[0,0]}}
,"/Users/bart.riepe/Projects/mycoverage/src/auth/pages/reset-password.tsx": {"path":"/Users/bart.riepe/Projects/mycoverage/src/auth/pages/reset-password.tsx","statementMap":{"0":{"start":{"line":10,"column":37},"end":{"line":56,"column":null}},"1":{"start":{"line":11,"column":16},"end":{"line":11,"column":null}},"2":{"start":{"line":12,"column":49},"end":{"line":12,"column":null}},"3":{"start":{"line":14,"column":2},"end":{"line":54,"column":null}},"4":{"start":{"line":31,"column":12},"end":{"line":43,"column":null}},"5":{"start":{"line":32,"column":14},"end":{"line":32,"column":null}},"6":{"start":{"line":34,"column":14},"end":{"line":42,"column":null}},"7":{"start":{"line":35,"column":16},"end":{"line":37,"column":null}},"8":{"start":{"line":39,"column":16},"end":{"line":41,"column":null}},"9":{"start":{"line":58,"column":0},"end":{"line":58,"column":null}},"10":{"start":{"line":59,"column":0},"end":{"line":59,"column":null}},"11":{"start":{"line":59,"column":40},"end":{"line":59,"column":null}}},"fnMap":{"0":{"name":"(anonymous_0)","decl":{"start":{"line":10,"column":37},"end":{"line":10,"column":43}},"loc":{"start":{"line":10,"column":43},"end":{"line":56,"column":null}}},"1":{"name":"(anonymous_1)","decl":{"start":{"line":30,"column":20},"end":{"line":30,"column":27}},"loc":{"start":{"line":30,"column":38},"end":{"line":44,"column":null}}},"2":{"name":"(anonymous_2)","decl":{"start":{"line":59,"column":30},"end":{"line":59,"column":31}},"loc":{"start":{"line":59,"column":40},"end":{"line":59,"column":null}}}},"branchMap":{"0":{"loc":{"start":{"line":18,"column":7},"end":{"line":52,"column":null}},"type":"cond-expr","locations":[{"start":{"line":19,"column":8},"end":{"line":24,"column":null}},{"start":{"line":26,"column":8},"end":{"line":52,"column":null}}]},"1":{"loc":{"start":{"line":34,"column":14},"end":{"line":42,"column":null}},"type":"if","locations":[{"start":{"line":34,"column":14},"end":{"line":42,"column":null}},{"start":{"line":38,"column":21},"end":{"line":42,"column":null}}]}},"s":{"0":0,"1":0,"2":0,"3":0,"4":0,"5":0,"6":0,"7":0,"8":0,"9":0,"10":0,"11":0},"f":{"0":0,"1":0,"2":0},"b":{"0":[0,0],"1":[0,0]}}
,"/Users/bart.riepe/Projects/mycoverage/src/auth/pages/signup.tsx": {"path":"/Users/bart.riepe/Projects/mycoverage/src/auth/pages/signup.tsx","statementMap":{"0":{"start":{"line":6,"column":30},"end":{"line":14,"column":null}},"1":{"start":{"line":7,"column":17},"end":{"line":7,"column":null}},"2":{"start":{"line":9,"column":2},"end":{"line":12,"column":null}},"3":{"start":{"line":11,"column":35},"end":{"line":11,"column":63}},"4":{"start":{"line":16,"column":0},"end":{"line":16,"column":null}},"5":{"start":{"line":17,"column":0},"end":{"line":17,"column":null}},"6":{"start":{"line":17,"column":33},"end":{"line":17,"column":null}}},"fnMap":{"0":{"name":"(anonymous_0)","decl":{"start":{"line":6,"column":30},"end":{"line":6,"column":36}},"loc":{"start":{"line":6,"column":36},"end":{"line":14,"column":null}}},"1":{"name":"(anonymous_1)","decl":{"start":{"line":11,"column":29},"end":{"line":11,"column":35}},"loc":{"start":{"line":11,"column":35},"end":{"line":11,"column":63}}},"2":{"name":"(anonymous_2)","decl":{"start":{"line":17,"column":23},"end":{"line":17,"column":24}},"loc":{"start":{"line":17,"column":33},"end":{"line":17,"column":null}}}},"branchMap":{},"s":{"0":0,"1":0,"2":0,"3":0,"4":0,"5":0,"6":0},"f":{"0":0,"1":0,"2":0},"b":{}}
,"/Users/bart.riepe/Projects/mycoverage/src/branches/mutations/createBranch.ts": {"path":"/Users/bart.riepe/Projects/mycoverage/src/branches/mutations/createBranch.ts","statementMap":{"0":{"start":{"line":5,"column":21},"end":{"line":9,"column":null}},"1":{"start":{"line":13,"column":17},"end":{"line":13,"column":null}},"2":{"start":{"line":15,"column":2},"end":{"line":15,"column":null}}},"fnMap":{"0":{"name":"(anonymous_0)","decl":{"start":{"line":11,"column":79},"end":{"line":11,"column":86}},"loc":{"start":{"line":11,"column":96},"end":{"line":16,"column":1}}}},"branchMap":{},"s":{"0":0,"1":0,"2":0},"f":{"0":0},"b":{}}
,"/Users/bart.riepe/Projects/mycoverage/src/branches/mutations/deleteBranch.ts": {"path":"/Users/bart.riepe/Projects/mycoverage/src/branches/mutations/deleteBranch.ts","statementMap":{"0":{"start":{"line":5,"column":21},"end":{"line":7,"column":null}},"1":{"start":{"line":11,"column":17},"end":{"line":11,"column":null}},"2":{"start":{"line":13,"column":2},"end":{"line":13,"column":null}}},"fnMap":{"0":{"name":"(anonymous_0)","decl":{"start":{"line":9,"column":79},"end":{"line":9,"column":86}},"loc":{"start":{"line":9,"column":97},"end":{"line":14,"column":1}}}},"branchMap":{},"s":{"0":0,"1":0,"2":0},"f":{"0":0},"b":{}}
,"/Users/bart.riepe/Projects/mycoverage/src/branches/mutations/updateBranch.ts": {"path":"/Users/bart.riepe/Projects/mycoverage/src/branches/mutations/updateBranch.ts","statementMap":{"0":{"start":{"line":5,"column":21},"end":{"line":8,"column":null}},"1":{"start":{"line":15,"column":19},"end":{"line":15,"column":null}},"2":{"start":{"line":17,"column":4},"end":{"line":17,"column":null}}},"fnMap":{"0":{"name":"(anonymous_0)","decl":{"start":{"line":13,"column":2},"end":{"line":13,"column":9}},"loc":{"start":{"line":13,"column":29},"end":{"line":18,"column":null}}}},"branchMap":{},"s":{"0":0,"1":0,"2":0},"f":{"0":0},"b":{}}
,"/Users/bart.riepe/Projects/mycoverage/src/branches/queries/getBranches.ts": {"path":"/Users/bart.riepe/Projects/mycoverage/src/branches/queries/getBranches.ts","statementMap":{"0":{"start":{"line":16,"column":6},"end":{"line":21,"column":null}},"1":{"start":{"line":19,"column":17},"end":{"line":19,"column":null}},"2":{"start":{"line":20,"column":29},"end":{"line":20,"column":null}},"3":{"start":{"line":23,"column":2},"end":{"line":28,"column":null}}},"fnMap":{"0":{"name":"(anonymous_0)","decl":{"start":{"line":9,"column":29},"end":{"line":9,"column":36}},"loc":{"start":{"line":9,"column":99},"end":{"line":29,"column":1}}},"1":{"name":"(anonymous_1)","decl":{"start":{"line":19,"column":11},"end":{"line":19,"column":17}},"loc":{"start":{"line":19,"column":17},"end":{"line":19,"column":null}}},"2":{"name":"(anonymous_2)","decl":{"start":{"line":20,"column":11},"end":{"line":20,"column":12}},"loc":{"start":{"line":20,"column":29},"end":{"line":20,"column":null}}}},"branchMap":{"0":{"loc":{"start":{"line":9,"column":54},"end":{"line":9,"column":64}},"type":"default-arg","locations":[{"start":{"line":9,"column":61},"end":{"line":9,"column":64}}]},"1":{"loc":{"start":{"line":9,"column":64},"end":{"line":9,"column":75}},"type":"default-arg","locations":[{"start":{"line":9,"column":71},"end":{"line":9,"column":75}}]}},"s":{"0":0,"1":0,"2":0,"3":0},"f":{"0":0,"1":0,"2":0},"b":{"0":[0],"1":[0]}}
,"/Users/bart.riepe/Projects/mycoverage/src/core/components/Form.tsx": {"path":"/Users/bart.riepe/Projects/mycoverage/src/core/components/Form.tsx","statementMap":{"0":{"start":{"line":26,"column":2},"end":{"line":55,"column":null}},"1":{"start":{"line":32,"column":8},"end":{"line":53,"column":null}}},"fnMap":{"0":{"name":"Form","decl":{"start":{"line":18,"column":16},"end":{"line":18,"column":52}},"loc":{"start":{"line":25,"column":17},"end":{"line":57,"column":null}}},"1":{"name":"(anonymous_1)","decl":{"start":{"line":31,"column":14},"end":{"line":31,"column":15}},"loc":{"start":{"line":32,"column":8},"end":{"line":53,"column":null}}}},"branchMap":{"0":{"loc":{"start":{"line":36,"column":11},"end":{"line":39,"column":null}},"type":"binary-expr","locations":[{"start":{"line":36,"column":11},"end":{"line":36,"column":null}},{"start":{"line":37,"column":12},"end":{"line":39,"column":null}}]},"1":{"loc":{"start":{"line":42,"column":11},"end":{"line":45,"column":null}},"type":"binary-expr","locations":[{"start":{"line":42,"column":11},"end":{"line":42,"column":null}},{"start":{"line":43,"column":12},"end":{"line":45,"column":null}}]}},"s":{"0":0,"1":0},"f":{"0":0,"1":0},"b":{"0":[0,0],"1":[0,0]}}
,"/Users/bart.riepe/Projects/mycoverage/src/core/components/LabeledTextField.tsx": {"path":"/Users/bart.riepe/Projects/mycoverage/src/core/components/LabeledTextField.tsx","statementMap":{"0":{"start":{"line":14,"column":32},"end":{"line":57,"column":null}},"1":{"start":{"line":19,"column":8},"end":{"line":21,"column":null}},"2":{"start":{"line":23,"column":28},"end":{"line":23,"column":null}},"3":{"start":{"line":25,"column":4},"end":{"line":54,"column":null}}},"fnMap":{"0":{"name":"(anonymous_0)","decl":{"start":{"line":15,"column":2},"end":{"line":15,"column":3}},"loc":{"start":{"line":15,"column":50},"end":{"line":56,"column":null}}}},"branchMap":{"0":{"loc":{"start":{"line":20,"column":13},"end":{"line":20,"column":null}},"type":"cond-expr","locations":[{"start":{"line":20,"column":39},"end":{"line":20,"column":48}},{"start":{"line":20,"column":48},"end":{"line":20,"column":null}}]},"1":{"loc":{"start":{"line":23,"column":28},"end":{"line":23,"column":null}},"type":"cond-expr","locations":[{"start":{"line":23,"column":51},"end":{"line":23,"column":70}},{"start":{"line":23,"column":70},"end":{"line":23,"column":null}}]},"2":{"loc":{"start":{"line":23,"column":70},"end":{"line":23,"column":null}},"type":"binary-expr","locations":[{"start":{"line":23,"column":70},"end":{"line":23,"column":79}},{"start":{"line":23,"column":79},"end":{"line":23,"column":null}}]},"3":{"loc":{"start":{"line":32,"column":9},"end":{"line":35,"column":null}},"type":"binary-expr","locations":[{"start":{"line":32,"column":9},"end":{"line":32,"column":20}},{"start":{"line":32,"column":20},"end":{"line":32,"column":null}},{"start":{"line":33,"column":10},"end":{"line":35,"column":null}}]}},"s":{"0":0,"1":0,"2":0,"3":0},"f":{"0":0},"b":{"0":[0,0],"1":[0,0],"2":[0,0],"3":[0,0,0]}}
,"/Users/bart.riepe/Projects/mycoverage/src/core/hooks/useCurrentUser.ts": {"path":"/Users/bart.riepe/Projects/mycoverage/src/core/hooks/useCurrentUser.ts","statementMap":{"0":{"start":{"line":4,"column":30},"end":{"line":7,"column":null}},"1":{"start":{"line":5,"column":17},"end":{"line":5,"column":null}},"2":{"start":{"line":6,"column":2},"end":{"line":6,"column":null}}},"fnMap":{"0":{"name":"(anonymous_0)","decl":{"start":{"line":4,"column":30},"end":{"line":4,"column":36}},"loc":{"start":{"line":4,"column":36},"end":{"line":7,"column":null}}}},"branchMap":{},"s":{"0":0,"1":0,"2":0},"f":{"0":0},"b":{}}
,"/Users/bart.riepe/Projects/mycoverage/src/core/layouts/Layout.tsx": {"path":"/Users/bart.riepe/Projects/mycoverage/src/core/layouts/Layout.tsx","statementMap":{"0":{"start":{"line":13,"column":15},"end":{"line":42,"column":null}},"1":{"start":{"line":14,"column":2},"end":{"line":40,"column":null}}},"fnMap":{"0":{"name":"(anonymous_0)","decl":{"start":{"line":13,"column":15},"end":{"line":13,"column":16}},"loc":{"start":{"line":13,"column":53},"end":{"line":42,"column":null}}}},"branchMap":{"0":{"loc":{"start":{"line":17,"column":16},"end":{"line":17,"column":38}},"type":"binary-expr","locations":[{"start":{"line":17,"column":16},"end":{"line":17,"column":25}},{"start":{"line":17,"column":25},"end":{"line":17,"column":38}}]}},"s":{"0":0,"1":0},"f":{"0":0},"b":{"0":[0,0]}}
,"/Users/bart.riepe/Projects/mycoverage/src/core/layouts/WideLayout.tsx": {"path":"/Users/bart.riepe/Projects/mycoverage/src/core/layouts/WideLayout.tsx","statementMap":{"0":{"start":{"line":13,"column":19},"end":{"line":38,"column":null}},"1":{"start":{"line":14,"column":2},"end":{"line":36,"column":null}}},"fnMap":{"0":{"name":"(anonymous_0)","decl":{"start":{"line":13,"column":19},"end":{"line":13,"column":20}},"loc":{"start":{"line":13,"column":57},"end":{"line":38,"column":null}}}},"branchMap":{"0":{"loc":{"start":{"line":17,"column":16},"end":{"line":17,"column":38}},"type":"binary-expr","locations":[{"start":{"line":17,"column":16},"end":{"line":17,"column":25}},{"start":{"line":17,"column":25},"end":{"line":17,"column":38}}]}},"s":{"0":0,"1":0},"f":{"0":0},"b":{"0":[0,0]}}
,"/Users/bart.riepe/Projects/mycoverage/src/coverage/mutations/combineCoverage.ts": {"path":"/Users/bart.riepe/Projects/mycoverage/src/coverage/mutations/combineCoverage.ts","statementMap":{"0":{"start":{"line":6,"column":17},"end":{"line":30,"column":null}},"1":{"start":{"line":32,"column":2},"end":{"line":34,"column":null}},"2":{"start":{"line":33,"column":4},"end":{"line":33,"column":null}},"3":{"start":{"line":36,"column":2},"end":{"line":40,"column":null}},"4":{"start":{"line":42,"column":2},"end":{"line":50,"column":null}},"5":{"start":{"line":44,"column":6},"end":{"line":48,"column":null}},"6":{"start":{"line":52,"column":2},"end":{"line":68,"column":null}},"7":{"start":{"line":52,"column":15},"end":{"line":52,"column":18}},"8":{"start":{"line":53,"column":17},"end":{"line":53,"column":null}},"9":{"start":{"line":54,"column":4},"end":{"line":54,"column":null}},"10":{"start":{"line":54,"column":15},"end":{"line":54,"column":null}},"11":{"start":{"line":56,"column":4},"end":{"line":67,"column":null}},"12":{"start":{"line":56,"column":17},"end":{"line":56,"column":20}},"13":{"start":{"line":57,"column":27},"end":{"line":57,"column":null}},"14":{"start":{"line":58,"column":6},"end":{"line":58,"column":null}},"15":{"start":{"line":58,"column":25},"end":{"line":58,"column":null}},"16":{"start":{"line":59,"column":6},"end":{"line":66,"column":null}},"17":{"start":{"line":70,"column":2},"end":{"line":77,"column":null}},"18":{"start":{"line":80,"column":2},"end":{"line":90,"column":null}},"19":{"start":{"line":89,"column":4},"end":{"line":89,"column":null}},"20":{"start":{"line":92,"column":2},"end":{"line":92,"column":null}},"21":{"start":{"line":94,"column":2},"end":{"line":94,"column":null}}},"fnMap":{"0":{"name":"combineCoverage","decl":{"start":{"line":5,"column":30},"end":{"line":5,"column":46}},"loc":{"start":{"line":5,"column":92},"end":{"line":95,"column":null}}},"1":{"name":"(anonymous_1)","decl":{"start":{"line":43,"column":20},"end":{"line":43,"column":21}},"loc":{"start":{"line":43,"column":30},"end":{"line":49,"column":5}}},"2":{"name":"(anonymous_2)","decl":{"start":{"line":88,"column":11},"end":{"line":88,"column":12}},"loc":{"start":{"line":88,"column":22},"end":{"line":90,"column":3}}}},"branchMap":{"0":{"loc":{"start":{"line":32,"column":2},"end":{"line":34,"column":null}},"type":"if","locations":[{"start":{"line":32,"column":2},"end":{"line":34,"column":null}},{"start":{"line":32,"column":2},"end":{"line":34,"column":null}}]},"1":{"loc":{"start":{"line":54,"column":4},"end":{"line":54,"column":null}},"type":"if","locations":[{"start":{"line":54,"column":4},"end":{"line":54,"column":null}},{"start":{"line":54,"column":4},"end":{"line":54,"column":null}}]},"2":{"loc":{"start":{"line":58,"column":6},"end":{"line":58,"column":null}},"type":"if","locations":[{"start":{"line":58,"column":6},"end":{"line":58,"column":null}},{"start":{"line":58,"column":6},"end":{"line":58,"column":null}}]},"3":{"loc":{"start":{"line":82,"column":19},"end":{"line":82,"column":null}},"type":"binary-expr","locations":[{"start":{"line":82,"column":19},"end":{"line":82,"column":75}},{"start":{"line":82,"column":75},"end":{"line":82,"column":null}}]},"4":{"loc":{"start":{"line":83,"column":20},"end":{"line":83,"column":null}},"type":"binary-expr","locations":[{"start":{"line":83,"column":20},"end":{"line":83,"column":69}},{"start":{"line":83,"column":69},"end":{"line":83,"column":null}}]}},"s":{"0":0,"1":0,"2":0,"3":0,"4":0,"5":0,"6":0,"7":0,"8":0,"9":0,"10":0,"11":0,"12":0,"13":0,"14":0,"15":0,"16":0,"17":0,"18":0,"19":0,"20":0,"21":0},"f":{"0":0,"1":0,"2":0},"b":{"0":[0,0],"1":[0,0],"2":[0,0],"3":[0,0],"4":[0,0]}}
,"/Users/bart.riepe/Projects/mycoverage/src/coverage/mutations/createGroup.ts": {"path":"/Users/bart.riepe/Projects/mycoverage/src/coverage/mutations/createGroup.ts","statementMap":{"0":{"start":{"line":5,"column":20},"end":{"line":9,"column":null}},"1":{"start":{"line":13,"column":16},"end":{"line":13,"column":null}},"2":{"start":{"line":15,"column":2},"end":{"line":15,"column":null}}},"fnMap":{"0":{"name":"(anonymous_0)","decl":{"start":{"line":11,"column":56},"end":{"line":11,"column":63}},"loc":{"start":{"line":11,"column":73},"end":{"line":16,"column":1}}}},"branchMap":{},"s":{"0":0,"1":0,"2":0},"f":{"0":0},"b":{}}
,"/Users/bart.riepe/Projects/mycoverage/src/coverage/mutations/createProject.ts": {"path":"/Users/bart.riepe/Projects/mycoverage/src/coverage/mutations/createProject.ts","statementMap":{"0":{"start":{"line":5,"column":22},"end":{"line":10,"column":null}},"1":{"start":{"line":14,"column":18},"end":{"line":14,"column":null}},"2":{"start":{"line":16,"column":2},"end":{"line":16,"column":null}}},"fnMap":{"0":{"name":"(anonymous_0)","decl":{"start":{"line":12,"column":58},"end":{"line":12,"column":65}},"loc":{"start":{"line":12,"column":75},"end":{"line":17,"column":1}}}},"branchMap":{},"s":{"0":0,"1":0,"2":0},"f":{"0":0},"b":{}}
,"/Users/bart.riepe/Projects/mycoverage/src/coverage/mutations/updatePrComment.ts": {"path":"/Users/bart.riepe/Projects/mycoverage/src/coverage/mutations/updatePrComment.ts","statementMap":{"0":{"start":{"line":6,"column":2},"end":{"line":6,"column":null}},"1":{"start":{"line":6,"column":18},"end":{"line":6,"column":null}},"2":{"start":{"line":8,"column":13},"end":{"line":19,"column":null}},"3":{"start":{"line":21,"column":2},"end":{"line":21,"column":null}},"4":{"start":{"line":21,"column":11},"end":{"line":21,"column":null}},"5":{"start":{"line":22,"column":2},"end":{"line":22,"column":null}},"6":{"start":{"line":24,"column":2},"end":{"line":24,"column":null}}},"fnMap":{"0":{"name":"updatePrComment","decl":{"start":{"line":5,"column":30},"end":{"line":5,"column":46}},"loc":{"start":{"line":5,"column":89},"end":{"line":25,"column":null}}}},"branchMap":{"0":{"loc":{"start":{"line":6,"column":2},"end":{"line":6,"column":null}},"type":"if","locations":[{"start":{"line":6,"column":2},"end":{"line":6,"column":null}},{"start":{"line":6,"column":2},"end":{"line":6,"column":null}}]},"1":{"loc":{"start":{"line":21,"column":2},"end":{"line":21,"column":null}},"type":"if","locations":[{"start":{"line":21,"column":2},"end":{"line":21,"column":null}},{"start":{"line":21,"column":2},"end":{"line":21,"column":null}}]}},"s":{"0":0,"1":0,"2":0,"3":0,"4":0,"5":0,"6":0},"f":{"0":0},"b":{"0":[0,0],"1":[0,0]}}
,"/Users/bart.riepe/Projects/mycoverage/src/coverage/queries/getBranch.ts": {"path":"/Users/bart.riepe/Projects/mycoverage/src/coverage/queries/getBranch.ts","statementMap":{"0":{"start":{"line":8,"column":2},"end":{"line":8,"column":null}},"1":{"start":{"line":8,"column":43},"end":{"line":8,"column":null}},"2":{"start":{"line":9,"column":2},"end":{"line":11,"column":null}}},"fnMap":{"0":{"name":"getBranch","decl":{"start":{"line":4,"column":30},"end":{"line":4,"column":null}},"loc":{"start":{"line":7,"column":2},"end":{"line":12,"column":null}}}},"branchMap":{"0":{"loc":{"start":{"line":8,"column":2},"end":{"line":8,"column":null}},"type":"if","locations":[{"start":{"line":8,"column":2},"end":{"line":8,"column":null}},{"start":{"line":8,"column":2},"end":{"line":8,"column":null}}]},"1":{"loc":{"start":{"line":8,"column":6},"end":{"line":8,"column":43}},"type":"binary-expr","locations":[{"start":{"line":8,"column":6},"end":{"line":8,"column":25}},{"start":{"line":8,"column":25},"end":{"line":8,"column":43}}]}},"s":{"0":0,"1":0,"2":0},"f":{"0":0},"b":{"0":[0,0],"1":[0,0]}}
,"/Users/bart.riepe/Projects/mycoverage/src/coverage/queries/getCommit.ts": {"path":"/Users/bart.riepe/Projects/mycoverage/src/coverage/queries/getCommit.ts","statementMap":{"0":{"start":{"line":5,"column":2},"end":{"line":5,"column":null}},"1":{"start":{"line":5,"column":23},"end":{"line":5,"column":null}},"2":{"start":{"line":6,"column":2},"end":{"line":30,"column":null}}},"fnMap":{"0":{"name":"getCommit","decl":{"start":{"line":4,"column":30},"end":{"line":4,"column":40}},"loc":{"start":{"line":4,"column":88},"end":{"line":31,"column":null}}}},"branchMap":{"0":{"loc":{"start":{"line":5,"column":2},"end":{"line":5,"column":null}},"type":"if","locations":[{"start":{"line":5,"column":2},"end":{"line":5,"column":null}},{"start":{"line":5,"column":2},"end":{"line":5,"column":null}}]}},"s":{"0":0,"1":0,"2":0},"f":{"0":0},"b":{"0":[0,0]}}
,"/Users/bart.riepe/Projects/mycoverage/src/coverage/queries/getCommitFileDifferences.ts": {"path":"/Users/bart.riepe/Projects/mycoverage/src/coverage/queries/getCommitFileDifferences.ts","statementMap":{"0":{"start":{"line":8,"column":2},"end":{"line":8,"column":null}},"1":{"start":{"line":8,"column":44},"end":{"line":8,"column":null}},"2":{"start":{"line":9,"column":2},"end":{"line":9,"column":null}},"3":{"start":{"line":11,"column":2},"end":{"line":11,"column":null}}},"fnMap":{"0":{"name":"getCommitFileDifferences","decl":{"start":{"line":4,"column":30},"end":{"line":4,"column":null}},"loc":{"start":{"line":7,"column":2},"end":{"line":12,"column":null}}}},"branchMap":{"0":{"loc":{"start":{"line":8,"column":2},"end":{"line":8,"column":null}},"type":"if","locations":[{"start":{"line":8,"column":2},"end":{"line":8,"column":null}},{"start":{"line":8,"column":2},"end":{"line":8,"column":null}}]},"1":{"loc":{"start":{"line":8,"column":6},"end":{"line":8,"column":44}},"type":"binary-expr","locations":[{"start":{"line":8,"column":6},"end":{"line":8,"column":28}},{"start":{"line":8,"column":28},"end":{"line":8,"column":44}}]}},"s":{"0":0,"1":0,"2":0,"3":0},"f":{"0":0},"b":{"0":[0,0],"1":[0,0]}}
,"/Users/bart.riepe/Projects/mycoverage/src/coverage/queries/getFile.ts": {"path":"/Users/bart.riepe/Projects/mycoverage/src/coverage/queries/getFile.ts","statementMap":{"0":{"start":{"line":8,"column":2},"end":{"line":8,"column":null}},"1":{"start":{"line":8,"column":49},"end":{"line":8,"column":null}},"2":{"start":{"line":9,"column":2},"end":{"line":23,"column":null}}},"fnMap":{"0":{"name":"getFile","decl":{"start":{"line":4,"column":30},"end":{"line":4,"column":null}},"loc":{"start":{"line":7,"column":2},"end":{"line":24,"column":null}}}},"branchMap":{"0":{"loc":{"start":{"line":8,"column":2},"end":{"line":8,"column":null}},"type":"if","locations":[{"start":{"line":8,"column":2},"end":{"line":8,"column":null}},{"start":{"line":8,"column":2},"end":{"line":8,"column":null}}]},"1":{"loc":{"start":{"line":8,"column":6},"end":{"line":8,"column":49}},"type":"binary-expr","locations":[{"start":{"line":8,"column":6},"end":{"line":8,"column":33}},{"start":{"line":8,"column":33},"end":{"line":8,"column":49}}]}},"s":{"0":0,"1":0,"2":0},"f":{"0":0},"b":{"0":[0,0],"1":[0,0]}}
,"/Users/bart.riepe/Projects/mycoverage/src/coverage/queries/getFileData.ts": {"path":"/Users/bart.riepe/Projects/mycoverage/src/coverage/queries/getFileData.ts","statementMap":{"0":{"start":{"line":9,"column":2},"end":{"line":9,"column":null}},"1":{"start":{"line":9,"column":78},"end":{"line":9,"column":null}},"2":{"start":{"line":11,"column":2},"end":{"line":11,"column":null}}},"fnMap":{"0":{"name":"getFileData","decl":{"start":{"line":5,"column":30},"end":{"line":5,"column":null}},"loc":{"start":{"line":8,"column":31},"end":{"line":12,"column":null}}}},"branchMap":{"0":{"loc":{"start":{"line":9,"column":2},"end":{"line":9,"column":null}},"type":"if","locations":[{"start":{"line":9,"column":2},"end":{"line":9,"column":null}},{"start":{"line":9,"column":2},"end":{"line":9,"column":null}}]},"1":{"loc":{"start":{"line":9,"column":6},"end":{"line":9,"column":78}},"type":"binary-expr","locations":[{"start":{"line":9,"column":6},"end":{"line":9,"column":25}},{"start":{"line":9,"column":25},"end":{"line":9,"column":46}},{"start":{"line":9,"column":46},"end":{"line":9,"column":66}},{"start":{"line":9,"column":66},"end":{"line":9,"column":78}}]}},"s":{"0":0,"1":0,"2":0},"f":{"0":0},"b":{"0":[0,0],"1":[0,0,0,0]}}
,"/Users/bart.riepe/Projects/mycoverage/src/coverage/queries/getFiles.ts": {"path":"/Users/bart.riepe/Projects/mycoverage/src/coverage/queries/getFiles.ts","statementMap":{"0":{"start":{"line":5,"column":2},"end":{"line":5,"column":null}},"1":{"start":{"line":6,"column":2},"end":{"line":21,"column":null}}},"fnMap":{"0":{"name":"getFiles","decl":{"start":{"line":4,"column":30},"end":{"line":4,"column":39}},"loc":{"start":{"line":4,"column":94},"end":{"line":22,"column":null}}}},"branchMap":{},"s":{"0":0,"1":0},"f":{"0":0},"b":{}}
,"/Users/bart.riepe/Projects/mycoverage/src/coverage/queries/getGroup.ts": {"path":"/Users/bart.riepe/Projects/mycoverage/src/coverage/queries/getGroup.ts","statementMap":{"0":{"start":{"line":5,"column":2},"end":{"line":5,"column":null}},"1":{"start":{"line":5,"column":23},"end":{"line":5,"column":null}},"2":{"start":{"line":6,"column":2},"end":{"line":10,"column":null}}},"fnMap":{"0":{"name":"getGroup","decl":{"start":{"line":4,"column":30},"end":{"line":4,"column":39}},"loc":{"start":{"line":4,"column":87},"end":{"line":11,"column":null}}}},"branchMap":{"0":{"loc":{"start":{"line":5,"column":2},"end":{"line":5,"column":null}},"type":"if","locations":[{"start":{"line":5,"column":2},"end":{"line":5,"column":null}},{"start":{"line":5,"column":2},"end":{"line":5,"column":null}}]}},"s":{"0":0,"1":0,"2":0},"f":{"0":0},"b":{"0":[0,0]}}
,"/Users/bart.riepe/Projects/mycoverage/src/coverage/queries/getGroups.ts": {"path":"/Users/bart.riepe/Projects/mycoverage/src/coverage/queries/getGroups.ts","statementMap":{"0":{"start":{"line":5,"column":2},"end":{"line":11,"column":null}}},"fnMap":{"0":{"name":"getGroups","decl":{"start":{"line":4,"column":30},"end":{"line":4,"column":40}},"loc":{"start":{"line":4,"column":68},"end":{"line":12,"column":null}}}},"branchMap":{"0":{"loc":{"start":{"line":4,"column":40},"end":{"line":4,"column":50}},"type":"default-arg","locations":[{"start":{"line":4,"column":44},"end":{"line":4,"column":50}}]}},"s":{"0":0},"f":{"0":0},"b":{"0":[0]}}
,"/Users/bart.riepe/Projects/mycoverage/src/coverage/queries/getIssuesForCommit.ts": {"path":"/Users/bart.riepe/Projects/mycoverage/src/coverage/queries/getIssuesForCommit.ts","statementMap":{"0":{"start":{"line":8,"column":25},"end":{"line":8,"column":null}},"1":{"start":{"line":10,"column":22},"end":{"line":16,"column":null}},"2":{"start":{"line":18,"column":18},"end":{"line":22,"column":null}},"3":{"start":{"line":24,"column":46},"end":{"line":39,"column":null}},"4":{"start":{"line":28,"column":6},"end":{"line":30,"column":null}},"5":{"start":{"line":32,"column":6},"end":{"line":38,"column":null}},"6":{"start":{"line":41,"column":2},"end":{"line":46,"column":null}}},"fnMap":{"0":{"name":"getIssuesForCommit","decl":{"start":{"line":4,"column":30},"end":{"line":4,"column":null}},"loc":{"start":{"line":7,"column":2},"end":{"line":47,"column":null}}},"1":{"name":"(anonymous_1)","decl":{"start":{"line":27,"column":11},"end":{"line":27,"column":null}},"loc":{"start":{"line":28,"column":6},"end":{"line":30,"column":null}}},"2":{"name":"(anonymous_2)","decl":{"start":{"line":31,"column":11},"end":{"line":31,"column":12}},"loc":{"start":{"line":32,"column":6},"end":{"line":38,"column":null}}}},"branchMap":{"0":{"loc":{"start":{"line":13,"column":12},"end":{"line":13,"column":null}},"type":"cond-expr","locations":[{"start":{"line":13,"column":24},"end":{"line":13,"column":52}},{"start":{"line":13,"column":52},"end":{"line":13,"column":null}}]}},"s":{"0":0,"1":0,"2":0,"3":0,"4":0,"5":0,"6":0},"f":{"0":0,"1":0,"2":0},"b":{"0":[0,0]}}
,"/Users/bart.riepe/Projects/mycoverage/src/coverage/queries/getLastBuildInfo.ts": {"path":"/Users/bart.riepe/Projects/mycoverage/src/coverage/queries/getLastBuildInfo.ts","statementMap":{"0":{"start":{"line":8,"column":2},"end":{"line":8,"column":null}},"1":{"start":{"line":8,"column":23},"end":{"line":8,"column":null}},"2":{"start":{"line":10,"column":2},"end":{"line":18,"column":null}},"3":{"start":{"line":11,"column":4},"end":{"line":11,"column":null}},"4":{"start":{"line":13,"column":20},"end":{"line":15,"column":null}},"5":{"start":{"line":17,"column":4},"end":{"line":17,"column":null}},"6":{"start":{"line":20,"column":17},"end":{"line":22,"column":null}},"7":{"start":{"line":23,"column":2},"end":{"line":23,"column":null}},"8":{"start":{"line":24,"column":17},"end":{"line":53,"column":null}},"9":{"start":{"line":54,"column":2},"end":{"line":54,"column":null}},"10":{"start":{"line":56,"column":26},"end":{"line":86,"column":null}},"11":{"start":{"line":88,"column":18},"end":{"line":111,"column":null}},"12":{"start":{"line":113,"column":2},"end":{"line":118,"column":null}}},"fnMap":{"0":{"name":"getLastBuildInfo","decl":{"start":{"line":4,"column":30},"end":{"line":4,"column":null}},"loc":{"start":{"line":7,"column":2},"end":{"line":119,"column":null}}}},"branchMap":{"0":{"loc":{"start":{"line":8,"column":2},"end":{"line":8,"column":null}},"type":"if","locations":[{"start":{"line":8,"column":2},"end":{"line":8,"column":null}},{"start":{"line":8,"column":2},"end":{"line":8,"column":null}}]},"1":{"loc":{"start":{"line":10,"column":2},"end":{"line":18,"column":null}},"type":"if","locations":[{"start":{"line":10,"column":2},"end":{"line":18,"column":null}},{"start":{"line":12,"column":9},"end":{"line":18,"column":null}}]}},"s":{"0":0,"1":0,"2":0,"3":0,"4":0,"5":0,"6":0,"7":0,"8":0,"9":0,"10":0,"11":0,"12":0},"f":{"0":0},"b":{"0":[0,0],"1":[0,0]}}
,"/Users/bart.riepe/Projects/mycoverage/src/coverage/queries/getLineCoverageData.ts": {"path":"/Users/bart.riepe/Projects/mycoverage/src/coverage/queries/getLineCoverageData.ts","statementMap":{"0":{"start":{"line":9,"column":2},"end":{"line":15,"column":null}},"1":{"start":{"line":10,"column":4},"end":{"line":14,"column":null}},"2":{"start":{"line":17,"column":23},"end":{"line":28,"column":null}},"3":{"start":{"line":30,"column":2},"end":{"line":30,"column":null}}},"fnMap":{"0":{"name":"getLineCoverageData","decl":{"start":{"line":5,"column":30},"end":{"line":5,"column":null}},"loc":{"start":{"line":8,"column":2},"end":{"line":31,"column":null}}}},"branchMap":{"0":{"loc":{"start":{"line":9,"column":2},"end":{"line":15,"column":null}},"type":"if","locations":[{"start":{"line":9,"column":2},"end":{"line":15,"column":null}},{"start":{"line":9,"column":2},"end":{"line":15,"column":null}}]}},"s":{"0":0,"1":0,"2":0,"3":0},"f":{"0":0},"b":{"0":[0,0]}}
,"/Users/bart.riepe/Projects/mycoverage/src/coverage/queries/getLogs.ts": {"path":"/Users/bart.riepe/Projects/mycoverage/src/coverage/queries/getLogs.ts","statementMap":{"0":{"start":{"line":8,"column":2},"end":{"line":37,"column":null}}},"fnMap":{"0":{"name":"getLogs","decl":{"start":{"line":4,"column":30},"end":{"line":4,"column":null}},"loc":{"start":{"line":7,"column":2},"end":{"line":38,"column":null}}}},"branchMap":{"0":{"loc":{"start":{"line":13,"column":17},"end":{"line":17,"column":null}},"type":"cond-expr","locations":[{"start":{"line":14,"column":10},"end":{"line":16,"column":null}},{"start":{"line":17,"column":10},"end":{"line":17,"column":null}}]}},"s":{"0":0},"f":{"0":0},"b":{"0":[0,0]}}
,"/Users/bart.riepe/Projects/mycoverage/src/coverage/queries/getMergeBase.ts": {"path":"/Users/bart.riepe/Projects/mycoverage/src/coverage/queries/getMergeBase.ts","statementMap":{"0":{"start":{"line":6,"column":16},"end":{"line":6,"column":null}},"1":{"start":{"line":12,"column":2},"end":{"line":14,"column":null}},"2":{"start":{"line":13,"column":4},"end":{"line":13,"column":null}},"3":{"start":{"line":17,"column":4},"end":{"line":20,"column":null}},"4":{"start":{"line":21,"column":2},"end":{"line":21,"column":null}},"5":{"start":{"line":22,"column":2},"end":{"line":35,"column":null}},"6":{"start":{"line":29,"column":6},"end":{"line":29,"column":null}},"7":{"start":{"line":30,"column":6},"end":{"line":30,"column":null}},"8":{"start":{"line":33,"column":6},"end":{"line":33,"column":null}},"9":{"start":{"line":34,"column":6},"end":{"line":34,"column":null}}},"fnMap":{"0":{"name":"getMergeBase","decl":{"start":{"line":8,"column":30},"end":{"line":8,"column":null}},"loc":{"start":{"line":11,"column":26},"end":{"line":36,"column":null}}},"1":{"name":"(anonymous_1)","decl":{"start":{"line":28,"column":10},"end":{"line":28,"column":11}},"loc":{"start":{"line":28,"column":22},"end":{"line":31,"column":5}}},"2":{"name":"(anonymous_2)","decl":{"start":{"line":32,"column":11},"end":{"line":32,"column":12}},"loc":{"start":{"line":32,"column":22},"end":{"line":35,"column":5}}}},"branchMap":{"0":{"loc":{"start":{"line":12,"column":2},"end":{"line":14,"column":null}},"type":"if","locations":[{"start":{"line":12,"column":2},"end":{"line":14,"column":null}},{"start":{"line":12,"column":2},"end":{"line":14,"column":null}}]},"1":{"loc":{"start":{"line":12,"column":6},"end":{"line":12,"column":84}},"type":"binary-expr","locations":[{"start":{"line":12,"column":6},"end":{"line":12,"column":25}},{"start":{"line":12,"column":25},"end":{"line":12,"column":46}},{"start":{"line":12,"column":46},"end":{"line":12,"column":66}},{"start":{"line":12,"column":66},"end":{"line":12,"column":84}}]}},"s":{"0":0,"1":0,"2":0,"3":0,"4":0,"5":0,"6":0,"7":0,"8":0,"9":0},"f":{"0":0,"1":0,"2":0},"b":{"0":[0,0],"1":[0,0,0,0]}}
,"/Users/bart.riepe/Projects/mycoverage/src/coverage/queries/getPackageCoverageForCommit.ts": {"path":"/Users/bart.riepe/Projects/mycoverage/src/coverage/queries/getPackageCoverageForCommit.ts","statementMap":{"0":{"start":{"line":8,"column":2},"end":{"line":8,"column":null}},"1":{"start":{"line":8,"column":36},"end":{"line":8,"column":null}},"2":{"start":{"line":9,"column":2},"end":{"line":11,"column":null}}},"fnMap":{"0":{"name":"getPackageCoverageForCommit","decl":{"start":{"line":4,"column":30},"end":{"line":4,"column":null}},"loc":{"start":{"line":7,"column":2},"end":{"line":12,"column":null}}}},"branchMap":{"0":{"loc":{"start":{"line":8,"column":2},"end":{"line":8,"column":null}},"type":"if","locations":[{"start":{"line":8,"column":2},"end":{"line":8,"column":null}},{"start":{"line":8,"column":2},"end":{"line":8,"column":null}}]},"1":{"loc":{"start":{"line":8,"column":6},"end":{"line":8,"column":36}},"type":"binary-expr","locations":[{"start":{"line":8,"column":6},"end":{"line":8,"column":24}},{"start":{"line":8,"column":24},"end":{"line":8,"column":36}}]}},"s":{"0":0,"1":0,"2":0},"f":{"0":0},"b":{"0":[0,0],"1":[0,0]}}
,"/Users/bart.riepe/Projects/mycoverage/src/coverage/queries/getPackageCoverageForTest.ts": {"path":"/Users/bart.riepe/Projects/mycoverage/src/coverage/queries/getPackageCoverageForTest.ts","statementMap":{"0":{"start":{"line":8,"column":2},"end":{"line":8,"column":null}},"1":{"start":{"line":8,"column":34},"end":{"line":8,"column":null}},"2":{"start":{"line":9,"column":2},"end":{"line":11,"column":null}}},"fnMap":{"0":{"name":"getPackageCoverageForTest","decl":{"start":{"line":4,"column":30},"end":{"line":4,"column":null}},"loc":{"start":{"line":7,"column":2},"end":{"line":12,"column":null}}}},"branchMap":{"0":{"loc":{"start":{"line":8,"column":2},"end":{"line":8,"column":null}},"type":"if","locations":[{"start":{"line":8,"column":2},"end":{"line":8,"column":null}},{"start":{"line":8,"column":2},"end":{"line":8,"column":null}}]},"1":{"loc":{"start":{"line":8,"column":6},"end":{"line":8,"column":34}},"type":"binary-expr","locations":[{"start":{"line":8,"column":6},"end":{"line":8,"column":22}},{"start":{"line":8,"column":22},"end":{"line":8,"column":34}}]}},"s":{"0":0,"1":0,"2":0},"f":{"0":0},"b":{"0":[0,0],"1":[0,0]}}
,"/Users/bart.riepe/Projects/mycoverage/src/coverage/queries/getPackagesForCommit.ts": {"path":"/Users/bart.riepe/Projects/mycoverage/src/coverage/queries/getPackagesForCommit.ts","statementMap":{"0":{"start":{"line":8,"column":2},"end":{"line":8,"column":null}},"1":{"start":{"line":8,"column":22},"end":{"line":8,"column":null}},"2":{"start":{"line":9,"column":16},"end":{"line":9,"column":null}},"3":{"start":{"line":10,"column":2},"end":{"line":10,"column":null}},"4":{"start":{"line":11,"column":2},"end":{"line":15,"column":null}}},"fnMap":{"0":{"name":"getPackagesForCommit","decl":{"start":{"line":4,"column":30},"end":{"line":4,"column":null}},"loc":{"start":{"line":7,"column":2},"end":{"line":16,"column":null}}}},"branchMap":{"0":{"loc":{"start":{"line":8,"column":2},"end":{"line":8,"column":null}},"type":"if","locations":[{"start":{"line":8,"column":2},"end":{"line":8,"column":null}},{"start":{"line":8,"column":2},"end":{"line":8,"column":null}}]},"1":{"loc":{"start":{"line":9,"column":16},"end":{"line":9,"column":null}},"type":"cond-expr","locations":[{"start":{"line":9,"column":28},"end":{"line":9,"column":89}},{"start":{"line":9,"column":89},"end":{"line":9,"column":null}}]},"2":{"loc":{"start":{"line":12,"column":11},"end":{"line":14,"column":null}},"type":"cond-expr","locations":[{"start":{"line":13,"column":8},"end":{"line":13,"column":null}},{"start":{"line":14,"column":8},"end":{"line":14,"column":null}}]}},"s":{"0":0,"1":0,"2":0,"3":0,"4":0},"f":{"0":0},"b":{"0":[0,0],"1":[0,0],"2":[0,0]}}
,"/Users/bart.riepe/Projects/mycoverage/src/coverage/queries/getPackagesForTest.ts": {"path":"/Users/bart.riepe/Projects/mycoverage/src/coverage/queries/getPackagesForTest.ts","statementMap":{"0":{"start":{"line":8,"column":2},"end":{"line":8,"column":null}},"1":{"start":{"line":8,"column":20},"end":{"line":8,"column":null}},"2":{"start":{"line":9,"column":16},"end":{"line":9,"column":null}},"3":{"start":{"line":10,"column":2},"end":{"line":10,"column":null}},"4":{"start":{"line":11,"column":2},"end":{"line":15,"column":null}}},"fnMap":{"0":{"name":"getPackagesForTest","decl":{"start":{"line":4,"column":30},"end":{"line":4,"column":null}},"loc":{"start":{"line":7,"column":2},"end":{"line":16,"column":null}}}},"branchMap":{"0":{"loc":{"start":{"line":8,"column":2},"end":{"line":8,"column":null}},"type":"if","locations":[{"start":{"line":8,"column":2},"end":{"line":8,"column":null}},{"start":{"line":8,"column":2},"end":{"line":8,"column":null}}]},"1":{"loc":{"start":{"line":9,"column":16},"end":{"line":9,"column":null}},"type":"cond-expr","locations":[{"start":{"line":9,"column":28},"end":{"line":9,"column":89}},{"start":{"line":9,"column":89},"end":{"line":9,"column":null}}]},"2":{"loc":{"start":{"line":12,"column":11},"end":{"line":14,"column":null}},"type":"cond-expr","locations":[{"start":{"line":13,"column":8},"end":{"line":13,"column":null}},{"start":{"line":14,"column":8},"end":{"line":14,"column":null}}]}},"s":{"0":0,"1":0,"2":0,"3":0,"4":0},"f":{"0":0},"b":{"0":[0,0],"1":[0,0],"2":[0,0]}}
,"/Users/bart.riepe/Projects/mycoverage/src/coverage/queries/getProject.ts": {"path":"/Users/bart.riepe/Projects/mycoverage/src/coverage/queries/getProject.ts","statementMap":{"0":{"start":{"line":5,"column":2},"end":{"line":5,"column":null}},"1":{"start":{"line":5,"column":25},"end":{"line":5,"column":null}},"2":{"start":{"line":6,"column":2},"end":{"line":31,"column":null}}},"fnMap":{"0":{"name":"getProject","decl":{"start":{"line":4,"column":30},"end":{"line":4,"column":41}},"loc":{"start":{"line":4,"column":91},"end":{"line":32,"column":null}}}},"branchMap":{"0":{"loc":{"start":{"line":5,"column":2},"end":{"line":5,"column":null}},"type":"if","locations":[{"start":{"line":5,"column":2},"end":{"line":5,"column":null}},{"start":{"line":5,"column":2},"end":{"line":5,"column":null}}]}},"s":{"0":0,"1":0,"2":0},"f":{"0":0},"b":{"0":[0,0]}}
,"/Users/bart.riepe/Projects/mycoverage/src/coverage/queries/getProjects.ts": {"path":"/Users/bart.riepe/Projects/mycoverage/src/coverage/queries/getProjects.ts","statementMap":{"0":{"start":{"line":5,"column":2},"end":{"line":10,"column":null}}},"fnMap":{"0":{"name":"getProjects","decl":{"start":{"line":4,"column":30},"end":{"line":4,"column":42}},"loc":{"start":{"line":4,"column":79},"end":{"line":11,"column":null}}}},"branchMap":{},"s":{"0":0},"f":{"0":0},"b":{}}
,"/Users/bart.riepe/Projects/mycoverage/src/coverage/queries/getPullRequest.ts": {"path":"/Users/bart.riepe/Projects/mycoverage/src/coverage/queries/getPullRequest.ts","statementMap":{"0":{"start":{"line":5,"column":2},"end":{"line":5,"column":null}},"1":{"start":{"line":5,"column":27},"end":{"line":5,"column":null}},"2":{"start":{"line":6,"column":17},"end":{"line":12,"column":null}},"3":{"start":{"line":13,"column":2},"end":{"line":13,"column":null}},"4":{"start":{"line":14,"column":2},"end":{"line":14,"column":null}}},"fnMap":{"0":{"name":"getPullRequest","decl":{"start":{"line":4,"column":30},"end":{"line":4,"column":45}},"loc":{"start":{"line":4,"column":97},"end":{"line":15,"column":null}}}},"branchMap":{"0":{"loc":{"start":{"line":5,"column":2},"end":{"line":5,"column":null}},"type":"if","locations":[{"start":{"line":5,"column":2},"end":{"line":5,"column":null}},{"start":{"line":5,"column":2},"end":{"line":5,"column":null}}]}},"s":{"0":0,"1":0,"2":0,"3":0,"4":0},"f":{"0":0},"b":{"0":[0,0]}}
,"/Users/bart.riepe/Projects/mycoverage/src/coverage/queries/getQueues.ts": {"path":"/Users/bart.riepe/Projects/mycoverage/src/coverage/queries/getQueues.ts","statementMap":{"0":{"start":{"line":9,"column":26},"end":{"line":9,"column":null}},"1":{"start":{"line":20,"column":8},"end":{"line":20,"column":null}},"2":{"start":{"line":21,"column":2},"end":{"line":53,"column":null}},"3":{"start":{"line":21,"column":15},"end":{"line":21,"column":18}},"4":{"start":{"line":22,"column":18},"end":{"line":22,"column":null}},"5":{"start":{"line":23,"column":4},"end":{"line":23,"column":null}},"6":{"start":{"line":23,"column":16},"end":{"line":23,"column":null}},"7":{"start":{"line":25,"column":19},"end":{"line":25,"column":null}},"8":{"start":{"line":26,"column":24},"end":{"line":26,"column":null}},"9":{"start":{"line":27,"column":24},"end":{"line":27,"column":null}},"10":{"start":{"line":28,"column":25},"end":{"line":28,"column":null}},"11":{"start":{"line":30,"column":24},"end":{"line":30,"column":null}},"12":{"start":{"line":31,"column":4},"end":{"line":41,"column":null}},"13":{"start":{"line":32,"column":22},"end":{"line":32,"column":null}},"14":{"start":{"line":33,"column":6},"end":{"line":40,"column":null}},"15":{"start":{"line":34,"column":8},"end":{"line":34,"column":null}},"16":{"start":{"line":34,"column":18},"end":{"line":34,"column":null}},"17":{"start":{"line":35,"column":20},"end":{"line":35,"column":null}},"18":{"start":{"line":36,"column":8},"end":{"line":38,"column":null}},"19":{"start":{"line":37,"column":10},"end":{"line":37,"column":null}},"20":{"start":{"line":39,"column":8},"end":{"line":39,"column":null}},"21":{"start":{"line":43,"column":4},"end":{"line":52,"column":null}},"22":{"start":{"line":55,"column":2},"end":{"line":57,"column":null}}},"fnMap":{"0":{"name":"getQueues","decl":{"start":{"line":8,"column":30},"end":{"line":8,"column":40}},"loc":{"start":{"line":8,"column":68},"end":{"line":58,"column":null}}},"1":{"name":"(anonymous_1)","decl":{"start":{"line":33,"column":22},"end":{"line":33,"column":23}},"loc":{"start":{"line":33,"column":31},"end":{"line":40,"column":7}}}},"branchMap":{"0":{"loc":{"start":{"line":23,"column":4},"end":{"line":23,"column":null}},"type":"if","locations":[{"start":{"line":23,"column":4},"end":{"line":23,"column":null}},{"start":{"line":23,"column":4},"end":{"line":23,"column":null}}]},"1":{"loc":{"start":{"line":31,"column":4},"end":{"line":41,"column":null}},"type":"if","locations":[{"start":{"line":31,"column":4},"end":{"line":41,"column":null}},{"start":{"line":31,"column":4},"end":{"line":41,"column":null}}]},"2":{"loc":{"start":{"line":34,"column":8},"end":{"line":34,"column":null}},"type":"if","locations":[{"start":{"line":34,"column":8},"end":{"line":34,"column":null}},{"start":{"line":34,"column":8},"end":{"line":34,"column":null}}]},"3":{"loc":{"start":{"line":36,"column":8},"end":{"line":38,"column":null}},"type":"if","locations":[{"start":{"line":36,"column":8},"end":{"line":38,"column":null}},{"start":{"line":36,"column":8},"end":{"line":38,"column":null}}]}},"s":{"0":0,"1":0,"2":0,"3":0,"4":0,"5":0,"6":0,"7":0,"8":0,"9":0,"10":0,"11":0,"12":0,"13":0,"14":0,"15":0,"16":0,"17":0,"18":0,"19":0,"20":0,"21":0,"22":0},"f":{"0":0,"1":0},"b":{"0":[0,0],"1":[0,0],"2":[0,0],"3":[0,0]}}
,"/Users/bart.riepe/Projects/mycoverage/src/coverage/queries/getRecentCommits.ts": {"path":"/Users/bart.riepe/Projects/mycoverage/src/coverage/queries/getRecentCommits.ts","statementMap":{"0":{"start":{"line":8,"column":2},"end":{"line":8,"column":null}},"1":{"start":{"line":8,"column":23},"end":{"line":8,"column":null}},"2":{"start":{"line":9,"column":2},"end":{"line":41,"column":null}}},"fnMap":{"0":{"name":"getRecentCommits","decl":{"start":{"line":4,"column":30},"end":{"line":4,"column":null}},"loc":{"start":{"line":7,"column":2},"end":{"line":42,"column":null}}}},"branchMap":{"0":{"loc":{"start":{"line":8,"column":2},"end":{"line":8,"column":null}},"type":"if","locations":[{"start":{"line":8,"column":2},"end":{"line":8,"column":null}},{"start":{"line":8,"column":2},"end":{"line":8,"column":null}}]},"1":{"loc":{"start":{"line":40,"column":10},"end":{"line":40,"column":null}},"type":"binary-expr","locations":[{"start":{"line":40,"column":10},"end":{"line":40,"column":23}},{"start":{"line":40,"column":23},"end":{"line":40,"column":null}}]}},"s":{"0":0,"1":0,"2":0},"f":{"0":0},"b":{"0":[0,0],"1":[0,0]}}
,"/Users/bart.riepe/Projects/mycoverage/src/coverage/queries/getRecentPullRequests.ts": {"path":"/Users/bart.riepe/Projects/mycoverage/src/coverage/queries/getRecentPullRequests.ts","statementMap":{"0":{"start":{"line":8,"column":2},"end":{"line":8,"column":null}},"1":{"start":{"line":8,"column":23},"end":{"line":8,"column":null}},"2":{"start":{"line":9,"column":2},"end":{"line":34,"column":null}}},"fnMap":{"0":{"name":"getRecentCommits","decl":{"start":{"line":4,"column":30},"end":{"line":4,"column":null}},"loc":{"start":{"line":7,"column":2},"end":{"line":35,"column":null}}}},"branchMap":{"0":{"loc":{"start":{"line":8,"column":2},"end":{"line":8,"column":null}},"type":"if","locations":[{"start":{"line":8,"column":2},"end":{"line":8,"column":null}},{"start":{"line":8,"column":2},"end":{"line":8,"column":null}}]}},"s":{"0":0,"1":0,"2":0},"f":{"0":0},"b":{"0":[0,0]}}
,"/Users/bart.riepe/Projects/mycoverage/src/coverage/queries/getTest.ts": {"path":"/Users/bart.riepe/Projects/mycoverage/src/coverage/queries/getTest.ts","statementMap":{"0":{"start":{"line":5,"column":2},"end":{"line":5,"column":null}},"1":{"start":{"line":5,"column":20},"end":{"line":5,"column":null}},"2":{"start":{"line":6,"column":2},"end":{"line":11,"column":null}}},"fnMap":{"0":{"name":"getTest","decl":{"start":{"line":4,"column":30},"end":{"line":4,"column":38}},"loc":{"start":{"line":4,"column":83},"end":{"line":12,"column":null}}}},"branchMap":{"0":{"loc":{"start":{"line":5,"column":2},"end":{"line":5,"column":null}},"type":"if","locations":[{"start":{"line":5,"column":2},"end":{"line":5,"column":null}},{"start":{"line":5,"column":2},"end":{"line":5,"column":null}}]}},"s":{"0":0,"1":0,"2":0},"f":{"0":0},"b":{"0":[0,0]}}
,"/Users/bart.riepe/Projects/mycoverage/src/coverage/queries/getTestFileDifferences.ts": {"path":"/Users/bart.riepe/Projects/mycoverage/src/coverage/queries/getTestFileDifferences.ts","statementMap":{"0":{"start":{"line":9,"column":2},"end":{"line":9,"column":null}},"1":{"start":{"line":9,"column":40},"end":{"line":9,"column":null}},"2":{"start":{"line":11,"column":15},"end":{"line":34,"column":null}},"3":{"start":{"line":36,"column":15},"end":{"line":59,"column":null}},"4":{"start":{"line":61,"column":2},"end":{"line":61,"column":null}}},"fnMap":{"0":{"name":"getTestFileDifferences","decl":{"start":{"line":5,"column":30},"end":{"line":5,"column":null}},"loc":{"start":{"line":8,"column":2},"end":{"line":62,"column":null}}}},"branchMap":{"0":{"loc":{"start":{"line":9,"column":2},"end":{"line":9,"column":null}},"type":"if","locations":[{"start":{"line":9,"column":2},"end":{"line":9,"column":null}},{"start":{"line":9,"column":2},"end":{"line":9,"column":null}}]},"1":{"loc":{"start":{"line":9,"column":6},"end":{"line":9,"column":40}},"type":"binary-expr","locations":[{"start":{"line":9,"column":6},"end":{"line":9,"column":26}},{"start":{"line":9,"column":26},"end":{"line":9,"column":40}}]}},"s":{"0":0,"1":0,"2":0,"3":0,"4":0},"f":{"0":0},"b":{"0":[0,0],"1":[0,0]}}
,"/Users/bart.riepe/Projects/mycoverage/src/coverage/queries/getTestInstance.ts": {"path":"/Users/bart.riepe/Projects/mycoverage/src/coverage/queries/getTestInstance.ts","statementMap":{"0":{"start":{"line":5,"column":2},"end":{"line":5,"column":null}},"1":{"start":{"line":5,"column":28},"end":{"line":5,"column":null}},"2":{"start":{"line":6,"column":2},"end":{"line":11,"column":null}}},"fnMap":{"0":{"name":"getTestInstance","decl":{"start":{"line":4,"column":30},"end":{"line":4,"column":46}},"loc":{"start":{"line":4,"column":99},"end":{"line":12,"column":null}}}},"branchMap":{"0":{"loc":{"start":{"line":5,"column":2},"end":{"line":5,"column":null}},"type":"if","locations":[{"start":{"line":5,"column":2},"end":{"line":5,"column":null}},{"start":{"line":5,"column":2},"end":{"line":5,"column":null}}]}},"s":{"0":0,"1":0,"2":0},"f":{"0":0},"b":{"0":[0,0]}}
,"/Users/bart.riepe/Projects/mycoverage/src/coverage/queries/getTree.ts": {"path":"/Users/bart.riepe/Projects/mycoverage/src/coverage/queries/getTree.ts","statementMap":{"0":{"start":{"line":7,"column":14},"end":{"line":9,"column":null}},"1":{"start":{"line":11,"column":17},"end":{"line":28,"column":null}},"2":{"start":{"line":26,"column":2},"end":{"line":26,"column":null}},"3":{"start":{"line":31,"column":2},"end":{"line":31,"column":null}},"4":{"start":{"line":31,"column":22},"end":{"line":31,"column":null}},"5":{"start":{"line":33,"column":19},"end":{"line":35,"column":null}},"6":{"start":{"line":37,"column":33},"end":{"line":40,"column":null}},"7":{"start":{"line":42,"column":2},"end":{"line":68,"column":null}},"8":{"start":{"line":43,"column":18},"end":{"line":43,"column":null}},"9":{"start":{"line":44,"column":21},"end":{"line":44,"column":null}},"10":{"start":{"line":46,"column":49},"end":{"line":46,"column":null}},"11":{"start":{"line":47,"column":4},"end":{"line":49,"column":null}},"12":{"start":{"line":48,"column":6},"end":{"line":48,"column":null}},"13":{"start":{"line":48,"column":49},"end":{"line":48,"column":65}},"14":{"start":{"line":51,"column":4},"end":{"line":54,"column":null}},"15":{"start":{"line":52,"column":6},"end":{"line":52,"column":null}},"16":{"start":{"line":53,"column":6},"end":{"line":53,"column":null}},"17":{"start":{"line":56,"column":4},"end":{"line":59,"column":null}},"18":{"start":{"line":57,"column":6},"end":{"line":57,"column":null}},"19":{"start":{"line":58,"column":6},"end":{"line":58,"column":null}},"20":{"start":{"line":61,"column":4},"end":{"line":67,"column":null}},"21":{"start":{"line":70,"column":2},"end":{"line":70,"column":null}}},"fnMap":{"0":{"name":"(anonymous_0)","decl":{"start":{"line":11,"column":17},"end":{"line":11,"column":18}},"loc":{"start":{"line":11,"column":47},"end":{"line":28,"column":null}}},"1":{"name":"getTree","decl":{"start":{"line":30,"column":30},"end":{"line":30,"column":38}},"loc":{"start":{"line":30,"column":84},"end":{"line":71,"column":null}}},"2":{"name":"(anonymous_2)","decl":{"start":{"line":42,"column":19},"end":{"line":42,"column":20}},"loc":{"start":{"line":42,"column":29},"end":{"line":68,"column":3}}},"3":{"name":"(anonymous_3)","decl":{"start":{"line":47,"column":18},"end":{"line":47,"column":19}},"loc":{"start":{"line":47,"column":28},"end":{"line":49,"column":5}}},"4":{"name":"(anonymous_4)","decl":{"start":{"line":48,"column":42},"end":{"line":48,"column":43}},"loc":{"start":{"line":48,"column":49},"end":{"line":48,"column":65}}}},"branchMap":{"0":{"loc":{"start":{"line":31,"column":2},"end":{"line":31,"column":null}},"type":"if","locations":[{"start":{"line":31,"column":2},"end":{"line":31,"column":null}},{"start":{"line":31,"column":2},"end":{"line":31,"column":null}}]},"1":{"loc":{"start":{"line":51,"column":4},"end":{"line":54,"column":null}},"type":"if","locations":[{"start":{"line":51,"column":4},"end":{"line":54,"column":null}},{"start":{"line":51,"column":4},"end":{"line":54,"column":null}}]},"2":{"loc":{"start":{"line":56,"column":4},"end":{"line":59,"column":null}},"type":"if","locations":[{"start":{"line":56,"column":4},"end":{"line":59,"column":null}},{"start":{"line":56,"column":4},"end":{"line":59,"column":null}}]},"3":{"loc":{"start":{"line":62,"column":13},"end":{"line":62,"column":null}},"type":"binary-expr","locations":[{"start":{"line":62,"column":13},"end":{"line":62,"column":25}},{"start":{"line":62,"column":25},"end":{"line":62,"column":null}}]}},"s":{"0":0,"1":0,"2":0,"3":0,"4":0,"5":0,"6":0,"7":0,"8":0,"9":0,"10":0,"11":0,"12":0,"13":0,"14":0,"15":0,"16":0,"17":0,"18":0,"19":0,"20":0,"21":0},"f":{"0":0,"1":0,"2":0,"3":0,"4":0},"b":{"0":[0,0],"1":[0,0],"2":[0,0],"3":[0,0]}}
,"/Users/bart.riepe/Projects/mycoverage/src/expected-results/mutations/createExpectedResult.ts": {"path":"/Users/bart.riepe/Projects/mycoverage/src/expected-results/mutations/createExpectedResult.ts","statementMap":{"0":{"start":{"line":5,"column":29},"end":{"line":11,"column":null}},"1":{"start":{"line":15,"column":25},"end":{"line":15,"column":null}},"2":{"start":{"line":17,"column":2},"end":{"line":17,"column":null}}},"fnMap":{"0":{"name":"(anonymous_0)","decl":{"start":{"line":13,"column":65},"end":{"line":13,"column":72}},"loc":{"start":{"line":13,"column":82},"end":{"line":18,"column":1}}}},"branchMap":{},"s":{"0":0,"1":0,"2":0},"f":{"0":0},"b":{}}
,"/Users/bart.riepe/Projects/mycoverage/src/expected-results/mutations/deleteExpectedResult.ts": {"path":"/Users/bart.riepe/Projects/mycoverage/src/expected-results/mutations/deleteExpectedResult.ts","statementMap":{"0":{"start":{"line":5,"column":29},"end":{"line":7,"column":null}},"1":{"start":{"line":11,"column":25},"end":{"line":11,"column":null}},"2":{"start":{"line":13,"column":2},"end":{"line":13,"column":null}}},"fnMap":{"0":{"name":"(anonymous_0)","decl":{"start":{"line":9,"column":65},"end":{"line":9,"column":72}},"loc":{"start":{"line":9,"column":83},"end":{"line":14,"column":1}}}},"branchMap":{},"s":{"0":0,"1":0,"2":0},"f":{"0":0},"b":{}}
,"/Users/bart.riepe/Projects/mycoverage/src/expected-results/mutations/updateExpectedResult.ts": {"path":"/Users/bart.riepe/Projects/mycoverage/src/expected-results/mutations/updateExpectedResult.ts","statementMap":{"0":{"start":{"line":5,"column":29},"end":{"line":8,"column":null}},"1":{"start":{"line":12,"column":25},"end":{"line":12,"column":null}},"2":{"start":{"line":14,"column":2},"end":{"line":14,"column":null}}},"fnMap":{"0":{"name":"(anonymous_0)","decl":{"start":{"line":10,"column":65},"end":{"line":10,"column":72}},"loc":{"start":{"line":10,"column":92},"end":{"line":15,"column":1}}}},"branchMap":{},"s":{"0":0,"1":0,"2":0},"f":{"0":0},"b":{}}
,"/Users/bart.riepe/Projects/mycoverage/src/expected-results/queries/getExpectedResult.ts": {"path":"/Users/bart.riepe/Projects/mycoverage/src/expected-results/queries/getExpectedResult.ts","statementMap":{"0":{"start":{"line":6,"column":26},"end":{"line":9,"column":null}},"1":{"start":{"line":13,"column":25},"end":{"line":13,"column":null}},"2":{"start":{"line":15,"column":2},"end":{"line":15,"column":null}},"3":{"start":{"line":15,"column":23},"end":{"line":15,"column":null}},"4":{"start":{"line":17,"column":2},"end":{"line":17,"column":null}}},"fnMap":{"0":{"name":"(anonymous_0)","decl":{"start":{"line":11,"column":62},"end":{"line":11,"column":69}},"loc":{"start":{"line":11,"column":80},"end":{"line":18,"column":1}}}},"branchMap":{"0":{"loc":{"start":{"line":15,"column":2},"end":{"line":15,"column":null}},"type":"if","locations":[{"start":{"line":15,"column":2},"end":{"line":15,"column":null}},{"start":{"line":15,"column":2},"end":{"line":15,"column":null}}]}},"s":{"0":0,"1":0,"2":0,"3":0,"4":0},"f":{"0":0},"b":{"0":[0,0]}}
,"/Users/bart.riepe/Projects/mycoverage/src/expected-results/queries/getExpectedResults.ts": {"path":"/Users/bart.riepe/Projects/mycoverage/src/expected-results/queries/getExpectedResults.ts","statementMap":{"0":{"start":{"line":16,"column":8},"end":{"line":21,"column":null}},"1":{"start":{"line":19,"column":19},"end":{"line":19,"column":null}},"2":{"start":{"line":20,"column":31},"end":{"line":20,"column":null}},"3":{"start":{"line":23,"column":4},"end":{"line":28,"column":null}}},"fnMap":{"0":{"name":"(anonymous_0)","decl":{"start":{"line":9,"column":2},"end":{"line":9,"column":9}},"loc":{"start":{"line":9,"column":79},"end":{"line":29,"column":null}}},"1":{"name":"(anonymous_1)","decl":{"start":{"line":19,"column":13},"end":{"line":19,"column":19}},"loc":{"start":{"line":19,"column":19},"end":{"line":19,"column":null}}},"2":{"name":"(anonymous_2)","decl":{"start":{"line":20,"column":13},"end":{"line":20,"column":14}},"loc":{"start":{"line":20,"column":31},"end":{"line":20,"column":null}}}},"branchMap":{"0":{"loc":{"start":{"line":9,"column":27},"end":{"line":9,"column":37}},"type":"default-arg","locations":[{"start":{"line":9,"column":34},"end":{"line":9,"column":37}}]},"1":{"loc":{"start":{"line":9,"column":37},"end":{"line":9,"column":48}},"type":"default-arg","locations":[{"start":{"line":9,"column":44},"end":{"line":9,"column":48}}]}},"s":{"0":0,"1":0,"2":0,"3":0},"f":{"0":0,"1":0,"2":0},"b":{"0":[0],"1":[0]}}
,"/Users/bart.riepe/Projects/mycoverage/src/library/HitsJsonSchema.ts": {"path":"/Users/bart.riepe/Projects/mycoverage/src/library/HitsJsonSchema.ts","statementMap":{"0":{"start":{"line":4,"column":12},"end":{"line":4,"column":null}},"1":{"start":{"line":6,"column":23},"end":{"line":68,"column":null}},"2":{"start":{"line":70,"column":30},"end":{"line":70,"column":null}}},"fnMap":{},"branchMap":{},"s":{"0":0,"1":0,"2":0},"f":{},"b":{}}
,"/Users/bart.riepe/Projects/mycoverage/src/library/combineIssueCount.ts": {"path":"/Users/bart.riepe/Projects/mycoverage/src/library/combineIssueCount.ts","statementMap":{"0":{"start":{"line":3,"column":33},"end":{"line":17,"column":null}},"1":{"start":{"line":10,"column":2},"end":{"line":15,"column":null}}},"fnMap":{"0":{"name":"(anonymous_0)","decl":{"start":{"line":3,"column":33},"end":{"line":3,"column":34}},"loc":{"start":{"line":9,"column":6},"end":{"line":17,"column":null}}}},"branchMap":{"0":{"loc":{"start":{"line":11,"column":5},"end":{"line":11,"column":null}},"type":"binary-expr","locations":[{"start":{"line":11,"column":5},"end":{"line":11,"column":34}},{"start":{"line":11,"column":34},"end":{"line":11,"column":null}}]},"1":{"loc":{"start":{"line":12,"column":5},"end":{"line":12,"column":null}},"type":"binary-expr","locations":[{"start":{"line":12,"column":5},"end":{"line":12,"column":35}},{"start":{"line":12,"column":35},"end":{"line":12,"column":null}}]},"2":{"loc":{"start":{"line":13,"column":5},"end":{"line":13,"column":null}},"type":"binary-expr","locations":[{"start":{"line":13,"column":5},"end":{"line":13,"column":32}},{"start":{"line":13,"column":32},"end":{"line":13,"column":null}}]},"3":{"loc":{"start":{"line":14,"column":5},"end":{"line":14,"column":null}},"type":"binary-expr","locations":[{"start":{"line":14,"column":5},"end":{"line":14,"column":32}},{"start":{"line":14,"column":32},"end":{"line":14,"column":null}}]},"4":{"loc":{"start":{"line":15,"column":5},"end":{"line":15,"column":null}},"type":"binary-expr","locations":[{"start":{"line":15,"column":5},"end":{"line":15,"column":31}},{"start":{"line":15,"column":31},"end":{"line":15,"column":null}}]}},"s":{"0":0,"1":0},"f":{"0":0},"b":{"0":[0,0],"1":[0,0],"2":[0,0],"3":[0,0],"4":[0,0]}}
[...]
olumn":74},"end":{"line":114,"column":null}}]},"5":{"loc":{"start":{"line":115,"column":17},"end":{"line":115,"column":null}},"type":"binary-expr","locations":[{"start":{"line":115,"column":17},"end":{"line":115,"column":64}},{"start":{"line":115,"column":64},"end":{"line":115,"column":null}}]},"6":{"loc":{"start":{"line":116,"column":18},"end":{"line":116,"column":null}},"type":"binary-expr","locations":[{"start":{"line":116,"column":18},"end":{"line":116,"column":66}},{"start":{"line":116,"column":66},"end":{"line":116,"column":null}}]},"7":{"loc":{"start":{"line":117,"column":14},"end":{"line":117,"column":null}},"type":"binary-expr","locations":[{"start":{"line":117,"column":14},"end":{"line":117,"column":58}},{"start":{"line":117,"column":58},"end":{"line":117,"column":null}}]},"8":{"loc":{"start":{"line":118,"column":27},"end":{"line":118,"column":null}},"type":"binary-expr","locations":[{"start":{"line":118,"column":27},"end":{"line":118,"column":84}},{"start":{"line":118,"column":84},"end":{"line":118,"column":null}}]},"9":{"loc":{"start":{"line":119,"column":29},"end":{"line":119,"column":null}},"type":"binary-expr","locations":[{"start":{"line":119,"column":29},"end":{"line":119,"column":88}},{"start":{"line":119,"column":88},"end":{"line":119,"column":null}}]},"10":{"loc":{"start":{"line":120,"column":24},"end":{"line":120,"column":null}},"type":"binary-expr","locations":[{"start":{"line":120,"column":24},"end":{"line":120,"column":78}},{"start":{"line":120,"column":78},"end":{"line":120,"column":null}}]},"11":{"loc":{"start":{"line":121,"column":25},"end":{"line":121,"column":null}},"type":"binary-expr","locations":[{"start":{"line":121,"column":25},"end":{"line":121,"column":80}},{"start":{"line":121,"column":80},"end":{"line":121,"column":null}}]}},"s":{"0":0,"1":0,"2":0,"3":0,"4":0,"5":0,"6":0,"7":0,"8":0,"9":0,"10":0,"11":0,"12":0,"13":0,"14":0,"15":0,"16":0,"17":0,"18":0,"19":0,"20":0,"21":0,"22":0,"23":0,"24":0,"25":0,"26":0,"27":0,"28":0,"29":0,"30":0,"31":0,"32":0,"33":0,"34":0,"35":0,"36":0,"37":0,"38":0,"39":0,"40":0,"41":0,"42":0},"f":{"0":0,"1":0,"2":0,"3":0},"b":{"0":[0,0],"1":[0,0],"2":[0,0],"3":[0,0],"4":[0,0],"5":[0,0],"6":[0,0],"7":[0,0],"8":[0,0],"9":[0,0],"10":[0,0],"11":[0,0]}}
,"/Users/bart.riepe/Projects/mycoverage/src/processors/ProcessCombineCoverage/processTestInstance.ts": {"path":"/Users/bart.riepe/Projects/mycoverage/src/processors/ProcessCombineCoverage/processTestInstance.ts","statementMap":{"0":{"start":{"line":11,"column":35},"end":{"line":164,"column":null}},"1":{"start":{"line":15,"column":2},"end":{"line":22,"column":null}},"2":{"start":{"line":24,"column":2},"end":{"line":24,"column":null}},"3":{"start":{"line":25,"column":29},"end":{"line":25,"column":null}},"4":{"start":{"line":27,"column":15},"end":{"line":47,"column":null}},"5":{"start":{"line":49,"column":2},"end":{"line":49,"column":null}},"6":{"start":{"line":49,"column":13},"end":{"line":49,"column":null}},"7":{"start":{"line":51,"column":2},"end":{"line":51,"column":null}},"8":{"start":{"line":68,"column":2},"end":{"line":68,"column":null}},"9":{"start":{"line":70,"column":2},"end":{"line":71,"column":null}},"10":{"start":{"line":71,"column":4},"end":{"line":71,"column":null}},"11":{"start":{"line":73,"column":53},"end":{"line":75,"column":null}},"12":{"start":{"line":77,"column":2},"end":{"line":77,"column":null}},"13":{"start":{"line":79,"column":16},"end":{"line":79,"column":null}},"14":{"start":{"line":81,"column":23},"end":{"line":81,"column":null}},"15":{"start":{"line":82,"column":17},"end":{"line":82,"column":null}},"16":{"start":{"line":83,"column":12},"end":{"line":83,"column":null}},"17":{"start":{"line":85,"column":2},"end":{"line":91,"column":null}},"18":{"start":{"line":86,"column":4},"end":{"line":86,"column":null}},"19":{"start":{"line":87,"column":4},"end":{"line":90,"column":null}},"20":{"start":{"line":88,"column":6},"end":{"line":88,"column":null}},"21":{"start":{"line":89,"column":6},"end":{"line":89,"column":null}},"22":{"start":{"line":94,"column":2},"end":{"line":100,"column":null}},"23":{"start":{"line":95,"column":4},"end":{"line":95,"column":null}},"24":{"start":{"line":96,"column":4},"end":{"line":99,"column":null}},"25":{"start":{"line":97,"column":6},"end":{"line":97,"column":null}},"26":{"start":{"line":98,"column":6},"end":{"line":98,"column":null}},"27":{"start":{"line":101,"column":2},"end":{"line":103,"column":null}},"28":{"start":{"line":105,"column":2},"end":{"line":105,"column":null}},"29":{"start":{"line":107,"column":2},"end":{"line":107,"column":null}},"30":{"start":{"line":109,"column":2},"end":{"line":113,"column":null}},"31":{"start":{"line":115,"column":2},"end":{"line":120,"column":null}},"32":{"start":{"line":122,"column":2},"end":{"line":122,"column":null}},"33":{"start":{"line":123,"column":2},"end":{"line":127,"column":null}},"34":{"start":{"line":129,"column":2},"end":{"line":129,"column":null}},"35":{"start":{"line":130,"column":2},"end":{"line":146,"column":null}},"36":{"start":{"line":148,"column":2},"end":{"line":148,"column":null}},"37":{"start":{"line":150,"column":2},"end":{"line":152,"column":null}},"38":{"start":{"line":154,"column":2},"end":{"line":161,"column":null}},"39":{"start":{"line":163,"column":2},"end":{"line":163,"column":null}}},"fnMap":{"0":{"name":"(anonymous_0)","decl":{"start":{"line":11,"column":35},"end":{"line":11,"column":null}},"loc":{"start":{"line":14,"column":5},"end":{"line":164,"column":null}}},"1":{"name":"(anonymous_1)","decl":{"start":{"line":85,"column":31},"end":{"line":85,"column":32}},"loc":{"start":{"line":85,"column":40},"end":{"line":91,"column":3}}},"2":{"name":"(anonymous_2)","decl":{"start":{"line":87,"column":30},"end":{"line":87,"column":31}},"loc":{"start":{"line":87,"column":40},"end":{"line":90,"column":5}}},"3":{"name":"(anonymous_3)","decl":{"start":{"line":94,"column":58},"end":{"line":94,"column":59}},"loc":{"start":{"line":94,"column":67},"end":{"line":100,"column":3}}},"4":{"name":"(anonymous_4)","decl":{"start":{"line":96,"column":22},"end":{"line":96,"column":23}},"loc":{"start":{"line":96,"column":32},"end":{"line":99,"column":5}}}},"branchMap":{"0":{"loc":{"start":{"line":29,"column":10},"end":{"line":29,"column":null}},"type":"binary-expr","locations":[{"start":{"line":29,"column":10},"end":{"line":29,"column":33}},{"start":{"line":29,"column":33},"end":{"line":29,"column":null}}]},"1":{"loc":{"start":{"line":49,"column":2},"end":{"line":49,"column":null}},"type":"if","locations":[{"start":{"line":49,"column":2},"end":{"line":49,"column":null}},{"start":{"line":49,"column":2},"end":{"line":49,"column":null}}]},"2":{"loc":{"start":{"line":70,"column":2},"end":{"line":71,"column":null}},"type":"if","locations":[{"start":{"line":70,"column":2},"end":{"line":71,"column":null}},{"start":{"line":70,"column":2},"end":{"line":71,"column":null}}]},"3":{"loc":{"start":{"line":135,"column":18},"end":{"line":135,"column":null}},"type":"binary-expr","locations":[{"start":{"line":135,"column":18},"end":{"line":135,"column":68}},{"start":{"line":135,"column":68},"end":{"line":135,"column":null}}]},"4":{"loc":{"start":{"line":136,"column":20},"end":{"line":136,"column":null}},"type":"binary-expr","locations":[{"start":{"line":136,"column":20},"end":{"line":136,"column":72}},{"start":{"line":136,"column":72},"end":{"line":136,"column":null}}]},"5":{"loc":{"start":{"line":137,"column":15},"end":{"line":137,"column":null}},"type":"binary-expr","locations":[{"start":{"line":137,"column":15},"end":{"line":137,"column":62}},{"start":{"line":137,"column":62},"end":{"line":137,"column":null}}]},"6":{"loc":{"start":{"line":138,"column":16},"end":{"line":138,"column":null}},"type":"binary-expr","locations":[{"start":{"line":138,"column":16},"end":{"line":138,"column":64}},{"start":{"line":138,"column":64},"end":{"line":138,"column":null}}]},"7":{"loc":{"start":{"line":139,"column":12},"end":{"line":139,"column":null}},"type":"binary-expr","locations":[{"start":{"line":139,"column":12},"end":{"line":139,"column":56}},{"start":{"line":139,"column":56},"end":{"line":139,"column":null}}]},"8":{"loc":{"start":{"line":140,"column":25},"end":{"line":140,"column":null}},"type":"binary-expr","locations":[{"start":{"line":140,"column":25},"end":{"line":140,"column":82}},{"start":{"line":140,"column":82},"end":{"line":140,"column":null}}]},"9":{"loc":{"start":{"line":141,"column":27},"end":{"line":141,"column":null}},"type":"binary-expr","locations":[{"start":{"line":141,"column":27},"end":{"line":141,"column":86}},{"start":{"line":141,"column":86},"end":{"line":141,"column":null}}]},"10":{"loc":{"start":{"line":142,"column":22},"end":{"line":142,"column":null}},"type":"binary-expr","locations":[{"start":{"line":142,"column":22},"end":{"line":142,"column":76}},{"start":{"line":142,"column":76},"end":{"line":142,"column":null}}]},"11":{"loc":{"start":{"line":143,"column":23},"end":{"line":143,"column":null}},"type":"binary-expr","locations":[{"start":{"line":143,"column":23},"end":{"line":143,"column":78}},{"start":{"line":143,"column":78},"end":{"line":143,"column":null}}]}},"s":{"0":0,"1":0,"2":0,"3":0,"4":0,"5":0,"6":0,"7":0,"8":0,"9":0,"10":0,"11":0,"12":0,"13":0,"14":0,"15":0,"16":0,"17":0,"18":0,"19":0,"20":0,"21":0,"22":0,"23":0,"24":0,"25":0,"26":0,"27":0,"28":0,"29":0,"30":0,"31":0,"32":0,"33":0,"34":0,"35":0,"36":0,"37":0,"38":0,"39":0},"f":{"0":0,"1":0,"2":0,"3":0,"4":0},"b":{"0":[0,0],"1":[0,0],"2":[0,0],"3":[0,0],"4":[0,0],"5":[0,0],"6":[0,0],"7":[0,0],"8":[0,0],"9":[0,0],"10":[0,0],"11":[0,0]}}
,"/Users/bart.riepe/Projects/mycoverage/src/projects/mutations/deleteProject.ts": {"path":"/Users/bart.riepe/Projects/mycoverage/src/projects/mutations/deleteProject.ts","statementMap":{"0":{"start":{"line":5,"column":22},"end":{"line":7,"column":null}},"1":{"start":{"line":11,"column":18},"end":{"line":11,"column":null}},"2":{"start":{"line":13,"column":2},"end":{"line":13,"column":null}}},"fnMap":{"0":{"name":"(anonymous_0)","decl":{"start":{"line":9,"column":58},"end":{"line":9,"column":65}},"loc":{"start":{"line":9,"column":76},"end":{"line":14,"column":1}}}},"branchMap":{},"s":{"0":0,"1":0,"2":0},"f":{"0":0},"b":{}}
,"/Users/bart.riepe/Projects/mycoverage/src/projects/mutations/updateProject.ts": {"path":"/Users/bart.riepe/Projects/mycoverage/src/projects/mutations/updateProject.ts","statementMap":{"0":{"start":{"line":5,"column":22},"end":{"line":9,"column":null}},"1":{"start":{"line":13,"column":18},"end":{"line":13,"column":null}},"2":{"start":{"line":15,"column":2},"end":{"line":15,"column":null}}},"fnMap":{"0":{"name":"(anonymous_0)","decl":{"start":{"line":11,"column":58},"end":{"line":11,"column":65}},"loc":{"start":{"line":11,"column":85},"end":{"line":16,"column":1}}}},"branchMap":{},"s":{"0":0,"1":0,"2":0},"f":{"0":0},"b":{}}
,"/Users/bart.riepe/Projects/mycoverage/src/queues/ChangeFrequencyQueue.ts": {"path":"/Users/bart.riepe/Projects/mycoverage/src/queues/ChangeFrequencyQueue.ts","statementMap":{"0":{"start":{"line":6,"column":36},"end":{"line":6,"column":null}},"1":{"start":{"line":7,"column":45},"end":{"line":10,"column":null}},"2":{"start":{"line":12,"column":34},"end":{"line":32,"column":null}},"3":{"start":{"line":18,"column":2},"end":{"line":18,"column":null}},"4":{"start":{"line":19,"column":2},"end":{"line":31,"column":null}}},"fnMap":{"0":{"name":"(anonymous_0)","decl":{"start":{"line":12,"column":34},"end":{"line":12,"column":null}},"loc":{"start":{"line":17,"column":5},"end":{"line":32,"column":null}}}},"branchMap":{},"s":{"0":0,"1":0,"2":0,"3":0,"4":0},"f":{"0":0},"b":{}}
,"/Users/bart.riepe/Projects/mycoverage/src/queues/CombineCoverage.ts": {"path":"/Users/bart.riepe/Projects/mycoverage/src/queues/CombineCoverage.ts","statementMap":{"0":{"start":{"line":5,"column":36},"end":{"line":7,"column":null}},"1":{"start":{"line":8,"column":45},"end":{"line":11,"column":null}},"2":{"start":{"line":13,"column":34},"end":{"line":20,"column":null}},"3":{"start":{"line":14,"column":2},"end":{"line":14,"column":null}},"4":{"start":{"line":15,"column":2},"end":{"line":19,"column":null}}},"fnMap":{"0":{"name":"(anonymous_0)","decl":{"start":{"line":13,"column":34},"end":{"line":13,"column":35}},"loc":{"start":{"line":13,"column":78},"end":{"line":20,"column":null}}}},"branchMap":{},"s":{"0":0,"1":0,"2":0,"3":0,"4":0},"f":{"0":0},"b":{}}
,"/Users/bart.riepe/Projects/mycoverage/src/queues/SonarQubeQueue.ts": {"path":"/Users/bart.riepe/Projects/mycoverage/src/queues/SonarQubeQueue.ts","statementMap":{"0":{"start":{"line":6,"column":30},"end":{"line":6,"column":null}},"1":{"start":{"line":7,"column":39},"end":{"line":10,"column":null}},"2":{"start":{"line":12,"column":28},"end":{"line":32,"column":null}},"3":{"start":{"line":18,"column":2},"end":{"line":18,"column":null}},"4":{"start":{"line":19,"column":2},"end":{"line":31,"column":null}}},"fnMap":{"0":{"name":"(anonymous_0)","decl":{"start":{"line":12,"column":28},"end":{"line":12,"column":null}},"loc":{"start":{"line":17,"column":5},"end":{"line":32,"column":null}}}},"branchMap":{},"s":{"0":0,"1":0,"2":0,"3":0,"4":0},"f":{"0":0},"b":{}}
,"/Users/bart.riepe/Projects/mycoverage/src/queues/UploadQueue.ts": {"path":"/Users/bart.riepe/Projects/mycoverage/src/queues/UploadQueue.ts","statementMap":{"0":{"start":{"line":7,"column":27},"end":{"line":7,"column":null}},"1":{"start":{"line":8,"column":36},"end":{"line":11,"column":null}},"2":{"start":{"line":13,"column":25},"end":{"line":51,"column":null}},"3":{"start":{"line":22,"column":2},"end":{"line":30,"column":null}},"4":{"start":{"line":31,"column":21},"end":{"line":31,"column":null}},"5":{"start":{"line":32,"column":2},"end":{"line":32,"column":null}},"6":{"start":{"line":33,"column":14},"end":{"line":48,"column":null}},"7":{"start":{"line":49,"column":2},"end":{"line":49,"column":null}},"8":{"start":{"line":50,"column":2},"end":{"line":50,"column":null}}},"fnMap":{"0":{"name":"(anonymous_0)","decl":{"start":{"line":13,"column":25},"end":{"line":13,"column":null}},"loc":{"start":{"line":21,"column":5},"end":{"line":51,"column":null}}}},"branchMap":{},"s":{"0":0,"1":0,"2":0,"3":0,"4":0,"5":0,"6":0,"7":0,"8":0},"f":{"0":0},"b":{}}
,"/Users/bart.riepe/Projects/mycoverage/src/queues/config.ts": {"path":"/Users/bart.riepe/Projects/mycoverage/src/queues/config.ts","statementMap":{"0":{"start":{"line":3,"column":55},"end":{"line":9,"column":null}}},"fnMap":{},"branchMap":{"0":{"loc":{"start":{"line":5,"column":17},"end":{"line":5,"column":45}},"type":"binary-expr","locations":[{"start":{"line":5,"column":17},"end":{"line":5,"column":43}},{"start":{"line":5,"column":43},"end":{"line":5,"column":45}}]},"1":{"loc":{"start":{"line":6,"column":15},"end":{"line":6,"column":42}},"type":"binary-expr","locations":[{"start":{"line":6,"column":15},"end":{"line":6,"column":39}},{"start":{"line":6,"column":39},"end":{"line":6,"column":42}}]}},"s":{"0":0},"f":{},"b":{"0":[0,0],"1":[0,0]}}
,"/Users/bart.riepe/Projects/mycoverage/src/settings/mutations/createSetting.ts": {"path":"/Users/bart.riepe/Projects/mycoverage/src/settings/mutations/createSetting.ts","statementMap":{"0":{"start":{"line":5,"column":22},"end":{"line":7,"column":null}},"1":{"start":{"line":11,"column":18},"end":{"line":11,"column":null}},"2":{"start":{"line":13,"column":2},"end":{"line":13,"column":null}}},"fnMap":{"0":{"name":"(anonymous_0)","decl":{"start":{"line":9,"column":80},"end":{"line":9,"column":87}},"loc":{"start":{"line":9,"column":97},"end":{"line":14,"column":1}}}},"branchMap":{},"s":{"0":0,"1":0,"2":0},"f":{"0":0},"b":{}}
,"/Users/bart.riepe/Projects/mycoverage/src/settings/mutations/deleteSetting.ts": {"path":"/Users/bart.riepe/Projects/mycoverage/src/settings/mutations/deleteSetting.ts","statementMap":{"0":{"start":{"line":5,"column":22},"end":{"line":7,"column":null}},"1":{"start":{"line":11,"column":18},"end":{"line":11,"column":null}},"2":{"start":{"line":13,"column":2},"end":{"line":13,"column":null}}},"fnMap":{"0":{"name":"(anonymous_0)","decl":{"start":{"line":9,"column":80},"end":{"line":9,"column":87}},"loc":{"start":{"line":9,"column":98},"end":{"line":14,"column":1}}}},"branchMap":{},"s":{"0":0,"1":0,"2":0},"f":{"0":0},"b":{}}
,"/Users/bart.riepe/Projects/mycoverage/src/settings/mutations/updateSetting.ts": {"path":"/Users/bart.riepe/Projects/mycoverage/src/settings/mutations/updateSetting.ts","statementMap":{"0":{"start":{"line":5,"column":22},"end":{"line":8,"column":null}},"1":{"start":{"line":12,"column":18},"end":{"line":16,"column":null}},"2":{"start":{"line":18,"column":2},"end":{"line":18,"column":null}}},"fnMap":{"0":{"name":"(anonymous_0)","decl":{"start":{"line":10,"column":58},"end":{"line":10,"column":65}},"loc":{"start":{"line":10,"column":87},"end":{"line":19,"column":1}}}},"branchMap":{},"s":{"0":0,"1":0,"2":0},"f":{"0":0},"b":{}}
,"/Users/bart.riepe/Projects/mycoverage/src/settings/queries/getSetting.ts": {"path":"/Users/bart.riepe/Projects/mycoverage/src/settings/queries/getSetting.ts","statementMap":{"0":{"start":{"line":5,"column":19},"end":{"line":8,"column":null}},"1":{"start":{"line":12,"column":18},"end":{"line":12,"column":null}},"2":{"start":{"line":14,"column":2},"end":{"line":14,"column":null}}},"fnMap":{"0":{"name":"(anonymous_0)","decl":{"start":{"line":10,"column":55},"end":{"line":10,"column":62}},"loc":{"start":{"line":10,"column":75},"end":{"line":15,"column":1}}}},"branchMap":{},"s":{"0":0,"1":0,"2":0},"f":{"0":0},"b":{}}
,"/Users/bart.riepe/Projects/mycoverage/src/settings/queries/getSettings.ts": {"path":"/Users/bart.riepe/Projects/mycoverage/src/settings/queries/getSettings.ts","statementMap":{"0":{"start":{"line":17,"column":8},"end":{"line":22,"column":null}},"1":{"start":{"line":20,"column":19},"end":{"line":20,"column":null}},"2":{"start":{"line":21,"column":31},"end":{"line":21,"column":null}},"3":{"start":{"line":24,"column":4},"end":{"line":29,"column":null}}},"fnMap":{"0":{"name":"(anonymous_0)","decl":{"start":{"line":10,"column":2},"end":{"line":10,"column":9}},"loc":{"start":{"line":10,"column":72},"end":{"line":30,"column":null}}},"1":{"name":"(anonymous_1)","decl":{"start":{"line":20,"column":13},"end":{"line":20,"column":19}},"loc":{"start":{"line":20,"column":19},"end":{"line":20,"column":null}}},"2":{"name":"(anonymous_2)","decl":{"start":{"line":21,"column":13},"end":{"line":21,"column":14}},"loc":{"start":{"line":21,"column":31},"end":{"line":21,"column":null}}}},"branchMap":{"0":{"loc":{"start":{"line":10,"column":27},"end":{"line":10,"column":37}},"type":"default-arg","locations":[{"start":{"line":10,"column":34},"end":{"line":10,"column":37}}]},"1":{"loc":{"start":{"line":10,"column":37},"end":{"line":10,"column":48}},"type":"default-arg","locations":[{"start":{"line":10,"column":44},"end":{"line":10,"column":48}}]}},"s":{"0":0,"1":0,"2":0,"3":0},"f":{"0":0,"1":0,"2":0},"b":{"0":[0],"1":[0]}}
,"/Users/bart.riepe/Projects/mycoverage/src/users/queries/getCurrentUser.ts": {"path":"/Users/bart.riepe/Projects/mycoverage/src/users/queries/getCurrentUser.ts","statementMap":{"0":{"start":{"line":5,"column":2},"end":{"line":5,"column":null}},"1":{"start":{"line":5,"column":23},"end":{"line":5,"column":null}},"2":{"start":{"line":7,"column":15},"end":{"line":10,"column":null}},"3":{"start":{"line":12,"column":2},"end":{"line":12,"column":null}}},"fnMap":{"0":{"name":"getCurrentUser","decl":{"start":{"line":4,"column":30},"end":{"line":4,"column":45}},"loc":{"start":{"line":4,"column":73},"end":{"line":13,"column":null}}}},"branchMap":{"0":{"loc":{"start":{"line":4,"column":45},"end":{"line":4,"column":55}},"type":"default-arg","locations":[{"start":{"line":4,"column":49},"end":{"line":4,"column":55}}]},"1":{"loc":{"start":{"line":5,"column":2},"end":{"line":5,"column":null}},"type":"if","locations":[{"start":{"line":5,"column":2},"end":{"line":5,"column":null}},{"start":{"line":5,"column":2},"end":{"line":5,"column":null}}]}},"s":{"0":0,"1":0,"2":0,"3":0},"f":{"0":0},"b":{"0":[0],"1":[0,0]}}
}
