TN:
SF:src/blitz-client.ts
FNF:0
FNH:0
DA:5,0
DA:9,0
LF:2
LH:0
BRF:0
BRH:0
end_of_record
TN:
SF:src/blitz-server.ts
FNF:0
FNH:0
DA:7,0
LF:1
LH:0
BRF:0
BRH:0
end_of_record
TN:
SF:src/worker.ts
FN:19,(anonymous_0)
FN:24,(anonymous_1)
FN:32,(anonymous_2)
FN:39,(anonymous_3)
FNF:4
FNH:0
FNDA:0,(anonymous_0)
FNDA:0,(anonymous_1)
FNDA:0,(anonymous_2)
FNDA:0,(anonymous_3)
DA:8,0
DA:10,0
DA:17,0
DA:19,0
DA:20,0
DA:21,0
DA:22,0
DA:24,0
DA:25,0
DA:30,0
DA:32,0
DA:33,0
DA:34,0
DA:37,0
DA:38,0
DA:39,0
DA:40,0
DA:44,0
LF:18
LH:0
BRDA:20,0,0,0
BRDA:20,0,1,0
BRDA:20,1,0,0
BRDA:20,1,1,0
BRDA:30,2,0,0
BRDA:30,2,1,0
BRDA:38,3,0,0
BRDA:38,3,1,0
BRF:8
BRH:0
end_of_record
TN:
SF:src/auth/validations.ts
FN:25,(anonymous_0)
FNF:1
FNH:0
FNDA:0,(anonymous_0)
DA:3,0
DA:5,0
DA:10,0
DA:15,0
DA:19,0
DA:25,0
DA:30,0
LF:7
LH:0
BRF:0
BRH:0
end_of_record
TN:
SF:src/auth/components/LoginForm.tsx
FN:14,(anonymous_0)
FN:25,(anonymous_1)
FNF:2
FNH:0
FNDA:0,(anonymous_0)
FNDA:0,(anonymous_1)
DA:14,0
DA:15,0
DA:17,0
DA:26,0
DA:27,0
DA:28,0
DA:30,0
DA:31,0
DA:33,0
LF:9
LH:0
BRDA:30,0,0,0
BRDA:30,0,1,0
BRF:2
BRH:0
end_of_record
TN:
SF:src/auth/components/SignupForm.tsx
FN:11,(anonymous_0)
FN:22,(anonymous_1)
FNF:2
FNH:0
FNDA:0,(anonymous_0)
FNDA:0,(anonymous_1)
DA:11,0
DA:12,0
DA:14,0
DA:23,0
DA:24,0
DA:25,0
DA:27,0
DA:29,0
DA:31,0
LF:9
LH:0
BRDA:27,0,0,0
BRDA:27,0,1,0
BRDA:27,1,0,0
BRDA:27,1,1,0
BRF:4
BRH:0
end_of_record
TN:
SF:src/auth/mutations/changePassword.ts
FN:11,(anonymous_0)
FNF:1
FNH:0
FNDA:0,(anonymous_0)
DA:12,0
DA:13,0
DA:15,0
DA:17,0
DA:18,0
DA:23,0
LF:6
LH:0
BRDA:13,0,0,0
BRDA:13,0,1,0
BRF:2
BRH:0
end_of_record
TN:
SF:src/auth/mutations/forgotPassword.ts
FN:9,(anonymous_0)
FN:37,(anonymous_1)
FNF:2
FNH:0
FNDA:0,(anonymous_0)
FNDA:0,(anonymous_1)
DA:7,0
DA:11,0
DA:14,0
DA:15,0
DA:16,0
DA:17,0
DA:20,0
DA:22,0
DA:24,0
DA:34,0
DA:37,0
DA:41,0
LF:12
LH:0
BRDA:20,0,0,0
BRDA:20,0,1,0
BRF:2
BRH:0
end_of_record
TN:
SF:src/auth/mutations/login.ts
FN:7,(anonymous_0)
FN:25,(anonymous_1)
FNF:2
FNH:0
FNDA:0,(anonymous_0)
FNDA:0,(anonymous_1)
DA:7,0
DA:8,0
DA:9,0
DA:10,0
DA:11,0
DA:13,0
DA:15,0
DA:17,0
DA:18,0
DA:21,0
DA:22,0
DA:27,0
DA:29,0
DA:31,0
LF:14
LH:0
BRDA:11,0,0,0
BRDA:11,0,1,0
BRDA:15,1,0,0
BRDA:15,1,1,0
BRF:4
BRH:0
end_of_record
TN:
SF:src/auth/mutations/logout.ts
FN:3,logout
FNF:1
FNH:0
FNDA:0,logout
DA:4,0
LF:1
LH:0
BRF:0
BRH:0
end_of_record
TN:
SF:src/auth/mutations/resetPassword.ts
FN:8,(anonymous_0)
FN:13,(anonymous_1)
FNF:2
FNH:0
FNDA:0,(anonymous_0)
FNDA:0,(anonymous_1)
DA:8,0
DA:9,0
DA:10,0
DA:15,0
DA:16,0
DA:22,0
DA:23,0
DA:25,0
DA:28,0
DA:31,0
DA:32,0
DA:36,0
DA:37,0
DA:43,0
DA:46,0
DA:48,0
LF:16
LH:0
BRDA:22,0,0,0
BRDA:22,0,1,0
BRDA:31,1,0,0
BRDA:31,1,1,0
BRF:4
BRH:0
end_of_record
TN:
SF:src/auth/mutations/signup.ts
FN:6,(anonymous_0)
FNF:1
FNH:0
FNDA:0,(anonymous_0)
DA:7,0
DA:8,0
DA:13,0
DA:14,0
LF:4
LH:0
BRF:0
BRH:0
end_of_record
TN:
SF:src/auth/pages/forgot-password.tsx
FN:9,(anonymous_0)
FN:29,(anonymous_1)
FN:47,(anonymous_2)
FNF:3
FNH:0
FNDA:0,(anonymous_0)
FNDA:0,(anonymous_1)
FNDA:0,(anonymous_2)
DA:9,0
DA:10,0
DA:12,0
DA:30,0
DA:31,0
DA:33,0
DA:46,0
DA:47,0
LF:8
LH:0
BRDA:16,0,0,0
BRDA:16,0,1,0
BRF:2
BRH:0
end_of_record
TN:
SF:src/auth/pages/login.tsx
FN:6,(anonymous_0)
FN:12,(anonymous_1)
FN:22,(anonymous_2)
FNF:3
FNH:0
FNDA:0,(anonymous_0)
FNDA:0,(anonymous_1)
FNDA:0,(anonymous_2)
DA:6,0
DA:7,0
DA:9,0
DA:13,0
DA:14,0
DA:21,0
DA:22,0
LF:7
LH:0
BRDA:13,0,0,0
BRDA:13,0,1,0
BRF:2
BRH:0
end_of_record
TN:
SF:src/auth/pages/reset-password.tsx
FN:10,(anonymous_0)
FN:30,(anonymous_1)
FN:59,(anonymous_2)
FNF:3
FNH:0
FNDA:0,(anonymous_0)
FNDA:0,(anonymous_1)
FNDA:0,(anonymous_2)
DA:10,0
DA:11,0
DA:12,0
DA:14,0
DA:31,0
DA:32,0
DA:34,0
DA:35,0
DA:39,0
DA:58,0
DA:59,0
LF:11
LH:0
BRDA:18,0,0,0
BRDA:18,0,1,0
BRDA:34,1,0,0
BRDA:34,1,1,0
BRF:4
BRH:0
end_of_record
TN:
SF:src/auth/pages/signup.tsx
FN:6,(anonymous_0)
FN:11,(anonymous_1)
FN:17,(anonymous_2)
FNF:3
FNH:0
FNDA:0,(anonymous_0)
FNDA:0,(anonymous_1)
FNDA:0,(anonymous_2)
DA:6,0
DA:7,0
DA:9,0
DA:11,0
DA:16,0
DA:17,0
LF:6
LH:0
BRF:0
BRH:0
end_of_record
TN:
SF:src/branches/mutations/createBranch.ts
FN:11,(anonymous_0)
FNF:1
FNH:0
FNDA:0,(anonymous_0)
DA:5,0
DA:13,0
DA:15,0
LF:3
LH:0
BRF:0
BRH:0
end_of_record
TN:
SF:src/branches/mutations/deleteBranch.ts
FN:9,(anonymous_0)
FNF:1
FNH:0
FNDA:0,(anonymous_0)
DA:5,0
DA:11,0
DA:13,0
LF:3
LH:0
BRF:0
BRH:0
end_of_record
TN:
SF:src/branches/mutations/updateBranch.ts
FN:13,(anonymous_0)
FNF:1
FNH:0
FNDA:0,(anonymous_0)
DA:5,0
DA:15,0
DA:17,0
LF:3
LH:0
BRF:0
BRH:0
end_of_record
TN:
SF:src/branches/queries/getBranches.ts
FN:9,(anonymous_0)
FN:19,(anonymous_1)
FN:20,(anonymous_2)
FNF:3
FNH:0
FNDA:0,(anonymous_0)
FNDA:0,(anonymous_1)
FNDA:0,(anonymous_2)
DA:16,0
DA:19,0
DA:20,0
DA:23,0
LF:4
LH:0
BRDA:9,0,0,0
BRDA:9,1,0,0
BRF:2
BRH:0
end_of_record
TN:
SF:src/core/components/Form.tsx
FN:18,Form
FN:31,(anonymous_1)
FNF:2
FNH:0
FNDA:0,Form
FNDA:0,(anonymous_1)
DA:26,0
DA:32,0
LF:2
LH:0
BRDA:36,0,0,0
BRDA:36,0,1,0
BRDA:42,1,0,0
BRDA:42,1,1,0
BRF:4
BRH:0
end_of_record
TN:
SF:src/core/components/LabeledTextField.tsx
FN:15,(anonymous_0)
FNF:1
FNH:0
FNDA:0,(anonymous_0)
DA:14,0
DA:19,0
DA:23,0
DA:25,0
LF:4
LH:0
BRDA:20,0,0,0
BRDA:20,0,1,0
BRDA:23,1,0,0
BRDA:23,1,1,0
BRDA:23,2,0,0
BRDA:23,2,1,0
BRDA:32,3,0,0
BRDA:32,3,1,0
BRDA:32,3,2,0
BRF:9
BRH:0
end_of_record
TN:
SF:src/core/hooks/useCurrentUser.ts
FN:4,(anonymous_0)
FNF:1
FNH:0
FNDA:0,(anonymous_0)
DA:4,0
DA:5,0
DA:6,0
LF:3
LH:0
BRF:0
BRH:0
end_of_record
TN:
SF:src/core/layouts/Layout.tsx
FN:13,(anonymous_0)
FNF:1
FNH:0
FNDA:0,(anonymous_0)
DA:13,0
DA:14,0
LF:2
LH:0
BRDA:17,0,0,0
BRDA:17,0,1,0
BRF:2
BRH:0
end_of_record
TN:
SF:src/core/layouts/WideLayout.tsx
FN:13,(anonymous_0)
FNF:1
FNH:0
FNDA:0,(anonymous_0)
DA:13,0
DA:14,0
LF:2
LH:0
BRDA:17,0,0,0
BRDA:17,0,1,0
BRF:2
BRH:0
end_of_record
TN:
SF:src/coverage/mutations/combineCoverage.ts
FN:5,combineCoverage
FN:43,(anonymous_1)
FN:88,(anonymous_2)
FNF:3
FNH:0
FNDA:0,combineCoverage
FNDA:0,(anonymous_1)
FNDA:0,(anonymous_2)
DA:6,0
DA:32,0
DA:33,0
DA:36,0
DA:42,0
DA:44,0
DA:52,0
DA:53,0
DA:54,0
DA:56,0
DA:57,0
DA:58,0
DA:59,0
DA:70,0
DA:80,0
DA:89,0
DA:92,0
DA:94,0
LF:18
LH:0
BRDA:32,0,0,0
BRDA:32,0,1,0
BRDA:54,1,0,0
BRDA:54,1,1,0
BRDA:58,2,0,0
BRDA:58,2,1,0
BRDA:82,3,0,0
BRDA:82,3,1,0
BRDA:83,4,0,0
BRDA:83,4,1,0
BRF:10
BRH:0
end_of_record
TN:
SF:src/coverage/mutations/createGroup.ts
FN:11,(anonymous_0)
FNF:1
FNH:0
FNDA:0,(anonymous_0)
DA:5,0
DA:13,0
DA:15,0
LF:3
LH:0
BRF:0
BRH:0
end_of_record
TN:
SF:src/coverage/mutations/createProject.ts
FN:12,(anonymous_0)
FNF:1
FNH:0
FNDA:0,(anonymous_0)
DA:5,0
DA:14,0
DA:16,0
LF:3
LH:0
BRF:0
BRH:0
end_of_record
TN:
SF:src/coverage/mutations/updatePrComment.ts
FN:5,updatePrComment
FNF:1
FNH:0
FNDA:0,updatePrComment
DA:6,0
DA:8,0
DA:21,0
DA:22,0
DA:24,0
LF:5
LH:0
BRDA:6,0,0,0
BRDA:6,0,1,0
BRDA:21,1,0,0
BRDA:21,1,1,0
BRF:4
BRH:0
end_of_record
TN:
SF:src/coverage/queries/getBranch.ts
FN:4,getBranch
FNF:1
FNH:0
FNDA:0,getBranch
DA:8,0
DA:9,0
LF:2
LH:0
BRDA:8,0,0,0
BRDA:8,0,1,0
BRDA:8,1,0,0
BRDA:8,1,1,0
BRF:4
BRH:0
end_of_record
TN:
SF:src/coverage/queries/getCommit.ts
FN:4,getCommit
FNF:1
FNH:0
FNDA:0,getCommit
DA:5,0
DA:6,0
LF:2
LH:0
BRDA:5,0,0,0
BRDA:5,0,1,0
BRF:2
BRH:0
end_of_record
TN:
SF:src/coverage/queries/getCommitFileDifferences.ts
FN:4,getCommitFileDifferences
FNF:1
FNH:0
FNDA:0,getCommitFileDifferences
DA:8,0
DA:9,0
DA:11,0
LF:3
LH:0
BRDA:8,0,0,0
BRDA:8,0,1,0
BRDA:8,1,0,0
BRDA:8,1,1,0
BRF:4
BRH:0
end_of_record
TN:
SF:src/coverage/queries/getFile.ts
FN:4,getFile
FNF:1
FNH:0
FNDA:0,getFile
DA:8,0
DA:9,0
LF:2
LH:0
BRDA:8,0,0,0
BRDA:8,0,1,0
BRDA:8,1,0,0
BRDA:8,1,1,0
BRF:4
BRH:0
end_of_record
TN:
SF:src/coverage/queries/getFileData.ts
FN:5,getFileData
FNF:1
FNH:0
FNDA:0,getFileData
DA:9,0
DA:11,0
LF:2
LH:0
BRDA:9,0,0,0
BRDA:9,0,1,0
BRDA:9,1,0,0
BRDA:9,1,1,0
BRDA:9,1,2,0
BRDA:9,1,3,0
BRF:6
BRH:0
end_of_record
TN:
SF:src/coverage/queries/getFiles.ts
FN:4,getFiles
FNF:1
FNH:0
FNDA:0,getFiles
DA:5,0
DA:6,0
LF:2
LH:0
BRF:0
BRH:0
end_of_record
TN:
SF:src/coverage/queries/getGroup.ts
FN:4,getGroup
FNF:1
FNH:0
FNDA:0,getGroup
DA:5,0
DA:6,0
LF:2
LH:0
BRDA:5,0,0,0
BRDA:5,0,1,0
BRF:2
BRH:0
end_of_record
TN:
SF:src/coverage/queries/getGroups.ts
FN:4,getGroups
FNF:1
FNH:0
FNDA:0,getGroups
DA:5,0
LF:1
LH:0
BRDA:4,0,0,0
BRF:1
BRH:0
end_of_record
TN:
SF:src/coverage/queries/getIssuesForCommit.ts
FN:4,getIssuesForCommit
FN:27,(anonymous_1)
FN:31,(anonymous_2)
FNF:3
FNH:0
FNDA:0,getIssuesForCommit
FNDA:0,(anonymous_1)
FNDA:0,(anonymous_2)
DA:8,0
DA:10,0
DA:18,0
DA:24,0
DA:28,0
DA:32,0
DA:41,0
LF:7
LH:0
BRDA:13,0,0,0
BRDA:13,0,1,0
BRF:2
BRH:0
end_of_record
TN:
SF:src/coverage/queries/getLastBuildInfo.ts
FN:4,getLastBuildInfo
FNF:1
FNH:0
FNDA:0,getLastBuildInfo
DA:8,0
DA:10,0
DA:11,0
DA:13,0
DA:17,0
DA:20,0
DA:23,0
DA:24,0
DA:54,0
DA:56,0
DA:88,0
DA:113,0
LF:12
LH:0
BRDA:8,0,0,0
BRDA:8,0,1,0
BRDA:10,1,0,0
BRDA:10,1,1,0
BRF:4
BRH:0
end_of_record
TN:
SF:src/coverage/queries/getLineCoverageData.ts
FN:5,getLineCoverageData
FNF:1
FNH:0
FNDA:0,getLineCoverageData
DA:9,0
DA:10,0
DA:17,0
DA:30,0
LF:4
LH:0
BRDA:9,0,0,0
BRDA:9,0,1,0
BRF:2
BRH:0
end_of_record
TN:
SF:src/coverage/queries/getLogs.ts
FN:4,getLogs
FNF:1
FNH:0
FNDA:0,getLogs
DA:8,0
LF:1
LH:0
BRDA:13,0,0,0
BRDA:13,0,1,0
BRF:2
BRH:0
end_of_record
TN:
SF:src/coverage/queries/getMergeBase.ts
FN:8,getMergeBase
FN:28,(anonymous_1)
FN:32,(anonymous_2)
FNF:3
FNH:0
FNDA:0,getMergeBase
FNDA:0,(anonymous_1)
FNDA:0,(anonymous_2)
DA:6,0
DA:12,0
DA:13,0
DA:17,0
DA:21,0
DA:22,0
DA:29,0
DA:30,0
DA:33,0
DA:34,0
LF:10
LH:0
BRDA:12,0,0,0
BRDA:12,0,1,0
BRDA:12,1,0,0
BRDA:12,1,1,0
BRDA:12,1,2,0
BRDA:12,1,3,0
BRF:6
BRH:0
end_of_record
TN:
SF:src/coverage/queries/getPackageCoverageForCommit.ts
FN:4,getPackageCoverageForCommit
FNF:1
FNH:0
FNDA:0,getPackageCoverageForCommit
DA:8,0
DA:9,0
LF:2
LH:0
BRDA:8,0,0,0
BRDA:8,0,1,0
BRDA:8,1,0,0
BRDA:8,1,1,0
BRF:4
BRH:0
end_of_record
TN:
SF:src/coverage/queries/getPackageCoverageForTest.ts
FN:4,getPackageCoverageForTest
FNF:1
FNH:0
FNDA:0,getPackageCoverageForTest
DA:8,0
DA:9,0
LF:2
LH:0
BRDA:8,0,0,0
BRDA:8,0,1,0
BRDA:8,1,0,0
BRDA:8,1,1,0
BRF:4
BRH:0
end_of_record
TN:
SF:src/coverage/queries/getPackagesForCommit.ts
FN:4,getPackagesForCommit
FNF:1
FNH:0
FNDA:0,getPackagesForCommit
DA:8,0
DA:9,0
DA:10,0
DA:11,0
LF:4
LH:0
BRDA:8,0,0,0
BRDA:8,0,1,0
BRDA:9,1,0,0
BRDA:9,1,1,0
BRDA:12,2,0,0
BRDA:12,2,1,0
BRF:6
BRH:0
end_of_record
TN:
SF:src/coverage/queries/getPackagesForTest.ts
FN:4,getPackagesForTest
FNF:1
FNH:0
FNDA:0,getPackagesForTest
DA:8,0
DA:9,0
DA:10,0
DA:11,0
LF:4
LH:0
BRDA:8,0,0,0
BRDA:8,0,1,0
BRDA:9,1,0,0
BRDA:9,1,1,0
BRDA:12,2,0,0
BRDA:12,2,1,0
BRF:6
BRH:0
end_of_record
TN:
SF:src/coverage/queries/getProject.ts
FN:4,getProject
FNF:1
FNH:0
FNDA:0,getProject
DA:5,0
DA:6,0
LF:2
LH:0
BRDA:5,0,0,0
BRDA:5,0,1,0
BRF:2
BRH:0
end_of_record
TN:
SF:src/coverage/queries/getProjects.ts
FN:4,getProjects
FNF:1
FNH:0
FNDA:0,getProjects
DA:5,0
LF:1
LH:0
BRF:0
BRH:0
end_of_record
TN:
SF:src/coverage/queries/getPullRequest.ts
FN:4,getPullRequest
FNF:1
FNH:0
FNDA:0,getPullRequest
DA:5,0
DA:6,0
DA:13,0
DA:14,0
LF:4
LH:0
BRDA:5,0,0,0
BRDA:5,0,1,0
BRF:2
BRH:0
end_of_record
TN:
SF:src/coverage/queries/getQueues.ts
FN:8,getQueues
FN:33,(anonymous_1)
FNF:2
FNH:0
FNDA:0,getQueues
FNDA:0,(anonymous_1)
DA:9,0
DA:20,0
DA:21,0
DA:22,0
DA:23,0
DA:25,0
DA:26,0
DA:27,0
DA:28,0
DA:30,0
DA:31,0
DA:32,0
DA:33,0
DA:34,0
DA:35,0
DA:36,0
DA:37,0
DA:39,0
DA:43,0
DA:55,0
LF:20
LH:0
BRDA:23,0,0,0
BRDA:23,0,1,0
BRDA:31,1,0,0
BRDA:31,1,1,0
BRDA:34,2,0,0
BRDA:34,2,1,0
BRDA:36,3,0,0
BRDA:36,3,1,0
BRF:8
BRH:0
end_of_record
TN:
SF:src/coverage/queries/getRecentCommits.ts
FN:4,getRecentCommits
FNF:1
FNH:0
FNDA:0,getRecentCommits
DA:8,0
DA:9,0
LF:2
LH:0
BRDA:8,0,0,0
BRDA:8,0,1,0
BRDA:40,1,0,0
BRDA:40,1,1,0
BRF:4
BRH:0
end_of_record
TN:
SF:src/coverage/queries/getRecentPullRequests.ts
FN:4,getRecentCommits
FNF:1
FNH:0
FNDA:0,getRecentCommits
DA:8,0
DA:9,0
LF:2
LH:0
BRDA:8,0,0,0
BRDA:8,0,1,0
BRF:2
BRH:0
end_of_record
TN:
SF:src/coverage/queries/getTest.ts
FN:4,getTest
FNF:1
FNH:0
FNDA:0,getTest
DA:5,0
DA:6,0
LF:2
LH:0
BRDA:5,0,0,0
BRDA:5,0,1,0
BRF:2
BRH:0
end_of_record
TN:
SF:src/coverage/queries/getTestFileDifferences.ts
FN:5,getTestFileDifferences
FNF:1
FNH:0
FNDA:0,getTestFileDifferences
DA:9,0
DA:11,0
DA:36,0
DA:61,0
LF:4
LH:0
BRDA:9,0,0,0
BRDA:9,0,1,0
BRDA:9,1,0,0
BRDA:9,1,1,0
BRF:4
BRH:0
end_of_record
TN:
SF:src/coverage/queries/getTestInstance.ts
FN:4,getTestInstance
FNF:1
FNH:0
FNDA:0,getTestInstance
DA:5,0
DA:6,0
LF:2
LH:0
BRDA:5,0,0,0
BRDA:5,0,1,0
BRF:2
BRH:0
end_of_record
TN:
SF:src/coverage/queries/getTree.ts
FN:11,(anonymous_0)
FN:30,getTree
FN:42,(anonymous_2)
FN:47,(anonymous_3)
FN:48,(anonymous_4)
FNF:5
FNH:0
FNDA:0,(anonymous_0)
FNDA:0,getTree
FNDA:0,(anonymous_2)
FNDA:0,(anonymous_3)
FNDA:0,(anonymous_4)
DA:7,0
DA:11,0
DA:26,0
DA:31,0
DA:33,0
DA:37,0
DA:42,0
DA:43,0
DA:44,0
DA:46,0
DA:47,0
DA:48,0
DA:51,0
DA:52,0
DA:53,0
DA:56,0
DA:57,0
DA:58,0
DA:61,0
DA:70,0
LF:20
LH:0
BRDA:31,0,0,0
BRDA:31,0,1,0
BRDA:51,1,0,0
BRDA:51,1,1,0
BRDA:56,2,0,0
BRDA:56,2,1,0
BRDA:62,3,0,0
BRDA:62,3,1,0
BRF:8
BRH:0
end_of_record
TN:
SF:src/expected-results/mutations/createExpectedResult.ts
FN:13,(anonymous_0)
FNF:1
FNH:0
FNDA:0,(anonymous_0)
DA:5,0
DA:15,0
DA:17,0
LF:3
LH:0
BRF:0
BRH:0
end_of_record
TN:
SF:src/expected-results/mutations/deleteExpectedResult.ts
FN:9,(anonymous_0)
FNF:1
FNH:0
FNDA:0,(anonymous_0)
DA:5,0
DA:11,0
DA:13,0
LF:3
LH:0
BRF:0
BRH:0
end_of_record
TN:
SF:src/expected-results/mutations/updateExpectedResult.ts
FN:10,(anonymous_0)
FNF:1
FNH:0
FNDA:0,(anonymous_0)
DA:5,0
DA:12,0
DA:14,0
LF:3
LH:0
BRF:0
BRH:0
end_of_record
TN:
SF:src/expected-results/queries/getExpectedResult.ts
FN:11,(anonymous_0)
FNF:1
FNH:0
FNDA:0,(anonymous_0)
DA:6,0
DA:13,0
DA:15,0
DA:17,0
LF:4
LH:0
BRDA:15,0,0,0
BRDA:15,0,1,0
BRF:2
BRH:0
end_of_record
TN:
SF:src/expected-results/queries/getExpectedResults.ts
FN:9,(anonymous_0)
FN:19,(anonymous_1)
FN:20,(anonymous_2)
FNF:3
FNH:0
FNDA:0,(anonymous_0)
FNDA:0,(anonymous_1)
FNDA:0,(anonymous_2)
DA:16,0
DA:19,0
DA:20,0
DA:23,0
LF:4
LH:0
BRDA:9,0,0,0
BRDA:9,1,0,0
BRF:2
BRH:0
end_of_record
TN:
SF:src/library/HitsJsonSchema.ts
FNF:0
FNH:0
DA:4,0
DA:6,0
DA:70,0
LF:3
LH:0
BRF:0
BRH:0
end_of_record
TN:
SF:src/library/combineIssueCount.ts
FN:3,(anonymous_0)
FNF:1
FNH:0
FNDA:0,(anonymous_0)
DA:3,0
DA:10,0
LF:2
LH:0
BRDA:11,0,0,0
BRDA:11,0,1,0
BRDA:12,1,0,0
BRDA:12,1,1,0
BRDA:13,2,0,0
BRDA:13,2,1,0
BRDA:14,3,0,0
BRDA:14,3,1,0
BRDA:15,4,0,0
BRDA:15,4,1,0
BRF:10
BRH:0
end_of_record
TN:
SF:src/library/coveredPercentage.ts
FN:3,(anonymous_0)
FNF:1
FNH:0
FNDA:0,(anonymous_0)
DA:3,0
DA:4,0
DA:6,0
DA:10,0
LF:4
LH:0
BRDA:4,0,0,0
BRDA:4,0,1,0
BRDA:10,1,0,0
BRDA:10,1,1,0
BRDA:10,2,0,0
BRDA:10,2,1,0
BRF:6
BRH:0
end_of_record
TN:
SF:src/library/createCoverageFromS3.ts
FN:4,(anonymous_0)
FNF:1
FNH:0
FNDA:0,(anonymous_0)
DA:4,0
DA:5,0
DA:6,0
DA:14,0
DA:15,0
DA:16,0
DA:17,0
DA:19,0
DA:20,0
DA:21,0
DA:24,0
DA:25,0
DA:26,0
DA:29,0
DA:30,0
DA:32,0
LF:16
LH:0
BRDA:8,0,0,0
BRDA:8,0,1,0
BRDA:14,1,0,0
BRDA:14,1,1,0
BRDA:20,2,0,0
BRDA:20,2,1,0
BRF:6
BRH:0
end_of_record
TN:
SF:src/library/executeForEachSubpath.ts
FN:3,(anonymous_0)
FN:9,(anonymous_1)
FNF:2
FNH:0
FNDA:0,(anonymous_0)
FNDA:0,(anonymous_1)
DA:3,0
DA:7,0
DA:8,0
DA:9,0
DA:10,0
DA:11,0
DA:13,0
LF:7
LH:0
BRF:0
BRH:0
end_of_record
TN:
SF:src/library/fixQuery.ts
FN:3,fixQuery
FN:6,(anonymous_1)
FNF:2
FNH:0
FNDA:0,fixQuery
FNDA:0,(anonymous_1)
DA:4,0
DA:6,0
DA:7,0
DA:8,0
DA:11,0
LF:5
LH:0
BRDA:8,0,0,0
BRDA:8,0,1,0
BRF:2
BRH:0
end_of_record
TN:
SF:src/library/format.ts
FN:3,(anonymous_0)
FN:12,(anonymous_1)
FNF:2
FNH:0
FNDA:0,(anonymous_0)
FNDA:0,(anonymous_1)
DA:1,0
DA:4,0
DA:5,0
DA:6,0
DA:10,0
DA:13,0
DA:14,0
LF:7
LH:0
BRDA:3,0,0,0
BRDA:4,1,0,0
BRDA:4,1,1,0
BRDA:4,2,0,0
BRDA:4,2,1,0
BRDA:5,3,0,0
BRDA:5,3,1,0
BRDA:13,4,0,0
BRDA:13,4,1,0
BRF:9
BRH:0
end_of_record
TN:
SF:src/library/generateDifferences.ts
FN:17,fixName
FN:21,(anonymous_1)
FN:29,(anonymous_2)
FN:45,generateDifferences
FN:51,(anonymous_4)
FN:52,(anonymous_5)
FN:58,(anonymous_6)
FN:59,(anonymous_7)
FN:72,(anonymous_8)
FN:84,(anonymous_9)
FN:85,(anonymous_10)
FN:88,(anonymous_11)
FN:89,(anonymous_12)
FN:104,(anonymous_13)
FN:116,(anonymous_14)
FN:117,(anonymous_15)
FN:118,(anonymous_16)
FN:119,(anonymous_17)
FNF:18
FNH:17
FNDA:6,fixName
FNDA:4,(anonymous_1)
FNDA:4,(anonymous_2)
FNDA:5,generateDifferences
FNDA:5,(anonymous_4)
FNDA:5,(anonymous_5)
FNDA:6,(anonymous_6)
FNDA:6,(anonymous_7)
FNDA:1,(anonymous_8)
FNDA:5,(anonymous_9)
FNDA:5,(anonymous_10)
FNDA:6,(anonymous_11)
FNDA:6,(anonymous_12)
FNDA:0,(anonymous_13)
FNDA:4,(anonymous_14)
FNDA:4,(anonymous_15)
FNDA:4,(anonymous_16)
FNDA:4,(anonymous_17)
DA:18,6
DA:21,1
DA:22,4
DA:29,1
DA:30,4
DA:46,5
DA:48,5
DA:50,5
DA:51,5
DA:52,5
DA:54,5
DA:55,0
DA:58,5
DA:59,6
DA:60,6
DA:61,2
DA:62,2
DA:63,2
DA:69,4
DA:70,1
DA:72,1
DA:74,1
DA:75,1
DA:84,5
DA:85,5
DA:88,5
DA:89,6
DA:91,6
DA:92,1
DA:93,1
DA:104,5
DA:105,0
DA:106,0
DA:108,0
DA:109,0
DA:111,0
DA:112,0
DA:115,5
DA:116,4
DA:117,4
DA:118,4
DA:119,4
LF:42
LH:35
BRDA:23,0,0,4
BRDA:23,0,1,1
BRDA:24,1,0,4
BRDA:24,1,1,1
BRDA:25,2,0,4
BRDA:25,2,1,1
BRDA:25,3,0,4
BRDA:25,3,1,1
BRDA:30,4,0,4
BRDA:30,4,1,1
BRDA:30,5,0,4
BRDA:30,5,1,1
BRDA:50,6,0,5
BRDA:50,6,1,0
BRDA:50,7,0,5
BRDA:50,7,1,5
BRDA:54,8,0,0
BRDA:54,8,1,5
BRDA:60,9,0,2
BRDA:60,9,1,4
BRDA:60,10,0,6
BRDA:60,10,1,6
BRDA:60,10,2,5
BRDA:69,11,0,1
BRDA:69,11,1,3
BRDA:91,12,0,1
BRDA:91,12,1,5
BRDA:105,13,0,0
BRDA:105,13,1,0
BRDA:105,14,0,0
BRDA:105,14,1,0
BRDA:108,15,0,0
BRDA:108,15,1,0
BRDA:108,16,0,0
BRDA:108,16,1,0
BRDA:111,17,0,0
BRDA:111,17,1,0
BRDA:111,18,0,0
BRDA:111,18,1,0
BRDA:112,19,0,0
BRDA:112,19,1,0
BRDA:116,20,0,4
BRDA:116,20,1,3
BRDA:116,20,2,2
BRDA:117,21,0,4
BRDA:117,21,1,3
BRDA:117,21,2,2
BRDA:118,22,0,4
BRDA:118,22,1,3
BRDA:119,23,0,4
BRDA:119,23,1,1
BRF:51
BRH:35
end_of_record
TN:
SF:src/library/getDifferences.ts
FN:4,(anonymous_0)
FNF:1
FNH:0
FNDA:0,(anonymous_0)
DA:4,0
DA:5,0
DA:30,0
DA:55,0
DA:57,0
LF:5
LH:0
BRF:0
BRH:0
end_of_record
TN:
SF:src/library/getLineCoverageData.ts
FN:4,(anonymous_0)
FN:36,getLineCoverageData
FN:55,(anonymous_2)
FN:80,(anonymous_3)
FN:81,(anonymous_4)
FN:91,(anonymous_5)
FNF:6
FNH:0
FNDA:0,(anonymous_0)
FNDA:0,getLineCoverageData
FNDA:0,(anonymous_2)
FNDA:0,(anonymous_3)
FNDA:0,(anonymous_4)
FNDA:0,(anonymous_5)
DA:4,0
DA:5,0
DA:6,0
DA:7,0
DA:43,0
DA:44,0
DA:51,0
DA:52,0
DA:54,0
DA:55,0
DA:56,0
DA:57,0
DA:58,0
DA:59,0
DA:60,0
DA:61,0
DA:62,0
DA:69,0
DA:70,0
DA:72,0
DA:80,0
DA:81,0
DA:82,0
DA:83,0
DA:84,0
DA:85,0
DA:87,0
DA:90,0
DA:91,0
DA:92,0
DA:95,0
LF:31
LH:0
BRDA:4,0,0,0
BRDA:4,0,1,0
BRDA:43,1,0,0
BRDA:43,1,1,0
BRDA:58,2,0,0
BRDA:58,2,1,0
BRDA:59,3,0,0
BRDA:59,3,1,0
BRDA:61,4,0,0
BRDA:61,4,1,0
BRDA:61,5,0,0
BRDA:61,5,1,0
BRDA:64,6,0,0
BRDA:64,6,1,0
BRDA:65,7,0,0
BRDA:65,7,1,0
BRDA:66,8,0,0
BRDA:66,8,1,0
BRDA:69,9,0,0
BRDA:69,9,1,0
BRDA:82,10,0,0
BRDA:82,10,1,0
BRDA:84,11,0,0
BRDA:84,11,1,0
BRF:24
BRH:0
end_of_record
TN:
SF:src/library/getPathToPackageFileIds.ts
FN:3,getPathToPackageFileIds
FN:13,(anonymous_1)
FN:14,(anonymous_2)
FN:38,(anonymous_3)
FNF:4
FNH:0
FNDA:0,getPathToPackageFileIds
FNDA:0,(anonymous_1)
FNDA:0,(anonymous_2)
FNDA:0,(anonymous_3)
DA:4,0
DA:5,0
DA:6,0
DA:13,0
DA:14,0
DA:15,0
DA:16,0
DA:17,0
DA:20,0
DA:22,0
DA:35,0
DA:37,0
DA:38,0
DA:39,0
DA:42,0
DA:43,0
DA:47,0
LF:17
LH:0
BRDA:39,0,0,0
BRDA:39,0,1,0
BRDA:42,1,0,0
BRDA:42,1,1,0
BRF:4
BRH:0
end_of_record
TN:
SF:src/library/github.ts
FN:6,getAppOctokit
FN:25,getFileData
FN:42,getPRFiles
FNF:3
FNH:0
FNDA:0,getAppOctokit
FNDA:0,getFileData
FNDA:0,getPRFiles
DA:7,0
DA:8,0
DA:11,0
DA:17,0
DA:22,0
DA:26,0
DA:35,0
DA:36,0
DA:38,0
DA:43,0
DA:52,0
LF:11
LH:0
BRDA:7,0,0,0
BRDA:7,0,1,0
BRDA:13,1,0,0
BRDA:13,1,1,0
BRDA:35,2,0,0
BRDA:35,2,1,0
BRDA:35,3,0,0
BRDA:35,3,1,0
BRF:8
BRH:0
end_of_record
TN:
SF:src/library/insertCoverageData.ts
FN:8,(anonymous_0)
FN:66,(anonymous_1)
FN:114,(anonymous_2)
FNF:3
FNH:0
FNDA:0,(anonymous_0)
FNDA:0,(anonymous_1)
FNDA:0,(anonymous_2)
DA:8,0
DA:12,0
DA:14,0
DA:29,0
DA:31,0
DA:32,0
DA:33,0
DA:48,0
DA:50,0
DA:51,0
DA:54,0
DA:56,0
DA:65,0
DA:66,0
DA:67,0
DA:69,0
DA:70,0
DA:71,0
DA:72,0
DA:73,0
DA:90,0
DA:92,0
DA:93,0
DA:94,0
DA:95,0
DA:96,0
DA:97,0
DA:98,0
DA:99,0
DA:100,0
DA:102,0
DA:103,0
DA:104,0
DA:107,0
DA:109,0
DA:110,0
DA:111,0
DA:112,0
DA:113,0
DA:115,0
DA:120,0
DA:122,0
LF:42
LH:0
BRDA:36,0,0,0
BRDA:36,0,1,0
BRDA:37,1,0,0
BRDA:37,1,1,0
BRDA:38,2,0,0
BRDA:38,2,1,0
BRDA:39,3,0,0
BRDA:39,3,1,0
BRDA:41,4,0,0
BRDA:41,4,1,0
BRDA:42,5,0,0
BRDA:42,5,1,0
BRDA:43,6,0,0
BRDA:43,6,1,0
BRDA:44,7,0,0
BRDA:44,7,1,0
BRDA:76,8,0,0
BRDA:76,8,1,0
BRDA:77,9,0,0
BRDA:77,9,1,0
BRDA:78,10,0,0
BRDA:78,10,1,0
BRDA:79,11,0,0
BRDA:79,11,1,0
BRDA:80,12,0,0
BRDA:80,12,1,0
BRDA:81,13,0,0
BRDA:81,13,1,0
BRDA:82,14,0,0
BRDA:82,14,1,0
BRDA:84,15,0,0
BRDA:84,15,1,0
BRDA:85,16,0,0
BRDA:85,16,1,0
BRDA:98,17,0,0
BRDA:98,17,1,0
BRF:36
BRH:0
end_of_record
TN:
SF:src/library/proto_coverage.ts
FN:21,(anonymous_0)
FN:28,lineInformation_LineTypeFromJSON
FN:46,lineInformation_LineTypeToJSON
FN:64,createBaseCoverage
FN:69,(anonymous_4)
FN:79,(anonymous_5)
FN:100,(anonymous_6)
FN:102,(anonymous_7)
FN:103,(anonymous_8)
FN:107,(anonymous_9)
FN:110,(anonymous_10)
FN:115,(anonymous_11)
FN:122,(anonymous_12)
FN:124,(anonymous_13)
FN:125,(anonymous_14)
FN:130,createBaseLineInformation
FN:135,(anonymous_16)
FN:157,(anonymous_17)
FN:190,(anonymous_18)
FN:203,(anonymous_19)
FN:209,(anonymous_20)
FN:217,(anonymous_21)
FN:225,(anonymous_22)
FN:231,(anonymous_23)
FN:237,createBaseHitsBySource
FN:242,(anonymous_25)
FN:254,(anonymous_26)
FN:282,(anonymous_27)
FN:288,(anonymous_28)
FN:292,(anonymous_29)
FN:296,(anonymous_30)
FN:303,(anonymous_31)
FN:306,(anonymous_32)
FNF:33
FNH:10
FNDA:4,(anonymous_0)
FNDA:0,lineInformation_LineTypeFromJSON
FNDA:0,lineInformation_LineTypeToJSON
FNDA:5,createBaseCoverage
FNDA:6,(anonymous_4)
FNDA:5,(anonymous_5)
FNDA:0,(anonymous_6)
FNDA:0,(anonymous_7)
FNDA:0,(anonymous_8)
FNDA:0,(anonymous_9)
FNDA:0,(anonymous_10)
FNDA:0,(anonymous_11)
FNDA:0,(anonymous_12)
FNDA:0,(anonymous_13)
FNDA:0,(anonymous_14)
FNDA:41,createBaseLineInformation
FNDA:78,(anonymous_16)
FNDA:41,(anonymous_17)
FNDA:0,(anonymous_18)
FNDA:0,(anonymous_19)
FNDA:0,(anonymous_20)
FNDA:0,(anonymous_21)
FNDA:0,(anonymous_22)
FNDA:0,(anonymous_23)
FNDA:39,createBaseHitsBySource
FNDA:76,(anonymous_25)
FNDA:39,(anonymous_26)
FNDA:0,(anonymous_27)
FNDA:0,(anonymous_28)
FNDA:0,(anonymous_29)
FNDA:0,(anonymous_30)
FNDA:0,(anonymous_31)
FNDA:0,(anonymous_32)
DA:5,4
DA:21,4
DA:22,4
DA:23,4
DA:24,4
DA:25,4
DA:29,0
DA:32,0
DA:35,0
DA:38,0
DA:42,0
DA:47,0
DA:49,0
DA:51,0
DA:53,0
DA:55,0
DA:65,5
DA:68,4
DA:70,6
DA:71,4
DA:73,6
DA:74,78
DA:76,6
DA:80,5
DA:81,5
DA:82,5
DA:83,5
DA:84,44
DA:85,44
DA:87,3
DA:88,3
DA:90,41
DA:91,41
DA:93,0
DA:94,0
DA:97,5
DA:101,0
DA:102,0
DA:103,0
DA:104,0
DA:108,0
DA:109,0
DA:110,0
DA:112,0
DA:114,0
DA:115,0
DA:117,0
DA:119,0
DA:123,0
DA:124,0
DA:125,0
DA:126,0
DA:131,41
DA:134,4
DA:136,78
DA:137,24
DA:139,78
DA:140,10
DA:142,78
DA:143,2
DA:145,78
DA:146,0
DA:148,78
DA:149,76
DA:151,78
DA:152,78
DA:154,78
DA:158,41
DA:159,41
DA:160,41
DA:161,41
DA:162,100
DA:163,100
DA:165,12
DA:166,12
DA:168,7
DA:169,7
DA:171,1
DA:172,1
DA:174,0
DA:175,0
DA:177,39
DA:178,39
DA:180,41
DA:181,41
DA:183,0
DA:184,0
DA:187,41
DA:191,0
DA:192,0
DA:196,0
DA:197,0
DA:199,0
DA:203,0
DA:204,0
DA:206,0
DA:210,0
DA:211,0
DA:212,0
DA:213,0
DA:214,0
DA:216,0
DA:217,0
DA:219,0
DA:221,0
DA:222,0
DA:226,0
DA:227,0
DA:228,0
DA:229,0
DA:230,0
DA:231,0
DA:232,0
DA:233,0
DA:238,39
DA:241,4
DA:243,76
DA:244,0
DA:246,76
DA:247,76
DA:248,78
DA:250,76
DA:251,76
DA:255,39
DA:256,39
DA:257,39
DA:258,39
DA:259,39
DA:260,39
DA:262,0
DA:263,0
DA:265,39
DA:266,39
DA:267,39
DA:268,40
DA:271,0
DA:273,39
DA:275,0
DA:276,0
DA:279,39
DA:283,0
DA:284,0
DA:288,0
DA:289,0
DA:293,0
DA:294,0
DA:295,0
DA:296,0
DA:298,0
DA:300,0
DA:304,0
DA:305,0
DA:306,0
DA:307,0
DA:328,4
DA:329,4
DA:330,4
LF:157
LH:78
BRDA:21,0,0,4
BRDA:21,0,1,4
BRDA:29,1,0,0
BRDA:29,1,1,0
BRDA:29,1,2,0
BRDA:29,1,3,0
BRDA:29,1,4,0
BRDA:29,1,5,0
BRDA:29,1,6,0
BRDA:29,1,7,0
BRDA:29,1,8,0
BRDA:47,2,0,0
BRDA:47,2,1,0
BRDA:47,2,2,0
BRDA:47,2,3,0
BRDA:69,3,0,6
BRDA:80,4,0,0
BRDA:80,4,1,5
BRDA:81,5,0,5
BRDA:81,5,1,0
BRDA:85,6,0,3
BRDA:85,6,1,41
BRDA:85,6,2,0
BRDA:102,7,0,0
BRDA:102,7,1,0
BRDA:103,8,0,0
BRDA:103,8,1,0
BRDA:109,9,0,0
BRDA:109,9,1,0
BRDA:114,10,0,0
BRDA:114,10,1,0
BRDA:115,11,0,0
BRDA:115,11,1,0
BRDA:124,12,0,0
BRDA:124,12,1,0
BRDA:125,13,0,0
BRDA:125,13,1,0
BRDA:135,14,0,0
BRDA:136,15,0,24
BRDA:136,15,1,54
BRDA:139,16,0,10
BRDA:139,16,1,68
BRDA:142,17,0,2
BRDA:142,17,1,76
BRDA:145,18,0,0
BRDA:145,18,1,78
BRDA:151,19,0,78
BRDA:151,19,1,0
BRDA:158,20,0,41
BRDA:158,20,1,0
BRDA:159,21,0,0
BRDA:159,21,1,41
BRDA:163,22,0,12
BRDA:163,22,1,7
BRDA:163,22,2,1
BRDA:163,22,3,0
BRDA:163,22,4,39
BRDA:163,22,5,41
BRDA:163,22,6,0
BRDA:193,23,0,0
BRDA:193,23,1,0
BRDA:193,24,0,0
BRDA:193,24,1,0
BRDA:196,25,0,0
BRDA:196,25,1,0
BRDA:196,26,0,0
BRDA:196,26,1,0
BRDA:198,27,0,0
BRDA:198,27,1,0
BRDA:198,28,0,0
BRDA:198,28,1,0
BRDA:200,29,0,0
BRDA:200,29,1,0
BRDA:200,30,0,0
BRDA:200,30,1,0
BRDA:203,31,0,0
BRDA:203,31,1,0
BRDA:205,32,0,0
BRDA:205,32,1,0
BRDA:205,33,0,0
BRDA:205,33,1,0
BRDA:211,34,0,0
BRDA:211,34,1,0
BRDA:212,35,0,0
BRDA:212,35,1,0
BRDA:213,36,0,0
BRDA:213,36,1,0
BRDA:214,37,0,0
BRDA:214,37,1,0
BRDA:216,38,0,0
BRDA:216,38,1,0
BRDA:217,39,0,0
BRDA:217,39,1,0
BRDA:221,40,0,0
BRDA:221,40,1,0
BRDA:227,41,0,0
BRDA:227,41,1,0
BRDA:228,42,0,0
BRDA:228,42,1,0
BRDA:229,43,0,0
BRDA:229,43,1,0
BRDA:230,44,0,0
BRDA:230,44,1,0
BRDA:231,45,0,0
BRDA:231,45,1,0
BRDA:232,46,0,0
BRDA:232,46,1,0
BRDA:242,47,0,0
BRDA:243,48,0,0
BRDA:243,48,1,76
BRDA:255,49,0,39
BRDA:255,49,1,0
BRDA:256,50,0,0
BRDA:256,50,1,39
BRDA:260,51,0,0
BRDA:260,51,1,39
BRDA:260,51,2,0
BRDA:265,52,0,39
BRDA:265,52,1,0
BRDA:285,53,0,0
BRDA:285,53,1,0
BRDA:285,54,0,0
BRDA:285,54,1,0
BRDA:288,55,0,0
BRDA:288,55,1,0
BRDA:294,56,0,0
BRDA:294,56,1,0
BRDA:295,57,0,0
BRDA:295,57,1,0
BRDA:305,58,0,0
BRDA:305,58,1,0
BRDA:306,59,0,0
BRDA:306,59,1,0
BRDA:328,60,0,4
BRDA:328,60,1,0
BRF:135
BRH:28
end_of_record
TN:
SF:src/library/satisfiesExpectedResults.ts
FN:3,(anonymous_0)
FN:12,(anonymous_1)
FN:16,(anonymous_2)
FN:16,(anonymous_3)
FN:31,(anonymous_4)
FN:33,(anonymous_5)
FN:36,(anonymous_6)
FNF:7
FNH:0
FNDA:0,(anonymous_0)
FNDA:0,(anonymous_1)
FNDA:0,(anonymous_2)
FNDA:0,(anonymous_3)
FNDA:0,(anonymous_4)
FNDA:0,(anonymous_5)
FNDA:0,(anonymous_6)
DA:3,0
DA:8,0
DA:9,0
DA:10,0
DA:11,0
DA:12,0
DA:13,0
DA:14,0
DA:16,0
DA:17,0
DA:18,0
DA:22,0
DA:23,0
DA:24,0
DA:31,0
DA:32,0
DA:33,0
DA:34,0
DA:36,0
DA:38,0
DA:39,0
DA:41,0
DA:44,0
LF:23
LH:0
BRDA:17,0,0,0
BRDA:17,0,1,0
BRDA:22,1,0,0
BRDA:22,1,1,0
BRDA:38,2,0,0
BRDA:38,2,1,0
BRF:6
BRH:0
end_of_record
TN:
SF:src/library/satisfiesIncreaseConditions.ts
FN:3,(anonymous_0)
FN:14,(anonymous_1)
FN:15,(anonymous_2)
FN:17,(anonymous_3)
FN:18,(anonymous_4)
FNF:5
FNH:0
FNDA:0,(anonymous_0)
FNDA:0,(anonymous_1)
FNDA:0,(anonymous_2)
FNDA:0,(anonymous_3)
FNDA:0,(anonymous_4)
DA:3,0
DA:12,0
DA:13,0
DA:14,0
DA:16,0
DA:17,0
DA:18,0
DA:20,0
DA:21,0
DA:26,0
LF:10
LH:0
BRDA:14,0,0,0
BRDA:14,0,1,0
BRDA:16,1,0,0
BRDA:16,1,1,0
BRDA:20,2,0,0
BRDA:20,2,1,0
BRDA:20,3,0,0
BRDA:20,3,1,0
BRDA:20,4,0,0
BRDA:20,4,1,0
BRF:10
BRH:0
end_of_record
TN:
SF:src/library/setting.ts
FN:3,(anonymous_0)
FN:12,(anonymous_1)
FNF:2
FNH:0
FNDA:0,(anonymous_0)
FNDA:0,(anonymous_1)
DA:3,0
DA:4,0
DA:9,0
DA:12,0
DA:13,0
LF:5
LH:0
BRF:0
BRH:0
end_of_record
TN:
SF:src/library/slugify.ts
FN:1,slugify
FNF:1
FNH:1
FNDA:1,slugify
DA:2,1
LF:1
LH:1
BRF:0
BRH:0
end_of_record
TN:
SF:src/library/updatePR.ts
FN:9,updatePR
FN:18,(anonymous_1)
FN:131,(anonymous_2)
FN:161,(anonymous_3)
FN:201,(anonymous_4)
FN:203,(anonymous_5)
FN:224,(anonymous_6)
FN:227,(anonymous_7)
FNF:8
FNH:0
FNDA:0,updatePR
FNDA:0,(anonymous_1)
FNDA:0,(anonymous_2)
FNDA:0,(anonymous_3)
FNDA:0,(anonymous_4)
FNDA:0,(anonymous_5)
FNDA:0,(anonymous_6)
FNDA:0,(anonymous_7)
DA:10,0
DA:12,0
DA:18,0
DA:19,0
DA:22,0
DA:23,0
DA:24,0
DA:31,0
DA:32,0
DA:48,0
DA:49,0
DA:52,0
DA:53,0
DA:54,0
DA:56,0
DA:57,0
DA:73,0
DA:74,0
DA:76,0
DA:78,0
DA:80,0
DA:97,0
DA:98,0
DA:100,0
DA:101,0
DA:104,0
DA:107,0
DA:119,0
DA:121,0
DA:128,0
DA:129,0
DA:131,0
DA:132,0
DA:140,0
DA:162,0
DA:178,0
DA:180,0
DA:186,0
DA:188,0
DA:198,0
DA:200,0
DA:201,0
DA:202,0
DA:203,0
DA:206,0
DA:208,0
DA:224,0
DA:227,0
DA:246,0
LF:49
LH:0
BRDA:19,0,0,0
BRDA:19,0,1,0
BRDA:22,1,0,0
BRDA:22,1,1,0
BRDA:48,2,0,0
BRDA:48,2,1,0
BRDA:48,3,0,0
BRDA:48,3,1,0
BRDA:48,3,2,0
BRDA:56,4,0,0
BRDA:56,4,1,0
BRDA:73,5,0,0
BRDA:73,5,1,0
BRDA:78,6,0,0
BRDA:78,6,1,0
BRDA:97,7,0,0
BRDA:97,7,1,0
BRDA:131,8,0,0
BRDA:131,8,1,0
BRDA:146,9,0,0
BRDA:146,9,1,0
BRDA:170,10,0,0
BRDA:170,10,1,0
BRDA:189,11,0,0
BRDA:189,11,1,0
BRDA:215,12,0,0
BRDA:215,12,1,0
BRDA:215,13,0,0
BRDA:215,13,1,0
BRDA:229,14,0,0
BRDA:229,14,1,0
BRDA:230,15,0,0
BRDA:230,15,1,0
BRF:33
BRH:0
end_of_record
TN:
SF:src/library/components/Actions.tsx
FN:3,(anonymous_0)
FNF:1
FNH:0
FNDA:0,(anonymous_0)
DA:3,0
DA:4,0
LF:2
LH:0
BRF:0
BRH:0
end_of_record
TN:
SF:src/library/components/Breadcrumbs.tsx
FN:17,(anonymous_0)
FNF:1
FNH:0
FNDA:0,(anonymous_0)
DA:17,0
DA:18,0
LF:2
LH:0
BRDA:20,0,0,0
BRDA:20,0,1,0
BRDA:28,1,0,0
BRDA:28,1,1,0
BRDA:28,2,0,0
BRDA:28,2,1,0
BRDA:39,3,0,0
BRDA:39,3,1,0
BRDA:39,4,0,0
BRDA:39,4,1,0
BRDA:39,4,2,0
BRDA:54,5,0,0
BRDA:54,5,1,0
BRDA:54,6,0,0
BRDA:54,6,1,0
BRDA:54,6,2,0
BRDA:68,7,0,0
BRDA:68,7,1,0
BRDA:68,8,0,0
BRDA:68,8,1,0
BRDA:68,8,2,0
BRDA:68,8,3,0
BRDA:83,9,0,0
BRDA:83,9,1,0
BRDA:83,10,0,0
BRDA:83,10,1,0
BRDA:83,10,2,0
BRDA:83,10,3,0
BRDA:83,10,4,0
BRDA:100,11,0,0
BRDA:100,11,1,0
BRDA:100,12,0,0
BRDA:100,12,1,0
BRDA:100,12,2,0
BRF:34
BRH:0
end_of_record
TN:
SF:src/library/components/BuildStatus.tsx
FN:6,(anonymous_0)
FN:28,(anonymous_1)
FN:31,(anonymous_2)
FN:32,(anonymous_3)
FN:42,(anonymous_4)
FNF:5
FNH:0
FNDA:0,(anonymous_0)
FNDA:0,(anonymous_1)
FNDA:0,(anonymous_2)
FNDA:0,(anonymous_3)
FNDA:0,(anonymous_4)
DA:6,0
DA:18,0
DA:24,0
DA:25,0
DA:26,0
DA:28,0
DA:29,0
DA:30,0
DA:31,0
DA:33,0
DA:35,0
DA:38,0
DA:42,0
LF:13
LH:0
BRDA:20,0,0,0
BRDA:20,0,1,0
BRDA:38,1,0,0
BRDA:38,1,1,0
BRDA:59,2,0,0
BRDA:59,2,1,0
BRDA:59,3,0,0
BRDA:59,3,1,0
BRDA:59,3,2,0
BRDA:70,4,0,0
BRDA:70,4,1,0
BRF:11
BRH:0
end_of_record
TN:
SF:src/library/components/CommitInfo.tsx
FN:5,(anonymous_0)
FNF:1
FNH:0
FNDA:0,(anonymous_0)
DA:5,0
DA:9,0
LF:2
LH:0
BRDA:19,0,0,0
BRDA:19,0,1,0
BRF:2
BRH:0
end_of_record
TN:
SF:src/library/components/CoverageDifferences.tsx
FN:8,(anonymous_0)
FN:44,(anonymous_1)
FN:59,(anonymous_2)
FN:79,(anonymous_3)
FN:103,(anonymous_4)
FN:124,(anonymous_5)
FN:143,(anonymous_6)
FN:160,(anonymous_7)
FNF:8
FNH:0
FNDA:0,(anonymous_0)
FNDA:0,(anonymous_1)
FNDA:0,(anonymous_2)
FNDA:0,(anonymous_3)
FNDA:0,(anonymous_4)
FNDA:0,(anonymous_5)
FNDA:0,(anonymous_6)
FNDA:0,(anonymous_7)
DA:8,0
DA:9,0
DA:11,0
DA:44,0
DA:45,0
DA:59,0
DA:60,0
DA:79,0
DA:83,0
DA:85,0
DA:104,0
DA:125,0
DA:144,0
DA:161,0
LF:14
LH:0
BRDA:14,0,0,0
BRDA:14,0,1,0
BRDA:23,1,0,0
BRDA:23,1,1,0
BRDA:33,2,0,0
BRDA:33,2,1,0
BRDA:35,3,0,0
BRDA:35,3,1,0
BRDA:88,4,0,0
BRDA:88,4,1,0
BRDA:88,5,0,0
BRDA:88,5,1,0
BRDA:109,6,0,0
BRDA:109,6,1,0
BRDA:109,7,0,0
BRDA:109,7,1,0
BRF:16
BRH:0
end_of_record
TN:
SF:src/library/components/CoverageDifferencesSummary.tsx
FN:5,(anonymous_0)
FNF:1
FNH:0
FNDA:0,(anonymous_0)
DA:5,0
DA:6,0
DA:8,0
LF:3
LH:0
BRF:0
BRH:0
end_of_record
TN:
SF:src/library/components/CoverageSummary.tsx
FN:23,(anonymous_0)
FNF:1
FNH:0
FNDA:0,(anonymous_0)
DA:21,0
DA:23,0
DA:28,0
LF:3
LH:0
BRDA:28,0,0,0
BRDA:28,0,1,0
BRDA:49,1,0,0
BRDA:49,1,1,0
BRDA:62,2,0,0
BRDA:62,2,1,0
BRDA:75,3,0,0
BRDA:75,3,1,0
BRDA:97,4,0,0
BRDA:97,4,1,0
BRDA:110,5,0,0
BRDA:110,5,1,0
BRDA:123,6,0,0
BRDA:123,6,1,0
BRF:14
BRH:0
end_of_record
TN:
SF:src/library/components/DiffHelper.tsx
FN:4,(anonymous_0)
FNF:1
FNH:0
FNDA:0,(anonymous_0)
DA:4,0
DA:10,0
DA:11,0
DA:12,0
LF:4
LH:0
BRDA:10,0,0,0
BRDA:10,0,1,0
BRDA:10,1,0,0
BRDA:10,1,1,0
BRDA:11,2,0,0
BRDA:11,2,1,0
BRDA:15,3,0,0
BRDA:15,3,1,0
BRDA:18,4,0,0
BRDA:18,4,1,0
BRDA:19,5,0,0
BRDA:19,5,1,0
BRDA:20,6,0,0
BRDA:20,6,1,0
BRF:14
BRH:0
end_of_record
TN:
SF:src/library/components/DirectoryDisplay.tsx
FN:17,(anonymous_0)
FN:65,(anonymous_1)
FN:85,(anonymous_2)
FNF:3
FNH:0
FNDA:0,(anonymous_0)
FNDA:0,(anonymous_1)
FNDA:0,(anonymous_2)
DA:17,0
DA:22,0
DA:23,0
DA:24,0
DA:26,0
DA:28,0
DA:32,0
DA:36,0
DA:38,0
DA:40,0
DA:42,0
DA:66,0
DA:67,0
DA:85,0
LF:14
LH:0
BRDA:29,0,0,0
BRDA:29,0,1,0
BRDA:33,1,0,0
BRDA:33,1,1,0
BRDA:40,2,0,0
BRDA:40,2,1,0
BRDA:42,3,0,0
BRDA:42,3,1,0
BRDA:42,4,0,0
BRDA:42,4,1,0
BRDA:42,4,2,0
BRDA:45,5,0,0
BRDA:45,5,1,0
BRDA:66,6,0,0
BRDA:66,6,1,0
BRDA:72,7,0,0
BRDA:72,7,1,0
BRF:17
BRH:0
end_of_record
TN:
SF:src/library/components/FileCoverageDisplay.tsx
FN:27,(anonymous_0)
FN:35,(anonymous_1)
FN:78,(anonymous_2)
FN:93,(anonymous_3)
FN:119,(anonymous_4)
FN:128,(anonymous_5)
FN:133,(anonymous_6)
FN:148,(anonymous_7)
FN:168,(anonymous_8)
FN:184,(anonymous_9)
FN:193,(anonymous_10)
FNF:11
FNH:0
FNDA:0,(anonymous_0)
FNDA:0,(anonymous_1)
FNDA:0,(anonymous_2)
FNDA:0,(anonymous_3)
FNDA:0,(anonymous_4)
FNDA:0,(anonymous_5)
FNDA:0,(anonymous_6)
FNDA:0,(anonymous_7)
FNDA:0,(anonymous_8)
FNDA:0,(anonymous_9)
FNDA:0,(anonymous_10)
DA:19,0
DA:27,0
DA:28,0
DA:29,0
DA:31,0
DA:35,0
DA:49,0
DA:52,0
DA:56,0
DA:57,0
DA:59,0
DA:60,0
DA:62,0
DA:79,0
DA:80,0
DA:81,0
DA:82,0
DA:83,0
DA:93,0
DA:97,0
DA:110,0
DA:120,0
DA:121,0
DA:122,0
DA:123,0
DA:124,0
DA:125,0
DA:126,0
DA:127,0
DA:129,0
DA:132,0
DA:133,0
DA:134,0
DA:136,0
DA:138,0
DA:149,0
DA:169,0
DA:170,0
DA:171,0
DA:177,0
DA:178,0
DA:184,0
DA:190,0
DA:193,0
DA:203,0
DA:217,0
DA:230,0
LF:47
LH:0
BRDA:28,0,0,0
BRDA:28,0,1,0
BRDA:56,1,0,0
BRDA:56,1,1,0
BRDA:57,2,0,0
BRDA:57,2,1,0
BRDA:64,3,0,0
BRDA:64,3,1,0
BRDA:82,4,0,0
BRDA:82,4,1,0
BRDA:113,5,0,0
BRDA:113,5,1,0
BRDA:125,6,0,0
BRDA:125,6,1,0
BRDA:126,7,0,0
BRDA:126,7,1,0
BRDA:127,8,0,0
BRDA:127,8,1,0
BRDA:129,9,0,0
BRDA:129,9,1,0
BRDA:133,10,0,0
BRDA:133,10,1,0
BRDA:133,11,0,0
BRDA:133,11,1,0
BRDA:147,12,0,0
BRDA:147,12,1,0
BRDA:158,13,0,0
BRDA:158,13,1,0
BRDA:163,14,0,0
BRDA:163,14,1,0
BRDA:170,15,0,0
BRDA:170,15,1,0
BRDA:170,16,0,0
BRDA:170,16,1,0
BRDA:177,17,0,0
BRDA:177,17,1,0
BRDA:177,18,0,0
BRDA:177,18,1,0
BRDA:212,19,0,0
BRDA:212,19,1,0
BRDA:226,20,0,0
BRDA:226,20,1,0
BRDA:233,21,0,0
BRDA:233,21,1,0
BRF:44
BRH:0
end_of_record
TN:
SF:src/library/components/FileDisplay.tsx
FN:17,(anonymous_0)
FN:52,(anonymous_1)
FN:59,(anonymous_2)
FNF:3
FNH:0
FNDA:0,(anonymous_0)
FNDA:0,(anonymous_1)
FNDA:0,(anonymous_2)
DA:17,0
DA:22,0
DA:23,0
DA:24,0
DA:25,0
DA:27,0
DA:28,0
DA:30,0
DA:31,0
DA:32,0
DA:33,0
DA:35,0
DA:37,0
DA:44,0
DA:46,0
DA:52,0
DA:60,0
DA:61,0
LF:18
LH:0
BRDA:41,0,0,0
BRDA:41,0,1,0
BRDA:46,1,0,0
BRDA:46,1,1,0
BRDA:46,2,0,0
BRDA:46,2,1,0
BRDA:46,2,2,0
BRDA:60,3,0,0
BRDA:60,3,1,0
BRDA:60,4,0,0
BRDA:60,4,1,0
BRDA:78,5,0,0
BRDA:78,5,1,0
BRF:13
BRH:0
end_of_record
TN:
SF:src/library/components/Heading.tsx
FN:3,(anonymous_0)
FNF:1
FNH:0
FNDA:0,(anonymous_0)
DA:3,0
DA:4,0
LF:2
LH:0
BRF:0
BRH:0
end_of_record
TN:
SF:src/library/components/IssueSummary.tsx
FN:7,(anonymous_0)
FNF:1
FNH:0
FNDA:0,(anonymous_0)
DA:7,0
DA:8,0
DA:10,0
LF:3
LH:0
BRF:0
BRH:0
end_of_record
TN:
SF:src/library/components/Link.tsx
FN:7,(anonymous_0)
FN:16,(anonymous_1)
FNF:2
FNH:0
FNDA:0,(anonymous_0)
FNDA:0,(anonymous_1)
DA:7,0
DA:10,0
DA:11,0
DA:12,0
DA:13,0
DA:17,0
LF:6
LH:0
BRDA:11,0,0,0
BRDA:11,0,1,0
BRF:2
BRH:0
end_of_record
TN:
SF:src/library/components/Minbar.tsx
FN:4,(anonymous_0)
FN:24,(anonymous_1)
FNF:2
FNH:0
FNDA:0,(anonymous_0)
FNDA:0,(anonymous_1)
DA:4,0
DA:5,0
DA:6,0
DA:7,0
DA:11,0
DA:12,0
DA:16,0
DA:17,0
DA:21,0
DA:25,0
LF:10
LH:0
BRDA:31,0,0,0
BRDA:31,0,1,0
BRDA:32,1,0,0
BRDA:32,1,1,0
BRF:4
BRH:0
end_of_record
TN:
SF:src/library/components/NodeComponent.tsx
FN:6,(anonymous_0)
FNF:1
FNH:0
FNDA:0,(anonymous_0)
DA:6,0
DA:14,0
DA:17,0
DA:21,0
DA:22,0
LF:5
LH:0
BRDA:17,0,0,0
BRDA:17,0,1,0
BRDA:17,0,2,0
BRDA:17,0,3,0
BRDA:21,1,0,0
BRDA:21,1,1,0
BRDA:22,2,0,0
BRDA:22,2,1,0
BRDA:22,3,0,0
BRDA:22,3,1,0
BRDA:57,4,0,0
BRDA:57,4,1,0
BRDA:81,5,0,0
BRDA:81,5,1,0
BRF:14
BRH:0
end_of_record
TN:
SF:src/library/components/PackageFileTable.tsx
FN:10,(anonymous_0)
FN:47,(anonymous_1)
FN:70,(anonymous_2)
FNF:3
FNH:0
FNDA:0,(anonymous_0)
FNDA:0,(anonymous_1)
FNDA:0,(anonymous_2)
DA:10,0
DA:26,0
DA:48,0
DA:71,0
LF:4
LH:0
BRDA:26,0,0,0
BRDA:26,0,1,0
BRF:2
BRH:0
end_of_record
TN:
SF:src/library/components/RecentCommitTable.tsx
FN:32,(anonymous_0)
FN:46,(anonymous_1)
FN:62,(anonymous_2)
FNF:3
FNH:0
FNDA:0,(anonymous_0)
FNDA:0,(anonymous_1)
FNDA:0,(anonymous_2)
DA:32,0
DA:33,0
DA:47,0
DA:63,0
LF:4
LH:0
BRF:0
BRH:0
end_of_record
TN:
SF:src/library/components/SpecificTestLinks.tsx
FN:15,(anonymous_0)
FN:30,(anonymous_1)
FNF:2
FNH:0
FNDA:0,(anonymous_0)
FNDA:0,(anonymous_1)
DA:15,0
DA:16,0
DA:18,0
DA:31,0
LF:4
LH:0
BRDA:24,0,0,0
BRDA:24,0,1,0
BRDA:28,1,0,0
BRDA:28,1,1,0
BRDA:42,2,0,0
BRDA:42,2,1,0
BRF:6
BRH:0
end_of_record
TN:
SF:src/library/components/Subheading.tsx
FN:3,(anonymous_0)
FNF:1
FNH:0
FNDA:0,(anonymous_0)
DA:3,0
DA:4,0
LF:2
LH:0
BRF:0
BRH:0
end_of_record
TN:
SF:src/library/components/Subsubheading.tsx
FN:3,(anonymous_0)
FNF:1
FNH:0
FNDA:0,(anonymous_0)
DA:3,0
DA:4,0
LF:2
LH:0
BRF:0
BRH:0
end_of_record
TN:
SF:src/library/components/TestResultStatus.tsx
FN:3,(anonymous_0)
FNF:1
FNH:0
FNDA:0,(anonymous_0)
DA:3,0
DA:4,0
LF:2
LH:0
BRDA:6,0,0,0
BRDA:6,0,1,0
BRDA:12,1,0,0
BRDA:12,1,1,0
BRDA:18,2,0,0
BRDA:18,2,1,0
BRF:6
BRH:0
end_of_record
TN:
SF:src/library/components/TestResults.tsx
FN:11,(anonymous_0)
FN:56,(anonymous_1)
FN:57,(anonymous_2)
FN:59,(anonymous_3)
FN:75,(anonymous_4)
FN:76,(anonymous_5)
FN:93,(anonymous_6)
FN:94,(anonymous_7)
FN:96,(anonymous_8)
FN:100,(anonymous_9)
FN:141,(anonymous_10)
FN:142,(anonymous_11)
FN:143,(anonymous_12)
FN:180,(anonymous_13)
FNF:14
FNH:0
FNDA:0,(anonymous_0)
FNDA:0,(anonymous_1)
FNDA:0,(anonymous_2)
FNDA:0,(anonymous_3)
FNDA:0,(anonymous_4)
FNDA:0,(anonymous_5)
FNDA:0,(anonymous_6)
FNDA:0,(anonymous_7)
FNDA:0,(anonymous_8)
FNDA:0,(anonymous_9)
FNDA:0,(anonymous_10)
FNDA:0,(anonymous_11)
FNDA:0,(anonymous_12)
FNDA:0,(anonymous_13)
DA:11,0
DA:42,0
DA:57,0
DA:60,0
DA:75,0
DA:77,0
DA:94,0
DA:95,0
DA:96,0
DA:97,0
DA:99,0
DA:100,0
DA:102,0
DA:141,0
DA:143,0
DA:144,0
DA:181,0
DA:182,0
DA:184,0
LF:19
LH:0
BRDA:106,0,0,0
BRDA:106,0,1,0
BRDA:127,1,0,0
BRDA:127,1,1,0
BRDA:149,2,0,0
BRDA:149,2,1,0
BRDA:150,3,0,0
BRDA:150,3,1,0
BRDA:156,4,0,0
BRDA:156,4,1,0
BRDA:157,5,0,0
BRDA:157,5,1,0
BRDA:163,6,0,0
BRDA:163,6,1,0
BRDA:168,7,0,0
BRDA:168,7,1,0
BRDA:181,8,0,0
BRDA:181,8,1,0
BRDA:181,9,0,0
BRDA:181,9,1,0
BRDA:190,10,0,0
BRDA:190,10,1,0
BRF:22
BRH:0
end_of_record
TN:
SF:src/library/components/TreeMap.tsx
FN:17,getChildSize
FN:20,(anonymous_1)
FN:29,mapData
FN:33,(anonymous_3)
FN:44,(anonymous_4)
FN:51,(anonymous_5)
FN:52,(anonymous_6)
FN:68,(anonymous_7)
FN:75,(anonymous_8)
FN:84,(anonymous_9)
FN:107,(anonymous_10)
FN:112,(anonymous_11)
FN:121,(anonymous_12)
FN:131,(anonymous_13)
FNF:14
FNH:0
FNDA:0,getChildSize
FNDA:0,(anonymous_1)
FNDA:0,mapData
FNDA:0,(anonymous_3)
FNDA:0,(anonymous_4)
FNDA:0,(anonymous_5)
FNDA:0,(anonymous_6)
FNDA:0,(anonymous_7)
FNDA:0,(anonymous_8)
FNDA:0,(anonymous_9)
FNDA:0,(anonymous_10)
FNDA:0,(anonymous_11)
FNDA:0,(anonymous_12)
FNDA:0,(anonymous_13)
DA:18,0
DA:19,0
DA:20,0
DA:21,0
DA:23,0
DA:25,0
DA:30,0
DA:31,0
DA:33,0
DA:36,0
DA:44,0
DA:45,0
DA:46,0
DA:47,0
DA:48,0
DA:49,0
DA:50,0
DA:51,0
DA:52,0
DA:55,0
DA:57,0
DA:59,0
DA:69,0
DA:76,0
DA:85,0
DA:108,0
DA:113,0
DA:122,0
DA:132,0
LF:29
LH:0
BRDA:18,0,0,0
BRDA:18,0,1,0
BRDA:25,1,0,0
BRDA:25,1,1,0
BRDA:29,2,0,0
BRDA:30,3,0,0
BRDA:30,3,1,0
BRDA:50,4,0,0
BRDA:50,4,1,0
BRDA:59,5,0,0
BRDA:59,5,1,0
BRDA:63,6,0,0
BRDA:63,6,1,0
BRDA:76,7,0,0
BRDA:76,7,1,0
BRDA:97,8,0,0
BRDA:97,8,1,0
BRDA:109,9,0,0
BRDA:109,9,1,0
BRDA:115,10,0,0
BRDA:115,10,1,0
BRDA:125,11,0,0
BRDA:125,11,1,0
BRDA:132,12,0,0
BRDA:132,12,1,0
BRF:25
BRH:0
end_of_record
TN:
SF:src/library/coverage/CoberturaCoverage.ts
FN:148,(anonymous_0)
FN:157,(anonymous_1)
FN:158,(anonymous_2)
FN:159,(anonymous_3)
FN:165,(anonymous_4)
FN:169,(anonymous_5)
FN:174,(anonymous_6)
FN:206,(anonymous_7)
FN:226,(anonymous_8)
FN:234,(anonymous_9)
FN:269,(anonymous_10)
FN:270,(anonymous_11)
FN:288,(anonymous_12)
FN:292,(anonymous_13)
FN:312,(anonymous_14)
FN:318,(anonymous_15)
FN:336,(anonymous_16)
FN:340,(anonymous_17)
FN:341,(anonymous_18)
FN:363,(anonymous_19)
FN:364,(anonymous_20)
FN:398,(anonymous_21)
FN:408,(anonymous_22)
FN:413,(anonymous_23)
FN:414,(anonymous_24)
FN:423,(anonymous_25)
FN:428,(anonymous_26)
FN:439,(anonymous_27)
FNF:28
FNH:22
FNDA:4,(anonymous_0)
FNDA:1,(anonymous_1)
FNDA:1,(anonymous_2)
FNDA:1,(anonymous_3)
FNDA:1,(anonymous_4)
FNDA:1,(anonymous_5)
FNDA:1,(anonymous_6)
FNDA:0,(anonymous_7)
FNDA:0,(anonymous_8)
FNDA:0,(anonymous_9)
FNDA:5,(anonymous_10)
FNDA:21,(anonymous_11)
FNDA:7,(anonymous_12)
FNDA:7,(anonymous_13)
FNDA:7,(anonymous_14)
FNDA:10,(anonymous_15)
FNDA:6,(anonymous_16)
FNDA:6,(anonymous_17)
FNDA:22,(anonymous_18)
FNDA:0,(anonymous_19)
FNDA:0,(anonymous_20)
FNDA:3,(anonymous_21)
FNDA:4,(anonymous_22)
FNDA:7,(anonymous_23)
FNDA:5,(anonymous_24)
FNDA:4,(anonymous_25)
FNDA:3,(anonymous_26)
FNDA:0,(anonymous_27)
DA:81,3
DA:92,3
DA:149,4
DA:158,1
DA:159,1
DA:160,1
DA:161,0
DA:165,1
DA:166,1
DA:170,1
DA:171,1
DA:175,1
DA:176,1
DA:177,0
DA:178,0
DA:179,0
DA:180,0
DA:181,0
DA:186,1
DA:187,0
DA:198,1
DA:207,0
DA:211,0
DA:219,1
DA:220,1
DA:221,1
DA:227,0
DA:230,1
DA:231,1
DA:232,1
DA:234,1
DA:235,0
DA:238,1
DA:248,1
DA:250,1
DA:251,0
DA:254,1
DA:262,1
DA:264,1
DA:270,5
DA:271,21
DA:284,5
DA:286,5
DA:288,5
DA:289,7
DA:292,5
DA:294,7
DA:295,7
DA:296,4
DA:298,4
DA:299,4
DA:300,3
DA:302,3
DA:312,5
DA:313,7
DA:316,5
DA:318,5
DA:319,10
DA:320,10
DA:321,10
DA:322,10
DA:323,4
DA:324,4
DA:325,4
DA:326,4
DA:327,4
DA:330,10
DA:331,10
DA:332,10
DA:333,10
DA:336,10
DA:337,6
DA:339,6
DA:340,6
DA:341,6
DA:342,22
DA:343,0
DA:344,0
DA:345,0
DA:347,0
DA:348,0
DA:349,0
DA:350,0
DA:351,0
DA:353,22
DA:354,22
DA:355,22
DA:356,22
DA:357,22
DA:358,22
DA:363,6
DA:364,0
DA:365,0
DA:366,0
DA:367,0
DA:368,0
DA:369,0
DA:370,0
DA:395,5
DA:404,3
DA:405,3
DA:409,4
DA:410,4
DA:414,7
DA:416,7
DA:417,4
DA:422,4
DA:423,4
DA:424,4
DA:428,7
DA:429,7
DA:432,4
DA:438,4
DA:439,4
DA:440,0
DA:443,4
DA:445,4
DA:446,4
DA:452,3
DA:453,0
DA:454,0
DA:457,3
DA:458,3
DA:464,3
DA:470,3
DA:472,3
DA:473,3
LF:127
LH:97
BRDA:157,0,0,0
BRDA:160,1,0,0
BRDA:160,1,1,1
BRDA:174,2,0,1
BRDA:174,2,1,0
BRDA:176,3,0,0
BRDA:176,3,1,1
BRDA:178,4,0,0
BRDA:178,4,1,0
BRDA:178,5,0,0
BRDA:178,5,1,0
BRDA:186,6,0,0
BRDA:186,6,1,1
BRDA:191,7,0,0
BRDA:191,7,1,0
BRDA:192,8,0,0
BRDA:192,8,1,0
BRDA:206,9,0,1
BRDA:206,9,1,1
BRDA:250,10,0,0
BRDA:250,10,1,1
BRDA:294,11,0,4
BRDA:294,11,1,3
BRDA:299,12,0,3
BRDA:299,12,1,1
BRDA:321,13,0,4
BRDA:321,13,1,6
BRDA:326,14,0,4
BRDA:326,14,1,0
BRDA:332,15,0,10
BRDA:332,15,1,0
BRDA:342,16,0,0
BRDA:342,16,1,22
BRDA:343,17,0,0
BRDA:343,17,1,0
BRDA:343,18,0,0
BRDA:343,18,1,0
BRDA:356,19,0,22
BRDA:356,19,1,0
BRDA:368,20,0,0
BRDA:368,20,1,0
BRDA:416,21,0,4
BRDA:416,21,1,3
BRDA:429,22,0,4
BRDA:429,22,1,3
BRDA:452,23,0,0
BRDA:452,23,1,3
BRF:47
BRH:22
end_of_record
TN:
SF:src/library/coverage/CoverageData.ts
FN:48,(anonymous_0)
FN:56,(anonymous_1)
FN:63,(anonymous_2)
FN:73,(anonymous_3)
FN:74,(anonymous_4)
FN:76,(anonymous_5)
FN:82,(anonymous_6)
FN:84,(anonymous_7)
FN:85,(anonymous_8)
FN:92,(anonymous_9)
FN:96,(anonymous_10)
FN:101,(anonymous_11)
FN:109,(anonymous_12)
FN:128,(anonymous_13)
FN:173,(anonymous_14)
FN:191,(anonymous_15)
FN:194,(anonymous_16)
FN:198,(anonymous_17)
FN:199,(anonymous_18)
FN:209,(anonymous_19)
FN:278,(anonymous_20)
FN:295,(anonymous_21)
FN:304,(anonymous_22)
FN:327,(anonymous_23)
FN:332,(anonymous_24)
FN:334,(anonymous_25)
FN:350,(anonymous_26)
FN:352,(anonymous_27)
FN:353,(anonymous_28)
FN:354,(anonymous_29)
FN:362,(anonymous_30)
FN:363,(anonymous_31)
FN:364,(anonymous_32)
FN:407,(anonymous_33)
FN:414,(anonymous_34)
FN:416,(anonymous_35)
FN:417,(anonymous_36)
FN:450,(anonymous_37)
FN:452,(anonymous_38)
FN:453,(anonymous_39)
FN:456,(anonymous_40)
FN:457,(anonymous_41)
FN:458,(anonymous_42)
FN:464,(anonymous_43)
FN:503,(anonymous_44)
FN:504,(anonymous_45)
FN:509,(anonymous_46)
FN:514,(anonymous_47)
FN:517,(anonymous_48)
FN:519,(anonymous_49)
FN:523,(anonymous_50)
FN:532,(anonymous_51)
FN:549,(anonymous_52)
FNF:53
FNH:51
FNDA:32,(anonymous_0)
FNDA:285,(anonymous_1)
FNDA:47,(anonymous_2)
FNDA:2,(anonymous_3)
FNDA:2,(anonymous_4)
FNDA:2,(anonymous_5)
FNDA:9,(anonymous_6)
FNDA:10,(anonymous_7)
FNDA:18,(anonymous_8)
FNDA:16,(anonymous_9)
FNDA:4,(anonymous_10)
FNDA:9,(anonymous_11)
FNDA:17,(anonymous_12)
FNDA:6,(anonymous_13)
FNDA:3,(anonymous_14)
FNDA:23,(anonymous_15)
FNDA:229,(anonymous_16)
FNDA:227,(anonymous_17)
FNDA:227,(anonymous_18)
FNDA:229,(anonymous_19)
FNDA:11,(anonymous_20)
FNDA:29,(anonymous_21)
FNDA:1,(anonymous_22)
FNDA:5,(anonymous_23)
FNDA:41,(anonymous_24)
FNDA:39,(anonymous_25)
FNDA:6,(anonymous_26)
FNDA:66,(anonymous_27)
FNDA:78,(anonymous_28)
FNDA:76,(anonymous_29)
FNDA:66,(anonymous_30)
FNDA:78,(anonymous_31)
FNDA:76,(anonymous_32)
FNDA:7,(anonymous_33)
FNDA:7,(anonymous_34)
FNDA:0,(anonymous_35)
FNDA:7,(anonymous_36)
FNDA:11,(anonymous_37)
FNDA:133,(anonymous_38)
FNDA:160,(anonymous_39)
FNDA:115,(anonymous_40)
FNDA:266,(anonymous_41)
FNDA:271,(anonymous_42)
FNDA:266,(anonymous_43)
FNDA:10,(anonymous_44)
FNDA:64,(anonymous_45)
FNDA:72,(anonymous_46)
FNDA:26,(anonymous_47)
FNDA:0,(anonymous_48)
FNDA:60,(anonymous_49)
FNDA:70,(anonymous_50)
FNDA:1,(anonymous_51)
FNDA:6,(anonymous_52)
DA:42,32
DA:53,32
DA:57,285
DA:58,238
DA:60,285
DA:61,285
DA:62,285
DA:63,285
DA:64,47
DA:65,47
DA:66,1
DA:68,46
DA:74,2
DA:75,2
DA:76,2
DA:77,2
DA:83,9
DA:84,9
DA:85,10
DA:86,18
DA:87,18
DA:90,9
DA:92,16
DA:97,4
DA:99,4
DA:101,4
DA:107,9
DA:109,9
DA:110,17
DA:111,4
DA:113,4
DA:115,1
DA:117,13
DA:122,9
DA:125,4
DA:126,4
DA:127,4
DA:128,4
DA:129,6
DA:130,2
DA:132,2
DA:134,2
DA:135,2
DA:138,2
DA:139,1
DA:140,1
DA:141,1
DA:144,2
DA:153,4
DA:157,4
DA:164,4
DA:173,4
DA:174,3
DA:176,3
DA:178,3
DA:188,4
DA:192,23
DA:194,23
DA:195,229
DA:198,227
DA:200,227
DA:201,223
DA:203,227
DA:208,23
DA:209,23
DA:210,229
DA:211,229
DA:213,152
DA:214,152
DA:215,152
DA:225,152
DA:228,7
DA:229,7
DA:231,7
DA:232,7
DA:235,7
DA:236,7
DA:237,7
DA:238,7
DA:241,7
DA:253,7
DA:256,70
DA:257,70
DA:258,70
DA:270,70
DA:275,23
DA:285,11
DA:296,29
DA:312,1
DA:313,1
DA:314,1
DA:315,1
DA:317,1
DA:328,5
DA:330,5
DA:332,5
DA:333,41
DA:334,41
DA:335,39
DA:336,39
DA:338,41
DA:339,1
DA:340,40
DA:341,11
DA:343,29
DA:347,5
DA:351,6
DA:352,6
DA:353,66
DA:354,78
DA:355,76
DA:356,4
DA:361,6
DA:362,6
DA:363,66
DA:364,78
DA:365,76
DA:370,78
DA:371,22
DA:379,56
DA:380,54
DA:389,2
DA:401,6
DA:411,7
DA:412,7
DA:414,7
DA:415,7
DA:416,0
DA:418,7
DA:419,7
DA:420,7
DA:425,0
DA:426,0
DA:433,0
DA:434,0
DA:444,7
DA:451,11
DA:452,11
DA:453,133
DA:454,160
DA:455,160
DA:456,115
DA:458,271
DA:459,33
DA:461,233
DA:464,266
DA:466,160
DA:467,106
DA:468,54
DA:469,7
DA:482,47
DA:483,47
DA:500,11
DA:504,10
DA:505,64
DA:506,64
DA:508,64
DA:509,58
DA:511,72
DA:513,24
DA:514,26
DA:516,48
DA:517,0
DA:519,60
DA:522,72
DA:523,72
DA:524,70
DA:525,70
DA:526,69
DA:527,1
DA:531,1
DA:532,1
DA:536,72
DA:537,72
DA:538,2
DA:542,2
DA:545,0
DA:549,6
DA:550,6
LF:179
LH:172
BRDA:49,0,0,32
BRDA:57,1,0,238
BRDA:57,1,1,47
BRDA:61,2,0,285
BRDA:61,2,1,0
BRDA:65,3,0,1
BRDA:65,3,1,46
BRDA:65,4,0,47
BRDA:65,4,1,1
BRDA:65,4,2,1
BRDA:86,5,0,16
BRDA:86,5,1,2
BRDA:97,6,0,0
BRDA:97,6,1,4
BRDA:110,7,0,4
BRDA:110,7,1,13
BRDA:113,8,0,3
BRDA:113,8,1,1
BRDA:115,9,0,1
BRDA:115,9,1,0
BRDA:117,10,0,4
BRDA:117,10,1,9
BRDA:129,11,0,2
BRDA:129,11,1,4
BRDA:131,12,0,0
BRDA:131,12,1,2
BRDA:134,13,0,2
BRDA:134,13,1,0
BRDA:135,14,0,2
BRDA:135,14,1,0
BRDA:138,15,0,1
BRDA:138,15,1,1
BRDA:138,16,0,2
BRDA:138,16,1,2
BRDA:154,17,0,0
BRDA:154,17,1,4
BRDA:175,18,0,1
BRDA:175,18,1,2
BRDA:196,19,0,229
BRDA:196,19,1,3
BRDA:200,20,0,223
BRDA:200,20,1,4
BRDA:200,21,0,227
BRDA:200,21,1,223
BRDA:211,22,0,152
BRDA:211,22,1,7
BRDA:211,22,2,70
BRDA:214,23,0,152
BRDA:214,23,1,0
BRDA:215,24,0,152
BRDA:215,24,1,0
BRDA:217,25,0,152
BRDA:217,25,1,0
BRDA:219,26,0,152
BRDA:219,26,1,0
BRDA:221,27,0,0
BRDA:221,27,1,0
BRDA:229,28,0,7
BRDA:229,28,1,0
BRDA:231,29,0,7
BRDA:231,29,1,0
BRDA:232,30,0,7
BRDA:232,30,1,0
BRDA:235,31,0,7
BRDA:235,31,1,0
BRDA:235,32,0,7
BRDA:235,32,1,7
BRDA:241,33,0,7
BRDA:241,33,1,0
BRDA:243,34,0,7
BRDA:243,34,1,0
BRDA:244,35,0,7
BRDA:244,35,1,0
BRDA:247,36,0,7
BRDA:247,36,1,0
BRDA:249,37,0,0
BRDA:249,37,1,0
BRDA:257,38,0,70
BRDA:257,38,1,0
BRDA:258,39,0,70
BRDA:258,39,1,0
BRDA:260,40,0,70
BRDA:260,40,1,0
BRDA:261,41,0,70
BRDA:261,41,1,0
BRDA:262,42,0,70
BRDA:262,42,1,2
BRDA:263,43,0,70
BRDA:263,43,1,2
BRDA:264,44,0,70
BRDA:264,44,1,0
BRDA:266,45,0,0
BRDA:266,45,1,0
BRDA:281,46,0,0
BRDA:282,47,0,0
BRDA:312,48,0,1
BRDA:312,48,1,0
BRDA:312,49,0,1
BRDA:312,49,1,1
BRDA:335,50,0,39
BRDA:335,50,1,0
BRDA:338,51,0,1
BRDA:338,51,1,40
BRDA:340,52,0,11
BRDA:340,52,1,29
BRDA:355,53,0,4
BRDA:355,53,1,72
BRDA:367,54,0,76
BRDA:367,54,1,0
BRDA:370,55,0,22
BRDA:370,55,1,56
BRDA:379,56,0,54
BRDA:379,56,1,2
BRDA:419,57,0,7
BRDA:419,57,1,0
BRDA:425,58,0,0
BRDA:425,58,1,0
BRDA:433,59,0,0
BRDA:433,59,1,0
BRDA:458,60,0,33
BRDA:458,60,1,233
BRDA:466,61,0,106
BRDA:466,61,1,54
BRDA:468,62,0,7
BRDA:468,62,1,47
BRDA:482,63,0,47
BRDA:482,63,1,0
BRDA:508,64,0,58
BRDA:508,64,1,6
BRDA:508,65,0,64
BRDA:508,65,1,64
BRDA:511,66,0,24
BRDA:511,66,1,48
BRDA:511,67,0,72
BRDA:511,67,1,24
BRDA:514,68,0,24
BRDA:514,68,1,0
BRDA:514,69,0,26
BRDA:514,69,1,24
BRDA:516,70,0,0
BRDA:516,70,1,48
BRDA:522,71,0,72
BRDA:522,71,1,0
BRDA:525,72,0,69
BRDA:525,72,1,1
BRDA:527,73,0,1
BRDA:527,73,1,0
BRDA:528,74,0,1
BRDA:528,74,1,1
BRDA:537,75,0,2
BRDA:537,75,1,70
BRDA:537,76,0,72
BRDA:537,76,1,2
BRF:153
BRH:108
end_of_record
TN:
SF:src/pages/404.tsx
FN:7,Page404
FNF:1
FNH:0
FNDA:0,Page404
DA:8,0
DA:9,0
DA:10,0
LF:3
LH:0
BRF:0
BRH:0
end_of_record
TN:
SF:src/pages/_app.tsx
FN:20,RootErrorFallback
FN:40,MyApp
FN:41,(anonymous_2)
FNF:3
FNH:0
FNDA:0,RootErrorFallback
FNDA:0,MyApp
FNDA:0,(anonymous_2)
DA:11,0
DA:13,0
DA:21,0
DA:22,0
DA:23,0
DA:24,0
DA:31,0
DA:41,0
DA:42,0
LF:9
LH:0
BRDA:21,0,0,0
BRDA:21,0,1,0
BRDA:23,1,0,0
BRDA:23,1,1,0
BRDA:33,2,0,0
BRDA:33,2,1,0
BRDA:34,3,0,0
BRDA:34,3,1,0
BRDA:41,4,0,0
BRDA:41,4,1,0
BRF:10
BRH:0
end_of_record
TN:
SF:src/pages/_document.tsx
FN:9,(anonymous_0)
FNF:1
FNH:0
FNDA:0,(anonymous_0)
DA:10,0
LF:1
LH:0
BRF:0
BRH:0
end_of_record
TN:
SF:src/pages/index.tsx
FN:29,(anonymous_0)
FN:43,(anonymous_1)
FN:63,(anonymous_2)
FN:64,(anonymous_3)
FN:74,(anonymous_4)
FN:75,(anonymous_5)
FN:85,(anonymous_6)
FN:86,(anonymous_7)
FN:96,(anonymous_8)
FN:98,(anonymous_9)
FN:104,(anonymous_10)
FN:108,(anonymous_11)
FN:122,(anonymous_12)
FNF:13
FNH:0
FNDA:0,(anonymous_0)
FNDA:0,(anonymous_1)
FNDA:0,(anonymous_2)
FNDA:0,(anonymous_3)
FNDA:0,(anonymous_4)
FNDA:0,(anonymous_5)
FNDA:0,(anonymous_6)
FNDA:0,(anonymous_7)
FNDA:0,(anonymous_8)
FNDA:0,(anonymous_9)
FNDA:0,(anonymous_10)
FNDA:0,(anonymous_11)
FNDA:0,(anonymous_12)
DA:29,0
DA:30,0
DA:31,0
DA:33,0
DA:39,0
DA:44,0
DA:64,0
DA:75,0
DA:86,0
DA:97,0
DA:99,0
DA:104,0
DA:105,0
DA:109,0
DA:121,0
DA:122,0
LF:16
LH:0
BRF:0
BRH:0
end_of_record
TN:
SF:src/pages/logs.tsx
FN:15,(anonymous_0)
FN:27,(anonymous_1)
FN:30,(anonymous_2)
FN:49,(anonymous_3)
FN:80,(anonymous_4)
FNF:5
FNH:0
FNDA:0,(anonymous_0)
FNDA:0,(anonymous_1)
FNDA:0,(anonymous_2)
FNDA:0,(anonymous_3)
FNDA:0,(anonymous_4)
DA:15,0
DA:16,0
DA:17,0
DA:21,0
DA:28,0
DA:31,0
DA:32,0
DA:50,0
DA:79,0
DA:80,0
LF:10
LH:0
BRDA:31,0,0,0
BRDA:31,0,1,0
BRDA:61,1,0,0
BRDA:61,1,1,0
BRDA:69,2,0,0
BRDA:69,2,1,0
BRF:6
BRH:0
end_of_record
TN:
SF:src/pages/queues.tsx
FN:30,(anonymous_0)
FN:33,(anonymous_1)
FN:34,(anonymous_2)
FN:35,(anonymous_3)
FN:39,(anonymous_4)
FN:47,(anonymous_5)
FN:81,(anonymous_6)
FN:110,(anonymous_7)
FNF:8
FNH:0
FNDA:0,(anonymous_0)
FNDA:0,(anonymous_1)
FNDA:0,(anonymous_2)
FNDA:0,(anonymous_3)
FNDA:0,(anonymous_4)
FNDA:0,(anonymous_5)
FNDA:0,(anonymous_6)
FNDA:0,(anonymous_7)
DA:30,0
DA:31,0
DA:33,0
DA:34,0
DA:35,0
DA:36,0
DA:39,0
DA:40,0
DA:44,0
DA:48,0
DA:82,0
DA:109,0
DA:110,0
LF:13
LH:0
BRDA:82,0,0,0
BRDA:82,0,1,0
BRDA:88,1,0,0
BRDA:88,1,1,0
BRF:4
BRH:0
end_of_record
TN:
SF:src/pages/settings.tsx
FN:11,(anonymous_0)
FN:28,(anonymous_1)
FN:31,(anonymous_2)
FN:32,(anonymous_3)
FN:47,(anonymous_4)
FN:50,(anonymous_5)
FN:54,(anonymous_6)
FN:71,(anonymous_7)
FNF:8
FNH:0
FNDA:0,(anonymous_0)
FNDA:0,(anonymous_1)
FNDA:0,(anonymous_2)
FNDA:0,(anonymous_3)
FNDA:0,(anonymous_4)
FNDA:0,(anonymous_5)
FNDA:0,(anonymous_6)
FNDA:0,(anonymous_7)
DA:11,0
DA:12,0
DA:13,0
DA:14,0
DA:15,0
DA:16,0
DA:18,0
DA:29,0
DA:32,0
DA:33,0
DA:48,0
DA:51,0
DA:55,0
DA:70,0
DA:71,0
LF:15
LH:0
BRDA:16,0,0,0
BRDA:16,0,1,0
BRDA:32,1,0,0
BRDA:32,1,1,0
BRDA:53,2,0,0
BRDA:53,2,1,0
BRF:6
BRH:0
end_of_record
TN:
SF:src/pages/api/index.ts
FN:3,handler
FNF:1
FNH:0
FNDA:0,handler
DA:4,0
LF:1
LH:0
BRF:0
BRH:0
end_of_record
TN:
SF:src/pages/api/github/hook.ts
FN:5,handler
FNF:1
FNH:0
FNDA:0,handler
DA:6,0
DA:8,0
DA:10,0
DA:11,0
DA:12,0
DA:13,0
DA:14,0
DA:17,0
DA:19,0
DA:26,0
DA:27,0
DA:28,0
DA:31,0
DA:37,0
DA:43,0
DA:44,0
DA:48,0
DA:49,0
DA:55,0
DA:62,0
DA:69,0
DA:70,0
DA:74,0
DA:78,0
DA:79,0
DA:84,0
DA:94,0
DA:104,0
DA:132,0
DA:134,0
DA:137,0
DA:149,0
LF:32
LH:0
BRDA:12,0,0,0
BRDA:12,0,1,0
BRDA:26,1,0,0
BRDA:26,1,1,0
BRDA:26,2,0,0
BRDA:26,2,1,0
BRDA:43,3,0,0
BRDA:43,3,1,0
BRDA:48,4,0,0
BRDA:48,4,1,0
BRDA:69,5,0,0
BRDA:69,5,1,0
BRDA:78,6,0,0
BRDA:78,6,1,0
BRDA:112,7,0,0
BRDA:112,7,1,0
BRDA:116,8,0,0
BRDA:116,8,1,0
BRDA:138,9,0,0
BRDA:138,9,1,0
BRF:20
BRH:0
end_of_record
TN:
SF:src/pages/api/group/[groupId]/project/[projectId]/check.ts
FN:11,handler
FN:152,(anonymous_1)
FN:155,(anonymous_2)
FNF:3
FNH:0
FNDA:0,handler
FNDA:0,(anonymous_1)
FNDA:0,(anonymous_2)
DA:12,0
DA:13,0
DA:15,0
DA:16,0
DA:17,0
DA:18,0
DA:19,0
DA:21,0
DA:22,0
DA:23,0
DA:36,0
DA:37,0
DA:40,0
DA:41,0
DA:42,0
DA:59,0
DA:60,0
DA:63,0
DA:64,0
DA:71,0
DA:73,0
DA:74,0
DA:81,0
DA:83,0
DA:85,0
DA:86,0
DA:112,0
DA:114,0
DA:139,0
DA:141,0
DA:143,0
DA:144,0
DA:146,0
DA:148,0
DA:150,0
DA:153,0
DA:155,0
DA:160,0
DA:161,0
DA:166,0
DA:169,0
DA:175,0
DA:178,0
DA:185,0
DA:191,0
DA:192,0
DA:203,0
DA:207,0
DA:210,0
DA:211,0
DA:222,0
DA:223,0
DA:227,0
LF:53
LH:0
BRDA:12,0,0,0
BRDA:12,0,1,0
BRDA:17,1,0,0
BRDA:17,1,1,0
BRDA:17,2,0,0
BRDA:17,2,1,0
BRDA:17,2,2,0
BRDA:22,3,0,0
BRDA:22,3,1,0
BRDA:27,4,0,0
BRDA:27,4,1,0
BRDA:36,5,0,0
BRDA:36,5,1,0
BRDA:41,6,0,0
BRDA:41,6,1,0
BRDA:46,7,0,0
BRDA:46,7,1,0
BRDA:59,8,0,0
BRDA:59,8,1,0
BRDA:71,9,0,0
BRDA:71,9,1,0
BRDA:81,10,0,0
BRDA:81,10,1,0
BRDA:143,11,0,0
BRDA:143,11,1,0
BRDA:143,12,0,0
BRDA:143,12,1,0
BRDA:148,13,0,0
BRDA:148,13,1,0
BRDA:160,14,0,0
BRDA:160,14,1,0
BRDA:166,15,0,0
BRDA:166,15,1,0
BRDA:175,16,0,0
BRDA:175,16,1,0
BRDA:191,17,0,0
BRDA:191,17,1,0
BRDA:212,18,0,0
BRDA:212,18,1,0
BRF:39
BRH:0
end_of_record
TN:
SF:src/pages/api/group/[groupId]/project/[projectId]/upload-changefrequency.ts
FN:7,handler
FN:68,(anonymous_1)
FNF:2
FNH:0
FNDA:0,handler
FNDA:0,(anonymous_1)
DA:8,0
DA:9,0
DA:12,0
DA:13,0
DA:15,0
DA:16,0
DA:29,0
DA:30,0
DA:33,0
DA:34,0
DA:48,0
DA:49,0
DA:52,0
DA:53,0
DA:56,0
DA:62,0
DA:63,0
DA:66,0
DA:68,0
DA:69,0
DA:72,0
DA:74,0
DA:80,0
LF:23
LH:0
BRDA:8,0,0,0
BRDA:8,0,1,0
BRDA:13,1,0,0
BRDA:13,1,1,0
BRDA:20,2,0,0
BRDA:20,2,1,0
BRDA:29,3,0,0
BRDA:29,3,1,0
BRDA:33,4,0,0
BRDA:33,4,1,0
BRDA:38,5,0,0
BRDA:38,5,1,0
BRDA:48,6,0,0
BRDA:48,6,1,0
BRDA:52,7,0,0
BRDA:52,7,1,0
BRDA:62,8,0,0
BRDA:62,8,1,0
BRF:18
BRH:0
end_of_record
TN:
SF:src/pages/api/group/[groupId]/project/[projectId]/upload-codeclimate.ts
FN:3,handler
FNF:1
FNH:0
FNDA:0,handler
DA:4,0
DA:5,0
DA:9,0
LF:3
LH:0
BRDA:4,0,0,0
BRDA:4,0,1,0
BRF:2
BRH:0
end_of_record
TN:
SF:src/pages/api/group/[groupId]/project/[projectId]/upload-sonar.ts
FNF:0
FNH:0
DA:5,0
LF:1
LH:0
BRF:0
BRH:0
end_of_record
TN:
SF:src/pages/api/group/[groupId]/project/[projectId]/upload-sonarqube.ts
FN:8,handler
FN:69,(anonymous_1)
FNF:2
FNH:0
FNDA:0,handler
FNDA:0,(anonymous_1)
DA:9,0
DA:10,0
DA:13,0
DA:14,0
DA:16,0
DA:17,0
DA:30,0
DA:31,0
DA:34,0
DA:35,0
DA:49,0
DA:50,0
DA:53,0
DA:54,0
DA:57,0
DA:63,0
DA:64,0
DA:67,0
DA:69,0
DA:70,0
DA:73,0
DA:75,0
DA:81,0
LF:23
LH:0
BRDA:9,0,0,0
BRDA:9,0,1,0
BRDA:14,1,0,0
BRDA:14,1,1,0
BRDA:21,2,0,0
BRDA:21,2,1,0
BRDA:30,3,0,0
BRDA:30,3,1,0
BRDA:34,4,0,0
BRDA:34,4,1,0
BRDA:39,5,0,0
BRDA:39,5,1,0
BRDA:49,6,0,0
BRDA:49,6,1,0
BRDA:53,7,0,0
BRDA:53,7,1,0
BRDA:63,8,0,0
BRDA:63,8,1,0
BRF:18
BRH:0
end_of_record
TN:
SF:src/pages/api/group/[groupId]/project/[projectId]/upload-with-hits.ts
FN:31,handler
FN:36,(anonymous_1)
FN:41,(anonymous_2)
FN:73,(anonymous_3)
FN:179,(anonymous_4)
FN:190,(anonymous_5)
FN:322,(anonymous_6)
FNF:7
FNH:0
FNDA:0,handler
FNDA:0,(anonymous_1)
FNDA:0,(anonymous_2)
FNDA:0,(anonymous_3)
FNDA:0,(anonymous_4)
FNDA:0,(anonymous_5)
FNDA:0,(anonymous_6)
DA:12,0
DA:32,0
DA:34,0
DA:35,0
DA:36,0
DA:37,0
DA:38,0
DA:39,0
DA:41,0
DA:42,0
DA:43,0
DA:44,0
DA:50,0
DA:53,0
DA:54,0
DA:57,0
DA:58,0
DA:60,0
DA:70,0
DA:72,0
DA:73,0
DA:74,0
DA:75,0
DA:76,0
DA:79,0
DA:80,0
DA:82,0
DA:84,0
DA:94,0
DA:98,0
DA:99,0
DA:100,0
DA:101,0
DA:103,0
DA:104,0
DA:105,0
DA:118,0
DA:119,0
DA:122,0
DA:123,0
DA:124,0
DA:138,0
DA:139,0
DA:142,0
DA:143,0
DA:145,0
DA:146,0
DA:149,0
DA:158,0
DA:166,0
DA:178,0
DA:179,0
DA:180,0
DA:188,0
DA:190,0
DA:191,0
DA:202,0
DA:204,0
DA:210,0
DA:211,0
DA:212,0
DA:222,0
DA:223,0
DA:228,0
DA:229,0
DA:230,0
DA:231,0
DA:238,0
DA:249,0
DA:251,0
DA:252,0
DA:253,0
DA:260,0
DA:261,0
DA:263,0
DA:267,0
DA:268,0
DA:269,0
DA:270,0
DA:280,0
DA:281,0
DA:287,0
DA:288,0
DA:301,0
DA:303,0
DA:304,0
DA:314,0
DA:323,0
DA:326,0
DA:337,0
DA:339,0
DA:341,0
DA:342,0
DA:355,0
DA:366,0
DA:367,0
DA:373,0
LF:97
LH:0
BRDA:53,0,0,0
BRDA:53,0,1,0
BRDA:94,1,0,0
BRDA:94,1,1,0
BRDA:99,2,0,0
BRDA:99,2,1,0
BRDA:99,3,0,0
BRDA:99,3,1,0
BRDA:99,3,2,0
BRDA:99,3,3,0
BRDA:99,3,4,0
BRDA:104,4,0,0
BRDA:104,4,1,0
BRDA:109,5,0,0
BRDA:109,5,1,0
BRDA:118,6,0,0
BRDA:118,6,1,0
BRDA:123,7,0,0
BRDA:123,7,1,0
BRDA:128,8,0,0
BRDA:128,8,1,0
BRDA:138,9,0,0
BRDA:138,9,1,0
BRDA:142,10,0,0
BRDA:142,10,1,0
BRDA:145,11,0,0
BRDA:145,11,1,0
BRDA:145,12,0,0
BRDA:145,12,1,0
BRDA:182,13,0,0
BRDA:182,13,1,0
BRDA:210,14,0,0
BRDA:210,14,1,0
BRDA:217,15,0,0
BRDA:217,15,1,0
BRDA:229,16,0,0
BRDA:229,16,1,0
BRDA:249,17,0,0
BRDA:249,17,1,0
BRDA:260,18,0,0
BRDA:260,18,1,0
BRDA:268,19,0,0
BRDA:268,19,1,0
BRDA:272,20,0,0
BRDA:272,20,1,0
BRDA:356,21,0,0
BRDA:356,21,1,0
BRF:47
BRH:0
end_of_record
TN:
SF:src/pages/api/group/[groupId]/project/[projectId]/upload.ts
FN:9,handler
FN:178,(anonymous_1)
FNF:2
FNH:0
FNDA:0,handler
FNDA:0,(anonymous_1)
DA:10,0
DA:11,0
DA:13,0
DA:14,0
DA:15,0
DA:16,0
DA:17,0
DA:18,0
DA:20,0
DA:21,0
DA:25,0
DA:26,0
DA:39,0
DA:40,0
DA:43,0
DA:44,0
DA:45,0
DA:59,0
DA:60,0
DA:63,0
DA:64,0
DA:68,0
DA:80,0
DA:81,0
DA:82,0
DA:89,0
DA:91,0
DA:93,0
DA:99,0
DA:100,0
DA:101,0
DA:111,0
DA:112,0
DA:117,0
DA:118,0
DA:119,0
DA:120,0
DA:127,0
DA:138,0
DA:140,0
DA:141,0
DA:142,0
DA:149,0
DA:150,0
DA:152,0
DA:156,0
DA:157,0
DA:158,0
DA:159,0
DA:169,0
DA:170,0
DA:179,0
DA:182,0
DA:193,0
DA:195,0
DA:196,0
DA:206,0
DA:217,0
DA:218,0
DA:222,0
LF:60
LH:0
BRDA:10,0,0,0
BRDA:10,0,1,0
BRDA:16,1,0,0
BRDA:16,1,1,0
BRDA:16,2,0,0
BRDA:16,2,1,0
BRDA:16,2,2,0
BRDA:16,2,3,0
BRDA:21,3,0,0
BRDA:21,3,1,0
BRDA:25,4,0,0
BRDA:25,4,1,0
BRDA:30,5,0,0
BRDA:30,5,1,0
BRDA:39,6,0,0
BRDA:39,6,1,0
BRDA:44,7,0,0
BRDA:44,7,1,0
BRDA:49,8,0,0
BRDA:49,8,1,0
BRDA:59,9,0,0
BRDA:59,9,1,0
BRDA:63,10,0,0
BRDA:63,10,1,0
BRDA:84,11,0,0
BRDA:84,11,1,0
BRDA:99,12,0,0
BRDA:99,12,1,0
BRDA:106,13,0,0
BRDA:106,13,1,0
BRDA:118,14,0,0
BRDA:118,14,1,0
BRDA:138,15,0,0
BRDA:138,15,1,0
BRDA:149,16,0,0
BRDA:149,16,1,0
BRDA:157,17,0,0
BRDA:157,17,1,0
BRDA:161,18,0,0
BRDA:161,18,1,0
BRDA:207,19,0,0
BRDA:207,19,1,0
BRF:42
BRH:0
end_of_record
TN:
SF:src/pages/group/[groupId].tsx
FN:29,(anonymous_0)
FN:63,(anonymous_1)
FN:99,(anonymous_2)
FN:100,(anonymous_3)
FN:110,(anonymous_4)
FN:111,(anonymous_5)
FN:121,(anonymous_6)
FN:122,(anonymous_7)
FN:130,(anonymous_8)
FN:132,(anonymous_9)
FN:138,(anonymous_10)
FN:142,(anonymous_11)
FN:155,(anonymous_12)
FNF:13
FNH:0
FNDA:0,(anonymous_0)
FNDA:0,(anonymous_1)
FNDA:0,(anonymous_2)
FNDA:0,(anonymous_3)
FNDA:0,(anonymous_4)
FNDA:0,(anonymous_5)
FNDA:0,(anonymous_6)
FNDA:0,(anonymous_7)
FNDA:0,(anonymous_8)
FNDA:0,(anonymous_9)
FNDA:0,(anonymous_10)
FNDA:0,(anonymous_11)
FNDA:0,(anonymous_12)
DA:29,0
DA:30,0
DA:32,0
DA:35,0
DA:39,0
DA:41,0
DA:47,0
DA:64,0
DA:100,0
DA:111,0
DA:122,0
DA:131,0
DA:133,0
DA:138,0
DA:139,0
DA:143,0
DA:154,0
DA:155,0
LF:18
LH:0
BRDA:47,0,0,0
BRDA:47,0,1,0
BRDA:68,1,0,0
BRDA:68,1,1,0
BRDA:75,2,0,0
BRDA:75,2,1,0
BRDA:78,3,0,0
BRDA:78,3,1,0
BRDA:84,4,0,0
BRDA:84,4,1,0
BRF:10
BRH:0
end_of_record
TN:
SF:src/pages/group/[groupId]/project/[projectId].tsx
FN:28,(anonymous_0)
FN:102,(anonymous_1)
FN:151,(anonymous_2)
FNF:3
FNH:0
FNDA:0,(anonymous_0)
FNDA:0,(anonymous_1)
FNDA:0,(anonymous_2)
DA:26,0
DA:28,0
DA:29,0
DA:30,0
DA:32,0
DA:33,0
DA:34,0
DA:35,0
DA:37,0
DA:103,0
DA:104,0
DA:150,0
DA:151,0
LF:13
LH:0
BRDA:33,0,0,0
BRDA:33,0,1,0
BRDA:34,1,0,0
BRDA:34,1,1,0
BRDA:35,2,0,0
BRDA:35,2,1,0
BRDA:37,3,0,0
BRDA:37,3,1,0
BRDA:37,4,0,0
BRDA:37,4,1,0
BRDA:37,4,2,0
BRDA:42,5,0,0
BRDA:42,5,1,0
BRDA:58,6,0,0
BRDA:58,6,1,0
BRDA:68,7,0,0
BRDA:68,7,1,0
BRDA:83,8,0,0
BRDA:83,8,1,0
BRDA:112,9,0,0
BRDA:112,9,1,0
BRDA:130,10,0,0
BRDA:130,10,1,0
BRF:23
BRH:0
end_of_record
TN:
SF:src/pages/group/[groupId]/project/[projectId]/branches.tsx
FN:11,(anonymous_0)
FN:40,(anonymous_1)
FN:56,(anonymous_2)
FNF:3
FNH:0
FNDA:0,(anonymous_0)
FNDA:0,(anonymous_1)
FNDA:0,(anonymous_2)
DA:11,0
DA:12,0
DA:13,0
DA:15,0
DA:16,0
DA:25,0
DA:41,0
DA:55,0
DA:56,0
LF:9
LH:0
BRDA:25,0,0,0
BRDA:25,0,1,0
BRDA:25,1,0,0
BRDA:25,1,1,0
BRDA:25,1,2,0
BRDA:29,2,0,0
BRDA:29,2,1,0
BRF:7
BRH:0
end_of_record
TN:
SF:src/pages/group/[groupId]/project/[projectId]/commits.tsx
FN:12,(anonymous_0)
FN:33,(anonymous_1)
FNF:2
FNH:0
FNDA:0,(anonymous_0)
FNDA:0,(anonymous_1)
DA:12,0
DA:13,0
DA:14,0
DA:16,0
DA:17,0
DA:19,0
DA:32,0
DA:33,0
LF:8
LH:0
BRDA:17,0,0,0
BRDA:17,0,1,0
BRDA:19,1,0,0
BRDA:19,1,1,0
BRDA:19,2,0,0
BRDA:19,2,1,0
BRDA:19,2,2,0
BRDA:23,3,0,0
BRDA:23,3,1,0
BRF:9
BRH:0
end_of_record
TN:
SF:src/pages/group/[groupId]/project/[projectId]/settings.tsx
FN:29,(anonymous_0)
FN:74,(anonymous_1)
FN:77,(anonymous_2)
FN:93,(anonymous_3)
FN:117,(anonymous_4)
FN:127,(anonymous_5)
FN:130,(anonymous_6)
FN:146,(anonymous_7)
FN:146,(anonymous_8)
FN:153,(anonymous_9)
FN:154,(anonymous_10)
FN:163,(anonymous_11)
FN:164,(anonymous_12)
FN:171,(anonymous_13)
FN:172,(anonymous_14)
FN:180,(anonymous_15)
FN:188,(anonymous_16)
FN:197,(anonymous_17)
FN:212,(anonymous_18)
FNF:19
FNH:0
FNDA:0,(anonymous_0)
FNDA:0,(anonymous_1)
FNDA:0,(anonymous_2)
FNDA:0,(anonymous_3)
FNDA:0,(anonymous_4)
FNDA:0,(anonymous_5)
FNDA:0,(anonymous_6)
FNDA:0,(anonymous_7)
FNDA:0,(anonymous_8)
FNDA:0,(anonymous_9)
FNDA:0,(anonymous_10)
FNDA:0,(anonymous_11)
FNDA:0,(anonymous_12)
FNDA:0,(anonymous_13)
FNDA:0,(anonymous_14)
FNDA:0,(anonymous_15)
FNDA:0,(anonymous_16)
FNDA:0,(anonymous_17)
FNDA:0,(anonymous_18)
DA:29,0
DA:30,0
DA:31,0
DA:33,0
DA:45,0
DA:46,0
DA:47,0
DA:48,0
DA:50,0
DA:52,0
DA:59,0
DA:75,0
DA:78,0
DA:94,0
DA:118,0
DA:128,0
DA:131,0
DA:146,0
DA:154,0
DA:164,0
DA:172,0
DA:181,0
DA:189,0
DA:195,0
DA:198,0
DA:211,0
DA:212,0
LF:27
LH:0
BRDA:59,0,0,0
BRDA:59,0,1,0
BRDA:59,1,0,0
BRDA:59,1,1,0
BRDA:59,1,2,0
BRDA:63,2,0,0
BRDA:63,2,1,0
BRDA:80,3,0,0
BRDA:80,3,1,0
BRDA:123,4,0,0
BRDA:123,4,1,0
BRF:11
BRH:0
end_of_record
TN:
SF:src/pages/group/[groupId]/project/[projectId]/branch/[branchId].tsx
FN:26,(anonymous_0)
FN:71,(anonymous_1)
FN:73,(anonymous_2)
FN:130,(anonymous_3)
FNF:4
FNH:0
FNDA:0,(anonymous_0)
FNDA:0,(anonymous_1)
FNDA:0,(anonymous_2)
FNDA:0,(anonymous_3)
DA:26,0
DA:27,0
DA:28,0
DA:29,0
DA:31,0
DA:32,0
DA:37,0
DA:41,0
DA:45,0
DA:47,0
DA:72,0
DA:73,0
DA:74,0
DA:129,0
DA:130,0
LF:15
LH:0
BRDA:47,0,0,0
BRDA:47,0,1,0
BRDA:47,1,0,0
BRDA:47,1,1,0
BRDA:47,1,2,0
BRDA:47,1,3,0
BRDA:60,2,0,0
BRDA:60,2,1,0
BRDA:72,3,0,0
BRDA:72,3,1,0
BRDA:92,4,0,0
BRDA:92,4,1,0
BRDA:96,5,0,0
BRDA:96,5,1,0
BRDA:102,6,0,0
BRDA:102,6,1,0
BRDA:104,7,0,0
BRDA:104,7,1,0
BRDA:105,8,0,0
BRDA:105,8,1,0
BRDA:119,9,0,0
BRDA:119,9,1,0
BRF:22
BRH:0
end_of_record
TN:
SF:src/pages/group/[groupId]/project/[projectId]/commit/[commitRef].tsx
FN:25,(anonymous_0)
FN:63,(anonymous_1)
FN:65,(anonymous_2)
FN:74,(anonymous_3)
FN:84,(anonymous_4)
FN:117,(anonymous_5)
FN:125,(anonymous_6)
FN:139,(anonymous_7)
FNF:8
FNH:0
FNDA:0,(anonymous_0)
FNDA:0,(anonymous_1)
FNDA:0,(anonymous_2)
FNDA:0,(anonymous_3)
FNDA:0,(anonymous_4)
FNDA:0,(anonymous_5)
FNDA:0,(anonymous_6)
FNDA:0,(anonymous_7)
DA:25,0
DA:26,0
DA:27,0
DA:28,0
DA:30,0
DA:31,0
DA:32,0
DA:34,0
DA:35,0
DA:36,0
DA:38,0
DA:64,0
DA:66,0
DA:75,0
DA:85,0
DA:118,0
DA:126,0
DA:138,0
DA:139,0
LF:19
LH:0
BRDA:31,0,0,0
BRDA:31,0,1,0
BRDA:32,1,0,0
BRDA:32,1,1,0
BRDA:38,2,0,0
BRDA:38,2,1,0
BRDA:38,3,0,0
BRDA:38,3,1,0
BRDA:38,3,2,0
BRDA:38,3,3,0
BRDA:38,3,4,0
BRF:11
BRH:0
end_of_record
TN:
SF:src/pages/group/[groupId]/project/[projectId]/commit/[commitRef]/issues.tsx
FN:34,(anonymous_0)
FN:63,(anonymous_1)
FN:85,(anonymous_2)
FNF:3
FNH:0
FNDA:0,(anonymous_0)
FNDA:0,(anonymous_1)
FNDA:0,(anonymous_2)
DA:12,0
DA:34,0
DA:35,0
DA:36,0
DA:37,0
DA:38,0
DA:40,0
DA:41,0
DA:48,0
DA:64,0
DA:84,0
DA:85,0
LF:12
LH:0
BRDA:40,0,0,0
BRDA:40,0,1,0
BRDA:48,1,0,0
BRDA:48,1,1,0
BRDA:48,2,0,0
BRDA:48,2,1,0
BRDA:48,2,2,0
BRF:7
BRH:0
end_of_record
TN:
SF:src/pages/group/[groupId]/project/[projectId]/commit/[commitRef]/compare/[baseCommitRef].tsx
FN:18,(anonymous_0)
FN:58,(anonymous_1)
FN:67,(anonymous_2)
FNF:3
FNH:0
FNDA:0,(anonymous_0)
FNDA:0,(anonymous_1)
FNDA:0,(anonymous_2)
DA:18,0
DA:19,0
DA:20,0
DA:21,0
DA:22,0
DA:24,0
DA:25,0
DA:26,0
DA:28,0
DA:33,0
DA:59,0
DA:66,0
DA:67,0
LF:13
LH:0
BRDA:33,0,0,0
BRDA:33,0,1,0
BRDA:33,1,0,0
BRDA:33,1,1,0
BRDA:33,1,2,0
BRDA:33,1,3,0
BRF:6
BRH:0
end_of_record
TN:
SF:src/pages/group/[groupId]/project/[projectId]/commit/[commitRef]/compare/[baseCommitRef]/files/[...path].tsx
FN:17,(anonymous_0)
FN:79,(anonymous_1)
FN:101,(anonymous_2)
FNF:3
FNH:0
FNDA:0,(anonymous_0)
FNDA:0,(anonymous_1)
FNDA:0,(anonymous_2)
DA:17,0
DA:18,0
DA:19,0
DA:20,0
DA:21,0
DA:22,0
DA:24,0
DA:25,0
DA:26,0
DA:27,0
DA:29,0
DA:30,0
DA:32,0
DA:36,0
DA:41,0
DA:45,0
DA:47,0
DA:53,0
DA:60,0
DA:62,0
DA:79,0
DA:100,0
DA:101,0
LF:23
LH:0
BRDA:62,0,0,0
BRDA:62,0,1,0
BRDA:62,1,0,0
BRDA:62,1,1,0
BRDA:62,1,2,0
BRDA:62,1,3,0
BRF:6
BRH:0
end_of_record
TN:
SF:src/pages/group/[groupId]/project/[projectId]/commit/[commitRef]/compare/[baseCommitRef]/test/[testId].tsx
FN:17,(anonymous_0)
FN:37,(anonymous_1)
FN:66,(anonymous_2)
FN:75,(anonymous_3)
FNF:4
FNH:0
FNDA:0,(anonymous_0)
FNDA:0,(anonymous_1)
FNDA:0,(anonymous_2)
FNDA:0,(anonymous_3)
DA:17,0
DA:18,0
DA:19,0
DA:20,0
DA:21,0
DA:22,0
DA:24,0
DA:25,0
DA:29,0
DA:32,0
DA:36,0
DA:37,0
DA:41,0
DA:67,0
DA:74,0
DA:75,0
LF:16
LH:0
BRDA:41,0,0,0
BRDA:41,0,1,0
BRDA:41,1,0,0
BRDA:41,1,1,0
BRDA:41,1,2,0
BRDA:41,1,3,0
BRDA:41,1,4,0
BRF:7
BRH:0
end_of_record
TN:
SF:src/pages/group/[groupId]/project/[projectId]/commit/[commitRef]/compare/[baseCommitRef]/test/[testId]/files/[...path].tsx
FN:22,(anonymous_0)
FN:45,(anonymous_1)
FN:107,(anonymous_2)
FN:110,(anonymous_3)
FN:110,(anonymous_4)
FN:111,(anonymous_5)
FN:148,(anonymous_6)
FN:161,(anonymous_7)
FN:209,(anonymous_8)
FNF:9
FNH:0
FNDA:0,(anonymous_0)
FNDA:0,(anonymous_1)
FNDA:0,(anonymous_2)
FNDA:0,(anonymous_3)
FNDA:0,(anonymous_4)
FNDA:0,(anonymous_5)
FNDA:0,(anonymous_6)
FNDA:0,(anonymous_7)
FNDA:0,(anonymous_8)
DA:22,0
DA:23,0
DA:24,0
DA:25,0
DA:26,0
DA:27,0
DA:28,0
DA:30,0
DA:31,0
DA:32,0
DA:33,0
DA:37,0
DA:41,0
DA:42,0
DA:44,0
DA:45,0
DA:48,0
DA:53,0
DA:57,0
DA:59,0
DA:65,0
DA:71,0
DA:74,0
DA:78,0
DA:82,0
DA:90,0
DA:107,0
DA:110,0
DA:111,0
DA:112,0
DA:113,0
DA:129,0
DA:150,0
DA:151,0
DA:152,0
DA:153,0
DA:155,0
DA:156,0
DA:158,0
DA:162,0
DA:163,0
DA:164,0
DA:171,0
DA:174,0
DA:208,0
DA:209,0
LF:46
LH:0
BRDA:90,0,0,0
BRDA:90,0,1,0
BRDA:90,1,0,0
BRDA:90,1,1,0
BRDA:90,1,2,0
BRDA:90,1,3,0
BRDA:90,1,4,0
BRDA:90,1,5,0
BRDA:90,1,6,0
BRDA:112,2,0,0
BRDA:112,2,1,0
BRDA:122,3,0,0
BRDA:122,3,1,0
BRDA:133,4,0,0
BRDA:133,4,1,0
BRDA:151,5,0,0
BRDA:151,5,1,0
BRDA:160,6,0,0
BRDA:160,6,1,0
BRDA:163,7,0,0
BRDA:163,7,1,0
BRDA:165,8,0,0
BRDA:165,8,1,0
BRDA:165,9,0,0
BRDA:165,9,1,0
BRDA:167,10,0,0
BRDA:167,10,1,0
BRDA:171,11,0,0
BRDA:171,11,1,0
BRDA:180,12,0,0
BRDA:180,12,1,0
BRDA:198,13,0,0
BRDA:198,13,1,0
BRDA:199,14,0,0
BRDA:199,14,1,0
BRF:35
BRH:0
end_of_record
TN:
SF:src/pages/group/[groupId]/project/[projectId]/commit/[commitRef]/files/[...path].tsx
FN:12,(anonymous_0)
FN:49,(anonymous_1)
FN:71,(anonymous_2)
FN:79,(anonymous_3)
FN:90,(anonymous_4)
FN:106,(anonymous_5)
FNF:6
FNH:0
FNDA:0,(anonymous_0)
FNDA:0,(anonymous_1)
FNDA:0,(anonymous_2)
FNDA:0,(anonymous_3)
FNDA:0,(anonymous_4)
FNDA:0,(anonymous_5)
DA:12,0
DA:13,0
DA:14,0
DA:15,0
DA:16,0
DA:18,0
DA:22,0
DA:26,0
DA:31,0
DA:50,0
DA:72,0
DA:80,0
DA:91,0
DA:105,0
DA:106,0
LF:15
LH:0
BRDA:31,0,0,0
BRDA:31,0,1,0
BRDA:31,1,0,0
BRDA:31,1,1,0
BRDA:31,1,2,0
BRDA:42,2,0,0
BRDA:42,2,1,0
BRDA:58,3,0,0
BRDA:58,3,1,0
BRDA:68,4,0,0
BRDA:68,4,1,0
BRDA:87,5,0,0
BRDA:87,5,1,0
BRDA:89,6,0,0
BRDA:89,6,1,0
BRF:15
BRH:0
end_of_record
TN:
SF:src/pages/group/[groupId]/project/[projectId]/commit/[commitRef]/test/[testId].tsx
FN:15,(anonymous_0)
FN:50,(anonymous_1)
FN:59,(anonymous_2)
FN:74,(anonymous_3)
FNF:4
FNH:0
FNDA:0,(anonymous_0)
FNDA:0,(anonymous_1)
FNDA:0,(anonymous_2)
FNDA:0,(anonymous_3)
DA:15,0
DA:16,0
DA:17,0
DA:18,0
DA:19,0
DA:21,0
DA:22,0
DA:23,0
DA:25,0
DA:51,0
DA:60,0
DA:73,0
DA:74,0
LF:13
LH:0
BRDA:21,0,0,0
BRDA:21,0,1,0
BRDA:23,1,0,0
BRDA:23,1,1,0
BRDA:25,2,0,0
BRDA:25,2,1,0
BRDA:25,3,0,0
BRDA:25,3,1,0
BRDA:25,3,2,0
BRDA:25,3,3,0
BRDA:25,3,4,0
BRF:11
BRH:0
end_of_record
TN:
SF:src/pages/group/[groupId]/project/[projectId]/commit/[commitRef]/test/[testId]/files/[...path].tsx
FN:10,(anonymous_0)
FN:37,(anonymous_1)
FN:46,(anonymous_2)
FN:58,(anonymous_3)
FN:75,(anonymous_4)
FNF:5
FNH:0
FNDA:0,(anonymous_0)
FNDA:0,(anonymous_1)
FNDA:0,(anonymous_2)
FNDA:0,(anonymous_3)
FNDA:0,(anonymous_4)
DA:10,0
DA:11,0
DA:12,0
DA:13,0
DA:14,0
DA:15,0
DA:17,0
DA:19,0
DA:23,0
DA:28,0
DA:38,0
DA:47,0
DA:59,0
DA:74,0
DA:75,0
LF:15
LH:0
BRDA:17,0,0,0
BRDA:17,0,1,0
BRDA:28,1,0,0
BRDA:28,1,1,0
BRDA:28,2,0,0
BRDA:28,2,1,0
BRDA:28,2,2,0
BRDA:28,2,3,0
BRDA:31,3,0,0
BRDA:31,3,1,0
BRDA:34,4,0,0
BRDA:34,4,1,0
BRDA:57,5,0,0
BRDA:57,5,1,0
BRF:14
BRH:0
end_of_record
TN:
SF:src/pages/group/[groupId]/project/[projectId]/commit/[commitRef]/testinstance/[testInstanceId].tsx
FN:16,(anonymous_0)
FN:54,(anonymous_1)
FNF:2
FNH:0
FNDA:0,(anonymous_0)
FNDA:0,(anonymous_1)
DA:16,0
DA:17,0
DA:18,0
DA:19,0
DA:20,0
DA:22,0
DA:23,0
DA:24,0
DA:26,0
DA:27,0
DA:29,0
DA:53,0
DA:54,0
LF:13
LH:0
BRDA:23,0,0,0
BRDA:23,0,1,0
BRDA:29,1,0,0
BRDA:29,1,1,0
BRDA:29,2,0,0
BRDA:29,2,1,0
BRDA:29,2,2,0
BRDA:29,2,3,0
BRDA:29,2,4,0
BRDA:29,2,5,0
BRF:10
BRH:0
end_of_record
TN:
SF:src/pages/group/[groupId]/project/[projectId]/pullrequest/[prId].tsx
FN:26,(anonymous_0)
FN:74,(anonymous_1)
FN:76,(anonymous_2)
FN:85,(anonymous_3)
FN:185,(anonymous_4)
FN:215,(anonymous_5)
FNF:6
FNH:0
FNDA:0,(anonymous_0)
FNDA:0,(anonymous_1)
FNDA:0,(anonymous_2)
FNDA:0,(anonymous_3)
FNDA:0,(anonymous_4)
FNDA:0,(anonymous_5)
DA:26,0
DA:27,0
DA:28,0
DA:29,0
DA:31,0
DA:32,0
DA:34,0
DA:36,0
DA:40,0
DA:44,0
DA:48,0
DA:50,0
DA:75,0
DA:77,0
DA:86,0
DA:186,0
DA:214,0
DA:215,0
LF:18
LH:0
BRDA:50,0,0,0
BRDA:50,0,1,0
BRDA:50,1,0,0
BRDA:50,1,1,0
BRDA:50,1,2,0
BRDA:50,1,3,0
BRDA:63,2,0,0
BRDA:63,2,1,0
BRDA:98,3,0,0
BRDA:98,3,1,0
BRDA:120,4,0,0
BRDA:120,4,1,0
BRDA:136,5,0,0
BRDA:136,5,1,0
BRDA:144,6,0,0
BRDA:144,6,1,0
BRDA:155,7,0,0
BRDA:155,7,1,0
BRDA:159,8,0,0
BRDA:159,8,1,0
BRDA:170,9,0,0
BRDA:170,9,1,0
BRDA:199,10,0,0
BRDA:199,10,1,0
BRF:24
BRH:0
end_of_record
TN:
SF:src/pages/logs/[commitRef].tsx
FN:14,(anonymous_0)
FN:38,(anonymous_1)
FN:63,(anonymous_2)
FNF:3
FNH:0
FNDA:0,(anonymous_0)
FNDA:0,(anonymous_1)
FNDA:0,(anonymous_2)
DA:14,0
DA:15,0
DA:16,0
DA:20,0
DA:39,0
DA:62,0
DA:63,0
LF:7
LH:0
BRDA:44,0,0,0
BRDA:44,0,1,0
BRDA:52,1,0,0
BRDA:52,1,1,0
BRF:4
BRH:0
end_of_record
TN:
SF:src/processors/ProcessChangefrequency.ts
FN:20,(anonymous_0)
FN:36,(anonymous_1)
FN:46,(anonymous_2)
FN:72,(anonymous_3)
FN:80,(anonymous_4)
FNF:5
FNH:0
FNDA:0,(anonymous_0)
FNDA:0,(anonymous_1)
FNDA:0,(anonymous_2)
FNDA:0,(anonymous_3)
FNDA:0,(anonymous_4)
DA:11,0
DA:13,0
DA:21,0
DA:22,0
DA:24,0
DA:28,0
DA:29,0
DA:33,0
DA:34,0
DA:35,0
DA:37,0
DA:39,0
DA:40,0
DA:46,0
DA:47,0
DA:48,0
DA:49,0
DA:50,0
DA:52,0
DA:55,0
DA:57,0
DA:58,0
DA:62,0
DA:72,0
DA:74,0
DA:79,0
DA:86,0
DA:98,0
DA:109,0
DA:110,0
DA:124,0
DA:130,0
LF:32
LH:0
BRDA:37,0,0,0
BRDA:37,0,1,0
BRDA:39,1,0,0
BRDA:39,1,1,0
BRDA:48,2,0,0
BRDA:48,2,1,0
BRDA:49,3,0,0
BRDA:49,3,1,0
BRDA:58,4,0,0
BRDA:58,4,1,0
BRF:10
BRH:0
end_of_record
TN:
SF:src/processors/ProcessCombineCoverage.ts
FN:27,(anonymous_0)
FN:29,(anonymous_1)
FN:42,(anonymous_2)
FN:46,(anonymous_3)
FN:51,(anonymous_4)
FN:63,(anonymous_5)
FN:133,(anonymous_6)
FN:134,(anonymous_7)
FN:144,(anonymous_8)
FN:173,(anonymous_9)
FN:183,(anonymous_10)
FN:194,(anonymous_11)
FN:195,(anonymous_12)
FNF:13
FNH:0
FNDA:0,(anonymous_0)
FNDA:0,(anonymous_1)
FNDA:0,(anonymous_2)
FNDA:0,(anonymous_3)
FNDA:0,(anonymous_4)
FNDA:0,(anonymous_5)
FNDA:0,(anonymous_6)
FNDA:0,(anonymous_7)
FNDA:0,(anonymous_8)
FNDA:0,(anonymous_9)
FNDA:0,(anonymous_10)
FNDA:0,(anonymous_11)
FNDA:0,(anonymous_12)
DA:25,0
DA:29,0
DA:30,0
DA:31,0
DA:34,0
DA:35,0
DA:37,0
DA:38,0
DA:41,0
DA:42,0
DA:43,0
DA:46,0
DA:51,0
DA:53,0
DA:58,0
DA:60,0
DA:64,0
DA:66,0
DA:68,0
DA:70,0
DA:71,0
DA:74,0
DA:75,0
DA:84,0
DA:85,0
DA:86,0
DA:87,0
DA:90,0
DA:93,0
DA:110,0
DA:115,0
DA:124,0
DA:125,0
DA:130,0
DA:131,0
DA:132,0
DA:133,0
DA:134,0
DA:135,0
DA:136,0
DA:137,0
DA:138,0
DA:142,0
DA:144,0
DA:147,0
DA:150,0
DA:152,0
DA:154,0
DA:170,0
DA:172,0
DA:173,0
DA:174,0
DA:177,0
DA:179,0
DA:181,0
DA:182,0
DA:183,0
DA:184,0
DA:194,0
DA:195,0
DA:196,0
DA:197,0
DA:202,0
DA:203,0
DA:204,0
DA:212,0
DA:220,0
DA:221,0
DA:227,0
DA:228,0
DA:246,0
DA:248,0
DA:249,0
DA:253,0
DA:255,0
DA:263,0
DA:273,0
DA:286,0
DA:287,0
DA:292,0
DA:306,0
DA:307,0
DA:309,0
DA:310,0
DA:325,0
DA:326,0
DA:332,0
LF:87
LH:0
BRDA:51,0,0,0
BRDA:51,0,1,0
BRDA:51,1,0,0
BRDA:51,1,1,0
BRDA:84,2,0,0
BRDA:84,2,1,0
BRDA:86,3,0,0
BRDA:86,3,1,0
BRDA:124,4,0,0
BRDA:124,4,1,0
BRDA:124,5,0,0
BRDA:124,5,1,0
BRDA:136,6,0,0
BRDA:136,6,1,0
BRDA:147,7,0,0
BRDA:147,7,1,0
BRDA:147,8,0,0
BRDA:147,8,1,0
BRDA:150,9,0,0
BRDA:150,9,1,0
BRDA:233,10,0,0
BRDA:233,10,1,0
BRDA:234,11,0,0
BRDA:234,11,1,0
BRDA:235,12,0,0
BRDA:235,12,1,0
BRDA:236,13,0,0
BRDA:236,13,1,0
BRDA:237,14,0,0
BRDA:237,14,1,0
BRDA:238,15,0,0
BRDA:238,15,1,0
BRDA:239,16,0,0
BRDA:239,16,1,0
BRDA:240,17,0,0
BRDA:240,17,1,0
BRDA:241,18,0,0
BRDA:241,18,1,0
BRDA:286,19,0,0
BRDA:286,19,1,0
BRDA:301,20,0,0
BRDA:301,20,1,0
BRDA:319,21,0,0
BRDA:319,21,1,0
BRF:44
BRH:0
end_of_record
TN:
SF:src/processors/ProcessSonarqube.ts
FN:20,(anonymous_0)
FN:28,(anonymous_1)
FN:33,(anonymous_2)
FN:33,(anonymous_3)
FN:36,(anonymous_4)
FN:64,(anonymous_5)
FN:73,(anonymous_6)
FN:132,(anonymous_7)
FN:138,(anonymous_8)
FN:141,(anonymous_9)
FN:164,(anonymous_10)
FN:176,(anonymous_11)
FN:181,(anonymous_12)
FN:194,(anonymous_13)
FN:212,(anonymous_14)
FN:227,(anonymous_15)
FNF:16
FNH:0
FNDA:0,(anonymous_0)
FNDA:0,(anonymous_1)
FNDA:0,(anonymous_2)
FNDA:0,(anonymous_3)
FNDA:0,(anonymous_4)
FNDA:0,(anonymous_5)
FNDA:0,(anonymous_6)
FNDA:0,(anonymous_7)
FNDA:0,(anonymous_8)
FNDA:0,(anonymous_9)
FNDA:0,(anonymous_10)
FNDA:0,(anonymous_11)
FNDA:0,(anonymous_12)
FNDA:0,(anonymous_13)
FNDA:0,(anonymous_14)
FNDA:0,(anonymous_15)
DA:11,0
DA:13,0
DA:21,0
DA:22,0
DA:23,0
DA:24,0
DA:26,0
DA:27,0
DA:28,0
DA:29,0
DA:30,0
DA:33,0
DA:34,0
DA:35,0
DA:36,0
DA:37,0
DA:38,0
DA:39,0
DA:41,0
DA:42,0
DA:44,0
DA:45,0
DA:48,0
DA:50,0
DA:61,0
DA:63,0
DA:64,0
DA:65,0
DA:66,0
DA:69,0
DA:70,0
DA:71,0
DA:73,0
DA:74,0
DA:75,0
DA:76,0
DA:78,0
DA:79,0
DA:80,0
DA:83,0
DA:84,0
DA:86,0
DA:89,0
DA:100,0
DA:102,0
DA:103,0
DA:104,0
DA:106,0
DA:111,0
DA:122,0
DA:126,0
DA:132,0
DA:137,0
DA:138,0
DA:140,0
DA:141,0
DA:142,0
DA:143,0
DA:150,0
DA:152,0
DA:153,0
DA:157,0
DA:161,0
DA:164,0
DA:172,0
DA:174,0
DA:175,0
DA:176,0
DA:177,0
DA:178,0
DA:179,0
DA:181,0
DA:184,0
DA:189,0
DA:190,0
DA:192,0
DA:194,0
DA:195,0
DA:196,0
DA:197,0
DA:198,0
DA:200,0
DA:205,0
DA:207,0
DA:211,0
DA:213,0
DA:224,0
DA:226,0
DA:228,0
DA:239,0
DA:253,0
DA:254,0
DA:256,0
DA:269,0
DA:271,0
DA:285,0
DA:286,0
DA:300,0
DA:306,0
LF:99
LH:0
BRDA:29,0,0,0
BRDA:29,0,1,0
BRDA:37,1,0,0
BRDA:37,1,1,0
BRDA:41,2,0,0
BRDA:41,2,1,0
BRDA:74,3,0,0
BRDA:74,3,1,0
BRDA:78,4,0,0
BRDA:78,4,1,0
BRDA:84,5,0,0
BRDA:84,5,1,0
BRDA:142,6,0,0
BRDA:142,6,1,0
BRDA:178,7,0,0
BRDA:178,7,1,0
BRDA:179,8,0,0
BRDA:179,8,1,0
BRDA:181,9,0,0
BRDA:181,9,1,0
BRDA:189,10,0,0
BRDA:189,10,1,0
BRDA:196,11,0,0
BRDA:196,11,1,0
BRDA:197,12,0,0
BRDA:197,12,1,0
BRF:26
BRH:0
end_of_record
TN:
SF:src/processors/ProcessUpload.ts
FN:27,(anonymous_0)
FN:39,(anonymous_1)
FN:146,(anonymous_2)
FNF:3
FNH:0
FNDA:0,(anonymous_0)
FNDA:0,(anonymous_1)
FNDA:0,(anonymous_2)
DA:17,0
DA:28,0
DA:37,0
DA:38,0
DA:39,0
DA:40,0
DA:41,0
DA:44,0
DA:45,0
DA:47,0
DA:49,0
DA:51,0
DA:53,0
DA:55,0
DA:56,0
DA:59,0
DA:60,0
DA:63,0
DA:94,0
DA:112,0
DA:113,0
DA:116,0
DA:118,0
DA:120,0
DA:122,0
DA:124,0
DA:140,0
DA:147,0
DA:150,0
DA:152,0
DA:153,0
DA:154,0
DA:157,0
DA:160,0
DA:170,0
DA:176,0
LF:36
LH:0
BRDA:55,0,0,0
BRDA:55,0,1,0
BRDA:59,1,0,0
BRDA:59,1,1,0
BRDA:112,2,0,0
BRDA:112,2,1,0
BRDA:133,3,0,0
BRDA:133,3,1,0
BRDA:153,4,0,0
BRDA:153,4,1,0
BRF:10
BRH:0
end_of_record
TN:
SF:src/processors/addEventListeners.ts
FN:3,(anonymous_0)
FN:4,(anonymous_1)
FN:8,(anonymous_2)
FN:12,(anonymous_3)
FNF:4
FNH:0
FNDA:0,(anonymous_0)
FNDA:0,(anonymous_1)
FNDA:0,(anonymous_2)
FNDA:0,(anonymous_3)
DA:3,0
DA:4,0
DA:5,0
DA:8,0
DA:9,0
DA:12,0
DA:13,0
DA:14,0
LF:8
LH:0
BRF:0
BRH:0
end_of_record
TN:
SF:src/processors/ProcessCombineCoverage/processAllInstances.ts
FN:12,(anonymous_0)
FN:23,(anonymous_1)
FN:67,(anonymous_2)
FN:69,(anonymous_3)
FNF:4
FNH:0
FNDA:0,(anonymous_0)
FNDA:0,(anonymous_1)
FNDA:0,(anonymous_2)
FNDA:0,(anonymous_3)
DA:12,0
DA:13,0
DA:22,0
DA:23,0
DA:24,0
DA:27,0
DA:28,0
DA:29,0
DA:30,0
DA:32,0
DA:34,0
DA:35,0
DA:36,0
DA:38,0
DA:39,0
DA:41,0
DA:42,0
DA:45,0
DA:54,0
DA:58,0
DA:61,0
DA:63,0
DA:64,0
DA:67,0
DA:68,0
DA:69,0
DA:70,0
DA:71,0
DA:74,0
DA:80,0
DA:89,0
DA:91,0
DA:98,0
DA:100,0
DA:101,0
DA:107,0
DA:108,0
DA:126,0
DA:128,0
LF:39
LH:0
BRDA:30,0,0,0
BRDA:30,0,1,0
BRDA:39,1,0,0
BRDA:39,1,1,0
BRDA:41,2,0,0
BRDA:41,2,1,0
BRDA:113,3,0,0
BRDA:113,3,1,0
BRDA:114,4,0,0
BRDA:114,4,1,0
BRDA:115,5,0,0
BRDA:115,5,1,0
BRDA:116,6,0,0
BRDA:116,6,1,0
BRDA:117,7,0,0
BRDA:117,7,1,0
BRDA:118,8,0,0
BRDA:118,8,1,0
BRDA:119,9,0,0
BRDA:119,9,1,0
BRDA:120,10,0,0
BRDA:120,10,1,0
BRDA:121,11,0,0
BRDA:121,11,1,0
BRF:24
BRH:0
end_of_record
TN:
SF:src/processors/ProcessCombineCoverage/processTestInstance.ts
FN:11,(anonymous_0)
FN:85,(anonymous_1)
FN:87,(anonymous_2)
FN:94,(anonymous_3)
FN:96,(anonymous_4)
FNF:5
FNH:0
FNDA:0,(anonymous_0)
FNDA:0,(anonymous_1)
FNDA:0,(anonymous_2)
FNDA:0,(anonymous_3)
FNDA:0,(anonymous_4)
DA:11,0
DA:15,0
DA:24,0
DA:25,0
DA:27,0
DA:49,0
DA:51,0
DA:68,0
DA:70,0
DA:71,0
DA:73,0
DA:77,0
DA:79,0
DA:81,0
DA:82,0
DA:83,0
DA:85,0
DA:86,0
DA:87,0
DA:88,0
DA:89,0
DA:94,0
DA:95,0
DA:96,0
DA:97,0
DA:98,0
DA:101,0
DA:105,0
DA:107,0
DA:109,0
DA:115,0
DA:122,0
DA:123,0
DA:129,0
DA:130,0
DA:148,0
DA:150,0
DA:154,0
DA:163,0
LF:39
LH:0
BRDA:29,0,0,0
BRDA:29,0,1,0
BRDA:49,1,0,0
BRDA:49,1,1,0
BRDA:70,2,0,0
BRDA:70,2,1,0
BRDA:135,3,0,0
BRDA:135,3,1,0
BRDA:136,4,0,0
BRDA:136,4,1,0
BRDA:137,5,0,0
BRDA:137,5,1,0
BRDA:138,6,0,0
BRDA:138,6,1,0
BRDA:139,7,0,0
BRDA:139,7,1,0
BRDA:140,8,0,0
BRDA:140,8,1,0
BRDA:141,9,0,0
BRDA:141,9,1,0
BRDA:142,10,0,0
BRDA:142,10,1,0
BRDA:143,11,0,0
BRDA:143,11,1,0
BRF:24
BRH:0
end_of_record
TN:
SF:src/projects/mutations/deleteProject.ts
FN:9,(anonymous_0)
FNF:1
FNH:0
FNDA:0,(anonymous_0)
DA:5,0
DA:11,0
DA:13,0
LF:3
LH:0
BRF:0
BRH:0
end_of_record
TN:
SF:src/projects/mutations/updateProject.ts
FN:11,(anonymous_0)
FNF:1
FNH:0
FNDA:0,(anonymous_0)
DA:5,0
DA:13,0
DA:15,0
LF:3
LH:0
BRF:0
BRH:0
end_of_record
TN:
SF:src/queues/ChangeFrequencyQueue.ts
FN:12,(anonymous_0)
FNF:1
FNH:0
FNDA:0,(anonymous_0)
DA:6,0
DA:7,0
DA:12,0
DA:18,0
DA:19,0
LF:5
LH:0
BRF:0
BRH:0
end_of_record
TN:
SF:src/queues/CombineCoverage.ts
FN:13,(anonymous_0)
FNF:1
FNH:0
FNDA:0,(anonymous_0)
DA:5,0
DA:8,0
DA:13,0
DA:14,0
DA:15,0
LF:5
LH:0
BRF:0
BRH:0
end_of_record
TN:
SF:src/queues/SonarQubeQueue.ts
FN:12,(anonymous_0)
FNF:1
FNH:0
FNDA:0,(anonymous_0)
DA:6,0
DA:7,0
DA:12,0
DA:18,0
DA:19,0
LF:5
LH:0
BRF:0
BRH:0
end_of_record
TN:
SF:src/queues/UploadQueue.ts
FN:13,(anonymous_0)
FNF:1
FNH:0
FNDA:0,(anonymous_0)
DA:7,0
DA:8,0
DA:13,0
DA:22,0
DA:31,0
DA:32,0
DA:33,0
DA:49,0
DA:50,0
LF:9
LH:0
BRF:0
BRH:0
end_of_record
TN:
SF:src/queues/config.ts
FNF:0
FNH:0
DA:3,0
LF:1
LH:0
BRDA:5,0,0,0
BRDA:5,0,1,0
BRDA:6,1,0,0
BRDA:6,1,1,0
BRF:4
BRH:0
end_of_record
TN:
SF:src/settings/mutations/createSetting.ts
FN:9,(anonymous_0)
FNF:1
FNH:0
FNDA:0,(anonymous_0)
DA:5,0
DA:11,0
DA:13,0
LF:3
LH:0
BRF:0
BRH:0
end_of_record
TN:
SF:src/settings/mutations/deleteSetting.ts
FN:9,(anonymous_0)
FNF:1
FNH:0
FNDA:0,(anonymous_0)
DA:5,0
DA:11,0
DA:13,0
LF:3
LH:0
BRF:0
BRH:0
end_of_record
TN:
SF:src/settings/mutations/updateSetting.ts
FN:10,(anonymous_0)
FNF:1
FNH:0
FNDA:0,(anonymous_0)
DA:5,0
DA:12,0
DA:18,0
LF:3
LH:0
BRF:0
BRH:0
end_of_record
TN:
SF:src/settings/queries/getSetting.ts
FN:10,(anonymous_0)
FNF:1
FNH:0
FNDA:0,(anonymous_0)
DA:5,0
DA:12,0
DA:14,0
LF:3
LH:0
BRF:0
BRH:0
end_of_record
TN:
SF:src/settings/queries/getSettings.ts
FN:10,(anonymous_0)
FN:20,(anonymous_1)
FN:21,(anonymous_2)
FNF:3
FNH:0
FNDA:0,(anonymous_0)
FNDA:0,(anonymous_1)
FNDA:0,(anonymous_2)
DA:17,0
DA:20,0
DA:21,0
DA:24,0
LF:4
LH:0
BRDA:10,0,0,0
BRDA:10,1,0,0
BRF:2
BRH:0
end_of_record
TN:
SF:src/users/queries/getCurrentUser.ts
FN:4,getCurrentUser
FNF:1
FNH:0
FNDA:0,getCurrentUser
DA:5,0
DA:7,0
DA:12,0
LF:3
LH:0
BRDA:4,0,0,0
BRDA:5,1,0,0
BRDA:5,1,1,0
BRF:3
BRH:0
end_of_record
