{
  "/Users/bart.riepe/Projects/mycoverage/src/blitz-client.ts": {
    "path": "/Users/bart.riepe/Projects/mycoverage/src/blitz-client.ts",
    "statementMap": {
      "0": {
        "start": { "line": 5, "column": 26 },
        "end": { "line": 7, "column": null }
      },
      "1": {
        "start": { "line": 9, "column": 29 },
        "end": { "line": 11, "column": null }
      }
    },
    "fnMap": {},
    "branchMap": {},
    "s": { "0": 0, "1": 0 },
    "f": {},
    "b": {}
  },
  "/Users/bart.riepe/Projects/mycoverage/src/blitz-server.ts": {
    "path": "/Users/bart.riepe/Projects/mycoverage/src/blitz-server.ts",
    "statementMap": {
      "0": {
        "start": { "line": 12, "column": 34 },
        "end": { "line": 24, "column": null }
      }
    },
    "fnMap": {},
    "branchMap": {
      "0": {
        "loc": {
          "start": { "line": 22, "column": 12 },
          "end": { "line": 22, "column": null }
        },
        "type": "cond-expr",
        "locations": [
          {
            "start": { "line": 22, "column": 52 },
            "end": { "line": 22, "column": 61 }
          },
          {
            "start": { "line": 22, "column": 61 },
            "end": { "line": 22, "column": null }
          }
        ]
      }
    },
    "s": { "0": 0 },
    "f": {},
    "b": { "0": [0, 0] }
  },
  "/Users/bart.riepe/Projects/mycoverage/src/test.ts": {
    "path": "/Users/bart.riepe/Projects/mycoverage/src/test.ts",
    "statementMap": {
      "0": {
        "start": { "line": 4, "column": 21 },
        "end": { "line": 7, "column": null }
      },
      "1": {
        "start": { "line": 9, "column": 33 },
        "end": { "line": 9, "column": null }
      },
      "2": {
        "start": { "line": 10, "column": 0 },
        "end": { "line": 22, "column": null }
      },
      "3": {
        "start": { "line": 11, "column": 17 },
        "end": { "line": 11, "column": null }
      },
      "4": {
        "start": { "line": 12, "column": 14 },
        "end": { "line": 12, "column": null }
      },
      "5": {
        "start": { "line": 13, "column": 23 },
        "end": { "line": 13, "column": null }
      },
      "6": {
        "start": { "line": 14, "column": 2 },
        "end": { "line": 20, "column": null }
      },
      "7": {
        "start": { "line": 15, "column": 4 },
        "end": { "line": 15, "column": null }
      },
      "8": {
        "start": { "line": 16, "column": 4 },
        "end": { "line": 19, "column": null }
      },
      "9": {
        "start": { "line": 17, "column": 6 },
        "end": { "line": 17, "column": null }
      },
      "10": {
        "start": { "line": 18, "column": 6 },
        "end": { "line": 18, "column": null }
      },
      "11": {
        "start": { "line": 21, "column": 2 },
        "end": { "line": 21, "column": null }
      }
    },
    "fnMap": {
      "0": {
        "name": "(anonymous_0)",
        "decl": {
          "start": { "line": 10, "column": 49 },
          "end": { "line": 10, "column": 50 }
        },
        "loc": {
          "start": { "line": 10, "column": 58 },
          "end": { "line": 22, "column": 1 }
        }
      },
      "1": {
        "name": "(anonymous_1)",
        "decl": {
          "start": { "line": 14, "column": 58 },
          "end": { "line": 14, "column": 59 }
        },
        "loc": {
          "start": { "line": 14, "column": 67 },
          "end": { "line": 20, "column": 3 }
        }
      },
      "2": {
        "name": "(anonymous_2)",
        "decl": {
          "start": { "line": 16, "column": 22 },
          "end": { "line": 16, "column": 23 }
        },
        "loc": {
          "start": { "line": 16, "column": 32 },
          "end": { "line": 19, "column": 5 }
        }
      }
    },
    "branchMap": {},
    "s": {
      "0": 0,
      "1": 0,
      "2": 0,
      "3": 0,
      "4": 0,
      "5": 0,
      "6": 0,
      "7": 0,
      "8": 0,
      "9": 0,
      "10": 0,
      "11": 0
    },
    "f": { "0": 0, "1": 0, "2": 0 },
    "b": {}
  },
  "/Users/bart.riepe/Projects/mycoverage/src/worker.ts": {
    "path": "/Users/bart.riepe/Projects/mycoverage/src/worker.ts",
    "statementMap": {
      "0": {
        "start": { "line": 9, "column": 13 },
        "end": { "line": 9, "column": null }
      },
      "1": {
        "start": { "line": 11, "column": 40 },
        "end": { "line": 16, "column": null }
      },
      "2": {
        "start": { "line": 18, "column": 0 },
        "end": { "line": 18, "column": null }
      },
      "3": {
        "start": { "line": 20, "column": 0 },
        "end": { "line": 29, "column": null }
      },
      "4": {
        "start": { "line": 21, "column": 1 },
        "end": { "line": 28, "column": null }
      },
      "5": {
        "start": { "line": 22, "column": 2 },
        "end": { "line": 22, "column": null }
      },
      "6": {
        "start": { "line": 23, "column": 17 },
        "end": { "line": 23, "column": null }
      },
      "7": {
        "start": { "line": 25, "column": 2 },
        "end": { "line": 27, "column": null }
      },
      "8": {
        "start": { "line": 26, "column": 3 },
        "end": { "line": 26, "column": null }
      },
      "9": {
        "start": { "line": 31, "column": 0 },
        "end": { "line": 43, "column": null }
      },
      "10": {
        "start": { "line": 33, "column": 16 },
        "end": { "line": 36, "column": null }
      },
      "11": {
        "start": { "line": 34, "column": 2 },
        "end": { "line": 34, "column": null }
      },
      "12": {
        "start": { "line": 35, "column": 2 },
        "end": { "line": 35, "column": null }
      },
      "13": {
        "start": { "line": 38, "column": 14 },
        "end": { "line": 38, "column": null }
      },
      "14": {
        "start": { "line": 39, "column": 14 },
        "end": { "line": 39, "column": null }
      },
      "15": {
        "start": { "line": 40, "column": 1 },
        "end": { "line": 42, "column": null }
      },
      "16": {
        "start": { "line": 41, "column": 2 },
        "end": { "line": 41, "column": null }
      },
      "17": {
        "start": { "line": 45, "column": 0 },
        "end": { "line": 45, "column": null }
      }
    },
    "fnMap": {
      "0": {
        "name": "(anonymous_0)",
        "decl": {
          "start": { "line": 20, "column": 29 },
          "end": { "line": 20, "column": 30 }
        },
        "loc": {
          "start": { "line": 20, "column": 44 },
          "end": { "line": 29, "column": 1 }
        }
      },
      "1": {
        "name": "(anonymous_1)",
        "decl": {
          "start": { "line": 25, "column": 22 },
          "end": { "line": 25, "column": 23 }
        },
        "loc": {
          "start": { "line": 25, "column": 33 },
          "end": { "line": 27, "column": 3 }
        }
      },
      "2": {
        "name": "(anonymous_2)",
        "decl": {
          "start": { "line": 33, "column": 34 },
          "end": { "line": 33, "column": 35 }
        },
        "loc": {
          "start": { "line": 33, "column": 48 },
          "end": { "line": 36, "column": 2 }
        }
      },
      "3": {
        "name": "(anonymous_3)",
        "decl": {
          "start": { "line": 40, "column": 40 },
          "end": { "line": 40, "column": 46 }
        },
        "loc": {
          "start": { "line": 40, "column": 46 },
          "end": { "line": 42, "column": 2 }
        }
      }
    },
    "branchMap": {
      "0": {
        "loc": {
          "start": { "line": 21, "column": 1 },
          "end": { "line": 28, "column": null }
        },
        "type": "if",
        "locations": [
          {
            "start": { "line": 21, "column": 1 },
            "end": { "line": 28, "column": null }
          },
          {
            "start": { "line": 21, "column": 1 },
            "end": { "line": 28, "column": null }
          }
        ]
      },
      "1": {
        "loc": {
          "start": { "line": 21, "column": 5 },
          "end": { "line": 21, "column": 76 }
        },
        "type": "binary-expr",
        "locations": [
          {
            "start": { "line": 21, "column": 5 },
            "end": { "line": 21, "column": 21 }
          },
          {
            "start": { "line": 21, "column": 21 },
            "end": { "line": 21, "column": 76 }
          }
        ]
      },
      "2": {
        "loc": {
          "start": { "line": 31, "column": 0 },
          "end": { "line": 43, "column": null }
        },
        "type": "if",
        "locations": [
          {
            "start": { "line": 31, "column": 0 },
            "end": { "line": 43, "column": null }
          },
          {
            "start": { "line": 31, "column": 0 },
            "end": { "line": 43, "column": null }
          }
        ]
      },
      "3": {
        "loc": {
          "start": { "line": 39, "column": 14 },
          "end": { "line": 39, "column": null }
        },
        "type": "binary-expr",
        "locations": [
          {
            "start": { "line": 39, "column": 14 },
            "end": { "line": 39, "column": 46 }
          },
          {
            "start": { "line": 39, "column": 46 },
            "end": { "line": 39, "column": null }
          }
        ]
      }
    },
    "s": {
      "0": 0,
      "1": 0,
      "2": 0,
      "3": 0,
      "4": 0,
      "5": 0,
      "6": 0,
      "7": 0,
      "8": 0,
      "9": 0,
      "10": 0,
      "11": 0,
      "12": 0,
      "13": 0,
      "14": 0,
      "15": 0,
      "16": 0,
      "17": 0
    },
    "f": { "0": 0, "1": 0, "2": 0, "3": 0 },
    "b": { "0": [0, 0], "1": [0, 0], "2": [0, 0], "3": [0, 0] }
  },
  "/Users/bart.riepe/Projects/mycoverage/src/branches/mutations/createBranch.ts": {
    "path": "/Users/bart.riepe/Projects/mycoverage/src/branches/mutations/createBranch.ts",
    "statementMap": {
      "0": {
        "start": { "line": 6, "column": 21 },
        "end": { "line": 10, "column": null }
      },
      "1": {
        "start": { "line": 17, "column": 17 },
        "end": { "line": 19, "column": null }
      },
      "2": {
        "start": { "line": 21, "column": 2 },
        "end": { "line": 21, "column": null }
      }
    },
    "fnMap": {
      "0": {
        "name": "(anonymous_0)",
        "decl": {
          "start": { "line": 15, "column": 1 },
          "end": { "line": 15, "column": 8 }
        },
        "loc": {
          "start": { "line": 15, "column": 18 },
          "end": { "line": 22, "column": null }
        }
      }
    },
    "branchMap": {},
    "s": { "0": 0, "1": 0, "2": 0 },
    "f": { "0": 0 },
    "b": {}
  },
  "/Users/bart.riepe/Projects/mycoverage/src/branches/mutations/deleteBranch.ts": {
    "path": "/Users/bart.riepe/Projects/mycoverage/src/branches/mutations/deleteBranch.ts",
    "statementMap": {
      "0": {
        "start": { "line": 5, "column": 21 },
        "end": { "line": 7, "column": null }
      },
      "1": {
        "start": { "line": 14, "column": 17 },
        "end": { "line": 14, "column": null }
      },
      "2": {
        "start": { "line": 16, "column": 2 },
        "end": { "line": 16, "column": null }
      }
    },
    "fnMap": {
      "0": {
        "name": "(anonymous_0)",
        "decl": {
          "start": { "line": 12, "column": 1 },
          "end": { "line": 12, "column": 8 }
        },
        "loc": {
          "start": { "line": 12, "column": 19 },
          "end": { "line": 17, "column": null }
        }
      }
    },
    "branchMap": {},
    "s": { "0": 0, "1": 0, "2": 0 },
    "f": { "0": 0 },
    "b": {}
  },
  "/Users/bart.riepe/Projects/mycoverage/src/branches/mutations/updateBranch.ts": {
    "path": "/Users/bart.riepe/Projects/mycoverage/src/branches/mutations/updateBranch.ts",
    "statementMap": {
      "0": {
        "start": { "line": 5, "column": 21 },
        "end": { "line": 8, "column": null }
      },
      "1": {
        "start": { "line": 15, "column": 17 },
        "end": { "line": 15, "column": null }
      },
      "2": {
        "start": { "line": 17, "column": 2 },
        "end": { "line": 17, "column": null }
      }
    },
    "fnMap": {
      "0": {
        "name": "(anonymous_0)",
        "decl": {
          "start": { "line": 13, "column": 1 },
          "end": { "line": 13, "column": 8 }
        },
        "loc": {
          "start": { "line": 13, "column": 28 },
          "end": { "line": 18, "column": null }
        }
      }
    },
    "branchMap": {},
    "s": { "0": 0, "1": 0, "2": 0 },
    "f": { "0": 0 },
    "b": {}
  },
  "/Users/bart.riepe/Projects/mycoverage/src/branches/queries/getBranches.ts": {
    "path": "/Users/bart.riepe/Projects/mycoverage/src/branches/queries/getBranches.ts",
    "statementMap": {
      "0": {
        "start": { "line": 19, "column": 6 },
        "end": { "line": 25, "column": null }
      },
      "1": {
        "start": { "line": 22, "column": 16 },
        "end": { "line": 22, "column": null }
      },
      "2": {
        "start": { "line": 24, "column": 4 },
        "end": { "line": 24, "column": null }
      },
      "3": {
        "start": { "line": 27, "column": 2 },
        "end": { "line": 32, "column": null }
      }
    },
    "fnMap": {
      "0": {
        "name": "(anonymous_0)",
        "decl": {
          "start": { "line": 12, "column": 1 },
          "end": { "line": 12, "column": 8 }
        },
        "loc": {
          "start": { "line": 12, "column": 71 },
          "end": { "line": 33, "column": null }
        }
      },
      "1": {
        "name": "(anonymous_1)",
        "decl": {
          "start": { "line": 22, "column": 10 },
          "end": { "line": 22, "column": 16 }
        },
        "loc": {
          "start": { "line": 22, "column": 16 },
          "end": { "line": 22, "column": null }
        }
      },
      "2": {
        "name": "(anonymous_2)",
        "decl": {
          "start": { "line": 23, "column": 10 },
          "end": { "line": 23, "column": 11 }
        },
        "loc": {
          "start": { "line": 24, "column": 4 },
          "end": { "line": 24, "column": null }
        }
      }
    },
    "branchMap": {
      "0": {
        "loc": {
          "start": { "line": 12, "column": 26 },
          "end": { "line": 12, "column": 36 }
        },
        "type": "default-arg",
        "locations": [
          {
            "start": { "line": 12, "column": 33 },
            "end": { "line": 12, "column": 36 }
          }
        ]
      },
      "1": {
        "loc": {
          "start": { "line": 12, "column": 36 },
          "end": { "line": 12, "column": 47 }
        },
        "type": "default-arg",
        "locations": [
          {
            "start": { "line": 12, "column": 43 },
            "end": { "line": 12, "column": 47 }
          }
        ]
      }
    },
    "s": { "0": 0, "1": 0, "2": 0, "3": 0 },
    "f": { "0": 0, "1": 0, "2": 0 },
    "b": { "0": [0], "1": [0] }
  },
  "/Users/bart.riepe/Projects/mycoverage/src/core/hooks/useCurrentUser.ts": {
    "path": "/Users/bart.riepe/Projects/mycoverage/src/core/hooks/useCurrentUser.ts",
    "statementMap": {
      "0": {
        "start": { "line": 4, "column": 30 },
        "end": { "line": 7, "column": null }
      },
      "1": {
        "start": { "line": 5, "column": 16 },
        "end": { "line": 5, "column": null }
      },
      "2": {
        "start": { "line": 6, "column": 1 },
        "end": { "line": 6, "column": null }
      }
    },
    "fnMap": {
      "0": {
        "name": "(anonymous_0)",
        "decl": {
          "start": { "line": 4, "column": 30 },
          "end": { "line": 4, "column": 36 }
        },
        "loc": {
          "start": { "line": 4, "column": 36 },
          "end": { "line": 7, "column": null }
        }
      }
    },
    "branchMap": {},
    "s": { "0": 0, "1": 0, "2": 0 },
    "f": { "0": 0 },
    "b": {}
  },
  "/Users/bart.riepe/Projects/mycoverage/src/core/layouts/Layout.tsx": {
    "path": "/Users/bart.riepe/Projects/mycoverage/src/core/layouts/Layout.tsx",
    "statementMap": {
      "0": {
        "start": { "line": 13, "column": 15 },
        "end": { "line": 36, "column": null }
      },
      "1": {
        "start": { "line": 14, "column": 2 },
        "end": { "line": 34, "column": null }
      }
    },
    "fnMap": {
      "0": {
        "name": "(anonymous_0)",
        "decl": {
          "start": { "line": 13, "column": 15 },
          "end": { "line": 13, "column": 16 }
        },
        "loc": {
          "start": { "line": 13, "column": 53 },
          "end": { "line": 36, "column": null }
        }
      }
    },
    "branchMap": {
      "0": {
        "loc": {
          "start": { "line": 17, "column": 16 },
          "end": { "line": 17, "column": 38 }
        },
        "type": "binary-expr",
        "locations": [
          {
            "start": { "line": 17, "column": 16 },
            "end": { "line": 17, "column": 25 }
          },
          {
            "start": { "line": 17, "column": 25 },
            "end": { "line": 17, "column": 38 }
          }
        ]
      }
    },
    "s": { "0": 0, "1": 0 },
    "f": { "0": 0 },
    "b": { "0": [0, 0] }
  },
  "/Users/bart.riepe/Projects/mycoverage/src/core/layouts/WideLayout.tsx": {
    "path": "/Users/bart.riepe/Projects/mycoverage/src/core/layouts/WideLayout.tsx",
    "statementMap": {
      "0": {
        "start": { "line": 13, "column": 19 },
        "end": { "line": 38, "column": null }
      },
      "1": {
        "start": { "line": 14, "column": 1 },
        "end": { "line": 36, "column": null }
      }
    },
    "fnMap": {
      "0": {
        "name": "(anonymous_0)",
        "decl": {
          "start": { "line": 13, "column": 19 },
          "end": { "line": 13, "column": 20 }
        },
        "loc": {
          "start": { "line": 13, "column": 57 },
          "end": { "line": 38, "column": null }
        }
      }
    },
    "branchMap": {
      "0": {
        "loc": {
          "start": { "line": 17, "column": 12 },
          "end": { "line": 17, "column": 34 }
        },
        "type": "binary-expr",
        "locations": [
          {
            "start": { "line": 17, "column": 12 },
            "end": { "line": 17, "column": 21 }
          },
          {
            "start": { "line": 17, "column": 21 },
            "end": { "line": 17, "column": 34 }
          }
        ]
      }
    },
    "s": { "0": 0, "1": 0 },
    "f": { "0": 0 },
    "b": { "0": [0, 0] }
  },
  "/Users/bart.riepe/Projects/mycoverage/src/coverage/mutations/combineCoverage.ts": {
    "path": "/Users/bart.riepe/Projects/mycoverage/src/coverage/mutations/combineCoverage.ts",
    "statementMap": {
      "0": {
        "start": { "line": 13, "column": 16 },
        "end": { "line": 37, "column": null }
      },
      "1": {
        "start": { "line": 39, "column": 1 },
        "end": { "line": 41, "column": null }
      },
      "2": {
        "start": { "line": 40, "column": 2 },
        "end": { "line": 40, "column": null }
      },
      "3": {
        "start": { "line": 43, "column": 1 },
        "end": { "line": 47, "column": null }
      },
      "4": {
        "start": { "line": 49, "column": 1 },
        "end": { "line": 57, "column": null }
      },
      "5": {
        "start": { "line": 51, "column": 3 },
        "end": { "line": 55, "column": null }
      },
      "6": {
        "start": { "line": 59, "column": 1 },
        "end": { "line": 75, "column": null }
      },
      "7": {
        "start": { "line": 59, "column": 14 },
        "end": { "line": 59, "column": 17 }
      },
      "8": {
        "start": { "line": 60, "column": 15 },
        "end": { "line": 60, "column": null }
      },
      "9": {
        "start": { "line": 61, "column": 2 },
        "end": { "line": 61, "column": null }
      },
      "10": {
        "start": { "line": 61, "column": 13 },
        "end": { "line": 61, "column": null }
      },
      "11": {
        "start": { "line": 63, "column": 2 },
        "end": { "line": 74, "column": null }
      },
      "12": {
        "start": { "line": 63, "column": 15 },
        "end": { "line": 63, "column": 18 }
      },
      "13": {
        "start": { "line": 64, "column": 24 },
        "end": { "line": 64, "column": null }
      },
      "14": {
        "start": { "line": 65, "column": 3 },
        "end": { "line": 65, "column": null }
      },
      "15": {
        "start": { "line": 65, "column": 22 },
        "end": { "line": 65, "column": null }
      },
      "16": {
        "start": { "line": 66, "column": 3 },
        "end": { "line": 73, "column": null }
      },
      "17": {
        "start": { "line": 77, "column": 1 },
        "end": { "line": 84, "column": null }
      },
      "18": {
        "start": { "line": 87, "column": 1 },
        "end": { "line": 97, "column": null }
      },
      "19": {
        "start": { "line": 96, "column": 2 },
        "end": { "line": 96, "column": null }
      },
      "20": {
        "start": { "line": 99, "column": 1 },
        "end": { "line": 99, "column": null }
      },
      "21": {
        "start": { "line": 101, "column": 1 },
        "end": { "line": 101, "column": null }
      }
    },
    "fnMap": {
      "0": {
        "name": "combineCoverage",
        "decl": {
          "start": { "line": 9, "column": 30 },
          "end": { "line": 9, "column": null }
        },
        "loc": {
          "start": { "line": 12, "column": 2 },
          "end": { "line": 102, "column": null }
        }
      },
      "1": {
        "name": "(anonymous_1)",
        "decl": {
          "start": { "line": 50, "column": 18 },
          "end": { "line": 50, "column": 19 }
        },
        "loc": {
          "start": { "line": 50, "column": 28 },
          "end": { "line": 56, "column": 3 }
        }
      },
      "2": {
        "name": "(anonymous_2)",
        "decl": {
          "start": { "line": 95, "column": 10 },
          "end": { "line": 95, "column": 11 }
        },
        "loc": {
          "start": { "line": 95, "column": 21 },
          "end": { "line": 97, "column": 2 }
        }
      }
    },
    "branchMap": {
      "0": {
        "loc": {
          "start": { "line": 39, "column": 1 },
          "end": { "line": 41, "column": null }
        },
        "type": "if",
        "locations": [
          {
            "start": { "line": 39, "column": 1 },
            "end": { "line": 41, "column": null }
          },
          {
            "start": { "line": 39, "column": 1 },
            "end": { "line": 41, "column": null }
          }
        ]
      },
      "1": {
        "loc": {
          "start": { "line": 61, "column": 2 },
          "end": { "line": 61, "column": null }
        },
        "type": "if",
        "locations": [
          {
            "start": { "line": 61, "column": 2 },
            "end": { "line": 61, "column": null }
          },
          {
            "start": { "line": 61, "column": 2 },
            "end": { "line": 61, "column": null }
          }
        ]
      },
      "2": {
        "loc": {
          "start": { "line": 65, "column": 3 },
          "end": { "line": 65, "column": null }
        },
        "type": "if",
        "locations": [
          {
            "start": { "line": 65, "column": 3 },
            "end": { "line": 65, "column": null }
          },
          {
            "start": { "line": 65, "column": 3 },
            "end": { "line": 65, "column": null }
          }
        ]
      },
      "3": {
        "loc": {
          "start": { "line": 89, "column": 17 },
          "end": { "line": 89, "column": null }
        },
        "type": "binary-expr",
        "locations": [
          {
            "start": { "line": 89, "column": 17 },
            "end": { "line": 89, "column": 73 }
          },
          {
            "start": { "line": 89, "column": 73 },
            "end": { "line": 89, "column": null }
          }
        ]
      },
      "4": {
        "loc": {
          "start": { "line": 90, "column": 18 },
          "end": { "line": 90, "column": null }
        },
        "type": "binary-expr",
        "locations": [
          {
            "start": { "line": 90, "column": 18 },
            "end": { "line": 90, "column": 67 }
          },
          {
            "start": { "line": 90, "column": 67 },
            "end": { "line": 90, "column": null }
          }
        ]
      }
    },
    "s": {
      "0": 0,
      "1": 0,
      "2": 0,
      "3": 0,
      "4": 0,
      "5": 0,
      "6": 0,
      "7": 0,
      "8": 0,
      "9": 0,
      "10": 0,
      "11": 0,
      "12": 0,
      "13": 0,
      "14": 0,
      "15": 0,
      "16": 0,
      "17": 0,
      "18": 0,
      "19": 0,
      "20": 0,
      "21": 0
    },
    "f": { "0": 0, "1": 0, "2": 0 },
    "b": { "0": [0, 0], "1": [0, 0], "2": [0, 0], "3": [0, 0], "4": [0, 0] }
  },
  "/Users/bart.riepe/Projects/mycoverage/src/coverage/mutations/createGroup.ts": {
    "path": "/Users/bart.riepe/Projects/mycoverage/src/coverage/mutations/createGroup.ts",
    "statementMap": {
      "0": {
        "start": { "line": 5, "column": 20 },
        "end": { "line": 9, "column": null }
      },
      "1": {
        "start": { "line": 13, "column": 15 },
        "end": { "line": 13, "column": null }
      },
      "2": {
        "start": { "line": 15, "column": 1 },
        "end": { "line": 15, "column": null }
      }
    },
    "fnMap": {
      "0": {
        "name": "(anonymous_0)",
        "decl": {
          "start": { "line": 11, "column": 56 },
          "end": { "line": 11, "column": 63 }
        },
        "loc": {
          "start": { "line": 11, "column": 73 },
          "end": { "line": 16, "column": 1 }
        }
      }
    },
    "branchMap": {},
    "s": { "0": 0, "1": 0, "2": 0 },
    "f": { "0": 0 },
    "b": {}
  },
  "/Users/bart.riepe/Projects/mycoverage/src/coverage/mutations/createProject.ts": {
    "path": "/Users/bart.riepe/Projects/mycoverage/src/coverage/mutations/createProject.ts",
    "statementMap": {
      "0": {
        "start": { "line": 5, "column": 22 },
        "end": { "line": 10, "column": null }
      },
      "1": {
        "start": { "line": 14, "column": 17 },
        "end": { "line": 14, "column": null }
      },
      "2": {
        "start": { "line": 16, "column": 1 },
        "end": { "line": 16, "column": null }
      }
    },
    "fnMap": {
      "0": {
        "name": "(anonymous_0)",
        "decl": {
          "start": { "line": 12, "column": 58 },
          "end": { "line": 12, "column": 65 }
        },
        "loc": {
          "start": { "line": 12, "column": 75 },
          "end": { "line": 17, "column": 1 }
        }
      }
    },
    "branchMap": {},
    "s": { "0": 0, "1": 0, "2": 0 },
    "f": { "0": 0 },
    "b": {}
  },
  "/Users/bart.riepe/Projects/mycoverage/src/coverage/mutations/updatePrComment.ts": {
    "path": "/Users/bart.riepe/Projects/mycoverage/src/coverage/mutations/updatePrComment.ts",
    "statementMap": {
      "0": {
        "start": { "line": 9, "column": 1 },
        "end": { "line": 9, "column": null }
      },
      "1": {
        "start": { "line": 9, "column": 17 },
        "end": { "line": 9, "column": null }
      },
      "2": {
        "start": { "line": 11, "column": 12 },
        "end": { "line": 22, "column": null }
      },
      "3": {
        "start": { "line": 24, "column": 1 },
        "end": { "line": 24, "column": null }
      },
      "4": {
        "start": { "line": 24, "column": 10 },
        "end": { "line": 24, "column": null }
      },
      "5": {
        "start": { "line": 25, "column": 1 },
        "end": { "line": 25, "column": null }
      },
      "6": {
        "start": { "line": 27, "column": 1 },
        "end": { "line": 27, "column": null }
      }
    },
    "fnMap": {
      "0": {
        "name": "updatePrComment",
        "decl": {
          "start": { "line": 5, "column": 30 },
          "end": { "line": 5, "column": null }
        },
        "loc": {
          "start": { "line": 8, "column": 2 },
          "end": { "line": 28, "column": null }
        }
      }
    },
    "branchMap": {
      "0": {
        "loc": {
          "start": { "line": 9, "column": 1 },
          "end": { "line": 9, "column": null }
        },
        "type": "if",
        "locations": [
          {
            "start": { "line": 9, "column": 1 },
            "end": { "line": 9, "column": null }
          },
          {
            "start": { "line": 9, "column": 1 },
            "end": { "line": 9, "column": null }
          }
        ]
      },
      "1": {
        "loc": {
          "start": { "line": 24, "column": 1 },
          "end": { "line": 24, "column": null }
        },
        "type": "if",
        "locations": [
          {
            "start": { "line": 24, "column": 1 },
            "end": { "line": 24, "column": null }
          },
          {
            "start": { "line": 24, "column": 1 },
            "end": { "line": 24, "column": null }
          }
        ]
      }
    },
    "s": { "0": 0, "1": 0, "2": 0, "3": 0, "4": 0, "5": 0, "6": 0 },
    "f": { "0": 0 },
    "b": { "0": [0, 0], "1": [0, 0] }
  },
  "/Users/bart.riepe/Projects/mycoverage/src/coverage/queries/getBranch.ts": {
    "path": "/Users/bart.riepe/Projects/mycoverage/src/coverage/queries/getBranch.ts",
    "statementMap": {
      "0": {
        "start": { "line": 8, "column": 1 },
        "end": { "line": 8, "column": null }
      },
      "1": {
        "start": { "line": 8, "column": 42 },
        "end": { "line": 8, "column": null }
      },
      "2": {
        "start": { "line": 9, "column": 1 },
        "end": { "line": 11, "column": null }
      }
    },
    "fnMap": {
      "0": {
        "name": "getBranch",
        "decl": {
          "start": { "line": 4, "column": 30 },
          "end": { "line": 4, "column": null }
        },
        "loc": {
          "start": { "line": 7, "column": 2 },
          "end": { "line": 12, "column": null }
        }
      }
    },
    "branchMap": {
      "0": {
        "loc": {
          "start": { "line": 8, "column": 1 },
          "end": { "line": 8, "column": null }
        },
        "type": "if",
        "locations": [
          {
            "start": { "line": 8, "column": 1 },
            "end": { "line": 8, "column": null }
          },
          {
            "start": { "line": 8, "column": 1 },
            "end": { "line": 8, "column": null }
          }
        ]
      },
      "1": {
        "loc": {
          "start": { "line": 8, "column": 5 },
          "end": { "line": 8, "column": 42 }
        },
        "type": "binary-expr",
        "locations": [
          {
            "start": { "line": 8, "column": 5 },
            "end": { "line": 8, "column": 24 }
          },
          {
            "start": { "line": 8, "column": 24 },
            "end": { "line": 8, "column": 42 }
          }
        ]
      }
    },
    "s": { "0": 0, "1": 0, "2": 0 },
    "f": { "0": 0 },
    "b": { "0": [0, 0], "1": [0, 0] }
  },
  "/Users/bart.riepe/Projects/mycoverage/src/coverage/queries/getCommit.ts": {
    "path": "/Users/bart.riepe/Projects/mycoverage/src/coverage/queries/getCommit.ts",
    "statementMap": {
      "0": {
        "start": { "line": 8, "column": 1 },
        "end": { "line": 8, "column": null }
      },
      "1": {
        "start": { "line": 8, "column": 22 },
        "end": { "line": 8, "column": null }
      },
      "2": {
        "start": { "line": 9, "column": 1 },
        "end": { "line": 33, "column": null }
      }
    },
    "fnMap": {
      "0": {
        "name": "getCommit",
        "decl": {
          "start": { "line": 4, "column": 30 },
          "end": { "line": 4, "column": null }
        },
        "loc": {
          "start": { "line": 7, "column": 2 },
          "end": { "line": 34, "column": null }
        }
      }
    },
    "branchMap": {
      "0": {
        "loc": {
          "start": { "line": 8, "column": 1 },
          "end": { "line": 8, "column": null }
        },
        "type": "if",
        "locations": [
          {
            "start": { "line": 8, "column": 1 },
            "end": { "line": 8, "column": null }
          },
          {
            "start": { "line": 8, "column": 1 },
            "end": { "line": 8, "column": null }
          }
        ]
      }
    },
    "s": { "0": 0, "1": 0, "2": 0 },
    "f": { "0": 0 },
    "b": { "0": [0, 0] }
  },
  "/Users/bart.riepe/Projects/mycoverage/src/coverage/queries/getCommitFileDifferences.ts": {
    "path": "/Users/bart.riepe/Projects/mycoverage/src/coverage/queries/getCommitFileDifferences.ts",
    "statementMap": {
      "0": {
        "start": { "line": 8, "column": 2 },
        "end": { "line": 8, "column": null }
      },
      "1": {
        "start": { "line": 8, "column": 44 },
        "end": { "line": 8, "column": null }
      },
      "2": {
        "start": { "line": 10, "column": 2 },
        "end": { "line": 10, "column": null }
      }
    },
    "fnMap": {
      "0": {
        "name": "getCommitFileDifferences",
        "decl": {
          "start": { "line": 4, "column": 30 },
          "end": { "line": 4, "column": null }
        },
        "loc": {
          "start": { "line": 7, "column": 2 },
          "end": { "line": 11, "column": null }
        }
      }
    },
    "branchMap": {
      "0": {
        "loc": {
          "start": { "line": 8, "column": 2 },
          "end": { "line": 8, "column": null }
        },
        "type": "if",
        "locations": [
          {
            "start": { "line": 8, "column": 2 },
            "end": { "line": 8, "column": null }
          },
          {
            "start": { "line": 8, "column": 2 },
            "end": { "line": 8, "column": null }
          }
        ]
      },
      "1": {
        "loc": {
          "start": { "line": 8, "column": 6 },
          "end": { "line": 8, "column": 44 }
        },
        "type": "binary-expr",
        "locations": [
          {
            "start": { "line": 8, "column": 6 },
            "end": { "line": 8, "column": 28 }
          },
          {
            "start": { "line": 8, "column": 28 },
            "end": { "line": 8, "column": 44 }
          }
        ]
      }
    },
    "s": { "0": 0, "1": 0, "2": 0 },
    "f": { "0": 0 },
    "b": { "0": [0, 0], "1": [0, 0] }
  },
  "/Users/bart.riepe/Projects/mycoverage/src/coverage/queries/getCommitFromRef.ts": {
    "path": "/Users/bart.riepe/Projects/mycoverage/src/coverage/queries/getCommitFromRef.ts",
    "statementMap": {
      "0": {
        "start": { "line": 8, "column": 1 },
        "end": { "line": 8, "column": null }
      },
      "1": {
        "start": { "line": 8, "column": 16 },
        "end": { "line": 8, "column": null }
      },
      "2": {
        "start": { "line": 9, "column": 1 },
        "end": { "line": 11, "column": null }
      }
    },
    "fnMap": {
      "0": {
        "name": "getCommitFromRef",
        "decl": {
          "start": { "line": 4, "column": 30 },
          "end": { "line": 4, "column": null }
        },
        "loc": {
          "start": { "line": 7, "column": 2 },
          "end": { "line": 12, "column": null }
        }
      }
    },
    "branchMap": {
      "0": {
        "loc": {
          "start": { "line": 8, "column": 1 },
          "end": { "line": 8, "column": null }
        },
        "type": "if",
        "locations": [
          {
            "start": { "line": 8, "column": 1 },
            "end": { "line": 8, "column": null }
          },
          {
            "start": { "line": 8, "column": 1 },
            "end": { "line": 8, "column": null }
          }
        ]
      }
    },
    "s": { "0": 0, "1": 0, "2": 0 },
    "f": { "0": 0 },
    "b": { "0": [0, 0] }
  },
  "/Users/bart.riepe/Projects/mycoverage/src/coverage/queries/getCoverageGraphData.ts": {
    "path": "/Users/bart.riepe/Projects/mycoverage/src/coverage/queries/getCoverageGraphData.ts",
    "statementMap": {
      "0": {
        "start": { "line": 16, "column": 1 },
        "end": { "line": 16, "column": null }
      },
      "1": {
        "start": { "line": 16, "column": 39 },
        "end": { "line": 16, "column": null }
      },
      "2": {
        "start": { "line": 17, "column": 17 },
        "end": { "line": 22, "column": null }
      },
      "3": {
        "start": { "line": 23, "column": 1 },
        "end": { "line": 96, "column": null }
      },
      "4": {
        "start": { "line": 24, "column": 2 },
        "end": { "line": 72, "column": null }
      },
      "5": {
        "start": { "line": 66, "column": 4 },
        "end": { "line": 71, "column": null }
      },
      "6": {
        "start": { "line": 67, "column": 5 },
        "end": { "line": 70, "column": null }
      },
      "7": {
        "start": { "line": 74, "column": 2 },
        "end": { "line": 95, "column": null }
      }
    },
    "fnMap": {
      "0": {
        "name": "getCoverageGraphData",
        "decl": {
          "start": { "line": 4, "column": 30 },
          "end": { "line": 4, "column": null }
        },
        "loc": {
          "start": { "line": 15, "column": 2 },
          "end": { "line": 97, "column": null }
        }
      },
      "1": {
        "name": "(anonymous_1)",
        "decl": {
          "start": { "line": 65, "column": 9 },
          "end": { "line": 65, "column": 10 }
        },
        "loc": {
          "start": { "line": 65, "column": 22 },
          "end": { "line": 72, "column": 4 }
        }
      },
      "2": {
        "name": "(anonymous_2)",
        "decl": {
          "start": { "line": 66, "column": 23 },
          "end": { "line": 66, "column": 24 }
        },
        "loc": {
          "start": { "line": 66, "column": 35 },
          "end": { "line": 71, "column": 5 }
        }
      }
    },
    "branchMap": {
      "0": {
        "loc": {
          "start": { "line": 16, "column": 1 },
          "end": { "line": 16, "column": null }
        },
        "type": "if",
        "locations": [
          {
            "start": { "line": 16, "column": 1 },
            "end": { "line": 16, "column": null }
          },
          {
            "start": { "line": 16, "column": 1 },
            "end": { "line": 16, "column": null }
          }
        ]
      },
      "1": {
        "loc": {
          "start": { "line": 16, "column": 5 },
          "end": { "line": 16, "column": 39 }
        },
        "type": "binary-expr",
        "locations": [
          {
            "start": { "line": 16, "column": 5 },
            "end": { "line": 16, "column": 22 }
          },
          {
            "start": { "line": 16, "column": 22 },
            "end": { "line": 16, "column": 39 }
          }
        ]
      },
      "2": {
        "loc": {
          "start": { "line": 23, "column": 1 },
          "end": { "line": 96, "column": null }
        },
        "type": "if",
        "locations": [
          {
            "start": { "line": 23, "column": 1 },
            "end": { "line": 96, "column": null }
          },
          {
            "start": { "line": 73, "column": 8 },
            "end": { "line": 96, "column": null }
          }
        ]
      }
    },
    "s": { "0": 0, "1": 0, "2": 0, "3": 0, "4": 0, "5": 0, "6": 0, "7": 0 },
    "f": { "0": 0, "1": 0, "2": 0 },
    "b": { "0": [0, 0], "1": [0, 0], "2": [0, 0] }
  },
  "/Users/bart.riepe/Projects/mycoverage/src/coverage/queries/getFile.ts": {
    "path": "/Users/bart.riepe/Projects/mycoverage/src/coverage/queries/getFile.ts",
    "statementMap": {
      "0": {
        "start": { "line": 8, "column": 1 },
        "end": { "line": 8, "column": null }
      },
      "1": {
        "start": { "line": 8, "column": 48 },
        "end": { "line": 8, "column": null }
      },
      "2": {
        "start": { "line": 9, "column": 1 },
        "end": { "line": 23, "column": null }
      }
    },
    "fnMap": {
      "0": {
        "name": "getFile",
        "decl": {
          "start": { "line": 4, "column": 30 },
          "end": { "line": 4, "column": null }
        },
        "loc": {
          "start": { "line": 7, "column": 2 },
          "end": { "line": 24, "column": null }
        }
      }
    },
    "branchMap": {
      "0": {
        "loc": {
          "start": { "line": 8, "column": 1 },
          "end": { "line": 8, "column": null }
        },
        "type": "if",
        "locations": [
          {
            "start": { "line": 8, "column": 1 },
            "end": { "line": 8, "column": null }
          },
          {
            "start": { "line": 8, "column": 1 },
            "end": { "line": 8, "column": null }
          }
        ]
      },
      "1": {
        "loc": {
          "start": { "line": 8, "column": 5 },
          "end": { "line": 8, "column": 48 }
        },
        "type": "binary-expr",
        "locations": [
          {
            "start": { "line": 8, "column": 5 },
            "end": { "line": 8, "column": 32 }
          },
          {
            "start": { "line": 8, "column": 32 },
            "end": { "line": 8, "column": 48 }
          }
        ]
      }
    },
    "s": { "0": 0, "1": 0, "2": 0 },
    "f": { "0": 0 },
    "b": { "0": [0, 0], "1": [0, 0] }
  },
  "/Users/bart.riepe/Projects/mycoverage/src/coverage/queries/getFileData.ts": {
    "path": "/Users/bart.riepe/Projects/mycoverage/src/coverage/queries/getFileData.ts",
    "statementMap": {
      "0": {
        "start": { "line": 14, "column": 1 },
        "end": { "line": 15, "column": null }
      },
      "1": {
        "start": { "line": 15, "column": 2 },
        "end": { "line": 15, "column": null }
      },
      "2": {
        "start": { "line": 17, "column": 1 },
        "end": { "line": 22, "column": null }
      }
    },
    "fnMap": {
      "0": {
        "name": "getFileData",
        "decl": {
          "start": { "line": 5, "column": 30 },
          "end": { "line": 5, "column": null }
        },
        "loc": {
          "start": { "line": 13, "column": 31 },
          "end": { "line": 23, "column": null }
        }
      }
    },
    "branchMap": {
      "0": {
        "loc": {
          "start": { "line": 14, "column": 1 },
          "end": { "line": 15, "column": null }
        },
        "type": "if",
        "locations": [
          {
            "start": { "line": 14, "column": 1 },
            "end": { "line": 15, "column": null }
          },
          {
            "start": { "line": 14, "column": 1 },
            "end": { "line": 15, "column": null }
          }
        ]
      },
      "1": {
        "loc": {
          "start": { "line": 14, "column": 5 },
          "end": { "line": 14, "column": null }
        },
        "type": "binary-expr",
        "locations": [
          {
            "start": { "line": 14, "column": 5 },
            "end": { "line": 14, "column": 24 }
          },
          {
            "start": { "line": 14, "column": 24 },
            "end": { "line": 14, "column": 45 }
          },
          {
            "start": { "line": 14, "column": 45 },
            "end": { "line": 14, "column": 65 }
          },
          {
            "start": { "line": 14, "column": 65 },
            "end": { "line": 14, "column": null }
          }
        ]
      }
    },
    "s": { "0": 0, "1": 0, "2": 0 },
    "f": { "0": 0 },
    "b": { "0": [0, 0], "1": [0, 0, 0, 0] }
  },
  "/Users/bart.riepe/Projects/mycoverage/src/coverage/queries/getFiles.ts": {
    "path": "/Users/bart.riepe/Projects/mycoverage/src/coverage/queries/getFiles.ts",
    "statementMap": {
      "0": {
        "start": { "line": 8, "column": 1 },
        "end": { "line": 23, "column": null }
      }
    },
    "fnMap": {
      "0": {
        "name": "getFiles",
        "decl": {
          "start": { "line": 4, "column": 30 },
          "end": { "line": 4, "column": null }
        },
        "loc": {
          "start": { "line": 7, "column": 2 },
          "end": { "line": 24, "column": null }
        }
      }
    },
    "branchMap": {},
    "s": { "0": 0 },
    "f": { "0": 0 },
    "b": {}
  },
  "/Users/bart.riepe/Projects/mycoverage/src/coverage/queries/getGroup.ts": {
    "path": "/Users/bart.riepe/Projects/mycoverage/src/coverage/queries/getGroup.ts",
    "statementMap": {
      "0": {
        "start": { "line": 8, "column": 1 },
        "end": { "line": 8, "column": null }
      },
      "1": {
        "start": { "line": 8, "column": 22 },
        "end": { "line": 8, "column": null }
      },
      "2": {
        "start": { "line": 9, "column": 1 },
        "end": { "line": 13, "column": null }
      }
    },
    "fnMap": {
      "0": {
        "name": "getGroup",
        "decl": {
          "start": { "line": 4, "column": 30 },
          "end": { "line": 4, "column": null }
        },
        "loc": {
          "start": { "line": 7, "column": 2 },
          "end": { "line": 14, "column": null }
        }
      }
    },
    "branchMap": {
      "0": {
        "loc": {
          "start": { "line": 8, "column": 1 },
          "end": { "line": 8, "column": null }
        },
        "type": "if",
        "locations": [
          {
            "start": { "line": 8, "column": 1 },
            "end": { "line": 8, "column": null }
          },
          {
            "start": { "line": 8, "column": 1 },
            "end": { "line": 8, "column": null }
          }
        ]
      }
    },
    "s": { "0": 0, "1": 0, "2": 0 },
    "f": { "0": 0 },
    "b": { "0": [0, 0] }
  },
  "/Users/bart.riepe/Projects/mycoverage/src/coverage/queries/getGroups.ts": {
    "path": "/Users/bart.riepe/Projects/mycoverage/src/coverage/queries/getGroups.ts",
    "statementMap": {
      "0": {
        "start": { "line": 5, "column": 1 },
        "end": { "line": 11, "column": null }
      }
    },
    "fnMap": {
      "0": {
        "name": "getGroups",
        "decl": {
          "start": { "line": 4, "column": 30 },
          "end": { "line": 4, "column": 40 }
        },
        "loc": {
          "start": { "line": 4, "column": 61 },
          "end": { "line": 12, "column": null }
        }
      }
    },
    "branchMap": {},
    "s": { "0": 0 },
    "f": { "0": 0 },
    "b": {}
  },
  "/Users/bart.riepe/Projects/mycoverage/src/coverage/queries/getIssuesForCommit.ts": {
    "path": "/Users/bart.riepe/Projects/mycoverage/src/coverage/queries/getIssuesForCommit.ts",
    "statementMap": {
      "0": {
        "start": { "line": 14, "column": 24 },
        "end": { "line": 14, "column": null }
      },
      "1": {
        "start": { "line": 16, "column": 21 },
        "end": { "line": 22, "column": null }
      },
      "2": {
        "start": { "line": 24, "column": 17 },
        "end": { "line": 28, "column": null }
      },
      "3": {
        "start": { "line": 30, "column": 45 },
        "end": { "line": 45, "column": null }
      },
      "4": {
        "start": { "line": 34, "column": 3 },
        "end": { "line": 36, "column": null }
      },
      "5": {
        "start": { "line": 38, "column": 3 },
        "end": { "line": 44, "column": null }
      },
      "6": {
        "start": { "line": 47, "column": 1 },
        "end": { "line": 52, "column": null }
      }
    },
    "fnMap": {
      "0": {
        "name": "getIssuesForCommit",
        "decl": {
          "start": { "line": 4, "column": 30 },
          "end": { "line": 4, "column": null }
        },
        "loc": {
          "start": { "line": 13, "column": 2 },
          "end": { "line": 53, "column": null }
        }
      },
      "1": {
        "name": "(anonymous_1)",
        "decl": {
          "start": { "line": 33, "column": 9 },
          "end": { "line": 33, "column": null }
        },
        "loc": {
          "start": { "line": 34, "column": 3 },
          "end": { "line": 36, "column": null }
        }
      },
      "2": {
        "name": "(anonymous_2)",
        "decl": {
          "start": { "line": 37, "column": 9 },
          "end": { "line": 37, "column": 10 }
        },
        "loc": {
          "start": { "line": 38, "column": 3 },
          "end": { "line": 44, "column": null }
        }
      }
    },
    "branchMap": {
      "0": {
        "loc": {
          "start": { "line": 19, "column": 9 },
          "end": { "line": 19, "column": null }
        },
        "type": "cond-expr",
        "locations": [
          {
            "start": { "line": 19, "column": 21 },
            "end": { "line": 19, "column": 49 }
          },
          {
            "start": { "line": 19, "column": 49 },
            "end": { "line": 19, "column": null }
          }
        ]
      }
    },
    "s": { "0": 0, "1": 0, "2": 0, "3": 0, "4": 0, "5": 0, "6": 0 },
    "f": { "0": 0, "1": 0, "2": 0 },
    "b": { "0": [0, 0] }
  },
  "/Users/bart.riepe/Projects/mycoverage/src/coverage/queries/getLastBuildInfo.ts": {
    "path": "/Users/bart.riepe/Projects/mycoverage/src/coverage/queries/getLastBuildInfo.ts",
    "statementMap": {
      "0": {
        "start": { "line": 9, "column": 1 },
        "end": { "line": 9, "column": null }
      },
      "1": {
        "start": { "line": 9, "column": 22 },
        "end": { "line": 9, "column": null }
      },
      "2": {
        "start": { "line": 11, "column": 1 },
        "end": { "line": 19, "column": null }
      },
      "3": {
        "start": { "line": 12, "column": 2 },
        "end": { "line": 12, "column": null }
      },
      "4": {
        "start": { "line": 14, "column": 18 },
        "end": { "line": 16, "column": null }
      },
      "5": {
        "start": { "line": 18, "column": 2 },
        "end": { "line": 18, "column": null }
      },
      "6": {
        "start": { "line": 21, "column": 16 },
        "end": { "line": 23, "column": null }
      },
      "7": {
        "start": { "line": 25, "column": 16 },
        "end": { "line": 59, "column": null }
      },
      "8": {
        "start": { "line": 61, "column": 25 },
        "end": { "line": 96, "column": null }
      },
      "9": {
        "start": { "line": 98, "column": 17 },
        "end": { "line": 126, "column": null }
      },
      "10": {
        "start": { "line": 128, "column": 1 },
        "end": { "line": 133, "column": null }
      }
    },
    "fnMap": {
      "0": {
        "name": "getLastBuildInfo",
        "decl": {
          "start": { "line": 4, "column": 30 },
          "end": { "line": 4, "column": 47 }
        },
        "loc": {
          "start": { "line": 8, "column": 3 },
          "end": { "line": 134, "column": null }
        }
      }
    },
    "branchMap": {
      "0": {
        "loc": {
          "start": { "line": 9, "column": 1 },
          "end": { "line": 9, "column": null }
        },
        "type": "if",
        "locations": [
          {
            "start": { "line": 9, "column": 1 },
            "end": { "line": 9, "column": null }
          },
          {
            "start": { "line": 9, "column": 1 },
            "end": { "line": 9, "column": null }
          }
        ]
      },
      "1": {
        "loc": {
          "start": { "line": 11, "column": 1 },
          "end": { "line": 19, "column": null }
        },
        "type": "if",
        "locations": [
          {
            "start": { "line": 11, "column": 1 },
            "end": { "line": 19, "column": null }
          },
          {
            "start": { "line": 13, "column": 8 },
            "end": { "line": 19, "column": null }
          }
        ]
      },
      "2": {
        "loc": {
          "start": { "line": 35, "column": 16 },
          "end": { "line": 39, "column": null }
        },
        "type": "cond-expr",
        "locations": [
          {
            "start": { "line": 36, "column": 6 },
            "end": { "line": 38, "column": null }
          },
          {
            "start": { "line": 39, "column": 6 },
            "end": { "line": 39, "column": null }
          }
        ]
      },
      "3": {
        "loc": {
          "start": { "line": 64, "column": 16 },
          "end": { "line": 68, "column": null }
        },
        "type": "cond-expr",
        "locations": [
          {
            "start": { "line": 65, "column": 6 },
            "end": { "line": 67, "column": null }
          },
          {
            "start": { "line": 68, "column": 6 },
            "end": { "line": 68, "column": null }
          }
        ]
      },
      "4": {
        "loc": {
          "start": { "line": 108, "column": 16 },
          "end": { "line": 112, "column": null }
        },
        "type": "cond-expr",
        "locations": [
          {
            "start": { "line": 109, "column": 6 },
            "end": { "line": 111, "column": null }
          },
          {
            "start": { "line": 112, "column": 6 },
            "end": { "line": 112, "column": null }
          }
        ]
      }
    },
    "s": {
      "0": 0,
      "1": 0,
      "2": 0,
      "3": 0,
      "4": 0,
      "5": 0,
      "6": 0,
      "7": 0,
      "8": 0,
      "9": 0,
      "10": 0
    },
    "f": { "0": 0 },
    "b": { "0": [0, 0], "1": [0, 0], "2": [0, 0], "3": [0, 0], "4": [0, 0] }
  },
  "/Users/bart.riepe/Projects/mycoverage/src/coverage/queries/getLineCoverageData.ts": {
    "path": "/Users/bart.riepe/Projects/mycoverage/src/coverage/queries/getLineCoverageData.ts",
    "statementMap": {
      "0": {
        "start": { "line": 9, "column": 1 },
        "end": { "line": 15, "column": null }
      },
      "1": {
        "start": { "line": 10, "column": 2 },
        "end": { "line": 14, "column": null }
      },
      "2": {
        "start": { "line": 17, "column": 22 },
        "end": { "line": 28, "column": null }
      },
      "3": {
        "start": { "line": 30, "column": 1 },
        "end": { "line": 30, "column": null }
      }
    },
    "fnMap": {
      "0": {
        "name": "getLineCoverageData",
        "decl": {
          "start": { "line": 5, "column": 30 },
          "end": { "line": 5, "column": null }
        },
        "loc": {
          "start": { "line": 8, "column": 2 },
          "end": { "line": 31, "column": null }
        }
      }
    },
    "branchMap": {
      "0": {
        "loc": {
          "start": { "line": 9, "column": 1 },
          "end": { "line": 15, "column": null }
        },
        "type": "if",
        "locations": [
          {
            "start": { "line": 9, "column": 1 },
            "end": { "line": 15, "column": null }
          },
          {
            "start": { "line": 9, "column": 1 },
            "end": { "line": 15, "column": null }
          }
        ]
      }
    },
    "s": { "0": 0, "1": 0, "2": 0, "3": 0 },
    "f": { "0": 0 },
    "b": { "0": [0, 0] }
  },
  "/Users/bart.riepe/Projects/mycoverage/src/coverage/queries/getLogs.ts": {
    "path": "/Users/bart.riepe/Projects/mycoverage/src/coverage/queries/getLogs.ts",
    "statementMap": {
      "0": {
        "start": { "line": 8, "column": 19 },
        "end": { "line": 8, "column": null }
      },
      "1": {
        "start": { "line": 10, "column": 2 },
        "end": { "line": 28, "column": null }
      },
      "2": {
        "start": { "line": 11, "column": 4 },
        "end": { "line": 27, "column": null }
      },
      "3": {
        "start": { "line": 29, "column": 2 },
        "end": { "line": 34, "column": null }
      },
      "4": {
        "start": { "line": 30, "column": 4 },
        "end": { "line": 33, "column": null }
      },
      "5": {
        "start": { "line": 35, "column": 2 },
        "end": { "line": 37, "column": null }
      },
      "6": {
        "start": { "line": 36, "column": 4 },
        "end": { "line": 36, "column": null }
      },
      "7": {
        "start": { "line": 39, "column": 2 },
        "end": { "line": 45, "column": null }
      }
    },
    "fnMap": {
      "0": {
        "name": "getLogs",
        "decl": {
          "start": { "line": 4, "column": 30 },
          "end": { "line": 4, "column": null }
        },
        "loc": {
          "start": { "line": 7, "column": 2 },
          "end": { "line": 46, "column": null }
        }
      }
    },
    "branchMap": {
      "0": {
        "loc": {
          "start": { "line": 10, "column": 2 },
          "end": { "line": 28, "column": null }
        },
        "type": "if",
        "locations": [
          {
            "start": { "line": 10, "column": 2 },
            "end": { "line": 28, "column": null }
          },
          {
            "start": { "line": 10, "column": 2 },
            "end": { "line": 28, "column": null }
          }
        ]
      },
      "1": {
        "loc": {
          "start": { "line": 29, "column": 2 },
          "end": { "line": 34, "column": null }
        },
        "type": "if",
        "locations": [
          {
            "start": { "line": 29, "column": 2 },
            "end": { "line": 34, "column": null }
          },
          {
            "start": { "line": 29, "column": 2 },
            "end": { "line": 34, "column": null }
          }
        ]
      },
      "2": {
        "loc": {
          "start": { "line": 29, "column": 6 },
          "end": { "line": 29, "column": 36 }
        },
        "type": "binary-expr",
        "locations": [
          {
            "start": { "line": 29, "column": 6 },
            "end": { "line": 29, "column": 22 }
          },
          {
            "start": { "line": 29, "column": 22 },
            "end": { "line": 29, "column": 36 }
          }
        ]
      },
      "3": {
        "loc": {
          "start": { "line": 31, "column": 11 },
          "end": { "line": 31, "column": null }
        },
        "type": "binary-expr",
        "locations": [
          {
            "start": { "line": 31, "column": 11 },
            "end": { "line": 31, "column": 27 }
          },
          {
            "start": { "line": 31, "column": 27 },
            "end": { "line": 31, "column": null }
          }
        ]
      },
      "4": {
        "loc": {
          "start": { "line": 32, "column": 11 },
          "end": { "line": 32, "column": null }
        },
        "type": "binary-expr",
        "locations": [
          {
            "start": { "line": 32, "column": 11 },
            "end": { "line": 32, "column": 27 }
          },
          {
            "start": { "line": 32, "column": 27 },
            "end": { "line": 32, "column": null }
          }
        ]
      },
      "5": {
        "loc": {
          "start": { "line": 35, "column": 2 },
          "end": { "line": 37, "column": null }
        },
        "type": "if",
        "locations": [
          {
            "start": { "line": 35, "column": 2 },
            "end": { "line": 37, "column": null }
          },
          {
            "start": { "line": 35, "column": 2 },
            "end": { "line": 37, "column": null }
          }
        ]
      }
    },
    "s": { "0": 0, "1": 0, "2": 0, "3": 0, "4": 0, "5": 0, "6": 0, "7": 0 },
    "f": { "0": 0 },
    "b": {
      "0": [0, 0],
      "1": [0, 0],
      "2": [0, 0],
      "3": [0, 0],
      "4": [0, 0],
      "5": [0, 0]
    }
  },
  "/Users/bart.riepe/Projects/mycoverage/src/coverage/queries/getMergeBase.ts": {
    "path": "/Users/bart.riepe/Projects/mycoverage/src/coverage/queries/getMergeBase.ts",
    "statementMap": {
      "0": {
        "start": { "line": 7, "column": 16 },
        "end": { "line": 7, "column": null }
      },
      "1": {
        "start": { "line": 18, "column": 1 },
        "end": { "line": 25, "column": null }
      },
      "2": {
        "start": { "line": 24, "column": 2 },
        "end": { "line": 24, "column": null }
      },
      "3": {
        "start": { "line": 27, "column": 21 },
        "end": { "line": 29, "column": null }
      },
      "4": {
        "start": { "line": 30, "column": 1 },
        "end": { "line": 42, "column": null }
      },
      "5": {
        "start": { "line": 37, "column": 3 },
        "end": { "line": 37, "column": null }
      },
      "6": {
        "start": { "line": 40, "column": 3 },
        "end": { "line": 40, "column": null }
      },
      "7": {
        "start": { "line": 41, "column": 3 },
        "end": { "line": 41, "column": null }
      }
    },
    "fnMap": {
      "0": {
        "name": "getMergeBase",
        "decl": {
          "start": { "line": 9, "column": 30 },
          "end": { "line": 9, "column": null }
        },
        "loc": {
          "start": { "line": 17, "column": 26 },
          "end": { "line": 43, "column": null }
        }
      },
      "1": {
        "name": "(anonymous_1)",
        "decl": {
          "start": { "line": 36, "column": 8 },
          "end": { "line": 36, "column": 9 }
        },
        "loc": {
          "start": { "line": 36, "column": 20 },
          "end": { "line": 38, "column": 3 }
        }
      },
      "2": {
        "name": "(anonymous_2)",
        "decl": {
          "start": { "line": 39, "column": 9 },
          "end": { "line": 39, "column": 10 }
        },
        "loc": {
          "start": { "line": 39, "column": 20 },
          "end": { "line": 42, "column": 3 }
        }
      }
    },
    "branchMap": {
      "0": {
        "loc": {
          "start": { "line": 18, "column": 1 },
          "end": { "line": 25, "column": null }
        },
        "type": "if",
        "locations": [
          {
            "start": { "line": 18, "column": 1 },
            "end": { "line": 25, "column": null }
          },
          {
            "start": { "line": 18, "column": 1 },
            "end": { "line": 25, "column": null }
          }
        ]
      },
      "1": {
        "loc": {
          "start": { "line": 19, "column": 2 },
          "end": { "line": 22, "column": null }
        },
        "type": "binary-expr",
        "locations": [
          {
            "start": { "line": 19, "column": 2 },
            "end": { "line": 19, "column": null }
          },
          {
            "start": { "line": 20, "column": 2 },
            "end": { "line": 20, "column": null }
          },
          {
            "start": { "line": 21, "column": 2 },
            "end": { "line": 21, "column": null }
          },
          {
            "start": { "line": 22, "column": 2 },
            "end": { "line": 22, "column": null }
          }
        ]
      }
    },
    "s": { "0": 0, "1": 0, "2": 0, "3": 0, "4": 0, "5": 0, "6": 0, "7": 0 },
    "f": { "0": 0, "1": 0, "2": 0 },
    "b": { "0": [0, 0], "1": [0, 0, 0, 0] }
  },
  "/Users/bart.riepe/Projects/mycoverage/src/coverage/queries/getPackageCoverageForCommit.ts": {
    "path": "/Users/bart.riepe/Projects/mycoverage/src/coverage/queries/getPackageCoverageForCommit.ts",
    "statementMap": {
      "0": {
        "start": { "line": 8, "column": 1 },
        "end": { "line": 8, "column": null }
      },
      "1": {
        "start": { "line": 8, "column": 35 },
        "end": { "line": 8, "column": null }
      },
      "2": {
        "start": { "line": 9, "column": 1 },
        "end": { "line": 11, "column": null }
      }
    },
    "fnMap": {
      "0": {
        "name": "getPackageCoverageForCommit",
        "decl": {
          "start": { "line": 4, "column": 30 },
          "end": { "line": 4, "column": null }
        },
        "loc": {
          "start": { "line": 7, "column": 2 },
          "end": { "line": 12, "column": null }
        }
      }
    },
    "branchMap": {
      "0": {
        "loc": {
          "start": { "line": 8, "column": 1 },
          "end": { "line": 8, "column": null }
        },
        "type": "if",
        "locations": [
          {
            "start": { "line": 8, "column": 1 },
            "end": { "line": 8, "column": null }
          },
          {
            "start": { "line": 8, "column": 1 },
            "end": { "line": 8, "column": null }
          }
        ]
      },
      "1": {
        "loc": {
          "start": { "line": 8, "column": 5 },
          "end": { "line": 8, "column": 35 }
        },
        "type": "binary-expr",
        "locations": [
          {
            "start": { "line": 8, "column": 5 },
            "end": { "line": 8, "column": 23 }
          },
          {
            "start": { "line": 8, "column": 23 },
            "end": { "line": 8, "column": 35 }
          }
        ]
      }
    },
    "s": { "0": 0, "1": 0, "2": 0 },
    "f": { "0": 0 },
    "b": { "0": [0, 0], "1": [0, 0] }
  },
  "/Users/bart.riepe/Projects/mycoverage/src/coverage/queries/getPackageCoverageForTest.ts": {
    "path": "/Users/bart.riepe/Projects/mycoverage/src/coverage/queries/getPackageCoverageForTest.ts",
    "statementMap": {
      "0": {
        "start": { "line": 8, "column": 1 },
        "end": { "line": 8, "column": null }
      },
      "1": {
        "start": { "line": 8, "column": 33 },
        "end": { "line": 8, "column": null }
      },
      "2": {
        "start": { "line": 9, "column": 1 },
        "end": { "line": 11, "column": null }
      }
    },
    "fnMap": {
      "0": {
        "name": "getPackageCoverageForTest",
        "decl": {
          "start": { "line": 4, "column": 30 },
          "end": { "line": 4, "column": null }
        },
        "loc": {
          "start": { "line": 7, "column": 2 },
          "end": { "line": 12, "column": null }
        }
      }
    },
    "branchMap": {
      "0": {
        "loc": {
          "start": { "line": 8, "column": 1 },
          "end": { "line": 8, "column": null }
        },
        "type": "if",
        "locations": [
          {
            "start": { "line": 8, "column": 1 },
            "end": { "line": 8, "column": null }
          },
          {
            "start": { "line": 8, "column": 1 },
            "end": { "line": 8, "column": null }
          }
        ]
      },
      "1": {
        "loc": {
          "start": { "line": 8, "column": 5 },
          "end": { "line": 8, "column": 33 }
        },
        "type": "binary-expr",
        "locations": [
          {
            "start": { "line": 8, "column": 5 },
            "end": { "line": 8, "column": 21 }
          },
          {
            "start": { "line": 8, "column": 21 },
            "end": { "line": 8, "column": 33 }
          }
        ]
      }
    },
    "s": { "0": 0, "1": 0, "2": 0 },
    "f": { "0": 0 },
    "b": { "0": [0, 0], "1": [0, 0] }
  },
  "/Users/bart.riepe/Projects/mycoverage/src/coverage/queries/getPackagesForCommit.ts": {
    "path": "/Users/bart.riepe/Projects/mycoverage/src/coverage/queries/getPackagesForCommit.ts",
    "statementMap": {
      "0": {
        "start": { "line": 8, "column": 1 },
        "end": { "line": 8, "column": null }
      },
      "1": {
        "start": { "line": 8, "column": 21 },
        "end": { "line": 8, "column": null }
      },
      "2": {
        "start": { "line": 9, "column": 15 },
        "end": { "line": 11, "column": null }
      },
      "3": {
        "start": { "line": 13, "column": 1 },
        "end": { "line": 17, "column": null }
      }
    },
    "fnMap": {
      "0": {
        "name": "getPackagesForCommit",
        "decl": {
          "start": { "line": 4, "column": 30 },
          "end": { "line": 4, "column": null }
        },
        "loc": {
          "start": { "line": 7, "column": 2 },
          "end": { "line": 18, "column": null }
        }
      }
    },
    "branchMap": {
      "0": {
        "loc": {
          "start": { "line": 8, "column": 1 },
          "end": { "line": 8, "column": null }
        },
        "type": "if",
        "locations": [
          {
            "start": { "line": 8, "column": 1 },
            "end": { "line": 8, "column": null }
          },
          {
            "start": { "line": 8, "column": 1 },
            "end": { "line": 8, "column": null }
          }
        ]
      },
      "1": {
        "loc": {
          "start": { "line": 9, "column": 15 },
          "end": { "line": 11, "column": null }
        },
        "type": "cond-expr",
        "locations": [
          {
            "start": { "line": 10, "column": 4 },
            "end": { "line": 10, "column": null }
          },
          {
            "start": { "line": 11, "column": 4 },
            "end": { "line": 11, "column": null }
          }
        ]
      },
      "2": {
        "loc": {
          "start": { "line": 14, "column": 9 },
          "end": { "line": 16, "column": null }
        },
        "type": "cond-expr",
        "locations": [
          {
            "start": { "line": 15, "column": 5 },
            "end": { "line": 15, "column": null }
          },
          {
            "start": { "line": 16, "column": 5 },
            "end": { "line": 16, "column": null }
          }
        ]
      }
    },
    "s": { "0": 0, "1": 0, "2": 0, "3": 0 },
    "f": { "0": 0 },
    "b": { "0": [0, 0], "1": [0, 0], "2": [0, 0] }
  },
  "/Users/bart.riepe/Projects/mycoverage/src/coverage/queries/getPackagesForTest.ts": {
    "path": "/Users/bart.riepe/Projects/mycoverage/src/coverage/queries/getPackagesForTest.ts",
    "statementMap": {
      "0": {
        "start": { "line": 8, "column": 1 },
        "end": { "line": 8, "column": null }
      },
      "1": {
        "start": { "line": 8, "column": 19 },
        "end": { "line": 8, "column": null }
      },
      "2": {
        "start": { "line": 9, "column": 15 },
        "end": { "line": 11, "column": null }
      },
      "3": {
        "start": { "line": 13, "column": 1 },
        "end": { "line": 17, "column": null }
      }
    },
    "fnMap": {
      "0": {
        "name": "getPackagesForTest",
        "decl": {
          "start": { "line": 4, "column": 30 },
          "end": { "line": 4, "column": null }
        },
        "loc": {
          "start": { "line": 7, "column": 2 },
          "end": { "line": 18, "column": null }
        }
      }
    },
    "branchMap": {
      "0": {
        "loc": {
          "start": { "line": 8, "column": 1 },
          "end": { "line": 8, "column": null }
        },
        "type": "if",
        "locations": [
          {
            "start": { "line": 8, "column": 1 },
            "end": { "line": 8, "column": null }
          },
          {
            "start": { "line": 8, "column": 1 },
            "end": { "line": 8, "column": null }
          }
        ]
      },
      "1": {
        "loc": {
          "start": { "line": 9, "column": 15 },
          "end": { "line": 11, "column": null }
        },
        "type": "cond-expr",
        "locations": [
          {
            "start": { "line": 10, "column": 4 },
            "end": { "line": 10, "column": null }
          },
          {
            "start": { "line": 11, "column": 4 },
            "end": { "line": 11, "column": null }
          }
        ]
      },
      "2": {
        "loc": {
          "start": { "line": 14, "column": 9 },
          "end": { "line": 16, "column": null }
        },
        "type": "cond-expr",
        "locations": [
          {
            "start": { "line": 15, "column": 5 },
            "end": { "line": 15, "column": null }
          },
          {
            "start": { "line": 16, "column": 5 },
            "end": { "line": 16, "column": null }
          }
        ]
      }
    },
    "s": { "0": 0, "1": 0, "2": 0, "3": 0 },
    "f": { "0": 0 },
    "b": { "0": [0, 0], "1": [0, 0], "2": [0, 0] }
  },
  "/Users/bart.riepe/Projects/mycoverage/src/coverage/queries/getProject.ts": {
    "path": "/Users/bart.riepe/Projects/mycoverage/src/coverage/queries/getProject.ts",
    "statementMap": {
      "0": {
        "start": { "line": 8, "column": 1 },
        "end": { "line": 8, "column": null }
      },
      "1": {
        "start": { "line": 8, "column": 24 },
        "end": { "line": 8, "column": null }
      },
      "2": {
        "start": { "line": 9, "column": 1 },
        "end": { "line": 34, "column": null }
      }
    },
    "fnMap": {
      "0": {
        "name": "getProject",
        "decl": {
          "start": { "line": 4, "column": 30 },
          "end": { "line": 4, "column": null }
        },
        "loc": {
          "start": { "line": 7, "column": 2 },
          "end": { "line": 35, "column": null }
        }
      }
    },
    "branchMap": {
      "0": {
        "loc": {
          "start": { "line": 8, "column": 1 },
          "end": { "line": 8, "column": null }
        },
        "type": "if",
        "locations": [
          {
            "start": { "line": 8, "column": 1 },
            "end": { "line": 8, "column": null }
          },
          {
            "start": { "line": 8, "column": 1 },
            "end": { "line": 8, "column": null }
          }
        ]
      }
    },
    "s": { "0": 0, "1": 0, "2": 0 },
    "f": { "0": 0 },
    "b": { "0": [0, 0] }
  },
  "/Users/bart.riepe/Projects/mycoverage/src/coverage/queries/getProjects.ts": {
    "path": "/Users/bart.riepe/Projects/mycoverage/src/coverage/queries/getProjects.ts",
    "statementMap": {
      "0": {
        "start": { "line": 5, "column": 1 },
        "end": { "line": 10, "column": null }
      }
    },
    "fnMap": {
      "0": {
        "name": "getProjects",
        "decl": {
          "start": { "line": 4, "column": 30 },
          "end": { "line": 4, "column": 42 }
        },
        "loc": {
          "start": { "line": 4, "column": 79 },
          "end": { "line": 11, "column": null }
        }
      }
    },
    "branchMap": {},
    "s": { "0": 0 },
    "f": { "0": 0 },
    "b": {}
  },
  "/Users/bart.riepe/Projects/mycoverage/src/coverage/queries/getPullRequest.ts": {
    "path": "/Users/bart.riepe/Projects/mycoverage/src/coverage/queries/getPullRequest.ts",
    "statementMap": {
      "0": {
        "start": { "line": 8, "column": 1 },
        "end": { "line": 8, "column": null }
      },
      "1": {
        "start": { "line": 8, "column": 26 },
        "end": { "line": 8, "column": null }
      },
      "2": {
        "start": { "line": 9, "column": 16 },
        "end": { "line": 15, "column": null }
      },
      "3": {
        "start": { "line": 17, "column": 1 },
        "end": { "line": 17, "column": null }
      }
    },
    "fnMap": {
      "0": {
        "name": "getPullRequest",
        "decl": {
          "start": { "line": 4, "column": 30 },
          "end": { "line": 4, "column": null }
        },
        "loc": {
          "start": { "line": 7, "column": 2 },
          "end": { "line": 18, "column": null }
        }
      }
    },
    "branchMap": {
      "0": {
        "loc": {
          "start": { "line": 8, "column": 1 },
          "end": { "line": 8, "column": null }
        },
        "type": "if",
        "locations": [
          {
            "start": { "line": 8, "column": 1 },
            "end": { "line": 8, "column": null }
          },
          {
            "start": { "line": 8, "column": 1 },
            "end": { "line": 8, "column": null }
          }
        ]
      }
    },
    "s": { "0": 0, "1": 0, "2": 0, "3": 0 },
    "f": { "0": 0 },
    "b": { "0": [0, 0] }
  },
  "/Users/bart.riepe/Projects/mycoverage/src/coverage/queries/getQueues.ts": {
    "path": "/Users/bart.riepe/Projects/mycoverage/src/coverage/queries/getQueues.ts",
    "statementMap": {
      "0": {
        "start": { "line": 9, "column": 25 },
        "end": { "line": 14, "column": null }
      },
      "1": {
        "start": { "line": 25, "column": 7 },
        "end": { "line": 25, "column": null }
      },
      "2": {
        "start": { "line": 26, "column": 1 },
        "end": { "line": 58, "column": null }
      },
      "3": {
        "start": { "line": 26, "column": 14 },
        "end": { "line": 26, "column": 17 }
      },
      "4": {
        "start": { "line": 27, "column": 16 },
        "end": { "line": 27, "column": null }
      },
      "5": {
        "start": { "line": 28, "column": 2 },
        "end": { "line": 28, "column": null }
      },
      "6": {
        "start": { "line": 28, "column": 14 },
        "end": { "line": 28, "column": null }
      },
      "7": {
        "start": { "line": 30, "column": 17 },
        "end": { "line": 30, "column": null }
      },
      "8": {
        "start": { "line": 31, "column": 22 },
        "end": { "line": 31, "column": null }
      },
      "9": {
        "start": { "line": 32, "column": 22 },
        "end": { "line": 32, "column": null }
      },
      "10": {
        "start": { "line": 33, "column": 23 },
        "end": { "line": 33, "column": null }
      },
      "11": {
        "start": { "line": 35, "column": 24 },
        "end": { "line": 35, "column": null }
      },
      "12": {
        "start": { "line": 36, "column": 2 },
        "end": { "line": 46, "column": null }
      },
      "13": {
        "start": { "line": 37, "column": 19 },
        "end": { "line": 37, "column": null }
      },
      "14": {
        "start": { "line": 38, "column": 3 },
        "end": { "line": 45, "column": null }
      },
      "15": {
        "start": { "line": 39, "column": 4 },
        "end": { "line": 39, "column": null }
      },
      "16": {
        "start": { "line": 39, "column": 14 },
        "end": { "line": 39, "column": null }
      },
      "17": {
        "start": { "line": 40, "column": 16 },
        "end": { "line": 40, "column": null }
      },
      "18": {
        "start": { "line": 41, "column": 4 },
        "end": { "line": 43, "column": null }
      },
      "19": {
        "start": { "line": 42, "column": 5 },
        "end": { "line": 42, "column": null }
      },
      "20": {
        "start": { "line": 44, "column": 4 },
        "end": { "line": 44, "column": null }
      },
      "21": {
        "start": { "line": 48, "column": 2 },
        "end": { "line": 57, "column": null }
      },
      "22": {
        "start": { "line": 60, "column": 1 },
        "end": { "line": 62, "column": null }
      }
    },
    "fnMap": {
      "0": {
        "name": "getQueues",
        "decl": {
          "start": { "line": 8, "column": 30 },
          "end": { "line": 8, "column": 40 }
        },
        "loc": {
          "start": { "line": 8, "column": 68 },
          "end": { "line": 63, "column": null }
        }
      },
      "1": {
        "name": "(anonymous_1)",
        "decl": {
          "start": { "line": 38, "column": 19 },
          "end": { "line": 38, "column": 20 }
        },
        "loc": {
          "start": { "line": 38, "column": 28 },
          "end": { "line": 45, "column": 4 }
        }
      }
    },
    "branchMap": {
      "0": {
        "loc": {
          "start": { "line": 28, "column": 2 },
          "end": { "line": 28, "column": null }
        },
        "type": "if",
        "locations": [
          {
            "start": { "line": 28, "column": 2 },
            "end": { "line": 28, "column": null }
          },
          {
            "start": { "line": 28, "column": 2 },
            "end": { "line": 28, "column": null }
          }
        ]
      },
      "1": {
        "loc": {
          "start": { "line": 36, "column": 2 },
          "end": { "line": 46, "column": null }
        },
        "type": "if",
        "locations": [
          {
            "start": { "line": 36, "column": 2 },
            "end": { "line": 46, "column": null }
          },
          {
            "start": { "line": 36, "column": 2 },
            "end": { "line": 46, "column": null }
          }
        ]
      },
      "2": {
        "loc": {
          "start": { "line": 39, "column": 4 },
          "end": { "line": 39, "column": null }
        },
        "type": "if",
        "locations": [
          {
            "start": { "line": 39, "column": 4 },
            "end": { "line": 39, "column": null }
          },
          {
            "start": { "line": 39, "column": 4 },
            "end": { "line": 39, "column": null }
          }
        ]
      },
      "3": {
        "loc": {
          "start": { "line": 41, "column": 4 },
[...]
          "end": { "line": 133, "column": null }
        },
        "type": "binary-expr",
        "locations": [
          {
            "start": { "line": 133, "column": 16 },
            "end": { "line": 133, "column": 64 }
          },
          {
            "start": { "line": 133, "column": 64 },
            "end": { "line": 133, "column": null }
          }
        ]
      },
      "8": {
        "loc": {
          "start": { "line": 134, "column": 12 },
          "end": { "line": 134, "column": null }
        },
        "type": "binary-expr",
        "locations": [
          {
            "start": { "line": 134, "column": 12 },
            "end": { "line": 134, "column": 56 }
          },
          {
            "start": { "line": 134, "column": 56 },
            "end": { "line": 134, "column": null }
          }
        ]
      },
      "9": {
        "loc": {
          "start": { "line": 135, "column": 25 },
          "end": { "line": 135, "column": null }
        },
        "type": "binary-expr",
        "locations": [
          {
            "start": { "line": 135, "column": 25 },
            "end": { "line": 135, "column": 82 }
          },
          {
            "start": { "line": 135, "column": 82 },
            "end": { "line": 135, "column": null }
          }
        ]
      },
      "10": {
        "loc": {
          "start": { "line": 136, "column": 27 },
          "end": { "line": 136, "column": null }
        },
        "type": "binary-expr",
        "locations": [
          {
            "start": { "line": 136, "column": 27 },
            "end": { "line": 136, "column": 86 }
          },
          {
            "start": { "line": 136, "column": 86 },
            "end": { "line": 136, "column": null }
          }
        ]
      },
      "11": {
        "loc": {
          "start": { "line": 137, "column": 22 },
          "end": { "line": 137, "column": null }
        },
        "type": "binary-expr",
        "locations": [
          {
            "start": { "line": 137, "column": 22 },
            "end": { "line": 137, "column": 76 }
          },
          {
            "start": { "line": 137, "column": 76 },
            "end": { "line": 137, "column": null }
          }
        ]
      },
      "12": {
        "loc": {
          "start": { "line": 138, "column": 23 },
          "end": { "line": 138, "column": null }
        },
        "type": "binary-expr",
        "locations": [
          {
            "start": { "line": 138, "column": 23 },
            "end": { "line": 138, "column": 78 }
          },
          {
            "start": { "line": 138, "column": 78 },
            "end": { "line": 138, "column": null }
          }
        ]
      }
    },
    "s": {
      "0": 0,
      "1": 0,
      "2": 0,
      "3": 0,
      "4": 0,
      "5": 0,
      "6": 0,
      "7": 0,
      "8": 0,
      "9": 0,
      "10": 0,
      "11": 0,
      "12": 0,
      "13": 0,
      "14": 0,
      "15": 0,
      "16": 0,
      "17": 0,
      "18": 0,
      "19": 0,
      "20": 0,
      "21": 0,
      "22": 0,
      "23": 0,
      "24": 0,
      "25": 0,
      "26": 0,
      "27": 0,
      "28": 0,
      "29": 0,
      "30": 0,
      "31": 0,
      "32": 0,
      "33": 0,
      "34": 0,
      "35": 0,
      "36": 0,
      "37": 0,
      "38": 0,
      "39": 0
    },
    "f": { "0": 0, "1": 0, "2": 0, "3": 0, "4": 0 },
    "b": {
      "0": [0, 0],
      "1": [0, 0],
      "2": [0, 0],
      "3": [0, 0],
      "4": [0, 0],
      "5": [0, 0],
      "6": [0, 0],
      "7": [0, 0],
      "8": [0, 0],
      "9": [0, 0],
      "10": [0, 0],
      "11": [0, 0],
      "12": [0, 0]
    }
  },
  "/Users/bart.riepe/Projects/mycoverage/src/projects/mutations/deleteProject.ts": {
    "path": "/Users/bart.riepe/Projects/mycoverage/src/projects/mutations/deleteProject.ts",
    "statementMap": {
      "0": {
        "start": { "line": 5, "column": 22 },
        "end": { "line": 7, "column": null }
      },
      "1": {
        "start": { "line": 11, "column": 17 },
        "end": { "line": 11, "column": null }
      },
      "2": {
        "start": { "line": 13, "column": 1 },
        "end": { "line": 13, "column": null }
      }
    },
    "fnMap": {
      "0": {
        "name": "(anonymous_0)",
        "decl": {
          "start": { "line": 9, "column": 58 },
          "end": { "line": 9, "column": 65 }
        },
        "loc": {
          "start": { "line": 9, "column": 76 },
          "end": { "line": 14, "column": 1 }
        }
      }
    },
    "branchMap": {},
    "s": { "0": 0, "1": 0, "2": 0 },
    "f": { "0": 0 },
    "b": {}
  },
  "/Users/bart.riepe/Projects/mycoverage/src/projects/mutations/updateProject.ts": {
    "path": "/Users/bart.riepe/Projects/mycoverage/src/projects/mutations/updateProject.ts",
    "statementMap": {
      "0": {
        "start": { "line": 5, "column": 22 },
        "end": { "line": 9, "column": null }
      },
      "1": {
        "start": { "line": 15, "column": 18 },
        "end": { "line": 15, "column": null }
      },
      "2": {
        "start": { "line": 17, "column": 2 },
        "end": { "line": 17, "column": null }
      }
    },
    "fnMap": {
      "0": {
        "name": "(anonymous_0)",
        "decl": {
          "start": { "line": 13, "column": 1 },
          "end": { "line": 13, "column": 8 }
        },
        "loc": {
          "start": { "line": 13, "column": 28 },
          "end": { "line": 18, "column": null }
        }
      }
    },
    "branchMap": {},
    "s": { "0": 0, "1": 0, "2": 0 },
    "f": { "0": 0 },
    "b": {}
  },
  "/Users/bart.riepe/Projects/mycoverage/src/queues/ChangeFrequencyQueue.ts": {
    "path": "/Users/bart.riepe/Projects/mycoverage/src/queues/ChangeFrequencyQueue.ts",
    "statementMap": {
      "0": {
        "start": { "line": 7, "column": 36 },
        "end": { "line": 12, "column": null }
      },
      "1": {
        "start": { "line": 13, "column": 45 },
        "end": { "line": 19, "column": null }
      },
      "2": {
        "start": { "line": 21, "column": 34 },
        "end": { "line": 41, "column": null }
      },
      "3": {
        "start": { "line": 27, "column": 1 },
        "end": { "line": 27, "column": null }
      },
      "4": {
        "start": { "line": 28, "column": 1 },
        "end": { "line": 40, "column": null }
      }
    },
    "fnMap": {
      "0": {
        "name": "(anonymous_0)",
        "decl": {
          "start": { "line": 21, "column": 34 },
          "end": { "line": 21, "column": null }
        },
        "loc": {
          "start": { "line": 26, "column": 5 },
          "end": { "line": 41, "column": null }
        }
      }
    },
    "branchMap": {},
    "s": { "0": 0, "1": 0, "2": 0, "3": 0, "4": 0 },
    "f": { "0": 0 },
    "b": {}
  },
  "/Users/bart.riepe/Projects/mycoverage/src/queues/CombineCoverage.ts": {
    "path": "/Users/bart.riepe/Projects/mycoverage/src/queues/CombineCoverage.ts",
    "statementMap": {
      "0": {
        "start": { "line": 6, "column": 36 },
        "end": { "line": 14, "column": null }
      },
      "1": {
        "start": { "line": 15, "column": 45 },
        "end": { "line": 21, "column": null }
      },
      "2": {
        "start": { "line": 23, "column": 34 },
        "end": { "line": 30, "column": null }
      },
      "3": {
        "start": { "line": 24, "column": 1 },
        "end": { "line": 24, "column": null }
      },
      "4": {
        "start": { "line": 25, "column": 1 },
        "end": { "line": 29, "column": null }
      }
    },
    "fnMap": {
      "0": {
        "name": "(anonymous_0)",
        "decl": {
          "start": { "line": 23, "column": 34 },
          "end": { "line": 23, "column": 35 }
        },
        "loc": {
          "start": { "line": 23, "column": 78 },
          "end": { "line": 30, "column": null }
        }
      }
    },
    "branchMap": {},
    "s": { "0": 0, "1": 0, "2": 0, "3": 0, "4": 0 },
    "f": { "0": 0 },
    "b": {}
  },
  "/Users/bart.riepe/Projects/mycoverage/src/queues/SonarQubeQueue.ts": {
    "path": "/Users/bart.riepe/Projects/mycoverage/src/queues/SonarQubeQueue.ts",
    "statementMap": {
      "0": {
        "start": { "line": 7, "column": 30 },
        "end": { "line": 12, "column": null }
      },
      "1": {
        "start": { "line": 13, "column": 39 },
        "end": { "line": 16, "column": null }
      },
      "2": {
        "start": { "line": 18, "column": 28 },
        "end": { "line": 38, "column": null }
      },
      "3": {
        "start": { "line": 24, "column": 1 },
        "end": { "line": 24, "column": null }
      },
      "4": {
        "start": { "line": 25, "column": 1 },
        "end": { "line": 37, "column": null }
      }
    },
    "fnMap": {
      "0": {
        "name": "(anonymous_0)",
        "decl": {
          "start": { "line": 18, "column": 28 },
          "end": { "line": 18, "column": null }
        },
        "loc": {
          "start": { "line": 23, "column": 5 },
          "end": { "line": 38, "column": null }
        }
      }
    },
    "branchMap": {},
    "s": { "0": 0, "1": 0, "2": 0, "3": 0, "4": 0 },
    "f": { "0": 0 },
    "b": {}
  },
  "/Users/bart.riepe/Projects/mycoverage/src/queues/UploadQueue.ts": {
    "path": "/Users/bart.riepe/Projects/mycoverage/src/queues/UploadQueue.ts",
    "statementMap": {
      "0": {
        "start": { "line": 8, "column": 27 },
        "end": { "line": 13, "column": null }
      },
      "1": {
        "start": { "line": 14, "column": 36 },
        "end": { "line": 17, "column": null }
      },
      "2": {
        "start": { "line": 19, "column": 25 },
        "end": { "line": 57, "column": null }
      },
      "3": {
        "start": { "line": 28, "column": 2 },
        "end": { "line": 36, "column": null }
      },
      "4": {
        "start": { "line": 37, "column": 21 },
        "end": { "line": 37, "column": null }
      },
      "5": {
        "start": { "line": 38, "column": 2 },
        "end": { "line": 38, "column": null }
      },
      "6": {
        "start": { "line": 39, "column": 14 },
        "end": { "line": 54, "column": null }
      },
      "7": {
        "start": { "line": 55, "column": 2 },
        "end": { "line": 55, "column": null }
      },
      "8": {
        "start": { "line": 56, "column": 2 },
        "end": { "line": 56, "column": null }
      }
    },
    "fnMap": {
      "0": {
        "name": "(anonymous_0)",
        "decl": {
          "start": { "line": 19, "column": 25 },
          "end": { "line": 19, "column": null }
        },
        "loc": {
          "start": { "line": 27, "column": 5 },
          "end": { "line": 57, "column": null }
        }
      }
    },
    "branchMap": {},
    "s": {
      "0": 0,
      "1": 0,
      "2": 0,
      "3": 0,
      "4": 0,
      "5": 0,
      "6": 0,
      "7": 0,
      "8": 0
    },
    "f": { "0": 0 },
    "b": {}
  },
  "/Users/bart.riepe/Projects/mycoverage/src/queues/config.ts": {
    "path": "/Users/bart.riepe/Projects/mycoverage/src/queues/config.ts",
    "statementMap": {
      "0": {
        "start": { "line": 3, "column": 55 },
        "end": { "line": 9, "column": null }
      }
    },
    "fnMap": {},
    "branchMap": {
      "0": {
        "loc": {
          "start": { "line": 5, "column": 16 },
          "end": { "line": 5, "column": 44 }
        },
        "type": "binary-expr",
        "locations": [
          {
            "start": { "line": 5, "column": 16 },
            "end": { "line": 5, "column": 42 }
          },
          {
            "start": { "line": 5, "column": 42 },
            "end": { "line": 5, "column": 44 }
          }
        ]
      },
      "1": {
        "loc": {
          "start": { "line": 6, "column": 14 },
          "end": { "line": 6, "column": 41 }
        },
        "type": "binary-expr",
        "locations": [
          {
            "start": { "line": 6, "column": 14 },
            "end": { "line": 6, "column": 38 }
          },
          {
            "start": { "line": 6, "column": 38 },
            "end": { "line": 6, "column": 41 }
          }
        ]
      }
    },
    "s": { "0": 0 },
    "f": {},
    "b": { "0": [0, 0], "1": [0, 0] }
  },
  "/Users/bart.riepe/Projects/mycoverage/src/settings/mutations/createSetting.ts": {
    "path": "/Users/bart.riepe/Projects/mycoverage/src/settings/mutations/createSetting.ts",
    "statementMap": {
      "0": {
        "start": { "line": 5, "column": 22 },
        "end": { "line": 7, "column": null }
      },
      "1": {
        "start": { "line": 14, "column": 18 },
        "end": { "line": 14, "column": null }
      },
      "2": {
        "start": { "line": 16, "column": 2 },
        "end": { "line": 16, "column": null }
      }
    },
    "fnMap": {
      "0": {
        "name": "(anonymous_0)",
        "decl": {
          "start": { "line": 12, "column": 1 },
          "end": { "line": 12, "column": 8 }
        },
        "loc": {
          "start": { "line": 12, "column": 18 },
          "end": { "line": 17, "column": null }
        }
      }
    },
    "branchMap": {},
    "s": { "0": 0, "1": 0, "2": 0 },
    "f": { "0": 0 },
    "b": {}
  },
  "/Users/bart.riepe/Projects/mycoverage/src/settings/mutations/deleteSetting.ts": {
    "path": "/Users/bart.riepe/Projects/mycoverage/src/settings/mutations/deleteSetting.ts",
    "statementMap": {
      "0": {
        "start": { "line": 5, "column": 22 },
        "end": { "line": 7, "column": null }
      },
      "1": {
        "start": { "line": 14, "column": 18 },
        "end": { "line": 14, "column": null }
      },
      "2": {
        "start": { "line": 16, "column": 2 },
        "end": { "line": 16, "column": null }
      }
    },
    "fnMap": {
      "0": {
        "name": "(anonymous_0)",
        "decl": {
          "start": { "line": 12, "column": 1 },
          "end": { "line": 12, "column": 8 }
        },
        "loc": {
          "start": { "line": 12, "column": 19 },
          "end": { "line": 17, "column": null }
        }
      }
    },
    "branchMap": {},
    "s": { "0": 0, "1": 0, "2": 0 },
    "f": { "0": 0 },
    "b": {}
  },
  "/Users/bart.riepe/Projects/mycoverage/src/settings/mutations/updateSetting.ts": {
    "path": "/Users/bart.riepe/Projects/mycoverage/src/settings/mutations/updateSetting.ts",
    "statementMap": {
      "0": {
        "start": { "line": 5, "column": 22 },
        "end": { "line": 8, "column": null }
      },
      "1": {
        "start": { "line": 14, "column": 18 },
        "end": { "line": 18, "column": null }
      },
      "2": {
        "start": { "line": 20, "column": 2 },
        "end": { "line": 20, "column": null }
      }
    },
    "fnMap": {
      "0": {
        "name": "(anonymous_0)",
        "decl": {
          "start": { "line": 12, "column": 1 },
          "end": { "line": 12, "column": 8 }
        },
        "loc": {
          "start": { "line": 12, "column": 30 },
          "end": { "line": 21, "column": null }
        }
      }
    },
    "branchMap": {},
    "s": { "0": 0, "1": 0, "2": 0 },
    "f": { "0": 0 },
    "b": {}
  },
  "/Users/bart.riepe/Projects/mycoverage/src/settings/queries/getSetting.ts": {
    "path": "/Users/bart.riepe/Projects/mycoverage/src/settings/queries/getSetting.ts",
    "statementMap": {
      "0": {
        "start": { "line": 5, "column": 19 },
        "end": { "line": 8, "column": null }
      },
      "1": {
        "start": { "line": 12, "column": 17 },
        "end": { "line": 12, "column": null }
      },
      "2": {
        "start": { "line": 14, "column": 1 },
        "end": { "line": 14, "column": null }
      }
    },
    "fnMap": {
      "0": {
        "name": "(anonymous_0)",
        "decl": {
          "start": { "line": 10, "column": 55 },
          "end": { "line": 10, "column": 62 }
        },
        "loc": {
          "start": { "line": 10, "column": 75 },
          "end": { "line": 15, "column": 1 }
        }
      }
    },
    "branchMap": {},
    "s": { "0": 0, "1": 0, "2": 0 },
    "f": { "0": 0 },
    "b": {}
  },
  "/Users/bart.riepe/Projects/mycoverage/src/settings/queries/getSettings.ts": {
    "path": "/Users/bart.riepe/Projects/mycoverage/src/settings/queries/getSettings.ts",
    "statementMap": {
      "0": {
        "start": { "line": 19, "column": 6 },
        "end": { "line": 25, "column": null }
      },
      "1": {
        "start": { "line": 22, "column": 16 },
        "end": { "line": 22, "column": null }
      },
      "2": {
        "start": { "line": 24, "column": 4 },
        "end": { "line": 24, "column": null }
      },
      "3": {
        "start": { "line": 27, "column": 2 },
        "end": { "line": 32, "column": null }
      }
    },
    "fnMap": {
      "0": {
        "name": "(anonymous_0)",
        "decl": {
          "start": { "line": 12, "column": 1 },
          "end": { "line": 12, "column": 8 }
        },
        "loc": {
          "start": { "line": 12, "column": 71 },
          "end": { "line": 33, "column": null }
        }
      },
      "1": {
        "name": "(anonymous_1)",
        "decl": {
          "start": { "line": 22, "column": 10 },
          "end": { "line": 22, "column": 16 }
        },
        "loc": {
          "start": { "line": 22, "column": 16 },
          "end": { "line": 22, "column": null }
        }
      },
      "2": {
        "name": "(anonymous_2)",
        "decl": {
          "start": { "line": 23, "column": 10 },
          "end": { "line": 23, "column": 11 }
        },
        "loc": {
          "start": { "line": 24, "column": 4 },
          "end": { "line": 24, "column": null }
        }
      }
    },
    "branchMap": {
      "0": {
        "loc": {
          "start": { "line": 12, "column": 26 },
          "end": { "line": 12, "column": 36 }
        },
        "type": "default-arg",
        "locations": [
          {
            "start": { "line": 12, "column": 33 },
            "end": { "line": 12, "column": 36 }
          }
        ]
      },
      "1": {
        "loc": {
          "start": { "line": 12, "column": 36 },
          "end": { "line": 12, "column": 47 }
        },
        "type": "default-arg",
        "locations": [
          {
            "start": { "line": 12, "column": 43 },
            "end": { "line": 12, "column": 47 }
          }
        ]
      }
    },
    "s": { "0": 0, "1": 0, "2": 0, "3": 0 },
    "f": { "0": 0, "1": 0, "2": 0 },
    "b": { "0": [0], "1": [0] }
  },
  "/Users/bart.riepe/Projects/mycoverage/src/users/queries/getCurrentUser.ts": {
    "path": "/Users/bart.riepe/Projects/mycoverage/src/users/queries/getCurrentUser.ts",
    "statementMap": {
      "0": {
        "start": { "line": 5, "column": 1 },
        "end": { "line": 5, "column": null }
      },
      "1": {
        "start": { "line": 5, "column": 22 },
        "end": { "line": 5, "column": null }
      },
      "2": {
        "start": { "line": 7, "column": 14 },
        "end": { "line": 10, "column": null }
      },
      "3": {
        "start": { "line": 12, "column": 1 },
        "end": { "line": 12, "column": null }
      }
    },
    "fnMap": {
      "0": {
        "name": "getCurrentUser",
        "decl": {
          "start": { "line": 4, "column": 30 },
          "end": { "line": 4, "column": 45 }
        },
        "loc": {
          "start": { "line": 4, "column": 66 },
          "end": { "line": 13, "column": null }
        }
      }
    },
    "branchMap": {
      "0": {
        "loc": {
          "start": { "line": 5, "column": 1 },
          "end": { "line": 5, "column": null }
        },
        "type": "if",
        "locations": [
          {
            "start": { "line": 5, "column": 1 },
            "end": { "line": 5, "column": null }
          },
          {
            "start": { "line": 5, "column": 1 },
            "end": { "line": 5, "column": null }
          }
        ]
      }
    },
    "s": { "0": 0, "1": 0, "2": 0, "3": 0 },
    "f": { "0": 0 },
    "b": { "0": [0, 0] }
  }
}
