TN:
SF:src/blitz-client.ts
FNF:0
FNH:0
DA:5,0
DA:9,0
LF:2
LH:0
BRF:0
BRH:0
end_of_record
TN:
SF:src/blitz-server.ts
FNF:0
FNH:0
DA:12,0
LF:1
LH:0
BRDA:22,0,0,0
BRDA:22,0,1,0
BRF:2
BRH:0
end_of_record
TN:
SF:src/test.ts
FN:10,(anonymous_0)
FN:14,(anonymous_1)
FN:16,(anonymous_2)
FNF:3
FNH:0
FNDA:0,(anonymous_0)
FNDA:0,(anonymous_1)
FNDA:0,(anonymous_2)
DA:4,0
DA:9,0
DA:10,0
DA:11,0
DA:12,0
DA:13,0
DA:14,0
DA:15,0
DA:16,0
DA:17,0
DA:18,0
DA:21,0
LF:12
LH:0
BRF:0
BRH:0
end_of_record
TN:
SF:src/worker.ts
FN:20,(anonymous_0)
FN:25,(anonymous_1)
FN:33,(anonymous_2)
FN:40,(anonymous_3)
FNF:4
FNH:0
FNDA:0,(anonymous_0)
FNDA:0,(anonymous_1)
FNDA:0,(anonymous_2)
FNDA:0,(anonymous_3)
DA:9,0
DA:11,0
DA:18,0
DA:20,0
DA:21,0
DA:22,0
DA:23,0
DA:25,0
DA:26,0
DA:31,0
DA:33,0
DA:34,0
DA:35,0
DA:38,0
DA:39,0
DA:40,0
DA:41,0
DA:45,0
LF:18
LH:0
BRDA:21,0,0,0
BRDA:21,0,1,0
BRDA:21,1,0,0
BRDA:21,1,1,0
BRDA:31,2,0,0
BRDA:31,2,1,0
BRDA:39,3,0,0
BRDA:39,3,1,0
BRF:8
BRH:0
end_of_record
TN:
SF:src/branches/mutations/createBranch.ts
FN:15,(anonymous_0)
FNF:1
FNH:0
FNDA:0,(anonymous_0)
DA:6,0
DA:17,0
DA:21,0
LF:3
LH:0
BRF:0
BRH:0
end_of_record
TN:
SF:src/branches/mutations/deleteBranch.ts
FN:12,(anonymous_0)
FNF:1
FNH:0
FNDA:0,(anonymous_0)
DA:5,0
DA:14,0
DA:16,0
LF:3
LH:0
BRF:0
BRH:0
end_of_record
TN:
SF:src/branches/mutations/updateBranch.ts
FN:13,(anonymous_0)
FNF:1
FNH:0
FNDA:0,(anonymous_0)
DA:5,0
DA:15,0
DA:17,0
LF:3
LH:0
BRF:0
BRH:0
end_of_record
TN:
SF:src/branches/queries/getBranches.ts
FN:12,(anonymous_0)
FN:22,(anonymous_1)
FN:23,(anonymous_2)
FNF:3
FNH:0
FNDA:0,(anonymous_0)
FNDA:0,(anonymous_1)
FNDA:0,(anonymous_2)
DA:19,0
DA:22,0
DA:24,0
DA:27,0
LF:4
LH:0
BRDA:12,0,0,0
BRDA:12,1,0,0
BRF:2
BRH:0
end_of_record
TN:
SF:src/core/hooks/useCurrentUser.ts
FN:4,(anonymous_0)
FNF:1
FNH:0
FNDA:0,(anonymous_0)
DA:4,0
DA:5,0
DA:6,0
LF:3
LH:0
BRF:0
BRH:0
end_of_record
TN:
SF:src/core/layouts/Layout.tsx
FN:13,(anonymous_0)
FNF:1
FNH:0
FNDA:0,(anonymous_0)
DA:13,0
DA:14,0
LF:2
LH:0
BRDA:17,0,0,0
BRDA:17,0,1,0
BRF:2
BRH:0
end_of_record
TN:
SF:src/core/layouts/WideLayout.tsx
FN:13,(anonymous_0)
FNF:1
FNH:0
FNDA:0,(anonymous_0)
DA:13,0
DA:14,0
LF:2
LH:0
BRDA:17,0,0,0
BRDA:17,0,1,0
BRF:2
BRH:0
end_of_record
TN:
SF:src/coverage/mutations/combineCoverage.ts
FN:9,combineCoverage
FN:50,(anonymous_1)
FN:95,(anonymous_2)
FNF:3
FNH:0
FNDA:0,combineCoverage
FNDA:0,(anonymous_1)
FNDA:0,(anonymous_2)
DA:13,0
DA:39,0
DA:40,0
DA:43,0
DA:49,0
DA:51,0
DA:59,0
DA:60,0
DA:61,0
DA:63,0
DA:64,0
DA:65,0
DA:66,0
DA:77,0
DA:87,0
DA:96,0
DA:99,0
DA:101,0
LF:18
LH:0
BRDA:39,0,0,0
BRDA:39,0,1,0
BRDA:61,1,0,0
BRDA:61,1,1,0
BRDA:65,2,0,0
BRDA:65,2,1,0
BRDA:89,3,0,0
BRDA:89,3,1,0
BRDA:90,4,0,0
BRDA:90,4,1,0
BRF:10
BRH:0
end_of_record
TN:
SF:src/coverage/mutations/createGroup.ts
FN:11,(anonymous_0)
FNF:1
FNH:0
FNDA:0,(anonymous_0)
DA:5,0
DA:13,0
DA:15,0
LF:3
LH:0
BRF:0
BRH:0
end_of_record
TN:
SF:src/coverage/mutations/createProject.ts
FN:12,(anonymous_0)
FNF:1
FNH:0
FNDA:0,(anonymous_0)
DA:5,0
DA:14,0
DA:16,0
LF:3
LH:0
BRF:0
BRH:0
end_of_record
TN:
SF:src/coverage/mutations/updatePrComment.ts
FN:5,updatePrComment
FNF:1
FNH:0
FNDA:0,updatePrComment
DA:9,0
DA:11,0
DA:24,0
DA:25,0
DA:27,0
LF:5
LH:0
BRDA:9,0,0,0
BRDA:9,0,1,0
BRDA:24,1,0,0
BRDA:24,1,1,0
BRF:4
BRH:0
end_of_record
TN:
SF:src/coverage/queries/getBranch.ts
FN:4,getBranch
FNF:1
FNH:0
FNDA:0,getBranch
DA:8,0
DA:9,0
LF:2
LH:0
BRDA:8,0,0,0
BRDA:8,0,1,0
BRDA:8,1,0,0
BRDA:8,1,1,0
BRF:4
BRH:0
end_of_record
TN:
SF:src/coverage/queries/getCommit.ts
FN:4,getCommit
FNF:1
FNH:0
FNDA:0,getCommit
DA:8,0
DA:9,0
LF:2
LH:0
BRDA:8,0,0,0
BRDA:8,0,1,0
BRF:2
BRH:0
end_of_record
TN:
SF:src/coverage/queries/getCommitFileDifferences.ts
FN:4,getCommitFileDifferences
FNF:1
FNH:0
FNDA:0,getCommitFileDifferences
DA:8,0
DA:10,0
LF:2
LH:0
BRDA:8,0,0,0
BRDA:8,0,1,0
BRDA:8,1,0,0
BRDA:8,1,1,0
BRF:4
BRH:0
end_of_record
TN:
SF:src/coverage/queries/getCommitFromRef.ts
FN:4,getCommitFromRef
FNF:1
FNH:0
FNDA:0,getCommitFromRef
DA:8,0
DA:9,0
LF:2
LH:0
BRDA:8,0,0,0
BRDA:8,0,1,0
BRF:2
BRH:0
end_of_record
TN:
SF:src/coverage/queries/getCoverageGraphData.ts
FN:4,getCoverageGraphData
FN:65,(anonymous_1)
FN:66,(anonymous_2)
FNF:3
FNH:0
FNDA:0,getCoverageGraphData
FNDA:0,(anonymous_1)
FNDA:0,(anonymous_2)
DA:16,0
DA:17,0
DA:23,0
DA:24,0
DA:66,0
DA:67,0
DA:74,0
LF:7
LH:0
BRDA:16,0,0,0
BRDA:16,0,1,0
BRDA:16,1,0,0
BRDA:16,1,1,0
BRDA:23,2,0,0
BRDA:23,2,1,0
BRF:6
BRH:0
end_of_record
TN:
SF:src/coverage/queries/getFile.ts
FN:4,getFile
FNF:1
FNH:0
FNDA:0,getFile
DA:8,0
DA:9,0
LF:2
LH:0
BRDA:8,0,0,0
BRDA:8,0,1,0
BRDA:8,1,0,0
BRDA:8,1,1,0
BRF:4
BRH:0
end_of_record
TN:
SF:src/coverage/queries/getFileData.ts
FN:5,getFileData
FNF:1
FNH:0
FNDA:0,getFileData
DA:14,0
DA:15,0
DA:17,0
LF:3
LH:0
BRDA:14,0,0,0
BRDA:14,0,1,0
BRDA:14,1,0,0
BRDA:14,1,1,0
BRDA:14,1,2,0
BRDA:14,1,3,0
BRF:6
BRH:0
end_of_record
TN:
SF:src/coverage/queries/getFiles.ts
FN:4,getFiles
FNF:1
FNH:0
FNDA:0,getFiles
DA:8,0
LF:1
LH:0
BRF:0
BRH:0
end_of_record
TN:
SF:src/coverage/queries/getGroup.ts
FN:4,getGroup
FNF:1
FNH:0
FNDA:0,getGroup
DA:8,0
DA:9,0
LF:2
LH:0
BRDA:8,0,0,0
BRDA:8,0,1,0
BRF:2
BRH:0
end_of_record
TN:
SF:src/coverage/queries/getGroups.ts
FN:4,getGroups
FNF:1
FNH:0
FNDA:0,getGroups
DA:5,0
LF:1
LH:0
BRF:0
BRH:0
end_of_record
TN:
SF:src/coverage/queries/getIssuesForCommit.ts
FN:4,getIssuesForCommit
FN:33,(anonymous_1)
FN:37,(anonymous_2)
FNF:3
FNH:0
FNDA:0,getIssuesForCommit
FNDA:0,(anonymous_1)
FNDA:0,(anonymous_2)
DA:14,0
DA:16,0
DA:24,0
DA:30,0
DA:34,0
DA:38,0
DA:47,0
LF:7
LH:0
BRDA:19,0,0,0
BRDA:19,0,1,0
BRF:2
BRH:0
end_of_record
TN:
SF:src/coverage/queries/getLastBuildInfo.ts
FN:4,getLastBuildInfo
FNF:1
FNH:0
FNDA:0,getLastBuildInfo
DA:9,0
DA:11,0
DA:12,0
DA:14,0
DA:18,0
DA:21,0
DA:25,0
DA:61,0
DA:98,0
DA:128,0
LF:10
LH:0
BRDA:9,0,0,0
BRDA:9,0,1,0
BRDA:11,1,0,0
BRDA:11,1,1,0
BRDA:35,2,0,0
BRDA:35,2,1,0
BRDA:64,3,0,0
BRDA:64,3,1,0
BRDA:108,4,0,0
BRDA:108,4,1,0
BRF:10
BRH:0
end_of_record
TN:
SF:src/coverage/queries/getLineCoverageData.ts
FN:5,getLineCoverageData
FNF:1
FNH:0
FNDA:0,getLineCoverageData
DA:9,0
DA:10,0
DA:17,0
DA:30,0
LF:4
LH:0
BRDA:9,0,0,0
BRDA:9,0,1,0
BRF:2
BRH:0
end_of_record
TN:
SF:src/coverage/queries/getLogs.ts
FN:4,getLogs
FNF:1
FNH:0
FNDA:0,getLogs
DA:8,0
DA:10,0
DA:11,0
DA:29,0
DA:30,0
DA:35,0
DA:36,0
DA:39,0
LF:8
LH:0
BRDA:10,0,0,0
BRDA:10,0,1,0
BRDA:29,1,0,0
BRDA:29,1,1,0
BRDA:29,2,0,0
BRDA:29,2,1,0
BRDA:31,3,0,0
BRDA:31,3,1,0
BRDA:32,4,0,0
BRDA:32,4,1,0
BRDA:35,5,0,0
BRDA:35,5,1,0
BRF:12
BRH:0
end_of_record
TN:
SF:src/coverage/queries/getMergeBase.ts
FN:9,getMergeBase
FN:36,(anonymous_1)
FN:39,(anonymous_2)
FNF:3
FNH:0
FNDA:0,getMergeBase
FNDA:0,(anonymous_1)
FNDA:0,(anonymous_2)
DA:7,0
DA:18,0
DA:24,0
DA:27,0
DA:30,0
DA:37,0
DA:40,0
DA:41,0
LF:8
LH:0
BRDA:18,0,0,0
BRDA:18,0,1,0
BRDA:19,1,0,0
BRDA:19,1,1,0
BRDA:19,1,2,0
BRDA:19,1,3,0
BRF:6
BRH:0
end_of_record
TN:
SF:src/coverage/queries/getPackageCoverageForCommit.ts
FN:4,getPackageCoverageForCommit
FNF:1
FNH:0
FNDA:0,getPackageCoverageForCommit
DA:8,0
DA:9,0
LF:2
LH:0
BRDA:8,0,0,0
BRDA:8,0,1,0
BRDA:8,1,0,0
BRDA:8,1,1,0
BRF:4
BRH:0
end_of_record
TN:
SF:src/coverage/queries/getPackageCoverageForTest.ts
FN:4,getPackageCoverageForTest
FNF:1
FNH:0
FNDA:0,getPackageCoverageForTest
DA:8,0
DA:9,0
LF:2
LH:0
BRDA:8,0,0,0
BRDA:8,0,1,0
BRDA:8,1,0,0
BRDA:8,1,1,0
BRF:4
BRH:0
end_of_record
TN:
SF:src/coverage/queries/getPackagesForCommit.ts
FN:4,getPackagesForCommit
FNF:1
FNH:0
FNDA:0,getPackagesForCommit
DA:8,0
DA:9,0
DA:13,0
LF:3
LH:0
BRDA:8,0,0,0
BRDA:8,0,1,0
BRDA:9,1,0,0
BRDA:9,1,1,0
BRDA:14,2,0,0
BRDA:14,2,1,0
BRF:6
BRH:0
end_of_record
TN:
SF:src/coverage/queries/getPackagesForTest.ts
FN:4,getPackagesForTest
FNF:1
FNH:0
FNDA:0,getPackagesForTest
DA:8,0
DA:9,0
DA:13,0
LF:3
LH:0
BRDA:8,0,0,0
BRDA:8,0,1,0
BRDA:9,1,0,0
BRDA:9,1,1,0
BRDA:14,2,0,0
BRDA:14,2,1,0
BRF:6
BRH:0
end_of_record
TN:
SF:src/coverage/queries/getProject.ts
FN:4,getProject
FNF:1
FNH:0
FNDA:0,getProject
DA:8,0
DA:9,0
LF:2
LH:0
BRDA:8,0,0,0
BRDA:8,0,1,0
BRF:2
BRH:0
end_of_record
TN:
SF:src/coverage/queries/getProjects.ts
FN:4,getProjects
FNF:1
FNH:0
FNDA:0,getProjects
DA:5,0
LF:1
LH:0
BRF:0
BRH:0
end_of_record
TN:
SF:src/coverage/queries/getPullRequest.ts
FN:4,getPullRequest
FNF:1
FNH:0
FNDA:0,getPullRequest
DA:8,0
DA:9,0
DA:17,0
LF:3
LH:0
BRDA:8,0,0,0
BRDA:8,0,1,0
BRF:2
BRH:0
end_of_record
TN:
SF:src/coverage/queries/getQueues.ts
FN:8,getQueues
FN:38,(anonymous_1)
FNF:2
FNH:0
FNDA:0,getQueues
FNDA:0,(anonymous_1)
DA:9,0
DA:25,0
DA:26,0
DA:27,0
DA:28,0
DA:30,0
DA:31,0
DA:32,0
DA:33,0
DA:35,0
DA:36,0
DA:37,0
DA:38,0
DA:39,0
DA:40,0
DA:41,0
DA:42,0
DA:44,0
DA:48,0
DA:60,0
LF:20
LH:0
BRDA:28,0,0,0
BRDA:28,0,1,0
BRDA:36,1,0,0
BRDA:36,1,1,0
BRDA:39,2,0,0
BRDA:39,2,1,0
BRDA:41,3,0,0
BRDA:41,3,1,0
BRF:8
BRH:0
end_of_record
TN:
SF:src/coverage/queries/getRecentCommits.ts
FN:4,getRecentCommits
FNF:1
FNH:0
FNDA:0,getRecentCommits
DA:8,0
DA:9,0
LF:2
LH:0
BRDA:8,0,0,0
BRDA:8,0,1,0
BRDA:40,1,0,0
BRDA:40,1,1,0
BRF:4
BRH:0
end_of_record
TN:
SF:src/coverage/queries/getRecentPullRequests.ts
FN:4,getRecentCommits
FNF:1
FNH:0
FNDA:0,getRecentCommits
DA:8,0
DA:9,0
LF:2
LH:0
BRDA:8,0,0,0
BRDA:8,0,1,0
BRDA:35,1,0,0
BRDA:35,1,1,0
BRF:4
BRH:0
end_of_record
TN:
SF:src/coverage/queries/getTest.ts
FN:4,getTest
FNF:1
FNH:0
FNDA:0,getTest
DA:5,0
DA:6,0
LF:2
LH:0
BRDA:5,0,0,0
BRDA:5,0,1,0
BRF:2
BRH:0
end_of_record
TN:
SF:src/coverage/queries/getTestByCommitName.ts
FN:4,getTestByCommitName
FNF:1
FNH:0
FNDA:0,getTestByCommitName
DA:8,0
DA:9,0
LF:2
LH:0
BRDA:8,0,0,0
BRDA:8,0,1,0
BRDA:8,1,0,0
BRDA:8,1,1,0
BRF:4
BRH:0
end_of_record
TN:
SF:src/coverage/queries/getTestFileDifferences.ts
FN:5,getTestFileDifferences
FNF:1
FNH:0
FNDA:0,getTestFileDifferences
DA:9,0
DA:11,0
DA:36,0
DA:61,0
LF:4
LH:0
BRDA:9,0,0,0
BRDA:9,0,1,0
BRDA:9,1,0,0
BRDA:9,1,1,0
BRF:4
BRH:0
end_of_record
TN:
SF:src/coverage/queries/getTestInstance.ts
FN:4,getTestInstance
FNF:1
FNH:0
FNDA:0,getTestInstance
DA:8,0
DA:9,0
LF:2
LH:0
BRDA:8,0,0,0
BRDA:8,0,1,0
BRF:2
BRH:0
end_of_record
TN:
SF:src/coverage/queries/getTestInstanceData.ts
FN:5,getTestInstanceData
FNF:1
FNH:0
FNDA:0,getTestInstanceData
DA:9,0
DA:10,0
DA:14,0
DA:16,0
DA:18,0
LF:5
LH:0
BRDA:9,0,0,0
BRDA:9,0,1,0
BRDA:14,1,0,0
BRDA:14,1,1,0
BRF:4
BRH:0
end_of_record
TN:
SF:src/coverage/queries/getTree.ts
FN:11,(anonymous_0)
FN:30,getTree
FN:45,(anonymous_2)
FN:50,(anonymous_3)
FN:51,(anonymous_4)
FNF:5
FNH:0
FNDA:0,(anonymous_0)
FNDA:0,getTree
FNDA:0,(anonymous_2)
FNDA:0,(anonymous_3)
FNDA:0,(anonymous_4)
DA:7,0
DA:11,0
DA:26,0
DA:34,0
DA:36,0
DA:40,0
DA:45,0
DA:46,0
DA:47,0
DA:49,0
DA:50,0
DA:51,0
DA:54,0
DA:55,0
DA:58,0
DA:59,0
DA:60,0
DA:63,0
DA:72,0
LF:19
LH:0
BRDA:34,0,0,0
BRDA:34,0,1,0
BRDA:54,1,0,0
BRDA:54,1,1,0
BRDA:58,2,0,0
BRDA:58,2,1,0
BRDA:64,3,0,0
BRDA:64,3,1,0
BRF:8
BRH:0
end_of_record
TN:
SF:src/expected-results/mutations/createExpectedResult.ts
FN:15,(anonymous_0)
FNF:1
FNH:0
FNDA:0,(anonymous_0)
DA:5,0
DA:17,0
DA:19,0
LF:3
LH:0
BRF:0
BRH:0
end_of_record
TN:
SF:src/expected-results/mutations/deleteExpectedResult.ts
FN:11,(anonymous_0)
FNF:1
FNH:0
FNDA:0,(anonymous_0)
DA:5,0
DA:13,0
DA:17,0
LF:3
LH:0
BRF:0
BRH:0
end_of_record
TN:
SF:src/expected-results/mutations/updateExpectedResult.ts
FN:12,(anonymous_0)
FNF:1
FNH:0
FNDA:0,(anonymous_0)
DA:5,0
DA:14,0
DA:19,0
LF:3
LH:0
BRF:0
BRH:0
end_of_record
TN:
SF:src/expected-results/queries/getExpectedResult.ts
FN:13,(anonymous_0)
FNF:1
FNH:0
FNDA:0,(anonymous_0)
DA:6,0
DA:15,0
DA:17,0
DA:19,0
LF:4
LH:0
BRDA:17,0,0,0
BRDA:17,0,1,0
BRF:2
BRH:0
end_of_record
TN:
SF:src/expected-results/queries/getExpectedResults.ts
FN:11,(anonymous_0)
FN:21,(anonymous_1)
FN:22,(anonymous_2)
FNF:3
FNH:0
FNDA:0,(anonymous_0)
FNDA:0,(anonymous_1)
FNDA:0,(anonymous_2)
DA:18,0
DA:21,0
DA:23,0
DA:26,0
LF:4
LH:0
BRDA:11,0,0,0
BRDA:11,1,0,0
BRF:2
BRH:0
end_of_record
TN:
SF:src/library/CoverageData.ts
FN:49,(anonymous_0)
FN:57,(anonymous_1)
FN:64,(anonymous_2)
FN:74,(anonymous_3)
FN:75,(anonymous_4)
FN:77,(anonymous_5)
FN:83,(anonymous_6)
FN:85,(anonymous_7)
FN:86,(anonymous_8)
FN:87,(anonymous_9)
FN:95,(anonymous_10)
FN:97,(anonymous_11)
FN:98,(anonymous_12)
FN:105,(anonymous_13)
FN:109,(anonymous_14)
FN:112,(anonymous_15)
FN:118,(anonymous_16)
FN:122,(anonymous_17)
FN:131,(anonymous_18)
FN:136,(anonymous_19)
FN:144,(anonymous_20)
FN:163,(anonymous_21)
FN:208,(anonymous_22)
FN:226,(anonymous_23)
FN:229,(anonymous_24)
FN:233,(anonymous_25)
FN:234,(anonymous_26)
FN:244,(anonymous_27)
FN:313,(anonymous_28)
FN:324,(anonymous_29)
FN:333,(anonymous_30)
FN:356,(anonymous_31)
FN:361,(anonymous_32)
FN:363,(anonymous_33)
FN:379,(anonymous_34)
FN:383,(anonymous_35)
FN:384,(anonymous_36)
FN:416,(anonymous_37)
FN:418,(anonymous_38)
FN:419,(anonymous_39)
FN:420,(anonymous_40)
FN:428,(anonymous_41)
FN:429,(anonymous_42)
FN:430,(anonymous_43)
FN:473,(anonymous_44)
FN:480,(anonymous_45)
FN:482,(anonymous_46)
FN:483,(anonymous_47)
FN:516,(anonymous_48)
FN:518,(anonymous_49)
FN:519,(anonymous_50)
FN:522,(anonymous_51)
FN:523,(anonymous_52)
FN:524,(anonymous_53)
FN:530,(anonymous_54)
FN:549,(anonymous_55)
FN:550,(anonymous_56)
FN:555,(anonymous_57)
FN:560,(anonymous_58)
FN:563,(anonymous_59)
FN:565,(anonymous_60)
FN:569,(anonymous_61)
FN:578,(anonymous_62)
FN:595,(anonymous_63)
FNF:64
FNH:51
FNDA:36,(anonymous_0)
FNDA:289,(anonymous_1)
FNDA:47,(anonymous_2)
FNDA:2,(anonymous_3)
FNDA:2,(anonymous_4)
FNDA:2,(anonymous_5)
FNDA:0,(anonymous_6)
FNDA:0,(anonymous_7)
FNDA:0,(anonymous_8)
FNDA:0,(anonymous_9)
FNDA:9,(anonymous_10)
FNDA:10,(anonymous_11)
FNDA:18,(anonymous_12)
FNDA:16,(anonymous_13)
FNDA:0,(anonymous_14)
FNDA:0,(anonymous_15)
FNDA:0,(anonymous_16)
FNDA:0,(anonymous_17)
FNDA:8,(anonymous_18)
FNDA:13,(anonymous_19)
FNDA:17,(anonymous_20)
FNDA:10,(anonymous_21)
FNDA:3,(anonymous_22)
FNDA:23,(anonymous_23)
FNDA:229,(anonymous_24)
FNDA:227,(anonymous_25)
FNDA:227,(anonymous_26)
FNDA:229,(anonymous_27)
FNDA:11,(anonymous_28)
FNDA:29,(anonymous_29)
FNDA:1,(anonymous_30)
FNDA:5,(anonymous_31)
FNDA:41,(anonymous_32)
FNDA:39,(anonymous_33)
FNDA:0,(anonymous_34)
FNDA:0,(anonymous_35)
FNDA:0,(anonymous_36)
FNDA:6,(anonymous_37)
FNDA:66,(anonymous_38)
FNDA:78,(anonymous_39)
FNDA:76,(anonymous_40)
FNDA:66,(anonymous_41)
FNDA:78,(anonymous_42)
FNDA:76,(anonymous_43)
FNDA:7,(anonymous_44)
FNDA:7,(anonymous_45)
FNDA:0,(anonymous_46)
FNDA:7,(anonymous_47)
FNDA:11,(anonymous_48)
FNDA:133,(anonymous_49)
FNDA:160,(anonymous_50)
FNDA:115,(anonymous_51)
FNDA:266,(anonymous_52)
FNDA:271,(anonymous_53)
FNDA:266,(anonymous_54)
FNDA:10,(anonymous_55)
FNDA:64,(anonymous_56)
FNDA:72,(anonymous_57)
FNDA:26,(anonymous_58)
FNDA:0,(anonymous_59)
FNDA:60,(anonymous_60)
FNDA:70,(anonymous_61)
FNDA:1,(anonymous_62)
FNDA:6,(anonymous_63)
DA:43,36
DA:54,36
DA:58,289
DA:59,242
DA:61,289
DA:62,289
DA:63,289
DA:64,289
DA:65,47
DA:66,47
DA:67,1
DA:69,46
DA:75,2
DA:76,2
DA:77,2
DA:78,2
DA:84,0
DA:85,0
DA:86,0
DA:87,0
DA:88,0
DA:92,0
DA:96,9
DA:97,9
DA:98,10
DA:99,18
DA:100,18
DA:103,9
DA:105,16
DA:110,0
DA:112,0
DA:113,0
DA:114,0
DA:118,0
DA:119,0
DA:122,0
DA:123,0
DA:124,0
DA:128,0
DA:132,8
DA:134,8
DA:136,8
DA:142,13
DA:144,13
DA:145,17
DA:146,4
DA:148,4
DA:150,1
DA:152,13
DA:157,13
DA:160,8
DA:161,8
DA:162,8
DA:163,8
DA:164,10
DA:165,2
DA:167,2
DA:169,2
DA:170,2
DA:173,2
DA:174,1
DA:175,1
DA:176,1
DA:179,2
DA:188,8
DA:192,8
DA:199,8
DA:208,8
DA:209,3
DA:211,3
DA:213,3
DA:223,8
DA:227,23
DA:229,23
DA:230,229
DA:233,227
DA:235,227
DA:236,223
DA:238,227
DA:243,23
DA:244,23
DA:245,229
DA:246,229
DA:248,152
DA:249,152
DA:250,152
DA:260,152
DA:263,7
DA:264,7
DA:266,7
DA:267,7
DA:270,7
DA:271,7
DA:272,7
DA:273,7
DA:276,7
DA:288,7
DA:291,70
DA:292,70
DA:293,70
DA:305,70
DA:310,23
DA:314,11
DA:325,29
DA:341,1
DA:342,1
DA:343,1
DA:344,1
DA:346,1
DA:357,5
DA:359,5
DA:361,5
DA:362,41
DA:363,41
DA:364,39
DA:365,39
DA:367,41
DA:368,1
DA:369,40
DA:370,11
DA:372,29
DA:376,5
DA:380,0
DA:381,0
DA:383,0
DA:384,0
DA:385,0
DA:386,0
DA:391,0
DA:392,0
DA:400,0
DA:401,0
DA:410,0
DA:417,6
DA:418,6
DA:419,66
DA:420,78
DA:421,76
DA:422,4
DA:427,6
DA:428,6
DA:429,66
DA:430,78
DA:431,76
DA:436,78
DA:437,22
DA:445,56
DA:446,54
DA:455,2
DA:467,6
DA:477,7
DA:478,7
DA:480,7
DA:481,7
DA:482,0
DA:484,7
DA:485,7
DA:486,7
DA:491,0
DA:492,0
DA:499,0
DA:500,0
DA:510,7
DA:517,11
DA:518,11
DA:519,133
DA:520,160
DA:521,160
DA:522,115
DA:524,271
DA:525,33
DA:527,233
DA:530,266
DA:532,160
DA:533,106
DA:534,54
DA:535,7
DA:538,47
DA:539,47
DA:546,11
DA:550,10
DA:551,64
DA:552,64
DA:554,64
DA:555,58
DA:557,72
DA:559,24
DA:560,26
DA:562,48
DA:563,0
DA:565,60
DA:568,72
DA:569,72
DA:570,70
DA:571,70
DA:572,69
DA:573,1
DA:577,1
DA:578,1
DA:582,72
DA:583,72
DA:584,2
DA:588,2
DA:591,0
DA:595,6
DA:596,6
LF:206
LH:172
BRDA:50,0,0,36
BRDA:58,1,0,242
BRDA:58,1,1,47
BRDA:62,2,0,289
BRDA:62,2,1,0
BRDA:66,3,0,1
BRDA:66,3,1,46
BRDA:66,4,0,47
BRDA:66,4,1,1
BRDA:66,4,2,1
BRDA:99,5,0,16
BRDA:99,5,1,2
BRDA:113,6,0,0
BRDA:113,6,1,0
BRDA:123,7,0,0
BRDA:123,7,1,0
BRDA:132,8,0,0
BRDA:132,8,1,8
BRDA:145,9,0,4
BRDA:145,9,1,13
BRDA:148,10,0,3
BRDA:148,10,1,1
BRDA:150,11,0,1
BRDA:150,11,1,0
BRDA:152,12,0,4
BRDA:152,12,1,9
BRDA:164,13,0,2
BRDA:164,13,1,8
BRDA:166,14,0,0
BRDA:166,14,1,2
BRDA:169,15,0,2
BRDA:169,15,1,0
BRDA:170,16,0,2
BRDA:170,16,1,0
BRDA:173,17,0,1
BRDA:173,17,1,1
BRDA:173,18,0,2
BRDA:173,18,1,2
BRDA:189,19,0,0
BRDA:189,19,1,8
BRDA:210,20,0,1
BRDA:210,20,1,2
BRDA:231,21,0,229
BRDA:231,21,1,3
BRDA:235,22,0,223
BRDA:235,22,1,4
BRDA:235,23,0,227
BRDA:235,23,1,223
BRDA:246,24,0,152
BRDA:246,24,1,7
BRDA:246,24,2,70
BRDA:249,25,0,152
BRDA:249,25,1,0
BRDA:250,26,0,152
BRDA:250,26,1,0
BRDA:252,27,0,152
BRDA:252,27,1,0
BRDA:254,28,0,152
BRDA:254,28,1,0
BRDA:256,29,0,0
BRDA:256,29,1,0
BRDA:264,30,0,7
BRDA:264,30,1,0
BRDA:266,31,0,7
BRDA:266,31,1,0
BRDA:267,32,0,7
BRDA:267,32,1,0
BRDA:270,33,0,7
BRDA:270,33,1,0
BRDA:270,34,0,7
BRDA:270,34,1,7
BRDA:276,35,0,7
BRDA:276,35,1,0
BRDA:278,36,0,7
BRDA:278,36,1,0
BRDA:279,37,0,7
BRDA:279,37,1,0
BRDA:282,38,0,7
BRDA:282,38,1,0
BRDA:284,39,0,0
BRDA:284,39,1,0
BRDA:292,40,0,70
BRDA:292,40,1,0
BRDA:293,41,0,70
BRDA:293,41,1,0
BRDA:295,42,0,70
BRDA:295,42,1,0
BRDA:296,43,0,70
BRDA:296,43,1,0
BRDA:297,44,0,70
BRDA:297,44,1,2
BRDA:298,45,0,70
BRDA:298,45,1,2
BRDA:299,46,0,70
BRDA:299,46,1,0
BRDA:301,47,0,0
BRDA:301,47,1,0
BRDA:341,48,0,1
BRDA:341,48,1,0
BRDA:341,49,0,1
BRDA:341,49,1,1
BRDA:364,50,0,39
BRDA:364,50,1,0
BRDA:367,51,0,1
BRDA:367,51,1,40
BRDA:369,52,0,11
BRDA:369,52,1,29
BRDA:385,53,0,0
BRDA:385,53,1,0
BRDA:391,54,0,0
BRDA:391,54,1,0
BRDA:400,55,0,0
BRDA:400,55,1,0
BRDA:421,56,0,4
BRDA:421,56,1,72
BRDA:433,57,0,76
BRDA:433,57,1,0
BRDA:436,58,0,22
BRDA:436,58,1,56
BRDA:445,59,0,54
BRDA:445,59,1,2
BRDA:485,60,0,7
BRDA:485,60,1,0
BRDA:491,61,0,0
BRDA:491,61,1,0
BRDA:499,62,0,0
BRDA:499,62,1,0
BRDA:524,63,0,33
BRDA:524,63,1,233
BRDA:532,64,0,106
BRDA:532,64,1,54
BRDA:534,65,0,7
BRDA:534,65,1,47
BRDA:538,66,0,47
BRDA:538,66,1,0
BRDA:554,67,0,58
BRDA:554,67,1,6
BRDA:554,68,0,64
BRDA:554,68,1,64
BRDA:557,69,0,24
BRDA:557,69,1,48
BRDA:557,70,0,72
BRDA:557,70,1,24
BRDA:560,71,0,24
BRDA:560,71,1,0
BRDA:560,72,0,26
BRDA:560,72,1,24
BRDA:562,73,0,0
BRDA:562,73,1,48
BRDA:568,74,0,72
BRDA:568,74,1,0
BRDA:571,75,0,69
BRDA:571,75,1,1
BRDA:573,76,0,1
BRDA:573,76,1,0
BRDA:574,77,0,1
BRDA:574,77,1,1
BRDA:583,78,0,2
BRDA:583,78,1,70
BRDA:583,79,0,72
BRDA:583,79,1,2
BRF:161
BRH:108
end_of_record
TN:
SF:src/library/HitsJsonSchema.ts
FNF:0
FNH:0
DA:4,0
DA:6,0
DA:70,0
LF:3
LH:0
BRF:0
BRH:0
end_of_record
TN:
SF:src/library/InternalCoverage.ts
FN:86,(anonymous_0)
FN:95,(anonymous_1)
FN:96,(anonymous_2)
FN:114,(anonymous_3)
FN:118,(anonymous_4)
FN:138,(anonymous_5)
FN:144,(anonymous_6)
FN:162,(anonymous_7)
FN:166,(anonymous_8)
FN:167,(anonymous_9)
FN:188,(anonymous_10)
FN:189,(anonymous_11)
FN:205,(anonymous_12)
FN:215,(anonymous_13)
FN:220,(anonymous_14)
FN:221,(anonymous_15)
FN:230,(anonymous_16)
FN:235,(anonymous_17)
FN:246,(anonymous_18)
FNF:19
FNH:16
FNDA:8,(anonymous_0)
FNDA:9,(anonymous_1)
FNDA:42,(anonymous_2)
FNDA:11,(anonymous_3)
FNDA:11,(anonymous_4)
FNDA:24,(anonymous_5)
FNDA:23,(anonymous_6)
FNDA:10,(anonymous_7)
FNDA:10,(anonymous_8)
FNDA:43,(anonymous_9)
FNDA:0,(anonymous_10)
FNDA:0,(anonymous_11)
FNDA:3,(anonymous_12)
FNDA:4,(anonymous_13)
FNDA:7,(anonymous_14)
FNDA:5,(anonymous_15)
FNDA:4,(anonymous_16)
FNDA:3,(anonymous_17)
FNDA:0,(anonymous_18)
DA:87,8
DA:96,9
DA:97,42
DA:110,9
DA:112,9
DA:114,9
DA:115,11
DA:118,9
DA:120,11
DA:121,11
DA:122,13
DA:124,13
DA:125,13
DA:126,12
DA:128,12
DA:138,9
DA:139,24
DA:142,9
DA:144,9
DA:145,23
DA:146,23
DA:147,23
DA:148,23
DA:149,17
DA:150,17
DA:151,17
DA:152,17
DA:153,17
DA:156,23
DA:157,23
DA:158,23
DA:159,23
DA:162,23
DA:163,10
DA:165,10
DA:166,10
DA:167,10
DA:168,43
DA:169,0
DA:170,0
DA:172,0
DA:173,0
DA:174,0
DA:175,0
DA:176,0
DA:178,43
DA:179,43
DA:180,43
DA:181,43
DA:182,43
DA:183,43
DA:188,10
DA:189,0
DA:190,0
DA:191,0
DA:192,0
DA:193,0
DA:194,0
DA:195,0
DA:202,9
DA:211,3
DA:212,3
DA:216,4
DA:217,4
DA:221,7
DA:223,7
DA:224,4
DA:229,4
DA:230,4
DA:231,4
DA:235,7
DA:236,7
DA:239,4
DA:245,4
DA:246,4
DA:247,0
DA:250,4
DA:252,4
DA:253,4
DA:255,3
DA:256,0
DA:259,3
DA:260,3
DA:262,3
DA:264,3
DA:266,3
DA:267,3
LF:87
LH:71
BRDA:120,0,0,9
BRDA:120,0,1,2
BRDA:125,1,0,12
BRDA:125,1,1,1
BRDA:147,2,0,13
BRDA:147,2,1,10
BRDA:152,3,0,17
BRDA:152,3,1,0
BRDA:158,4,0,23
BRDA:158,4,1,0
BRDA:168,5,0,0
BRDA:168,5,1,43
BRDA:169,6,0,0
BRDA:169,6,1,0
BRDA:169,7,0,0
BRDA:169,7,1,0
BRDA:181,8,0,43
BRDA:181,8,1,0
BRDA:193,9,0,0
BRDA:193,9,1,0
BRDA:223,10,0,4
BRDA:223,10,1,3
BRDA:236,11,0,4
BRDA:236,11,1,3
BRDA:255,12,0,0
BRDA:255,12,1,3
BRF:26
BRH:15
end_of_record
TN:
SF:src/library/combineIssueCount.ts
FN:3,(anonymous_0)
FNF:1
FNH:0
FNDA:0,(anonymous_0)
DA:3,0
DA:10,0
LF:2
LH:0
BRDA:11,0,0,0
BRDA:11,0,1,0
BRDA:12,1,0,0
BRDA:12,1,1,0
BRDA:13,2,0,0
BRDA:13,2,1,0
BRDA:14,3,0,0
BRDA:14,3,1,0
BRDA:15,4,0,0
BRDA:15,4,1,0
BRF:10
BRH:0
end_of_record
TN:
SF:src/library/coveredPercentage.ts
FN:3,(anonymous_0)
FNF:1
FNH:0
FNDA:0,(anonymous_0)
DA:3,0
DA:4,0
DA:6,0
DA:10,0
LF:4
LH:0
BRDA:4,0,0,0
BRDA:4,0,1,0
BRDA:10,1,0,0
BRDA:10,1,1,0
BRDA:10,2,0,0
BRDA:10,2,1,0
BRF:6
BRH:0
end_of_record
TN:
SF:src/library/createInternalCoverageFromS3.ts
FN:7,(anonymous_0)
FN:22,(anonymous_1)
FNF:2
FNH:0
FNDA:0,(anonymous_0)
FNDA:0,(anonymous_1)
DA:7,0
DA:8,0
DA:9,0
DA:16,0
DA:22,0
DA:26,0
DA:30,0
DA:31,0
DA:34,0
DA:36,0
DA:37,0
DA:42,0
DA:43,0
DA:44,0
DA:50,0
DA:52,0
DA:59,0
LF:17
LH:0
BRDA:11,0,0,0
BRDA:11,0,1,0
BRDA:30,1,0,0
BRDA:30,1,1,0
BRDA:36,2,0,0
BRDA:36,2,1,0
BRDA:42,3,0,0
BRDA:42,3,1,0
BRF:8
BRH:0
end_of_record
TN:
SF:src/library/executeForEachSubpath.ts
FN:3,(anonymous_0)
FN:9,(anonymous_1)
FNF:2
FNH:0
FNDA:0,(anonymous_0)
FNDA:0,(anonymous_1)
DA:3,0
DA:7,0
DA:8,0
DA:9,0
DA:10,0
DA:11,0
DA:13,0
LF:7
LH:0
BRF:0
BRH:0
end_of_record
TN:
SF:src/library/fixQuery.ts
FN:3,fixQuery
FN:6,(anonymous_1)
FNF:2
FNH:0
FNDA:0,fixQuery
FNDA:0,(anonymous_1)
DA:4,0
DA:6,0
DA:7,0
DA:8,0
DA:11,0
LF:5
LH:0
BRDA:8,0,0,0
BRDA:8,0,1,0
BRF:2
BRH:0
end_of_record
TN:
SF:src/library/format.ts
FN:3,(anonymous_0)
FN:12,(anonymous_1)
FNF:2
FNH:0
FNDA:0,(anonymous_0)
FNDA:0,(anonymous_1)
DA:1,0
DA:4,0
DA:5,0
DA:6,0
DA:10,0
DA:13,0
DA:14,0
LF:7
LH:0
BRDA:3,0,0,0
BRDA:4,1,0,0
BRDA:4,1,1,0
BRDA:4,2,0,0
BRDA:4,2,1,0
BRDA:5,3,0,0
BRDA:5,3,1,0
BRDA:13,4,0,0
BRDA:13,4,1,0
BRF:9
BRH:0
end_of_record
TN:
SF:src/library/generateDifferences.ts
FN:22,fixName
FN:26,(anonymous_1)
FN:34,(anonymous_2)
FN:51,generateDifferences
FN:59,(anonymous_4)
FN:60,(anonymous_5)
FN:62,(anonymous_6)
FN:63,(anonymous_7)
FN:98,(anonymous_8)
FN:99,(anonymous_9)
FN:101,(anonymous_10)
FN:102,(anonymous_11)
FN:122,(anonymous_12)
FN:145,(anonymous_13)
FN:149,(anonymous_14)
FN:158,(anonymous_15)
FN:170,(anonymous_16)
FN:171,(anonymous_17)
FN:172,(anonymous_18)
FN:173,(anonymous_19)
FN:174,(anonymous_20)
FNF:21
FNH:0
FNDA:0,fixName
FNDA:0,(anonymous_1)
FNDA:0,(anonymous_2)
FNDA:0,generateDifferences
FNDA:0,(anonymous_4)
FNDA:0,(anonymous_5)
FNDA:0,(anonymous_6)
FNDA:0,(anonymous_7)
FNDA:0,(anonymous_8)
FNDA:0,(anonymous_9)
FNDA:0,(anonymous_10)
FNDA:0,(anonymous_11)
FNDA:0,(anonymous_12)
FNDA:0,(anonymous_13)
FNDA:0,(anonymous_14)
FNDA:0,(anonymous_15)
FNDA:0,(anonymous_16)
FNDA:0,(anonymous_17)
FNDA:0,(anonymous_18)
FNDA:0,(anonymous_19)
FNDA:0,(anonymous_20)
DA:23,0
DA:26,0
DA:27,0
DA:34,0
DA:35,0
DA:56,0
DA:58,0
DA:59,0
DA:60,0
DA:62,0
DA:63,0
DA:64,0
DA:65,0
DA:69,0
DA:73,0
DA:82,0
DA:83,0
DA:87,0
DA:98,0
DA:99,0
DA:101,0
DA:102,0
DA:103,0
DA:104,0
DA:108,0
DA:122,0
DA:123,0
DA:124,0
DA:126,0
DA:127,0
DA:130,0
DA:133,0
DA:144,0
DA:145,0
DA:146,0
DA:149,0
DA:150,0
DA:151,0
DA:153,0
DA:154,0
DA:158,0
DA:159,0
DA:160,0
DA:162,0
DA:163,0
DA:165,0
DA:166,0
DA:169,0
DA:170,0
DA:171,0
DA:172,0
DA:173,0
DA:174,0
LF:53
LH:0
BRDA:28,0,0,0
BRDA:28,0,1,0
BRDA:29,1,0,0
BRDA:29,1,1,0
BRDA:30,2,0,0
BRDA:30,2,1,0
BRDA:30,3,0,0
BRDA:30,3,1,0
BRDA:35,4,0,0
BRDA:35,4,1,0
BRDA:35,5,0,0
BRDA:35,5,1,0
BRDA:58,6,0,0
BRDA:58,6,1,0
BRDA:58,7,0,0
BRDA:58,7,1,0
BRDA:64,8,0,0
BRDA:64,8,1,0
BRDA:64,9,0,0
BRDA:64,9,1,0
BRDA:64,9,2,0
BRDA:82,10,0,0
BRDA:82,10,1,0
BRDA:103,11,0,0
BRDA:103,11,1,0
BRDA:123,12,0,0
BRDA:123,12,1,0
BRDA:126,13,0,0
BRDA:126,13,1,0
BRDA:150,14,0,0
BRDA:150,14,1,0
BRDA:150,15,0,0
BRDA:150,15,1,0
BRDA:153,16,0,0
BRDA:153,16,1,0
BRDA:153,17,0,0
BRDA:153,17,1,0
BRDA:159,18,0,0
BRDA:159,18,1,0
BRDA:159,19,0,0
BRDA:159,19,1,0
BRDA:162,20,0,0
BRDA:162,20,1,0
BRDA:162,21,0,0
BRDA:162,21,1,0
BRDA:165,22,0,0
BRDA:165,22,1,0
BRDA:165,23,0,0
BRDA:165,23,1,0
BRDA:166,24,0,0
BRDA:166,24,1,0
BRDA:170,25,0,0
BRDA:170,25,1,0
BRDA:170,25,2,0
BRDA:171,26,0,0
BRDA:171,26,1,0
BRDA:171,26,2,0
BRDA:172,27,0,0
BRDA:172,27,1,0
BRDA:173,28,0,0
BRDA:173,28,1,0
BRF:61
BRH:0
end_of_record
TN:
SF:src/library/getDifferences.ts
FN:5,(anonymous_0)
FNF:1
FNH:0
FNDA:0,(anonymous_0)
DA:5,0
DA:10,0
DA:43,0
DA:48,0
DA:55,0
LF:5
LH:0
BRF:0
BRH:0
end_of_record
TN:
SF:src/library/getLineCoverageData.ts
FN:4,(anonymous_0)
FN:36,getLineCoverageData
FN:57,(anonymous_2)
FN:82,(anonymous_3)
FN:84,(anonymous_4)
FN:95,(anonymous_5)
FNF:6
FNH:0
FNDA:0,(anonymous_0)
FNDA:0,getLineCoverageData
FNDA:0,(anonymous_2)
FNDA:0,(anonymous_3)
FNDA:0,(anonymous_4)
FNDA:0,(anonymous_5)
DA:4,0
DA:5,0
DA:6,0
DA:7,0
DA:45,0
DA:46,0
DA:53,0
DA:54,0
DA:56,0
DA:57,0
DA:58,0
DA:59,0
DA:60,0
DA:61,0
DA:62,0
DA:63,0
DA:64,0
DA:71,0
DA:72,0
DA:74,0
DA:82,0
DA:83,0
DA:84,0
DA:86,0
DA:87,0
DA:88,0
DA:89,0
DA:91,0
DA:94,0
DA:95,0
DA:96,0
DA:99,0
LF:32
LH:0
BRDA:4,0,0,0
BRDA:4,0,1,0
BRDA:45,1,0,0
BRDA:45,1,1,0
BRDA:60,2,0,0
BRDA:60,2,1,0
BRDA:61,3,0,0
BRDA:61,3,1,0
BRDA:63,4,0,0
BRDA:63,4,1,0
BRDA:63,5,0,0
BRDA:63,5,1,0
BRDA:66,6,0,0
BRDA:66,6,1,0
BRDA:67,7,0,0
BRDA:67,7,1,0
BRDA:68,8,0,0
BRDA:68,8,1,0
BRDA:71,9,0,0
BRDA:71,9,1,0
BRDA:86,10,0,0
BRDA:86,10,1,0
BRDA:88,11,0,0
BRDA:88,11,1,0
BRF:24
BRH:0
end_of_record
TN:
SF:src/library/getPathToPackageFileIds.ts
FN:3,getPathToPackageFileIds
FN:15,(anonymous_1)
FN:16,(anonymous_2)
FN:36,(anonymous_3)
FNF:4
FNH:0
FNDA:0,getPathToPackageFileIds
FNDA:0,(anonymous_1)
FNDA:0,(anonymous_2)
FNDA:0,(anonymous_3)
DA:6,0
DA:7,0
DA:8,0
DA:15,0
DA:16,0
DA:17,0
DA:18,0
DA:19,0
DA:22,0
DA:35,0
DA:36,0
DA:37,0
DA:40,0
DA:41,0
DA:45,0
LF:15
LH:0
BRDA:37,0,0,0
BRDA:37,0,1,0
BRDA:40,1,0,0
BRDA:40,1,1,0
BRF:4
BRH:0
end_of_record
TN:
SF:src/library/github.ts
FN:6,getAppOctokit
FN:28,getFileData
FN:50,getPRFiles
FNF:3
FNH:0
FNDA:0,getAppOctokit
FNDA:0,getFileData
FNDA:0,getPRFiles
DA:7,0
DA:8,0
DA:11,0
DA:20,0
DA:25,0
DA:34,0
DA:43,0
DA:44,0
DA:46,0
DA:51,0
DA:60,0
LF:11
LH:0
BRDA:7,0,0,0
BRDA:7,0,1,0
BRDA:14,1,0,0
BRDA:14,1,1,0
BRDA:43,2,0,0
BRDA:43,2,1,0
BRDA:43,3,0,0
BRDA:43,3,1,0
BRF:8
BRH:0
end_of_record
TN:
SF:src/library/insertCoverageData.ts
FN:8,(anonymous_0)
FN:78,(anonymous_1)
FN:124,(anonymous_2)
FNF:3
FNH:0
FNDA:0,(anonymous_0)
FNDA:0,(anonymous_1)
FNDA:0,(anonymous_2)
DA:8,0
DA:12,0
DA:27,0
DA:42,0
DA:44,0
DA:45,0
DA:46,0
DA:61,0
DA:64,0
DA:68,0
DA:77,0
DA:78,0
DA:79,0
DA:81,0
DA:82,0
DA:83,0
DA:84,0
DA:103,0
DA:104,0
DA:105,0
DA:106,0
DA:107,0
DA:108,0
DA:109,0
DA:110,0
DA:111,0
DA:113,0
DA:114,0
DA:115,0
DA:118,0
DA:120,0
DA:121,0
DA:122,0
DA:123,0
DA:125,0
LF:35
LH:0
BRDA:49,0,0,0
BRDA:49,0,1,0
BRDA:50,1,0,0
BRDA:50,1,1,0
BRDA:51,2,0,0
BRDA:51,2,1,0
BRDA:52,3,0,0
BRDA:52,3,1,0
BRDA:53,4,0,0
BRDA:53,4,1,0
BRDA:54,5,0,0
BRDA:54,5,1,0
BRDA:55,6,0,0
BRDA:55,6,1,0
BRDA:56,7,0,0
BRDA:56,7,1,0
BRDA:57,8,0,0
BRDA:57,8,1,0
BRDA:87,9,0,0
BRDA:87,9,1,0
BRDA:88,10,0,0
BRDA:88,10,1,0
BRDA:89,11,0,0
BRDA:89,11,1,0
BRDA:90,12,0,0
BRDA:90,12,1,0
BRDA:91,13,0,0
BRDA:91,13,1,0
BRDA:92,14,0,0
BRDA:92,14,1,0
BRDA:93,15,0,0
BRDA:93,15,1,0
BRDA:95,16,0,0
BRDA:95,16,1,0
BRDA:96,17,0,0
BRDA:96,17,1,0
BRDA:109,18,0,0
BRDA:109,18,1,0
BRF:38
BRH:0
end_of_record
TN:
SF:src/library/log.ts
FN:1,log
FNF:1
FNH:0
FNDA:0,log
DA:2,0
LF:1
LH:0
BRF:0
BRH:0
end_of_record
TN:
SF:src/library/proto_coverage.ts
FN:21,(anonymous_0)
FN:28,lineInformation_LineTypeFromJSON
FN:48,lineInformation_LineTypeToJSON
FN:68,createBaseCoverage
FN:73,(anonymous_4)
FN:86,(anonymous_5)
FN:109,(anonymous_6)
FN:111,(anonymous_7)
FN:112,(anonymous_8)
FN:118,(anonymous_9)
FN:121,(anonymous_10)
FN:126,(anonymous_11)
FN:135,(anonymous_12)
FN:137,(anonymous_13)
FN:139,(anonymous_14)
FN:144,createBaseLineInformation
FN:156,(anonymous_16)
FN:181,(anonymous_17)
FN:216,(anonymous_18)
FN:234,(anonymous_19)
FN:244,(anonymous_20)
FN:254,(anonymous_21)
FN:265,(anonymous_22)
FN:274,(anonymous_23)
FN:280,createBaseHitsBySource
FN:285,(anonymous_25)
FN:300,(anonymous_26)
FN:328,(anonymous_27)
FN:334,(anonymous_28)
FN:338,(anonymous_29)
FN:343,(anonymous_30)
FN:350,(anonymous_31)
FN:355,(anonymous_32)
FNF:33
FNH:10
FNDA:2,(anonymous_0)
FNDA:0,lineInformation_LineTypeFromJSON
FNDA:0,lineInformation_LineTypeToJSON
FNDA:5,createBaseCoverage
FNDA:6,(anonymous_4)
FNDA:5,(anonymous_5)
FNDA:0,(anonymous_6)
FNDA:0,(anonymous_7)
FNDA:0,(anonymous_8)
FNDA:0,(anonymous_9)
FNDA:0,(anonymous_10)
FNDA:0,(anonymous_11)
FNDA:0,(anonymous_12)
FNDA:0,(anonymous_13)
FNDA:0,(anonymous_14)
FNDA:41,createBaseLineInformation
FNDA:78,(anonymous_16)
FNDA:41,(anonymous_17)
FNDA:0,(anonymous_18)
FNDA:0,(anonymous_19)
FNDA:0,(anonymous_20)
FNDA:0,(anonymous_21)
FNDA:0,(anonymous_22)
FNDA:0,(anonymous_23)
FNDA:39,createBaseHitsBySource
FNDA:76,(anonymous_25)
FNDA:39,(anonymous_26)
FNDA:0,(anonymous_27)
FNDA:0,(anonymous_28)
FNDA:0,(anonymous_29)
FNDA:0,(anonymous_30)
FNDA:0,(anonymous_31)
FNDA:0,(anonymous_32)
DA:5,2
DA:21,2
DA:22,2
DA:23,2
DA:24,2
DA:25,2
DA:31,0
DA:34,0
DA:37,0
DA:40,0
DA:44,0
DA:51,0
DA:53,0
DA:55,0
DA:57,0
DA:59,0
DA:69,5
DA:72,2
DA:77,6
DA:78,4
DA:80,6
DA:81,78
DA:83,6
DA:87,5
DA:88,5
DA:89,5
DA:90,5
DA:91,44
DA:92,44
DA:94,3
DA:95,3
DA:97,41
DA:100,41
DA:102,0
DA:103,0
DA:106,5
DA:110,0
DA:111,0
DA:112,0
DA:113,0
DA:115,0
DA:119,0
DA:120,0
DA:121,0
DA:123,0
DA:125,0
DA:126,0
DA:127,0
DA:130,0
DA:132,0
DA:136,0
DA:137,0
DA:138,0
DA:139,0
DA:140,0
DA:145,41
DA:155,2
DA:160,78
DA:161,24
DA:163,78
DA:164,10
DA:166,78
DA:167,2
DA:169,78
DA:170,0
DA:172,78
DA:173,76
DA:175,78
DA:176,78
DA:178,78
DA:182,41
DA:183,41
DA:184,41
DA:185,41
DA:186,100
DA:187,100
DA:189,12
DA:190,12
DA:192,7
DA:193,7
DA:195,1
DA:196,1
DA:198,0
DA:199,0
DA:201,39
DA:204,39
DA:206,41
DA:207,41
DA:209,0
DA:210,0
DA:213,41
DA:217,0
DA:218,0
DA:222,0
DA:226,0
DA:230,0
DA:234,0
DA:235,0
DA:237,0
DA:241,0
DA:245,0
DA:246,0
DA:248,0
DA:249,0
DA:251,0
DA:253,0
DA:254,0
DA:255,0
DA:258,0
DA:260,0
DA:262,0
DA:268,0
DA:269,0
DA:270,0
DA:271,0
DA:272,0
DA:273,0
DA:274,0
DA:275,0
DA:276,0
DA:281,39
DA:284,2
DA:289,76
DA:290,0
DA:292,76
DA:293,76
DA:294,78
DA:296,76
DA:297,76
DA:301,39
DA:302,39
DA:303,39
DA:304,39
DA:305,39
DA:306,39
DA:308,0
DA:309,0
DA:311,39
DA:312,39
DA:313,39
DA:314,40
DA:317,0
DA:319,39
DA:321,0
DA:322,0
DA:325,39
DA:329,0
DA:330,0
DA:334,0
DA:335,0
DA:339,0
DA:340,0
DA:342,0
DA:343,0
DA:345,0
DA:347,0
DA:353,0
DA:354,0
DA:355,0
DA:356,0
DA:387,2
DA:388,2
DA:389,2
LF:163
LH:78
BRDA:21,0,0,2
BRDA:21,0,1,2
BRDA:31,1,0,0
BRDA:31,1,1,0
BRDA:31,1,2,0
BRDA:31,1,3,0
BRDA:31,1,4,0
BRDA:31,1,5,0
BRDA:31,1,6,0
BRDA:31,1,7,0
BRDA:31,1,8,0
BRDA:51,2,0,0
BRDA:51,2,1,0
BRDA:51,2,2,0
BRDA:51,2,3,0
BRDA:75,3,0,6
BRDA:87,4,0,0
BRDA:87,4,1,5
BRDA:88,5,0,5
BRDA:88,5,1,0
BRDA:92,6,0,3
BRDA:92,6,1,41
BRDA:92,6,2,0
BRDA:111,7,0,0
BRDA:111,7,1,0
BRDA:112,8,0,0
BRDA:112,8,1,0
BRDA:120,9,0,0
BRDA:120,9,1,0
BRDA:125,10,0,0
BRDA:125,10,1,0
BRDA:127,11,0,0
BRDA:127,11,1,0
BRDA:137,12,0,0
BRDA:137,12,1,0
BRDA:139,13,0,0
BRDA:139,13,1,0
BRDA:158,14,0,0
BRDA:160,15,0,24
BRDA:160,15,1,54
BRDA:163,16,0,10
BRDA:163,16,1,68
BRDA:166,17,0,2
BRDA:166,17,1,76
BRDA:169,18,0,0
BRDA:169,18,1,78
BRDA:175,19,0,78
BRDA:175,19,1,0
BRDA:182,20,0,41
BRDA:182,20,1,0
BRDA:183,21,0,0
BRDA:183,21,1,41
BRDA:187,22,0,12
BRDA:187,22,1,7
BRDA:187,22,2,1
BRDA:187,22,3,0
BRDA:187,22,4,39
BRDA:187,22,5,41
BRDA:187,22,6,0
BRDA:219,23,0,0
BRDA:219,23,1,0
BRDA:219,24,0,0
BRDA:219,24,1,0
BRDA:223,25,0,0
BRDA:223,25,1,0
BRDA:223,26,0,0
BRDA:223,26,1,0
BRDA:227,27,0,0
BRDA:227,27,1,0
BRDA:227,28,0,0
BRDA:227,28,1,0
BRDA:231,29,0,0
BRDA:231,29,1,0
BRDA:231,30,0,0
BRDA:231,30,1,0
BRDA:234,31,0,0
BRDA:234,31,1,0
BRDA:238,32,0,0
BRDA:238,32,1,0
BRDA:238,33,0,0
BRDA:238,33,1,0
BRDA:246,34,0,0
BRDA:246,34,1,0
BRDA:248,35,0,0
BRDA:248,35,1,0
BRDA:249,36,0,0
BRDA:249,36,1,0
BRDA:251,37,0,0
BRDA:251,37,1,0
BRDA:253,38,0,0
BRDA:253,38,1,0
BRDA:255,39,0,0
BRDA:255,39,1,0
BRDA:260,40,0,0
BRDA:260,40,1,0
BRDA:269,41,0,0
BRDA:269,41,1,0
BRDA:270,42,0,0
BRDA:270,42,1,0
BRDA:271,43,0,0
BRDA:271,43,1,0
BRDA:272,44,0,0
BRDA:272,44,1,0
BRDA:274,45,0,0
BRDA:274,45,1,0
BRDA:275,46,0,0
BRDA:275,46,1,0
BRDA:287,47,0,0
BRDA:289,48,0,0
BRDA:289,48,1,76
BRDA:301,49,0,39
BRDA:301,49,1,0
BRDA:302,50,0,0
BRDA:302,50,1,39
BRDA:306,51,0,0
BRDA:306,51,1,39
BRDA:306,51,2,0
BRDA:311,52,0,39
BRDA:311,52,1,0
BRDA:331,53,0,0
BRDA:331,53,1,0
BRDA:331,54,0,0
BRDA:331,54,1,0
BRDA:334,55,0,0
BRDA:334,55,1,0
BRDA:340,56,0,0
BRDA:340,56,1,0
BRDA:342,57,0,0
BRDA:342,57,1,0
BRDA:354,58,0,0
BRDA:354,58,1,0
BRDA:355,59,0,0
BRDA:355,59,1,0
BRDA:387,60,0,2
BRDA:387,60,1,0
BRF:135
BRH:28
end_of_record
TN:
SF:src/library/satisfiesExpectedResults.ts
FN:3,(anonymous_0)
FN:15,(anonymous_1)
FN:20,(anonymous_2)
FN:21,(anonymous_3)
FN:36,(anonymous_4)
FN:38,(anonymous_5)
FN:42,(anonymous_6)
FNF:7
FNH:0
FNDA:0,(anonymous_0)
FNDA:0,(anonymous_1)
FNDA:0,(anonymous_2)
FNDA:0,(anonymous_3)
FNDA:0,(anonymous_4)
FNDA:0,(anonymous_5)
FNDA:0,(anonymous_6)
DA:3,0
DA:11,0
DA:12,0
DA:13,0
DA:14,0
DA:15,0
DA:16,0
DA:17,0
DA:19,0
DA:20,0
DA:22,0
DA:23,0
DA:27,0
DA:28,0
DA:29,0
DA:36,0
DA:37,0
DA:38,0
DA:39,0
DA:41,0
DA:42,0
DA:45,0
DA:46,0
DA:48,0
DA:51,0
LF:25
LH:0
BRDA:22,0,0,0
BRDA:22,0,1,0
BRDA:27,1,0,0
BRDA:27,1,1,0
BRDA:45,2,0,0
BRDA:45,2,1,0
BRF:6
BRH:0
end_of_record
TN:
SF:src/library/satisfiesIncreaseConditions.ts
FN:3,(anonymous_0)
FN:18,(anonymous_1)
FN:20,(anonymous_2)
FN:23,(anonymous_3)
FN:26,(anonymous_4)
FNF:5
FNH:0
FNDA:0,(anonymous_0)
FNDA:0,(anonymous_1)
FNDA:0,(anonymous_2)
FNDA:0,(anonymous_3)
FNDA:0,(anonymous_4)
DA:3,0
DA:15,0
DA:16,0
DA:18,0
DA:21,0
DA:22,0
DA:23,0
DA:25,0
DA:26,0
DA:29,0
DA:33,0
DA:38,0
LF:12
LH:0
BRDA:18,0,0,0
BRDA:18,0,1,0
BRDA:21,1,0,0
BRDA:21,1,1,0
BRDA:29,2,0,0
BRDA:29,2,1,0
BRDA:30,3,0,0
BRDA:30,3,1,0
BRDA:31,4,0,0
BRDA:31,4,1,0
BRF:10
BRH:0
end_of_record
TN:
SF:src/library/setting.ts
FN:3,(anonymous_0)
FN:12,(anonymous_1)
FNF:2
FNH:0
FNDA:0,(anonymous_0)
FNDA:0,(anonymous_1)
DA:3,0
DA:4,0
DA:9,0
DA:12,0
DA:13,0
LF:5
LH:0
BRF:0
BRH:0
end_of_record
TN:
SF:src/library/slugify.ts
FN:1,slugify
FNF:1
FNH:1
FNDA:1,slugify
DA:2,1
DA:3,1
DA:5,0
LF:3
LH:2
BRDA:2,0,0,1
BRDA:2,0,1,0
BRF:2
BRH:1
end_of_record
TN:
SF:src/library/updatePR.ts
FN:12,updatePR
FN:29,(anonymous_1)
FN:141,(anonymous_2)
FN:216,(anonymous_3)
FN:238,(anonymous_4)
FN:277,(anonymous_5)
FN:321,(anonymous_6)
FN:323,(anonymous_7)
FN:349,(anonymous_8)
FN:352,(anonymous_9)
FNF:10
FNH:0
FNDA:0,updatePR
FNDA:0,(anonymous_1)
FNDA:0,(anonymous_2)
FNDA:0,(anonymous_3)
FNDA:0,(anonymous_4)
FNDA:0,(anonymous_5)
FNDA:0,(anonymous_6)
FNDA:0,(anonymous_7)
FNDA:0,(anonymous_8)
FNDA:0,(anonymous_9)
DA:13,0
DA:15,0
DA:17,0
DA:23,0
DA:29,0
DA:30,0
DA:33,0
DA:34,0
DA:35,0
DA:42,0
DA:43,0
DA:59,0
DA:60,0
DA:63,0
DA:64,0
DA:65,0
DA:66,0
DA:70,0
DA:71,0
DA:90,0
DA:91,0
DA:93,0
DA:94,0
DA:96,0
DA:98,0
DA:103,0
DA:108,0
DA:109,0
DA:111,0
DA:114,0
DA:115,0
DA:119,0
DA:120,0
DA:121,0
DA:142,0
DA:156,0
DA:158,0
DA:167,0
DA:191,0
DA:193,0
DA:197,0
DA:210,0
DA:216,0
DA:217,0
DA:219,0
DA:234,0
DA:235,0
DA:236,0
DA:238,0
DA:239,0
DA:240,0
DA:241,0
DA:247,0
DA:249,0
DA:253,0
DA:278,0
DA:303,0
DA:309,0
DA:320,0
DA:321,0
DA:322,0
DA:323,0
DA:326,0
DA:328,0
DA:329,0
DA:349,0
DA:352,0
DA:368,0
DA:370,0
DA:374,0
LF:70
LH:0
BRDA:30,0,0,0
BRDA:30,0,1,0
BRDA:33,1,0,0
BRDA:33,1,1,0
BRDA:59,2,0,0
BRDA:59,2,1,0
BRDA:59,3,0,0
BRDA:59,3,1,0
BRDA:59,3,2,0
BRDA:70,4,0,0
BRDA:70,4,1,0
BRDA:90,5,0,0
BRDA:90,5,1,0
BRDA:96,6,0,0
BRDA:96,6,1,0
BRDA:108,7,0,0
BRDA:108,7,1,0
BRDA:119,8,0,0
BRDA:119,8,1,0
BRDA:135,9,0,0
BRDA:135,9,1,0
BRDA:210,10,0,0
BRDA:210,10,1,0
BRDA:212,11,0,0
BRDA:212,11,1,0
BRDA:238,12,0,0
BRDA:238,12,1,0
BRDA:240,13,0,0
BRDA:240,13,1,0
BRDA:259,14,0,0
BRDA:259,14,1,0
BRDA:271,15,0,0
BRDA:271,15,1,0
BRDA:271,16,0,0
BRDA:271,16,1,0
BRDA:287,17,0,0
BRDA:287,17,1,0
BRDA:293,18,0,0
BRDA:293,18,1,0
BRDA:295,19,0,0
BRDA:295,19,1,0
BRDA:310,20,0,0
BRDA:310,20,1,0
BRDA:336,21,0,0
BRDA:336,21,1,0
BRDA:338,22,0,0
BRDA:338,22,1,0
BRDA:354,23,0,0
BRDA:354,23,1,0
BRDA:355,24,0,0
BRDA:355,24,1,0
BRF:51
BRH:0
end_of_record
TN:
SF:src/library/components/Actions.tsx
FN:3,(anonymous_0)
FNF:1
FNH:0
FNDA:0,(anonymous_0)
DA:3,0
DA:4,0
LF:2
LH:0
BRF:0
BRH:0
end_of_record
TN:
SF:src/library/components/Breadcrumbs.tsx
FN:17,(anonymous_0)
FNF:1
FNH:0
FNDA:0,(anonymous_0)
DA:17,0
DA:18,0
LF:2
LH:0
BRDA:20,0,0,0
BRDA:20,0,1,0
BRDA:28,1,0,0
BRDA:28,1,1,0
BRDA:28,2,0,0
BRDA:28,2,1,0
BRDA:42,3,0,0
BRDA:42,3,1,0
BRDA:42,4,0,0
BRDA:42,4,1,0
BRDA:42,4,2,0
BRDA:57,5,0,0
BRDA:57,5,1,0
BRDA:57,6,0,0
BRDA:57,6,1,0
BRDA:57,6,2,0
BRDA:73,7,0,0
BRDA:73,7,1,0
BRDA:73,8,0,0
BRDA:73,8,1,0
BRDA:73,8,2,0
BRDA:73,8,3,0
BRDA:88,9,0,0
BRDA:88,9,1,0
BRDA:88,10,0,0
BRDA:88,10,1,0
BRDA:88,10,2,0
BRDA:88,10,3,0
BRDA:88,10,4,0
BRDA:105,11,0,0
BRDA:105,11,1,0
BRDA:105,12,0,0
BRDA:105,12,1,0
BRDA:105,12,2,0
BRF:34
BRH:0
end_of_record
TN:
SF:src/library/components/BuildStatus.tsx
FN:16,(anonymous_0)
FN:41,(anonymous_1)
FN:44,(anonymous_2)
FN:46,(anonymous_3)
FN:57,(anonymous_4)
FNF:5
FNH:0
FNDA:0,(anonymous_0)
FNDA:0,(anonymous_1)
FNDA:0,(anonymous_2)
FNDA:0,(anonymous_3)
FNDA:0,(anonymous_4)
DA:16,0
DA:31,0
DA:37,0
DA:38,0
DA:39,0
DA:41,0
DA:42,0
DA:43,0
DA:45,0
DA:47,0
DA:49,0
DA:52,0
DA:57,0
LF:13
LH:0
BRDA:33,0,0,0
BRDA:33,0,1,0
BRDA:52,1,0,0
BRDA:52,1,1,0
BRDA:74,2,0,0
BRDA:74,2,1,0
BRDA:74,3,0,0
BRDA:74,3,1,0
BRDA:74,3,2,0
BRDA:100,4,0,0
BRDA:100,4,1,0
BRF:11
BRH:0
end_of_record
TN:
SF:src/library/components/Codeblock.tsx
FN:4,(anonymous_0)
FNF:1
FNH:0
FNDA:0,(anonymous_0)
DA:4,0
DA:5,0
LF:2
LH:0
BRF:0
BRH:0
end_of_record
TN:
SF:src/library/components/CommitInfo.tsx
FN:5,(anonymous_0)
FNF:1
FNH:0
FNDA:0,(anonymous_0)
DA:5,0
DA:9,0
LF:2
LH:0
BRDA:20,0,0,0
BRDA:20,0,1,0
BRF:2
BRH:0
end_of_record
TN:
SF:src/library/components/CoverageDifferences.tsx
FN:17,(anonymous_0)
FN:58,(anonymous_1)
FN:83,(anonymous_2)
FN:112,(anonymous_3)
FN:136,(anonymous_4)
FN:157,(anonymous_5)
FN:176,(anonymous_6)
FN:193,(anonymous_7)
FNF:8
FNH:0
FNDA:0,(anonymous_0)
FNDA:0,(anonymous_1)
FNDA:0,(anonymous_2)
FNDA:0,(anonymous_3)
FNDA:0,(anonymous_4)
FNDA:0,(anonymous_5)
FNDA:0,(anonymous_6)
FNDA:0,(anonymous_7)
DA:17,0
DA:20,0
DA:22,0
DA:58,0
DA:59,0
DA:83,0
DA:84,0
DA:112,0
DA:116,0
DA:118,0
DA:137,0
DA:158,0
DA:177,0
DA:194,0
LF:14
LH:0
BRDA:25,0,0,0
BRDA:25,0,1,0
BRDA:34,1,0,0
BRDA:34,1,1,0
BRDA:47,2,0,0
BRDA:47,2,1,0
BRDA:49,3,0,0
BRDA:49,3,1,0
BRDA:71,4,0,0
BRDA:71,4,1,0
BRDA:102,5,0,0
BRDA:102,5,1,0
BRDA:121,6,0,0
BRDA:121,6,1,0
BRDA:121,7,0,0
BRDA:121,7,1,0
BRDA:142,8,0,0
BRDA:142,8,1,0
BRDA:142,9,0,0
BRDA:142,9,1,0
BRF:20
BRH:0
end_of_record
TN:
SF:src/library/components/CoverageDifferencesSummary.tsx
FN:5,(anonymous_0)
FNF:1
FNH:0
FNDA:0,(anonymous_0)
DA:5,0
DA:8,0
DA:10,0
LF:3
LH:0
BRDA:16,0,0,0
BRDA:16,0,1,0
BRDA:16,1,0,0
BRDA:16,1,1,0
BRDA:28,2,0,0
BRDA:28,2,1,0
BRDA:28,3,0,0
BRDA:28,3,1,0
BRDA:40,4,0,0
BRDA:40,4,1,0
BRDA:40,5,0,0
BRDA:40,5,1,0
BRDA:52,6,0,0
BRDA:52,6,1,0
BRDA:52,7,0,0
BRDA:52,7,1,0
BRF:16
BRH:0
end_of_record
TN:
SF:src/library/components/CoverageGraph.tsx
FN:27,(anonymous_0)
FN:37,(anonymous_1)
FN:105,(anonymous_2)
FN:116,(anonymous_3)
FN:135,(anonymous_4)
FN:139,(anonymous_5)
FNF:6
FNH:0
FNDA:0,(anonymous_0)
FNDA:0,(anonymous_1)
FNDA:0,(anonymous_2)
FNDA:0,(anonymous_3)
FNDA:0,(anonymous_4)
FNDA:0,(anonymous_5)
DA:27,0
DA:28,0
DA:33,0
DA:37,0
DA:38,0
DA:39,0
DA:51,0
DA:53,0
DA:106,0
DA:107,0
DA:108,0
DA:109,0
DA:110,0
DA:111,0
DA:112,0
DA:117,0
DA:136,0
DA:137,0
DA:140,0
LF:19
LH:0
BRDA:38,0,0,0
BRDA:38,0,1,0
BRDA:44,1,0,0
BRDA:44,1,1,0
BRDA:46,2,0,0
BRDA:46,2,1,0
BRDA:60,3,0,0
BRDA:60,3,1,0
BRDA:108,4,0,0
BRDA:108,4,1,0
BRDA:111,5,0,0
BRDA:111,5,1,0
BRF:12
BRH:0
end_of_record
TN:
SF:src/library/components/CoverageSummary.tsx
FN:30,(anonymous_0)
FNF:1
FNH:0
FNDA:0,(anonymous_0)
DA:28,0
DA:30,0
DA:35,0
LF:3
LH:0
BRDA:35,0,0,0
BRDA:35,0,1,0
BRDA:60,1,0,0
BRDA:60,1,1,0
BRDA:75,2,0,0
BRDA:75,2,1,0
BRDA:88,3,0,0
BRDA:88,3,1,0
BRDA:111,4,0,0
BRDA:111,4,1,0
BRDA:124,5,0,0
BRDA:124,5,1,0
BRDA:137,6,0,0
BRDA:137,6,1,0
BRF:14
BRH:0
end_of_record
TN:
SF:src/library/components/DiffHelper.tsx
FN:4,(anonymous_0)
FNF:1
FNH:0
FNDA:0,(anonymous_0)
DA:4,0
DA:10,0
DA:11,0
DA:12,0
LF:4
LH:0
BRDA:10,0,0,0
BRDA:10,0,1,0
BRDA:10,1,0,0
BRDA:10,1,1,0
BRDA:11,2,0,0
BRDA:11,2,1,0
BRDA:15,3,0,0
BRDA:15,3,1,0
BRDA:18,4,0,0
BRDA:18,4,1,0
BRDA:19,5,0,0
BRDA:19,5,1,0
BRDA:21,6,0,0
BRDA:21,6,1,0
BRF:14
BRH:0
end_of_record
TN:
SF:src/library/components/DirectoryDisplay.tsx
FN:17,(anonymous_0)
FN:64,(anonymous_1)
FN:84,(anonymous_2)
FNF:3
FNH:0
FNDA:0,(anonymous_0)
FNDA:0,(anonymous_1)
FNDA:0,(anonymous_2)
DA:17,0
DA:22,0
DA:23,0
DA:24,0
DA:26,0
DA:28,0
DA:32,0
DA:36,0
DA:39,0
DA:41,0
DA:65,0
DA:66,0
DA:85,0
LF:13
LH:0
BRDA:29,0,0,0
BRDA:29,0,1,0
BRDA:33,1,0,0
BRDA:33,1,1,0
BRDA:39,2,0,0
BRDA:39,2,1,0
BRDA:41,3,0,0
BRDA:41,3,1,0
BRDA:41,4,0,0
BRDA:41,4,1,0
BRDA:41,4,2,0
BRDA:44,5,0,0
BRDA:44,5,1,0
BRDA:65,6,0,0
BRDA:65,6,1,0
BRDA:71,7,0,0
BRDA:71,7,1,0
BRF:17
BRH:0
end_of_record
TN:
SF:src/library/components/FileCoverageDisplay.tsx
FN:27,(anonymous_0)
FN:35,(anonymous_1)
FN:84,(anonymous_2)
FN:103,(anonymous_3)
FN:130,(anonymous_4)
FN:141,(anonymous_5)
FN:147,(anonymous_6)
FN:163,(anonymous_7)
FN:183,(anonymous_8)
FN:200,(anonymous_9)
FN:214,(anonymous_10)
FNF:11
FNH:0
FNDA:0,(anonymous_0)
FNDA:0,(anonymous_1)
FNDA:0,(anonymous_2)
FNDA:0,(anonymous_3)
FNDA:0,(anonymous_4)
FNDA:0,(anonymous_5)
FNDA:0,(anonymous_6)
FNDA:0,(anonymous_7)
FNDA:0,(anonymous_8)
FNDA:0,(anonymous_9)
FNDA:0,(anonymous_10)
DA:19,0
DA:27,0
DA:28,0
DA:29,0
DA:31,0
DA:35,0
DA:54,0
DA:57,0
DA:61,0
DA:62,0
DA:64,0
DA:65,0
DA:67,0
DA:85,0
DA:86,0
DA:90,0
DA:91,0
DA:92,0
DA:103,0
DA:108,0
DA:121,0
DA:131,0
DA:132,0
DA:135,0
DA:136,0
DA:137,0
DA:138,0
DA:139,0
DA:140,0
DA:142,0
DA:145,0
DA:146,0
DA:147,0
DA:149,0
DA:151,0
DA:153,0
DA:164,0
DA:184,0
DA:185,0
DA:186,0
DA:192,0
DA:193,0
DA:201,0
DA:211,0
DA:214,0
DA:224,0
DA:238,0
DA:251,0
LF:48
LH:0
BRDA:28,0,0,0
BRDA:28,0,1,0
BRDA:61,1,0,0
BRDA:61,1,1,0
BRDA:62,2,0,0
BRDA:62,2,1,0
BRDA:69,3,0,0
BRDA:69,3,1,0
BRDA:86,4,0,0
BRDA:86,4,1,0
BRDA:91,5,0,0
BRDA:91,5,1,0
BRDA:124,6,0,0
BRDA:124,6,1,0
BRDA:132,7,0,0
BRDA:132,7,1,0
BRDA:138,8,0,0
BRDA:138,8,1,0
BRDA:139,9,0,0
BRDA:139,9,1,0
BRDA:140,10,0,0
BRDA:140,10,1,0
BRDA:142,11,0,0
BRDA:142,11,1,0
BRDA:146,12,0,0
BRDA:146,12,1,0
BRDA:147,13,0,0
BRDA:147,13,1,0
BRDA:162,14,0,0
BRDA:162,14,1,0
BRDA:173,15,0,0
BRDA:173,15,1,0
BRDA:178,16,0,0
BRDA:178,16,1,0
BRDA:185,17,0,0
BRDA:185,17,1,0
BRDA:185,18,0,0
BRDA:185,18,1,0
BRDA:192,19,0,0
BRDA:192,19,1,0
BRDA:233,20,0,0
BRDA:233,20,1,0
BRDA:247,21,0,0
BRDA:247,21,1,0
BRDA:254,22,0,0
BRDA:254,22,1,0
BRF:46
BRH:0
end_of_record
TN:
SF:src/library/components/FileDisplay.tsx
FN:25,(anonymous_0)
FN:63,(anonymous_1)
FN:70,(anonymous_2)
FNF:3
FNH:0
FNDA:0,(anonymous_0)
FNDA:0,(anonymous_1)
FNDA:0,(anonymous_2)
DA:25,0
DA:30,0
DA:31,0
DA:32,0
DA:33,0
DA:35,0
DA:36,0
DA:38,0
DA:42,0
DA:43,0
DA:44,0
DA:46,0
DA:48,0
DA:55,0
DA:57,0
DA:63,0
DA:71,0
DA:72,0
LF:18
LH:0
BRDA:57,0,0,0
BRDA:57,0,1,0
BRDA:57,1,0,0
BRDA:57,1,1,0
BRDA:57,1,2,0
BRDA:71,2,0,0
BRDA:71,2,1,0
BRDA:71,3,0,0
BRDA:71,3,1,0
BRDA:93,4,0,0
BRDA:93,4,1,0
BRF:11
BRH:0
end_of_record
TN:
SF:src/library/components/Heading.tsx
FN:3,(anonymous_0)
FNF:1
FNH:0
FNDA:0,(anonymous_0)
DA:3,0
DA:4,0
LF:2
LH:0
BRF:0
BRH:0
end_of_record
TN:
SF:src/library/components/IssueSummary.tsx
FN:7,(anonymous_0)
FNF:1
FNH:0
FNDA:0,(anonymous_0)
DA:7,0
DA:12,0
DA:14,0
LF:3
LH:0
BRF:0
BRH:0
end_of_record
TN:
SF:src/library/components/Link.tsx
FN:7,(anonymous_0)
FN:18,(anonymous_1)
FNF:2
FNH:0
FNDA:0,(anonymous_0)
FNDA:0,(anonymous_1)
DA:7,0
DA:12,0
DA:13,0
DA:14,0
DA:15,0
DA:19,0
LF:6
LH:0
BRDA:13,0,0,0
BRDA:13,0,1,0
BRF:2
BRH:0
end_of_record
TN:
SF:src/library/components/Minbar.tsx
FN:4,(anonymous_0)
FN:24,(anonymous_1)
FNF:2
FNH:0
FNDA:0,(anonymous_0)
FNDA:0,(anonymous_1)
DA:4,0
DA:5,0
DA:6,0
DA:7,0
DA:11,0
DA:12,0
DA:16,0
DA:17,0
DA:21,0
DA:25,0
LF:10
LH:0
BRDA:32,0,0,0
BRDA:32,0,1,0
BRDA:34,1,0,0
BRDA:34,1,1,0
BRF:4
BRH:0
end_of_record
TN:
SF:src/library/components/NodeComponent.tsx
FN:6,(anonymous_0)
FNF:1
FNH:0
FNDA:0,(anonymous_0)
DA:6,0
DA:14,0
DA:17,0
DA:21,0
DA:22,0
LF:5
LH:0
BRDA:17,0,0,0
BRDA:17,0,1,0
BRDA:17,0,2,0
BRDA:17,0,3,0
BRDA:21,1,0,0
BRDA:21,1,1,0
BRDA:22,2,0,0
BRDA:22,2,1,0
BRDA:22,3,0,0
BRDA:22,3,1,0
BRDA:57,4,0,0
BRDA:57,4,1,0
BRDA:81,5,0,0
BRDA:81,5,1,0
BRF:14
BRH:0
end_of_record
TN:
SF:src/library/components/PackageFileTable.tsx
FN:10,(anonymous_0)
FN:47,(anonymous_1)
FN:71,(anonymous_2)
FNF:3
FNH:0
FNDA:0,(anonymous_0)
FNDA:0,(anonymous_1)
FNDA:0,(anonymous_2)
DA:10,0
DA:26,0
DA:48,0
DA:72,0
LF:4
LH:0
BRDA:26,0,0,0
BRDA:26,0,1,0
BRF:2
BRH:0
end_of_record
TN:
SF:src/library/components/RecentCommitTable.tsx
FN:44,(anonymous_0)
FN:58,(anonymous_1)
FN:76,(anonymous_2)
FNF:3
FNH:0
FNDA:0,(anonymous_0)
FNDA:0,(anonymous_1)
FNDA:0,(anonymous_2)
DA:44,0
DA:45,0
DA:59,0
DA:77,0
LF:4
LH:0
BRF:0
BRH:0
end_of_record
TN:
SF:src/library/components/RecentPRTable.tsx
FN:32,(anonymous_0)
FN:46,(anonymous_1)
FNF:2
FNH:0
FNDA:0,(anonymous_0)
FNDA:0,(anonymous_1)
DA:32,0
DA:33,0
DA:47,0
DA:48,0
LF:4
LH:0
BRDA:60,0,0,0
BRDA:60,0,1,0
BRDA:74,1,0,0
BRDA:74,1,1,0
BRF:4
BRH:0
end_of_record
TN:
SF:src/library/components/Section.tsx
FN:6,(anonymous_0)
FN:17,(anonymous_1)
FNF:2
FNH:0
FNDA:0,(anonymous_0)
FNDA:0,(anonymous_1)
DA:6,0
DA:13,0
DA:15,0
DA:17,0
LF:4
LH:0
BRDA:18,0,0,0
BRDA:18,0,1,0
BRDA:20,1,0,0
BRDA:20,1,1,0
BRF:4
BRH:0
end_of_record
TN:
SF:src/library/components/SpecificTestLinks.tsx
FN:15,(anonymous_0)
FN:30,(anonymous_1)
FNF:2
FNH:0
FNDA:0,(anonymous_0)
FNDA:0,(anonymous_1)
DA:15,0
DA:16,0
DA:18,0
DA:31,0
LF:4
LH:0
BRDA:24,0,0,0
BRDA:24,0,1,0
BRDA:28,1,0,0
BRDA:28,1,1,0
BRDA:44,2,0,0
BRDA:44,2,1,0
BRF:6
BRH:0
end_of_record
TN:
SF:src/library/components/Subheading.tsx
FN:3,(anonymous_0)
FNF:1
FNH:0
FNDA:0,(anonymous_0)
DA:3,0
DA:4,0
LF:2
LH:0
BRF:0
BRH:0
end_of_record
TN:
SF:src/library/components/Subsubheading.tsx
FN:3,(anonymous_0)
FNF:1
FNH:0
FNDA:0,(anonymous_0)
DA:3,0
DA:4,0
LF:2
LH:0
BRF:0
BRH:0
end_of_record
TN:
SF:src/library/components/TestResultStatus.tsx
FN:3,(anonymous_0)
FNF:1
FNH:0
FNDA:0,(anonymous_0)
DA:3,0
DA:6,0
LF:2
LH:0
BRDA:8,0,0,0
BRDA:8,0,1,0
BRDA:14,1,0,0
BRDA:14,1,1,0
BRDA:20,2,0,0
BRDA:20,2,1,0
BRF:6
BRH:0
end_of_record
TN:
SF:src/library/components/TestResults.tsx
FN:11,(anonymous_0)
FN:56,(anonymous_1)
FN:59,(anonymous_2)
FN:63,(anonymous_3)
FN:79,(anonymous_4)
FN:80,(anonymous_5)
FN:97,(anonymous_6)
FN:99,(anonymous_7)
FN:102,(anonymous_8)
FN:106,(anonymous_9)
FN:154,(anonymous_10)
FN:155,(anonymous_11)
FN:157,(anonymous_12)
FN:199,(anonymous_13)
FNF:14
FNH:0
FNDA:0,(anonymous_0)
FNDA:0,(anonymous_1)
FNDA:0,(anonymous_2)
FNDA:0,(anonymous_3)
FNDA:0,(anonymous_4)
FNDA:0,(anonymous_5)
FNDA:0,(anonymous_6)
FNDA:0,(anonymous_7)
FNDA:0,(anonymous_8)
FNDA:0,(anonymous_9)
FNDA:0,(anonymous_10)
FNDA:0,(anonymous_11)
FNDA:0,(anonymous_12)
FNDA:0,(anonymous_13)
DA:11,0
DA:42,0
DA:57,0
DA:59,0
DA:64,0
DA:79,0
DA:81,0
DA:98,0
DA:99,0
DA:101,0
DA:102,0
DA:103,0
DA:105,0
DA:106,0
DA:108,0
DA:154,0
DA:156,0
DA:157,0
DA:159,0
DA:200,0
DA:201,0
DA:203,0
LF:22
LH:0
BRDA:112,0,0,0
BRDA:112,0,1,0
BRDA:137,1,0,0
BRDA:137,1,1,0
BRDA:164,2,0,0
BRDA:164,2,1,0
BRDA:165,3,0,0
BRDA:165,3,1,0
BRDA:172,4,0,0
BRDA:172,4,1,0
BRDA:173,5,0,0
BRDA:173,5,1,0
BRDA:180,6,0,0
BRDA:180,6,1,0
BRDA:185,7,0,0
BRDA:185,7,1,0
BRDA:200,8,0,0
BRDA:200,8,1,0
BRDA:200,9,0,0
BRDA:200,9,1,0
BRDA:209,10,0,0
BRDA:209,10,1,0
BRF:22
BRH:0
end_of_record
TN:
SF:src/library/components/TreeMap.tsx
FN:24,getChildSize
FN:27,(anonymous_1)
FN:36,mapData
FN:44,(anonymous_3)
FN:57,(anonymous_4)
FN:63,(anonymous_5)
FN:65,(anonymous_6)
FN:82,(anonymous_7)
FN:89,(anonymous_8)
FN:98,(anonymous_9)
FN:121,(anonymous_10)
FN:130,(anonymous_11)
FN:141,(anonymous_12)
FN:151,(anonymous_13)
FNF:14
FNH:0
FNDA:0,getChildSize
FNDA:0,(anonymous_1)
FNDA:0,mapData
FNDA:0,(anonymous_3)
FNDA:0,(anonymous_4)
FNDA:0,(anonymous_5)
FNDA:0,(anonymous_6)
FNDA:0,(anonymous_7)
FNDA:0,(anonymous_8)
FNDA:0,(anonymous_9)
FNDA:0,(anonymous_10)
FNDA:0,(anonymous_11)
FNDA:0,(anonymous_12)
FNDA:0,(anonymous_13)
DA:25,0
DA:26,0
DA:27,0
DA:28,0
DA:30,0
DA:32,0
DA:41,0
DA:42,0
DA:45,0
DA:49,0
DA:57,0
DA:58,0
DA:59,0
DA:61,0
DA:62,0
DA:63,0
DA:64,0
DA:65,0
DA:69,0
DA:71,0
DA:73,0
DA:83,0
DA:90,0
DA:99,0
DA:122,0
DA:131,0
DA:142,0
DA:152,0
LF:28
LH:0
BRDA:25,0,0,0
BRDA:25,0,1,0
BRDA:32,1,0,0
BRDA:32,1,1,0
BRDA:39,2,0,0
BRDA:41,3,0,0
BRDA:41,3,1,0
BRDA:62,4,0,0
BRDA:62,4,1,0
BRDA:73,5,0,0
BRDA:73,5,1,0
BRDA:77,6,0,0
BRDA:77,6,1,0
BRDA:90,7,0,0
BRDA:90,7,1,0
BRDA:111,8,0,0
BRDA:111,8,1,0
BRDA:124,9,0,0
BRDA:124,9,1,0
BRDA:133,10,0,0
BRDA:133,10,1,0
BRDA:145,11,0,0
BRDA:145,11,1,0
BRDA:152,12,0,0
BRDA:152,12,1,0
BRF:25
BRH:0
end_of_record
TN:
SF:src/library/coverage-formats/cobertura.ts
FN:70,(anonymous_0)
FN:81,(anonymous_1)
FN:82,(anonymous_2)
FN:90,(anonymous_3)
FN:94,(anonymous_4)
FN:99,(anonymous_5)
FN:104,(anonymous_6)
FN:136,(anonymous_7)
FN:156,(anonymous_8)
FN:164,(anonymous_9)
FNF:10
FNH:7
FNDA:5,(anonymous_0)
FNDA:5,(anonymous_1)
FNDA:5,(anonymous_2)
FNDA:10,(anonymous_3)
FNDA:5,(anonymous_4)
FNDA:5,(anonymous_5)
FNDA:5,(anonymous_6)
FNDA:0,(anonymous_7)
FNDA:0,(anonymous_8)
FNDA:0,(anonymous_9)
DA:7,1
DA:18,1
DA:70,1
DA:78,5
DA:79,5
DA:81,5
DA:82,5
DA:83,5
DA:84,0
DA:87,5
DA:90,10
DA:94,5
DA:95,5
DA:100,5
DA:101,5
DA:105,5
DA:106,5
DA:107,0
DA:108,0
DA:109,0
DA:110,0
DA:111,0
DA:116,5
DA:117,0
DA:128,5
DA:137,0
DA:141,0
DA:149,5
DA:150,5
DA:151,5
DA:157,0
DA:160,5
DA:161,5
DA:162,5
DA:164,5
DA:165,0
DA:168,5
DA:178,5
DA:180,5
DA:181,0
DA:184,5
DA:186,5
DA:188,5
LF:43
LH:31
BRDA:79,0,0,5
BRDA:79,0,1,0
BRDA:83,1,0,0
BRDA:83,1,1,5
BRDA:104,2,0,5
BRDA:104,2,1,0
BRDA:106,3,0,0
BRDA:106,3,1,5
BRDA:108,4,0,0
BRDA:108,4,1,0
BRDA:108,5,0,0
BRDA:108,5,1,0
BRDA:116,6,0,0
BRDA:116,6,1,5
BRDA:121,7,0,0
BRDA:121,7,1,0
BRDA:122,8,0,0
BRDA:122,8,1,0
BRDA:136,9,0,5
BRDA:136,9,1,5
BRDA:180,10,0,0
BRDA:180,10,1,5
BRF:22
BRH:8
end_of_record
TN:
SF:src/library/coverage-formats/lcov.ts
FN:30,(anonymous_0)
FN:80,(anonymous_1)
FN:99,(anonymous_2)
FN:133,(anonymous_3)
FN:138,(anonymous_4)
FN:154,(anonymous_5)
FN:162,(anonymous_6)
FNF:7
FNH:0
FNDA:0,(anonymous_0)
FNDA:0,(anonymous_1)
FNDA:0,(anonymous_2)
FNDA:0,(anonymous_3)
FNDA:0,(anonymous_4)
FNDA:0,(anonymous_5)
FNDA:0,(anonymous_6)
DA:30,0
DA:38,0
DA:39,0
DA:41,0
DA:42,0
DA:43,0
DA:54,0
DA:55,0
DA:56,0
DA:57,0
DA:59,0
DA:60,0
DA:62,0
DA:64,0
DA:65,0
DA:67,0
DA:68,0
DA:69,0
DA:74,0
DA:77,0
DA:78,0
DA:79,0
DA:80,0
DA:81,0
DA:82,0
DA:83,0
DA:84,0
DA:87,0
DA:88,0
DA:89,0
DA:93,0
DA:96,0
DA:97,0
DA:98,0
DA:99,0
DA:100,0
DA:101,0
DA:102,0
DA:103,0
DA:104,0
DA:107,0
DA:108,0
DA:110,0
DA:111,0
DA:113,0
DA:114,0
DA:116,0
DA:117,0
DA:119,0
DA:120,0
DA:122,0
DA:123,0
DA:125,0
DA:127,0
DA:130,0
DA:133,0
DA:134,0
DA:135,0
DA:136,0
DA:138,0
DA:139,0
DA:140,0
DA:144,0
DA:147,0
DA:148,0
DA:151,0
DA:155,0
DA:163,0
DA:175,0
LF:69
LH:0
BRDA:39,0,0,0
BRDA:39,0,1,0
BRDA:56,1,0,0
BRDA:56,1,1,0
BRDA:60,2,0,0
BRDA:60,2,1,0
BRDA:60,3,0,0
BRDA:60,3,1,0
BRDA:62,4,0,0
BRDA:62,4,1,0
BRDA:62,4,2,0
BRDA:62,4,3,0
BRDA:62,4,4,0
BRDA:62,4,5,0
BRDA:62,4,6,0
BRDA:62,4,7,0
BRDA:62,4,8,0
BRDA:62,4,9,0
BRDA:62,4,10,0
BRDA:62,4,11,0
BRDA:68,5,0,0
BRDA:68,5,1,0
BRDA:68,6,0,0
BRDA:68,6,1,0
BRDA:78,7,0,0
BRDA:78,7,1,0
BRDA:78,8,0,0
BRDA:78,8,1,0
BRDA:81,9,0,0
BRDA:81,9,1,0
BRDA:88,10,0,0
BRDA:88,10,1,0
BRDA:88,11,0,0
BRDA:88,11,1,0
BRDA:97,12,0,0
BRDA:97,12,1,0
BRDA:97,13,0,0
BRDA:97,13,1,0
BRDA:97,13,2,0
BRDA:97,13,3,0
BRDA:100,14,0,0
BRDA:100,14,1,0
BRDA:101,15,0,0
BRDA:101,15,1,0
BRDA:103,16,0,0
BRDA:103,16,1,0
BRDA:103,17,0,0
BRDA:103,17,1,0
BRDA:131,18,0,0
BRDA:131,18,1,0
BRDA:139,19,0,0
BRDA:139,19,1,0
BRDA:147,20,0,0
BRDA:147,20,1,0
BRDA:147,21,0,0
BRDA:147,21,1,0
BRDA:167,22,0,0
BRDA:167,22,1,0
BRDA:168,23,0,0
BRDA:168,23,1,0
BRF:60
BRH:0
end_of_record
TN:
SF:src/pages/404.tsx
FN:7,Page404
FNF:1
FNH:0
FNDA:0,Page404
DA:8,0
DA:9,0
DA:10,0
LF:3
LH:0
BRF:0
BRH:0
end_of_record
TN:
SF:src/pages/_app.tsx
FN:21,RootErrorFallback
FN:38,MyApp
FN:39,(anonymous_2)
FNF:3
FNH:0
FNDA:0,RootErrorFallback
FNDA:0,MyApp
FNDA:0,(anonymous_2)
DA:12,0
DA:14,0
DA:22,0
DA:23,0
DA:24,0
DA:25,0
DA:32,0
DA:39,0
DA:40,0
LF:9
LH:0
BRDA:22,0,0,0
BRDA:22,0,1,0
BRDA:24,1,0,0
BRDA:24,1,1,0
BRDA:33,2,0,0
BRDA:33,2,1,0
BRDA:33,3,0,0
BRDA:33,3,1,0
BRDA:39,4,0,0
BRDA:39,4,1,0
BRF:10
BRH:0
end_of_record
TN:
SF:src/pages/_document.tsx
FN:9,(anonymous_0)
FNF:1
FNH:0
FNDA:0,(anonymous_0)
DA:10,0
LF:1
LH:0
BRF:0
BRH:0
end_of_record
TN:
SF:src/pages/index.tsx
FN:29,(anonymous_0)
FN:43,(anonymous_1)
FN:63,(anonymous_2)
FN:64,(anonymous_3)
FN:74,(anonymous_4)
FN:75,(anonymous_5)
FN:85,(anonymous_6)
FN:86,(anonymous_7)
FN:97,(anonymous_8)
FN:99,(anonymous_9)
FN:105,(anonymous_10)
FN:109,(anonymous_11)
FN:123,(anonymous_12)
FNF:13
FNH:0
FNDA:0,(anonymous_0)
FNDA:0,(anonymous_1)
FNDA:0,(anonymous_2)
FNDA:0,(anonymous_3)
FNDA:0,(anonymous_4)
FNDA:0,(anonymous_5)
FNDA:0,(anonymous_6)
FNDA:0,(anonymous_7)
FNDA:0,(anonymous_8)
FNDA:0,(anonymous_9)
FNDA:0,(anonymous_10)
FNDA:0,(anonymous_11)
FNDA:0,(anonymous_12)
DA:29,0
DA:30,0
DA:31,0
DA:33,0
DA:39,0
DA:44,0
DA:64,0
DA:75,0
DA:86,0
DA:98,0
DA:100,0
DA:105,0
DA:106,0
DA:110,0
DA:122,0
DA:123,0
LF:16
LH:0
BRF:0
BRH:0
end_of_record
TN:
SF:src/pages/logs.tsx
FN:16,(anonymous_0)
FN:20,(anonymous_1)
FN:38,(anonymous_2)
FN:48,(anonymous_3)
FN:55,(anonymous_4)
FN:58,(anonymous_5)
FN:77,(anonymous_6)
FN:114,(anonymous_7)
FNF:8
FNH:0
FNDA:0,(anonymous_0)
FNDA:0,(anonymous_1)
FNDA:0,(anonymous_2)
FNDA:0,(anonymous_3)
FNDA:0,(anonymous_4)
FNDA:0,(anonymous_5)
FNDA:0,(anonymous_6)
FNDA:0,(anonymous_7)
DA:16,0
DA:17,0
DA:18,0
DA:19,0
DA:20,0
DA:21,0
DA:22,0
DA:24,0
DA:30,0
DA:39,0
DA:49,0
DA:56,0
DA:59,0
DA:60,0
DA:78,0
DA:113,0
DA:114,0
LF:17
LH:0
BRDA:59,0,0,0
BRDA:59,0,1,0
BRDA:95,1,0,0
BRDA:95,1,1,0
BRDA:103,2,0,0
BRDA:103,2,1,0
BRF:6
BRH:0
end_of_record
TN:
SF:src/pages/queues.tsx
FN:30,(anonymous_0)
FN:33,(anonymous_1)
FN:34,(anonymous_2)
FN:35,(anonymous_3)
FN:39,(anonymous_4)
FN:47,(anonymous_5)
FN:81,(anonymous_6)
FN:112,(anonymous_7)
FNF:8
FNH:0
FNDA:0,(anonymous_0)
FNDA:0,(anonymous_1)
FNDA:0,(anonymous_2)
FNDA:0,(anonymous_3)
FNDA:0,(anonymous_4)
FNDA:0,(anonymous_5)
FNDA:0,(anonymous_6)
FNDA:0,(anonymous_7)
DA:30,0
DA:31,0
DA:33,0
DA:34,0
DA:35,0
DA:36,0
DA:39,0
DA:40,0
DA:44,0
DA:48,0
DA:82,0
DA:111,0
DA:112,0
LF:13
LH:0
BRDA:82,0,0,0
BRDA:82,0,1,0
BRDA:89,1,0,0
BRDA:89,1,1,0
BRF:4
BRH:0
end_of_record
TN:
SF:src/pages/settings.tsx
FN:17,(anonymous_0)
FN:36,(anonymous_1)
FN:39,(anonymous_2)
FN:43,(anonymous_3)
FN:58,(anonymous_4)
FN:61,(anonymous_5)
FN:65,(anonymous_6)
FN:83,(anonymous_7)
FNF:8
FNH:0
FNDA:0,(anonymous_0)
FNDA:0,(anonymous_1)
FNDA:0,(anonymous_2)
FNDA:0,(anonymous_3)
FNDA:0,(anonymous_4)
FNDA:0,(anonymous_5)
FNDA:0,(anonymous_6)
FNDA:0,(anonymous_7)
DA:17,0
DA:18,0
DA:19,0
DA:22,0
DA:23,0
DA:24,0
DA:26,0
DA:37,0
DA:40,0
DA:44,0
DA:59,0
DA:62,0
DA:66,0
DA:82,0
DA:83,0
DA:84,0
LF:16
LH:0
BRDA:24,0,0,0
BRDA:24,0,1,0
BRDA:42,1,0,0
BRDA:42,1,1,0
BRDA:64,2,0,0
BRDA:64,2,1,0
BRF:6
BRH:0
end_of_record
TN:
SF:src/pages/api/index.ts
FN:3,handler
FNF:1
FNH:0
FNDA:0,handler
DA:7,0
LF:1
LH:0
BRF:0
BRH:0
end_of_record
TN:
SF:src/pages/api/github/hook.ts
FN:7,handler
FNF:1
FNH:0
FNDA:0,handler
DA:8,0
DA:9,0
DA:10,0
DA:11,0
DA:12,0
DA:15,0
DA:17,0
DA:24,0
DA:33,0
DA:36,0
DA:42,0
DA:48,0
DA:49,0
DA:53,0
DA:54,0
DA:60,0
DA:67,0
DA:74,0
DA:75,0
DA:79,0
DA:80,0
DA:85,0
DA:100,0
DA:119,0
DA:125,0
DA:126,0
DA:128,0
DA:147,0
DA:175,0
DA:177,0
DA:180,0
DA:181,0
DA:193,0
LF:33
LH:0
BRDA:10,0,0,0
BRDA:10,0,1,0
BRDA:24,1,0,0
BRDA:24,1,1,0
BRDA:25,2,0,0
BRDA:25,2,1,0
BRDA:25,2,2,0
BRDA:25,2,3,0
BRDA:25,2,4,0
BRDA:25,2,5,0
BRDA:25,2,6,0
BRDA:48,3,0,0
BRDA:48,3,1,0
BRDA:53,4,0,0
BRDA:53,4,1,0
BRDA:74,5,0,0
BRDA:74,5,1,0
BRDA:79,6,0,0
BRDA:79,6,1,0
BRDA:125,7,0,0
BRDA:125,7,1,0
BRDA:155,8,0,0
BRDA:155,8,1,0
BRDA:159,9,0,0
BRDA:159,9,1,0
BRDA:182,10,0,0
BRDA:182,10,1,0
BRF:27
BRH:0
end_of_record
TN:
SF:src/pages/api/group/[groupId]/project/[projectId]/check.ts
FN:12,handler
FN:159,(anonymous_1)
FN:162,(anonymous_2)
FNF:3
FNH:0
FNDA:0,handler
FNDA:0,(anonymous_1)
FNDA:0,(anonymous_2)
DA:16,0
DA:17,0
DA:19,0
DA:20,0
DA:21,0
DA:22,0
DA:23,0
DA:25,0
DA:26,0
DA:27,0
DA:40,0
DA:41,0
DA:44,0
DA:45,0
DA:46,0
DA:63,0
DA:64,0
DA:67,0
DA:68,0
DA:75,0
DA:77,0
DA:78,0
DA:85,0
DA:86,0
DA:88,0
DA:90,0
DA:93,0
DA:119,0
DA:121,0
DA:146,0
DA:148,0
DA:150,0
DA:151,0
DA:153,0
DA:155,0
DA:157,0
DA:160,0
DA:162,0
DA:167,0
DA:168,0
DA:173,0
DA:180,0
DA:187,0
DA:194,0
DA:202,0
DA:208,0
DA:209,0
DA:226,0
DA:230,0
DA:233,0
DA:234,0
DA:245,0
DA:246,0
DA:250,0
LF:54
LH:0
BRDA:16,0,0,0
BRDA:16,0,1,0
BRDA:21,1,0,0
BRDA:21,1,1,0
BRDA:21,2,0,0
BRDA:21,2,1,0
BRDA:21,2,2,0
BRDA:26,3,0,0
BRDA:26,3,1,0
BRDA:31,4,0,0
BRDA:31,4,1,0
BRDA:40,5,0,0
BRDA:40,5,1,0
BRDA:45,6,0,0
BRDA:45,6,1,0
BRDA:50,7,0,0
BRDA:50,7,1,0
BRDA:63,8,0,0
BRDA:63,8,1,0
BRDA:75,9,0,0
BRDA:75,9,1,0
BRDA:85,10,0,0
BRDA:85,10,1,0
BRDA:150,11,0,0
BRDA:150,11,1,0
BRDA:150,12,0,0
BRDA:150,12,1,0
BRDA:155,13,0,0
BRDA:155,13,1,0
BRDA:167,14,0,0
BRDA:167,14,1,0
BRDA:173,15,0,0
BRDA:173,15,1,0
BRDA:187,16,0,0
BRDA:187,16,1,0
BRDA:208,17,0,0
BRDA:208,17,1,0
BRDA:235,18,0,0
BRDA:235,18,1,0
BRF:39
BRH:0
end_of_record
TN:
SF:src/pages/api/group/[groupId]/project/[projectId]/upload-changefrequency.ts
FN:8,handler
FN:71,(anonymous_1)
FNF:2
FNH:0
FNDA:0,handler
FNDA:0,(anonymous_1)
DA:9,0
DA:10,0
DA:13,0
DA:15,0
DA:16,0
DA:18,0
DA:19,0
DA:32,0
DA:33,0
DA:36,0
DA:37,0
DA:51,0
DA:52,0
DA:55,0
DA:56,0
DA:59,0
DA:65,0
DA:66,0
DA:69,0
DA:71,0
DA:72,0
DA:75,0
DA:86,0
DA:88,0
DA:89,0
DA:100,0
DA:106,0
LF:27
LH:0
BRDA:9,0,0,0
BRDA:9,0,1,0
BRDA:16,1,0,0
BRDA:16,1,1,0
BRDA:23,2,0,0
BRDA:23,2,1,0
BRDA:32,3,0,0
BRDA:32,3,1,0
BRDA:36,4,0,0
BRDA:36,4,1,0
BRDA:41,5,0,0
BRDA:41,5,1,0
BRDA:51,6,0,0
BRDA:51,6,1,0
BRDA:55,7,0,0
BRDA:55,7,1,0
BRDA:65,8,0,0
BRDA:65,8,1,0
BRF:18
BRH:0
end_of_record
TN:
SF:src/pages/api/group/[groupId]/project/[projectId]/upload-codeclimate.ts
FN:3,handler
FNF:1
FNH:0
FNDA:0,handler
DA:7,0
DA:8,0
DA:12,0
LF:3
LH:0
BRDA:7,0,0,0
BRDA:7,0,1,0
BRF:2
BRH:0
end_of_record
TN:
SF:src/pages/api/group/[groupId]/project/[projectId]/upload-sonar.ts
FNF:0
FNH:0
DA:5,0
LF:1
LH:0
BRF:0
BRH:0
end_of_record
TN:
SF:src/pages/api/group/[groupId]/project/[projectId]/upload-sonarqube.ts
FN:9,handler
FN:72,(anonymous_1)
FNF:2
FNH:0
FNDA:0,handler
FNDA:0,(anonymous_1)
DA:10,0
DA:11,0
DA:14,0
DA:16,0
DA:17,0
DA:19,0
DA:20,0
DA:33,0
DA:34,0
DA:37,0
DA:38,0
DA:52,0
DA:53,0
DA:56,0
DA:57,0
DA:60,0
DA:66,0
DA:67,0
DA:70,0
DA:72,0
DA:73,0
DA:76,0
DA:87,0
DA:89,0
DA:90,0
DA:101,0
DA:107,0
LF:27
LH:0
BRDA:10,0,0,0
BRDA:10,0,1,0
BRDA:17,1,0,0
BRDA:17,1,1,0
BRDA:24,2,0,0
BRDA:24,2,1,0
BRDA:33,3,0,0
BRDA:33,3,1,0
BRDA:37,4,0,0
BRDA:37,4,1,0
BRDA:42,5,0,0
BRDA:42,5,1,0
BRDA:52,6,0,0
BRDA:52,6,1,0
BRDA:56,7,0,0
BRDA:56,7,1,0
BRDA:66,8,0,0
BRDA:66,8,1,0
BRF:18
BRH:0
end_of_record
TN:
SF:src/pages/api/group/[groupId]/project/[projectId]/upload-with-hits.ts
FN:36,handler
FN:44,(anonymous_1)
FN:48,(anonymous_2)
FN:75,(anonymous_3)
FN:207,(anonymous_4)
FN:218,(anonymous_5)
FN:359,(anonymous_6)
FNF:7
FNH:0
FNDA:0,handler
FNDA:0,(anonymous_1)
FNDA:0,(anonymous_2)
FNDA:0,(anonymous_3)
FNDA:0,(anonymous_4)
FNDA:0,(anonymous_5)
FNDA:0,(anonymous_6)
DA:13,0
DA:40,0
DA:42,0
DA:43,0
DA:44,0
DA:45,0
DA:46,0
DA:48,0
DA:49,0
DA:50,0
DA:52,0
DA:55,0
DA:56,0
DA:59,0
DA:60,0
DA:62,0
DA:72,0
DA:74,0
DA:75,0
DA:76,0
DA:78,0
DA:81,0
DA:82,0
DA:84,0
DA:86,0
DA:96,0
DA:100,0
DA:101,0
DA:108,0
DA:109,0
DA:111,0
DA:112,0
DA:113,0
DA:126,0
DA:127,0
DA:130,0
DA:131,0
DA:132,0
DA:146,0
DA:147,0
DA:150,0
DA:151,0
DA:153,0
DA:154,0
DA:159,0
DA:161,0
DA:162,0
DA:168,0
DA:174,0
DA:175,0
DA:176,0
DA:186,0
DA:195,0
DA:202,0
DA:206,0
DA:207,0
DA:208,0
DA:216,0
DA:218,0
DA:219,0
DA:230,0
DA:231,0
DA:236,0
DA:237,0
DA:238,0
DA:239,0
DA:246,0
DA:257,0
DA:258,0
DA:260,0
DA:261,0
DA:262,0
DA:269,0
DA:271,0
DA:276,0
DA:285,0
DA:289,0
DA:290,0
DA:300,0
DA:305,0
DA:306,0
DA:307,0
DA:317,0
DA:318,0
DA:324,0
DA:325,0
DA:338,0
DA:340,0
DA:341,0
DA:351,0
DA:360,0
DA:363,0
DA:374,0
DA:376,0
DA:389,0
DA:400,0
DA:407,0
LF:97
LH:0
BRDA:55,0,0,0
BRDA:55,0,1,0
BRDA:96,1,0,0
BRDA:96,1,1,0
BRDA:101,2,0,0
BRDA:101,2,1,0
BRDA:102,3,0,0
BRDA:102,3,1,0
BRDA:102,3,2,0
BRDA:102,3,3,0
BRDA:102,3,4,0
BRDA:112,4,0,0
BRDA:112,4,1,0
BRDA:117,5,0,0
BRDA:117,5,1,0
BRDA:126,6,0,0
BRDA:126,6,1,0
BRDA:131,7,0,0
BRDA:131,7,1,0
BRDA:136,8,0,0
BRDA:136,8,1,0
BRDA:146,9,0,0
BRDA:146,9,1,0
BRDA:150,10,0,0
BRDA:150,10,1,0
BRDA:153,11,0,0
BRDA:153,11,1,0
BRDA:153,12,0,0
BRDA:153,12,1,0
BRDA:172,13,0,0
BRDA:172,13,1,0
BRDA:174,14,0,0
BRDA:174,14,1,0
BRDA:181,15,0,0
BRDA:181,15,1,0
BRDA:210,16,0,0
BRDA:210,16,1,0
BRDA:237,17,0,0
BRDA:237,17,1,0
BRDA:257,18,0,0
BRDA:257,18,1,0
BRDA:269,19,0,0
BRDA:269,19,1,0
BRDA:285,20,0,0
BRDA:285,20,1,0
BRDA:286,21,0,0
BRDA:286,21,1,0
BRDA:305,22,0,0
BRDA:305,22,1,0
BRDA:309,23,0,0
BRDA:309,23,1,0
BRDA:390,24,0,0
BRDA:390,24,1,0
BRF:53
BRH:0
end_of_record
TN:
SF:src/pages/api/group/[groupId]/project/[projectId]/upload.ts
FN:10,handler
FN:192,(anonymous_1)
FNF:2
FNH:0
FNDA:0,handler
FNDA:0,(anonymous_1)
DA:11,0
DA:12,0
DA:14,0
DA:15,0
DA:16,0
DA:17,0
DA:18,0
DA:19,0
DA:21,0
DA:22,0
DA:26,0
DA:27,0
DA:40,0
DA:41,0
DA:44,0
DA:45,0
DA:46,0
DA:60,0
DA:61,0
DA:64,0
DA:65,0
DA:68,0
DA:72,0
DA:73,0
DA:74,0
DA:81,0
DA:83,0
DA:85,0
DA:91,0
DA:92,0
DA:93,0
DA:103,0
DA:104,0
DA:109,0
DA:110,0
DA:111,0
DA:112,0
DA:119,0
DA:130,0
DA:132,0
DA:133,0
DA:134,0
DA:141,0
DA:142,0
DA:144,0
DA:149,0
DA:158,0
DA:159,0
DA:160,0
DA:170,0
DA:171,0
DA:172,0
DA:173,0
DA:183,0
DA:184,0
DA:193,0
DA:196,0
DA:207,0
DA:209,0
DA:210,0
DA:220,0
DA:231,0
DA:232,0
DA:239,0
LF:64
LH:0
BRDA:11,0,0,0
BRDA:11,0,1,0
BRDA:17,1,0,0
BRDA:17,1,1,0
BRDA:17,2,0,0
BRDA:17,2,1,0
BRDA:17,2,2,0
BRDA:17,2,3,0
BRDA:22,3,0,0
BRDA:22,3,1,0
BRDA:26,4,0,0
BRDA:26,4,1,0
BRDA:31,5,0,0
BRDA:31,5,1,0
BRDA:40,6,0,0
BRDA:40,6,1,0
BRDA:45,7,0,0
BRDA:45,7,1,0
BRDA:50,8,0,0
BRDA:50,8,1,0
BRDA:60,9,0,0
BRDA:60,9,1,0
BRDA:64,10,0,0
BRDA:64,10,1,0
BRDA:76,11,0,0
BRDA:76,11,1,0
BRDA:91,12,0,0
BRDA:91,12,1,0
BRDA:98,13,0,0
BRDA:98,13,1,0
BRDA:110,14,0,0
BRDA:110,14,1,0
BRDA:130,15,0,0
BRDA:130,15,1,0
BRDA:141,16,0,0
BRDA:141,16,1,0
BRDA:158,17,0,0
BRDA:158,17,1,0
BRDA:158,18,0,0
BRDA:158,18,1,0
BRDA:171,19,0,0
BRDA:171,19,1,0
BRDA:175,20,0,0
BRDA:175,20,1,0
BRDA:221,21,0,0
BRDA:221,21,1,0
BRF:46
BRH:0
end_of_record
TN:
SF:src/pages/group/[groupId].tsx
FN:29,(anonymous_0)
FN:63,(anonymous_1)
FN:108,(anonymous_2)
FN:109,(anonymous_3)
FN:119,(anonymous_4)
FN:120,(anonymous_5)
FN:130,(anonymous_6)
FN:131,(anonymous_7)
FN:144,(anonymous_8)
FN:146,(anonymous_9)
FN:152,(anonymous_10)
FN:156,(anonymous_11)
FN:169,(anonymous_12)
FNF:13
FNH:0
FNDA:0,(anonymous_0)
FNDA:0,(anonymous_1)
FNDA:0,(anonymous_2)
FNDA:0,(anonymous_3)
FNDA:0,(anonymous_4)
FNDA:0,(anonymous_5)
FNDA:0,(anonymous_6)
FNDA:0,(anonymous_7)
FNDA:0,(anonymous_8)
FNDA:0,(anonymous_9)
FNDA:0,(anonymous_10)
FNDA:0,(anonymous_11)
FNDA:0,(anonymous_12)
DA:29,0
DA:30,0
DA:32,0
DA:35,0
DA:39,0
DA:41,0
DA:47,0
DA:64,0
DA:109,0
DA:120,0
DA:131,0
DA:145,0
DA:147,0
DA:152,0
DA:153,0
DA:157,0
DA:168,0
DA:169,0
LF:18
LH:0
BRDA:47,0,0,0
BRDA:47,0,1,0
BRDA:69,1,0,0
BRDA:69,1,1,0
BRDA:78,2,0,0
BRDA:78,2,1,0
BRDA:83,3,0,0
BRDA:83,3,1,0
BRDA:91,4,0,0
BRDA:91,4,1,0
BRF:10
BRH:0
end_of_record
TN:
SF:src/pages/group/[groupId]/project/[projectId].tsx
FN:46,(anonymous_0)
FN:130,(anonymous_1)
FN:172,(anonymous_2)
FNF:3
FNH:0
FNDA:0,(anonymous_0)
FNDA:0,(anonymous_1)
FNDA:0,(anonymous_2)
DA:44,0
DA:46,0
DA:47,0
DA:48,0
DA:50,0
DA:51,0
DA:54,0
DA:57,0
DA:61,0
DA:131,0
DA:171,0
DA:172,0
LF:12
LH:0
BRDA:52,0,0,0
BRDA:52,0,1,0
BRDA:55,1,0,0
BRDA:55,1,1,0
BRDA:58,2,0,0
BRDA:58,2,1,0
BRDA:61,3,0,0
BRDA:61,3,1,0
BRDA:61,4,0,0
BRDA:61,4,1,0
BRDA:61,4,2,0
BRDA:66,5,0,0
BRDA:66,5,1,0
BRDA:88,6,0,0
BRDA:88,6,1,0
BRDA:98,7,0,0
BRDA:98,7,1,0
BRDA:98,8,0,0
BRDA:98,8,1,0
BRDA:120,9,0,0
BRDA:120,9,1,0
BRDA:157,10,0,0
BRDA:157,10,1,0
BRF:23
BRH:0
end_of_record
TN:
SF:src/pages/group/[groupId]/project/[projectId]/branches.tsx
FN:19,(anonymous_0)
FN:53,(anonymous_1)
FN:75,(anonymous_2)
FNF:3
FNH:0
FNDA:0,(anonymous_0)
FNDA:0,(anonymous_1)
FNDA:0,(anonymous_2)
DA:19,0
DA:20,0
DA:21,0
DA:23,0
DA:24,0
DA:33,0
DA:54,0
DA:74,0
DA:75,0
DA:76,0
LF:10
LH:0
BRDA:33,0,0,0
BRDA:33,0,1,0
BRDA:33,1,0,0
BRDA:33,1,1,0
BRDA:33,1,2,0
BRDA:39,2,0,0
BRDA:39,2,1,0
BRF:7
BRH:0
end_of_record
TN:
SF:src/pages/group/[groupId]/project/[projectId]/commits.tsx
FN:12,(anonymous_0)
FN:45,(anonymous_1)
FNF:2
FNH:0
FNDA:0,(anonymous_0)
FNDA:0,(anonymous_1)
DA:12,0
DA:13,0
DA:14,0
DA:16,0
DA:17,0
DA:22,0
DA:44,0
DA:45,0
DA:46,0
LF:9
LH:0
BRDA:18,0,0,0
BRDA:18,0,1,0
BRDA:22,1,0,0
BRDA:22,1,1,0
BRDA:22,2,0,0
BRDA:22,2,1,0
BRDA:22,2,2,0
BRDA:28,3,0,0
BRDA:28,3,1,0
BRF:9
BRH:0
end_of_record
TN:
SF:src/pages/group/[groupId]/project/[projectId]/pull-requests.tsx
FN:14,(anonymous_0)
FN:43,(anonymous_1)
FNF:2
FNH:0
FNDA:0,(anonymous_0)
FNDA:0,(anonymous_1)
DA:14,0
DA:15,0
DA:16,0
DA:18,0
DA:19,0
DA:24,0
DA:42,0
DA:43,0
LF:8
LH:0
BRDA:20,0,0,0
BRDA:20,0,1,0
BRDA:24,1,0,0
BRDA:24,1,1,0
BRDA:24,2,0,0
BRDA:24,2,1,0
BRDA:24,2,2,0
BRDA:30,3,0,0
BRDA:30,3,1,0
BRF:9
BRH:0
end_of_record
TN:
SF:src/pages/group/[groupId]/project/[projectId]/settings.tsx
FN:29,(anonymous_0)
FN:81,(anonymous_1)
FN:84,(anonymous_2)
FN:100,(anonymous_3)
FN:125,(anonymous_4)
FN:135,(anonymous_5)
FN:138,(anonymous_6)
FN:154,(anonymous_7)
FN:155,(anonymous_8)
FN:163,(anonymous_9)
FN:164,(anonymous_10)
FN:176,(anonymous_11)
FN:177,(anonymous_12)
FN:187,(anonymous_13)
FN:188,(anonymous_14)
FN:199,(anonymous_15)
FN:207,(anonymous_16)
FN:216,(anonymous_17)
FN:231,(anonymous_18)
FNF:19
FNH:0
FNDA:0,(anonymous_0)
FNDA:0,(anonymous_1)
FNDA:0,(anonymous_2)
FNDA:0,(anonymous_3)
FNDA:0,(anonymous_4)
FNDA:0,(anonymous_5)
FNDA:0,(anonymous_6)
FNDA:0,(anonymous_7)
FNDA:0,(anonymous_8)
FNDA:0,(anonymous_9)
FNDA:0,(anonymous_10)
FNDA:0,(anonymous_11)
FNDA:0,(anonymous_12)
FNDA:0,(anonymous_13)
FNDA:0,(anonymous_14)
FNDA:0,(anonymous_15)
FNDA:0,(anonymous_16)
FNDA:0,(anonymous_17)
FNDA:0,(anonymous_18)
DA:29,0
DA:30,0
DA:31,0
DA:33,0
DA:45,0
DA:46,0
DA:47,0
DA:48,0
DA:50,0
DA:54,0
DA:61,0
DA:82,0
DA:85,0
DA:101,0
DA:126,0
DA:136,0
DA:139,0
DA:155,0
DA:164,0
DA:177,0
DA:188,0
DA:200,0
DA:208,0
DA:214,0
DA:217,0
DA:230,0
DA:231,0
DA:232,0
LF:28
LH:0
BRDA:61,0,0,0
BRDA:61,0,1,0
BRDA:61,1,0,0
BRDA:61,1,1,0
BRDA:61,1,2,0
BRDA:67,2,0,0
BRDA:67,2,1,0
BRDA:87,3,0,0
BRDA:87,3,1,0
BRDA:131,4,0,0
BRDA:131,4,1,0
BRF:11
BRH:0
end_of_record
TN:
SF:src/pages/group/[groupId]/project/[projectId]/branch/[branchId].tsx
FN:30,(anonymous_0)
FN:78,(anonymous_1)
FN:82,(anonymous_2)
FN:146,(anonymous_3)
FNF:4
FNH:0
FNDA:0,(anonymous_0)
FNDA:0,(anonymous_1)
FNDA:0,(anonymous_2)
FNDA:0,(anonymous_3)
DA:30,0
DA:31,0
DA:32,0
DA:33,0
DA:35,0
DA:36,0
DA:40,0
DA:44,0
DA:48,0
DA:50,0
DA:79,0
DA:80,0
DA:83,0
DA:145,0
DA:146,0
LF:15
LH:0
BRDA:50,0,0,0
BRDA:50,0,1,0
BRDA:50,1,0,0
BRDA:50,1,1,0
BRDA:50,1,2,0
BRDA:50,1,3,0
BRDA:67,2,0,0
BRDA:67,2,1,0
BRDA:79,3,0,0
BRDA:79,3,1,0
BRDA:102,4,0,0
BRDA:102,4,1,0
BRDA:108,5,0,0
BRDA:108,5,1,0
BRDA:114,6,0,0
BRDA:114,6,1,0
BRDA:116,7,0,0
BRDA:116,7,1,0
BRDA:117,8,0,0
BRDA:117,8,1,0
BRDA:131,9,0,0
BRDA:131,9,1,0
BRF:22
BRH:0
end_of_record
TN:
SF:src/pages/group/[groupId]/project/[projectId]/commit/[commitRef].tsx
FN:28,(anonymous_0)
FN:42,(anonymous_1)
FN:88,(anonymous_2)
FN:90,(anonymous_3)
FN:99,(anonymous_4)
FN:109,(anonymous_5)
FN:127,(anonymous_6)
FN:141,(anonymous_7)
FN:176,(anonymous_8)
FN:184,(anonymous_9)
FN:198,(anonymous_10)
FNF:11
FNH:0
FNDA:0,(anonymous_0)
FNDA:0,(anonymous_1)
FNDA:0,(anonymous_2)
FNDA:0,(anonymous_3)
FNDA:0,(anonymous_4)
FNDA:0,(anonymous_5)
FNDA:0,(anonymous_6)
FNDA:0,(anonymous_7)
FNDA:0,(anonymous_8)
FNDA:0,(anonymous_9)
FNDA:0,(anonymous_10)
DA:28,0
DA:29,0
DA:30,0
DA:31,0
DA:33,0
DA:34,0
DA:35,0
DA:39,0
DA:40,0
DA:42,0
DA:43,0
DA:44,0
DA:47,0
DA:53,0
DA:54,0
DA:56,0
DA:89,0
DA:91,0
DA:100,0
DA:110,0
DA:128,0
DA:142,0
DA:177,0
DA:185,0
DA:197,0
DA:198,0
LF:26
LH:0
BRDA:34,0,0,0
BRDA:34,0,1,0
BRDA:36,1,0,0
BRDA:36,1,1,0
BRDA:50,2,0,0
BRDA:50,2,1,0
BRDA:56,3,0,0
BRDA:56,3,1,0
BRDA:56,4,0,0
BRDA:56,4,1,0
BRDA:56,4,2,0
BRDA:56,4,3,0
BRDA:56,4,4,0
BRF:13
BRH:0
end_of_record
TN:
SF:src/pages/group/[groupId]/project/[projectId]/commit/[commitRef]/issues.tsx
FN:34,(anonymous_0)
FN:65,(anonymous_1)
FN:87,(anonymous_2)
FNF:3
FNH:0
FNDA:0,(anonymous_0)
FNDA:0,(anonymous_1)
FNDA:0,(anonymous_2)
DA:12,0
DA:34,0
DA:35,0
DA:36,0
DA:37,0
DA:38,0
DA:40,0
DA:41,0
DA:48,0
DA:66,0
DA:86,0
DA:87,0
LF:12
LH:0
BRDA:40,0,0,0
BRDA:40,0,1,0
BRDA:48,1,0,0
BRDA:48,1,1,0
BRDA:48,2,0,0
BRDA:48,2,1,0
BRDA:48,2,2,0
BRF:7
BRH:0
end_of_record
TN:
SF:src/pages/group/[groupId]/project/[projectId]/commit/[commitRef]/compare/[baseCommitRef].tsx
FN:18,(anonymous_0)
FN:58,(anonymous_1)
FN:67,(anonymous_2)
FNF:3
FNH:0
FNDA:0,(anonymous_0)
FNDA:0,(anonymous_1)
FNDA:0,(anonymous_2)
DA:18,0
DA:19,0
DA:20,0
DA:21,0
DA:22,0
DA:24,0
DA:25,0
DA:26,0
DA:28,0
DA:33,0
DA:59,0
DA:66,0
DA:67,0
LF:13
LH:0
BRDA:33,0,0,0
BRDA:33,0,1,0
BRDA:33,1,0,0
BRDA:33,1,1,0
BRDA:33,1,2,0
BRDA:33,1,3,0
BRF:6
BRH:0
end_of_record
TN:
SF:src/pages/group/[groupId]/project/[projectId]/commit/[commitRef]/compare/[baseCommitRef]/files/[...path].tsx
FN:17,(anonymous_0)
FN:82,(anonymous_1)
FN:110,(anonymous_2)
FNF:3
FNH:0
FNDA:0,(anonymous_0)
FNDA:0,(anonymous_1)
FNDA:0,(anonymous_2)
DA:17,0
DA:18,0
DA:19,0
DA:20,0
DA:21,0
DA:22,0
DA:24,0
DA:25,0
DA:26,0
DA:27,0
DA:29,0
DA:30,0
DA:32,0
DA:36,0
DA:41,0
DA:45,0
DA:50,0
DA:56,0
DA:63,0
DA:65,0
DA:82,0
DA:109,0
DA:110,0
DA:111,0
LF:24
LH:0
BRDA:65,0,0,0
BRDA:65,0,1,0
BRDA:65,1,0,0
BRDA:65,1,1,0
BRDA:65,1,2,0
BRDA:65,1,3,0
BRF:6
BRH:0
end_of_record
TN:
SF:src/pages/group/[groupId]/project/[projectId]/commit/[commitRef]/compare/[baseCommitRef]/test/[testId].tsx
FN:17,(anonymous_0)
FN:37,(anonymous_1)
FN:66,(anonymous_2)
FN:75,(anonymous_3)
FNF:4
FNH:0
FNDA:0,(anonymous_0)
FNDA:0,(anonymous_1)
FNDA:0,(anonymous_2)
FNDA:0,(anonymous_3)
DA:17,0
DA:18,0
DA:19,0
DA:20,0
DA:21,0
DA:22,0
DA:24,0
DA:25,0
DA:29,0
DA:32,0
DA:36,0
DA:37,0
DA:41,0
DA:67,0
DA:74,0
DA:75,0
DA:76,0
LF:17
LH:0
BRDA:41,0,0,0
BRDA:41,0,1,0
BRDA:41,1,0,0
BRDA:41,1,1,0
BRDA:41,1,2,0
BRDA:41,1,3,0
BRDA:41,1,4,0
BRF:7
BRH:0
end_of_record
TN:
SF:src/pages/group/[groupId]/project/[projectId]/commit/[commitRef]/compare/[baseCommitRef]/test/[testId]/files/[...path].tsx
FN:28,(anonymous_0)
FN:51,(anonymous_1)
FN:114,(anonymous_2)
FN:117,(anonymous_3)
FN:117,(anonymous_4)
FN:119,(anonymous_5)
FN:165,(anonymous_6)
FN:178,(anonymous_7)
FN:223,(anonymous_8)
FNF:9
FNH:0
FNDA:0,(anonymous_0)
FNDA:0,(anonymous_1)
FNDA:0,(anonymous_2)
FNDA:0,(anonymous_3)
FNDA:0,(anonymous_4)
FNDA:0,(anonymous_5)
FNDA:0,(anonymous_6)
FNDA:0,(anonymous_7)
FNDA:0,(anonymous_8)
DA:28,0
DA:29,0
DA:30,0
DA:31,0
DA:32,0
DA:33,0
DA:34,0
DA:36,0
DA:37,0
DA:38,0
DA:39,0
DA:43,0
DA:47,0
DA:48,0
DA:50,0
DA:51,0
DA:54,0
DA:59,0
DA:63,0
DA:68,0
DA:74,0
DA:80,0
DA:83,0
DA:87,0
DA:91,0
DA:114,0
DA:117,0
DA:118,0
DA:119,0
DA:121,0
DA:122,0
DA:138,0
DA:167,0
DA:168,0
DA:169,0
DA:170,0
DA:172,0
DA:173,0
DA:175,0
DA:179,0
DA:180,0
DA:181,0
DA:188,0
DA:191,0
DA:222,0
DA:223,0
DA:224,0
LF:47
LH:0
BRDA:91,0,0,0
BRDA:91,0,1,0
BRDA:91,1,0,0
BRDA:91,1,1,0
BRDA:91,1,2,0
BRDA:91,1,3,0
BRDA:91,1,4,0
BRDA:91,1,5,0
BRDA:91,1,6,0
BRDA:121,2,0,0
BRDA:121,2,1,0
BRDA:131,3,0,0
BRDA:131,3,1,0
BRDA:142,4,0,0
BRDA:142,4,1,0
BRDA:168,5,0,0
BRDA:168,5,1,0
BRDA:177,6,0,0
BRDA:177,6,1,0
BRDA:180,7,0,0
BRDA:180,7,1,0
BRDA:182,8,0,0
BRDA:182,8,1,0
BRDA:182,9,0,0
BRDA:182,9,1,0
BRDA:184,10,0,0
BRDA:184,10,1,0
BRDA:188,11,0,0
BRDA:188,11,1,0
BRDA:194,12,0,0
BRDA:194,12,1,0
BRDA:212,13,0,0
BRDA:212,13,1,0
BRDA:213,14,0,0
BRDA:213,14,1,0
BRF:35
BRH:0
end_of_record
TN:
SF:src/pages/group/[groupId]/project/[projectId]/commit/[commitRef]/files/[...path].tsx
FN:12,(anonymous_0)
FN:49,(anonymous_1)
FN:71,(anonymous_2)
FN:79,(anonymous_3)
FN:90,(anonymous_4)
FN:106,(anonymous_5)
FNF:6
FNH:0
FNDA:0,(anonymous_0)
FNDA:0,(anonymous_1)
FNDA:0,(anonymous_2)
FNDA:0,(anonymous_3)
FNDA:0,(anonymous_4)
FNDA:0,(anonymous_5)
DA:12,0
DA:13,0
DA:14,0
DA:15,0
DA:16,0
DA:18,0
DA:22,0
DA:26,0
DA:31,0
DA:50,0
DA:72,0
DA:80,0
DA:91,0
DA:105,0
DA:106,0
LF:15
LH:0
BRDA:31,0,0,0
BRDA:31,0,1,0
BRDA:31,1,0,0
BRDA:31,1,1,0
BRDA:31,1,2,0
BRDA:42,2,0,0
BRDA:42,2,1,0
BRDA:58,3,0,0
BRDA:58,3,1,0
BRDA:68,4,0,0
BRDA:68,4,1,0
BRDA:87,5,0,0
BRDA:87,5,1,0
BRDA:89,6,0,0
BRDA:89,6,1,0
BRF:15
BRH:0
end_of_record
TN:
SF:src/pages/group/[groupId]/project/[projectId]/commit/[commitRef]/test/[testId].tsx
FN:18,(anonymous_0)
FN:51,(anonymous_1)
FN:76,(anonymous_2)
FN:99,(anonymous_3)
FN:108,(anonymous_4)
FN:123,(anonymous_5)
FNF:6
FNH:0
FNDA:0,(anonymous_0)
FNDA:0,(anonymous_1)
FNDA:0,(anonymous_2)
FNDA:0,(anonymous_3)
FNDA:0,(anonymous_4)
FNDA:0,(anonymous_5)
DA:18,0
DA:19,0
DA:20,0
DA:21,0
DA:22,0
DA:24,0
DA:25,0
DA:26,0
DA:31,0
DA:52,0
DA:77,0
DA:80,0
DA:81,0
DA:85,0
DA:86,0
DA:100,0
DA:109,0
DA:122,0
DA:123,0
LF:19
LH:0
BRDA:24,0,0,0
BRDA:24,0,1,0
BRDA:27,1,0,0
BRDA:27,1,1,0
BRDA:31,2,0,0
BRDA:31,2,1,0
BRDA:31,3,0,0
BRDA:31,3,1,0
BRDA:31,3,2,0
BRDA:31,3,3,0
BRDA:31,3,4,0
BRDA:31,3,5,0
BRDA:80,4,0,0
BRDA:80,4,1,0
BRDA:85,5,0,0
BRDA:85,5,1,0
BRF:16
BRH:0
end_of_record
TN:
SF:src/pages/group/[groupId]/project/[projectId]/commit/[commitRef]/test/[testId]/files/[...path].tsx
FN:10,(anonymous_0)
FN:36,(anonymous_1)
FN:45,(anonymous_2)
FN:57,(anonymous_3)
FN:74,(anonymous_4)
FNF:5
FNH:0
FNDA:0,(anonymous_0)
FNDA:0,(anonymous_1)
FNDA:0,(anonymous_2)
FNDA:0,(anonymous_3)
FNDA:0,(anonymous_4)
DA:10,0
DA:11,0
DA:12,0
DA:13,0
DA:14,0
DA:15,0
DA:17,0
DA:19,0
DA:23,0
DA:28,0
DA:37,0
DA:46,0
DA:58,0
DA:73,0
DA:74,0
LF:15
LH:0
BRDA:17,0,0,0
BRDA:17,0,1,0
BRDA:28,1,0,0
BRDA:28,1,1,0
BRDA:28,2,0,0
BRDA:28,2,1,0
BRDA:28,2,2,0
BRDA:28,2,3,0
BRDA:33,3,0,0
BRDA:33,3,1,0
BRDA:56,4,0,0
BRDA:56,4,1,0
BRF:12
BRH:0
end_of_record
TN:
SF:src/pages/group/[groupId]/project/[projectId]/commit/[commitRef]/testinstance/[testInstanceId].tsx
FN:16,(anonymous_0)
FN:65,(anonymous_1)
FNF:2
FNH:0
FNDA:0,(anonymous_0)
FNDA:0,(anonymous_1)
DA:16,0
DA:17,0
DA:18,0
DA:19,0
DA:20,0
DA:22,0
DA:23,0
DA:24,0
DA:28,0
DA:30,0
DA:64,0
DA:65,0
LF:12
LH:0
BRDA:23,0,0,0
BRDA:23,0,1,0
BRDA:30,1,0,0
BRDA:30,1,1,0
BRDA:30,2,0,0
BRDA:30,2,1,0
BRDA:30,2,2,0
BRDA:30,2,3,0
BRDA:30,2,4,0
BRDA:30,2,5,0
BRF:10
BRH:0
end_of_record
TN:
SF:src/pages/group/[groupId]/project/[projectId]/commit/[commitRef]/testinstance/[testInstanceId]/raw-data.tsx
FN:18,(anonymous_0)
FN:65,(anonymous_1)
FNF:2
FNH:0
FNDA:0,(anonymous_0)
FNDA:0,(anonymous_1)
DA:18,0
DA:19,0
DA:20,0
DA:21,0
DA:22,0
DA:24,0
DA:25,0
DA:26,0
DA:29,0
DA:33,0
DA:35,0
DA:64,0
DA:65,0
LF:13
LH:0
BRDA:25,0,0,0
BRDA:25,0,1,0
BRDA:35,1,0,0
BRDA:35,1,1,0
BRDA:35,2,0,0
BRDA:35,2,1,0
BRDA:35,2,2,0
BRDA:35,2,3,0
BRDA:35,2,4,0
BRDA:35,2,5,0
BRF:10
BRH:0
end_of_record
TN:
SF:src/pages/group/[groupId]/project/[projectId]/pullrequest/[prId].tsx
FN:41,(anonymous_0)
FN:90,(anonymous_1)
FN:92,(anonymous_2)
FN:101,(anonymous_3)
FN:257,(anonymous_4)
FN:293,(anonymous_5)
FNF:6
FNH:0
FNDA:0,(anonymous_0)
FNDA:0,(anonymous_1)
FNDA:0,(anonymous_2)
FNDA:0,(anonymous_3)
FNDA:0,(anonymous_4)
FNDA:0,(anonymous_5)
DA:41,0
DA:42,0
DA:43,0
DA:44,0
DA:46,0
DA:47,0
DA:49,0
DA:51,0
DA:55,0
DA:60,0
DA:64,0
DA:66,0
DA:91,0
DA:93,0
DA:102,0
DA:258,0
DA:292,0
DA:293,0
LF:18
LH:0
BRDA:66,0,0,0
BRDA:66,0,1,0
BRDA:66,1,0,0
BRDA:66,1,1,0
BRDA:66,1,2,0
BRDA:66,1,3,0
BRDA:79,2,0,0
BRDA:79,2,1,0
BRDA:109,3,0,0
BRDA:109,3,1,0
BRDA:115,4,0,0
BRDA:115,4,1,0
BRDA:142,5,0,0
BRDA:142,5,1,0
BRDA:158,6,0,0
BRDA:158,6,1,0
BRDA:166,7,0,0
BRDA:166,7,1,0
BRDA:170,8,0,0
BRDA:170,8,1,0
BRDA:170,9,0,0
BRDA:170,9,1,0
BRDA:193,10,0,0
BRDA:193,10,1,0
BRDA:216,11,0,0
BRDA:216,11,1,0
BRDA:223,12,0,0
BRDA:223,12,1,0
BRDA:227,13,0,0
BRDA:227,13,1,0
BRDA:240,14,0,0
BRDA:240,14,1,0
BRDA:277,15,0,0
BRDA:277,15,1,0
BRF:34
BRH:0
end_of_record
TN:
SF:src/pages/logs/[commitRef].tsx
FN:14,(anonymous_0)
FN:38,(anonymous_1)
FN:63,(anonymous_2)
FNF:3
FNH:0
FNDA:0,(anonymous_0)
FNDA:0,(anonymous_1)
FNDA:0,(anonymous_2)
DA:14,0
DA:15,0
DA:16,0
DA:20,0
DA:39,0
DA:62,0
DA:63,0
LF:7
LH:0
BRDA:44,0,0,0
BRDA:44,0,1,0
BRDA:52,1,0,0
BRDA:52,1,1,0
BRF:4
BRH:0
end_of_record
TN:
SF:src/processors/ProcessChangefrequency.ts
FN:21,(anonymous_0)
FN:40,(anonymous_1)
FN:50,(anonymous_2)
FN:76,(anonymous_3)
FN:84,(anonymous_4)
FNF:5
FNH:0
FNDA:0,(anonymous_0)
FNDA:0,(anonymous_1)
FNDA:0,(anonymous_2)
FNDA:0,(anonymous_3)
FNDA:0,(anonymous_4)
DA:12,0
DA:14,0
DA:22,0
DA:23,0
DA:25,0
DA:31,0
DA:33,0
DA:37,0
DA:38,0
DA:39,0
DA:41,0
DA:43,0
DA:44,0
DA:50,0
DA:51,0
DA:52,0
DA:53,0
DA:54,0
DA:56,0
DA:59,0
DA:61,0
DA:62,0
DA:66,0
DA:76,0
DA:78,0
DA:83,0
DA:90,0
DA:103,0
DA:117,0
DA:118,0
DA:131,0
DA:142,0
LF:32
LH:0
BRDA:41,0,0,0
BRDA:41,0,1,0
BRDA:43,1,0,0
BRDA:43,1,1,0
BRDA:52,2,0,0
BRDA:52,2,1,0
BRDA:53,3,0,0
BRDA:53,3,1,0
BRDA:62,4,0,0
BRDA:62,4,1,0
BRF:10
BRH:0
end_of_record
TN:
SF:src/processors/ProcessCombineCoverage.ts
FN:28,(anonymous_0)
FN:30,(anonymous_1)
FN:43,(anonymous_2)
FN:47,(anonymous_3)
FN:52,(anonymous_4)
FN:60,(anonymous_5)
FN:144,(anonymous_6)
FN:145,(anonymous_7)
FN:155,(anonymous_8)
FN:184,(anonymous_9)
FN:194,(anonymous_10)
FN:199,(anonymous_11)
FN:200,(anonymous_12)
FNF:13
FNH:0
FNDA:0,(anonymous_0)
FNDA:0,(anonymous_1)
FNDA:0,(anonymous_2)
FNDA:0,(anonymous_3)
FNDA:0,(anonymous_4)
FNDA:0,(anonymous_5)
FNDA:0,(anonymous_6)
FNDA:0,(anonymous_7)
FNDA:0,(anonymous_8)
FNDA:0,(anonymous_9)
FNDA:0,(anonymous_10)
FNDA:0,(anonymous_11)
FNDA:0,(anonymous_12)
DA:26,0
DA:30,0
DA:31,0
DA:32,0
DA:35,0
DA:36,0
DA:38,0
DA:39,0
DA:42,0
DA:43,0
DA:44,0
DA:47,0
DA:52,0
DA:54,0
DA:55,0
DA:57,0
DA:61,0
DA:63,0
DA:65,0
DA:67,0
DA:68,0
DA:71,0
DA:72,0
DA:81,0
DA:82,0
DA:83,0
DA:84,0
DA:87,0
DA:90,0
DA:107,0
DA:112,0
DA:121,0
DA:123,0
DA:136,0
DA:141,0
DA:142,0
DA:143,0
DA:144,0
DA:145,0
DA:146,0
DA:147,0
DA:148,0
DA:149,0
DA:153,0
DA:155,0
DA:158,0
DA:161,0
DA:163,0
DA:165,0
DA:181,0
DA:183,0
DA:184,0
DA:185,0
DA:188,0
DA:190,0
DA:192,0
DA:193,0
DA:194,0
DA:195,0
DA:199,0
DA:200,0
DA:201,0
DA:202,0
DA:207,0
DA:208,0
DA:209,0
DA:215,0
DA:219,0
DA:220,0
DA:226,0
DA:227,0
DA:245,0
DA:247,0
DA:248,0
DA:252,0
DA:254,0
DA:262,0
DA:271,0
DA:272,0
DA:277,0
DA:290,0
DA:291,0
DA:293,0
DA:294,0
DA:306,0
DA:307,0
DA:318,0
LF:87
LH:0
BRDA:52,0,0,0
BRDA:52,0,1,0
BRDA:52,1,0,0
BRDA:52,1,1,0
BRDA:81,2,0,0
BRDA:81,2,1,0
BRDA:83,3,0,0
BRDA:83,3,1,0
BRDA:121,4,0,0
BRDA:121,4,1,0
BRDA:121,5,0,0
BRDA:121,5,1,0
BRDA:139,6,0,0
BRDA:139,6,1,0
BRDA:147,7,0,0
BRDA:147,7,1,0
BRDA:158,8,0,0
BRDA:158,8,1,0
BRDA:158,9,0,0
BRDA:158,9,1,0
BRDA:161,10,0,0
BRDA:161,10,1,0
BRDA:232,11,0,0
BRDA:232,11,1,0
BRDA:233,12,0,0
BRDA:233,12,1,0
BRDA:234,13,0,0
BRDA:234,13,1,0
BRDA:235,14,0,0
BRDA:235,14,1,0
BRDA:236,15,0,0
BRDA:236,15,1,0
BRDA:237,16,0,0
BRDA:237,16,1,0
BRDA:238,17,0,0
BRDA:238,17,1,0
BRDA:239,18,0,0
BRDA:239,18,1,0
BRDA:240,19,0,0
BRDA:240,19,1,0
BRDA:271,20,0,0
BRDA:271,20,1,0
BRDA:284,21,0,0
BRDA:284,21,1,0
BRDA:301,22,0,0
BRDA:301,22,1,0
BRF:46
BRH:0
end_of_record
TN:
SF:src/processors/ProcessSonarqube.ts
FN:21,(anonymous_0)
FN:29,(anonymous_1)
FN:35,(anonymous_2)
FN:36,(anonymous_3)
FN:41,(anonymous_4)
FN:79,(anonymous_5)
FN:88,(anonymous_6)
FN:147,(anonymous_7)
FN:156,(anonymous_8)
FN:160,(anonymous_9)
FN:184,(anonymous_10)
FN:196,(anonymous_11)
FN:201,(anonymous_12)
FN:216,(anonymous_13)
FN:236,(anonymous_14)
FN:251,(anonymous_15)
FNF:16
FNH:0
FNDA:0,(anonymous_0)
FNDA:0,(anonymous_1)
FNDA:0,(anonymous_2)
FNDA:0,(anonymous_3)
FNDA:0,(anonymous_4)
FNDA:0,(anonymous_5)
FNDA:0,(anonymous_6)
FNDA:0,(anonymous_7)
FNDA:0,(anonymous_8)
FNDA:0,(anonymous_9)
FNDA:0,(anonymous_10)
FNDA:0,(anonymous_11)
FNDA:0,(anonymous_12)
FNDA:0,(anonymous_13)
FNDA:0,(anonymous_14)
FNDA:0,(anonymous_15)
DA:12,0
DA:14,0
DA:22,0
DA:23,0
DA:24,0
DA:25,0
DA:27,0
DA:28,0
DA:29,0
DA:30,0
DA:31,0
DA:34,0
DA:35,0
DA:36,0
DA:37,0
DA:40,0
DA:41,0
DA:42,0
DA:43,0
DA:44,0
DA:46,0
DA:47,0
DA:49,0
DA:54,0
DA:57,0
DA:63,0
DA:74,0
DA:78,0
DA:79,0
DA:80,0
DA:81,0
DA:84,0
DA:85,0
DA:86,0
DA:88,0
DA:89,0
DA:90,0
DA:91,0
DA:93,0
DA:94,0
DA:95,0
DA:98,0
DA:99,0
DA:101,0
DA:104,0
DA:115,0
DA:117,0
DA:118,0
DA:119,0
DA:121,0
DA:126,0
DA:137,0
DA:141,0
DA:147,0
DA:152,0
DA:155,0
DA:156,0
DA:159,0
DA:160,0
DA:161,0
DA:162,0
DA:169,0
DA:171,0
DA:172,0
DA:177,0
DA:181,0
DA:184,0
DA:192,0
DA:194,0
DA:195,0
DA:196,0
DA:197,0
DA:198,0
DA:199,0
DA:202,0
DA:206,0
DA:211,0
DA:212,0
DA:214,0
DA:216,0
DA:217,0
DA:218,0
DA:219,0
DA:220,0
DA:222,0
DA:227,0
DA:231,0
DA:235,0
DA:237,0
DA:248,0
DA:250,0
DA:252,0
DA:263,0
DA:277,0
DA:278,0
DA:280,0
DA:293,0
DA:295,0
DA:311,0
DA:312,0
DA:325,0
DA:336,0
LF:102
LH:0
BRDA:30,0,0,0
BRDA:30,0,1,0
BRDA:42,1,0,0
BRDA:42,1,1,0
BRDA:46,2,0,0
BRDA:46,2,1,0
BRDA:89,3,0,0
BRDA:89,3,1,0
BRDA:93,4,0,0
BRDA:93,4,1,0
BRDA:99,5,0,0
BRDA:99,5,1,0
BRDA:161,6,0,0
BRDA:161,6,1,0
BRDA:198,7,0,0
BRDA:198,7,1,0
BRDA:199,8,0,0
BRDA:199,8,1,0
BRDA:202,9,0,0
BRDA:202,9,1,0
BRDA:211,10,0,0
BRDA:211,10,1,0
BRDA:218,11,0,0
BRDA:218,11,1,0
BRDA:219,12,0,0
BRDA:219,12,1,0
BRF:26
BRH:0
end_of_record
TN:
SF:src/processors/ProcessUpload.ts
FN:28,(anonymous_0)
FN:40,(anonymous_1)
FN:144,(anonymous_2)
FNF:3
FNH:0
FNDA:0,(anonymous_0)
FNDA:0,(anonymous_1)
FNDA:0,(anonymous_2)
DA:18,0
DA:29,0
DA:38,0
DA:39,0
DA:40,0
DA:41,0
DA:42,0
DA:45,0
DA:46,0
DA:48,0
DA:50,0
DA:52,0
DA:54,0
DA:56,0
DA:57,0
DA:60,0
DA:61,0
DA:64,0
DA:94,0
DA:113,0
DA:114,0
DA:117,0
DA:119,0
DA:121,0
DA:123,0
DA:125,0
DA:138,0
DA:145,0
DA:148,0
DA:150,0
DA:151,0
DA:152,0
DA:155,0
DA:158,0
DA:168,0
DA:179,0
LF:36
LH:0
BRDA:56,0,0,0
BRDA:56,0,1,0
BRDA:60,1,0,0
BRDA:60,1,1,0
BRDA:113,2,0,0
BRDA:113,2,1,0
BRDA:132,3,0,0
BRDA:132,3,1,0
BRDA:151,4,0,0
BRDA:151,4,1,0
BRF:10
BRH:0
end_of_record
TN:
SF:src/processors/addEventListeners.ts
FN:4,(anonymous_0)
FN:5,(anonymous_1)
FN:9,(anonymous_2)
FN:13,(anonymous_3)
FNF:4
FNH:0
FNDA:0,(anonymous_0)
FNDA:0,(anonymous_1)
FNDA:0,(anonymous_2)
FNDA:0,(anonymous_3)
DA:4,0
DA:5,0
DA:6,0
DA:9,0
DA:10,0
DA:13,0
DA:14,0
DA:15,0
LF:8
LH:0
BRF:0
BRH:0
end_of_record
TN:
SF:src/processors/ProcessCombineCoverage/processAllInstances.ts
FN:13,(anonymous_0)
FN:24,(anonymous_1)
FN:69,(anonymous_2)
FN:71,(anonymous_3)
FNF:4
FNH:0
FNDA:0,(anonymous_0)
FNDA:0,(anonymous_1)
FNDA:0,(anonymous_2)
FNDA:0,(anonymous_3)
DA:13,0
DA:14,0
DA:23,0
DA:24,0
DA:25,0
DA:28,0
DA:29,0
DA:30,0
DA:31,0
DA:33,0
DA:35,0
DA:36,0
DA:37,0
DA:39,0
DA:40,0
DA:42,0
DA:43,0
DA:46,0
DA:55,0
DA:60,0
DA:63,0
DA:65,0
DA:66,0
DA:69,0
DA:70,0
DA:71,0
DA:72,0
DA:73,0
DA:76,0
DA:82,0
DA:91,0
DA:93,0
DA:97,0
DA:99,0
DA:100,0
DA:106,0
DA:107,0
DA:125,0
DA:127,0
LF:39
LH:0
BRDA:31,0,0,0
BRDA:31,0,1,0
BRDA:40,1,0,0
BRDA:40,1,1,0
BRDA:42,2,0,0
BRDA:42,2,1,0
BRDA:57,3,0,0
BRDA:57,3,1,0
BRDA:112,4,0,0
BRDA:112,4,1,0
BRDA:113,5,0,0
BRDA:113,5,1,0
BRDA:114,6,0,0
BRDA:114,6,1,0
BRDA:115,7,0,0
BRDA:115,7,1,0
BRDA:116,8,0,0
BRDA:116,8,1,0
BRDA:117,9,0,0
BRDA:117,9,1,0
BRDA:118,10,0,0
BRDA:118,10,1,0
BRDA:119,11,0,0
BRDA:119,11,1,0
BRDA:120,12,0,0
BRDA:120,12,1,0
BRF:26
BRH:0
end_of_record
TN:
SF:src/processors/ProcessCombineCoverage/processTestInstance.ts
FN:12,(anonymous_0)
FN:87,(anonymous_1)
FN:89,(anonymous_2)
FN:96,(anonymous_3)
FN:98,(anonymous_4)
FNF:5
FNH:0
FNDA:0,(anonymous_0)
FNDA:0,(anonymous_1)
FNDA:0,(anonymous_2)
FNDA:0,(anonymous_3)
FNDA:0,(anonymous_4)
DA:12,0
DA:16,0
DA:25,0
DA:26,0
DA:28,0
DA:50,0
DA:52,0
DA:69,0
DA:71,0
DA:72,0
DA:74,0
DA:79,0
DA:81,0
DA:83,0
DA:84,0
DA:85,0
DA:87,0
DA:88,0
DA:89,0
DA:90,0
DA:91,0
DA:96,0
DA:97,0
DA:98,0
DA:99,0
DA:100,0
DA:103,0
DA:107,0
DA:109,0
DA:111,0
DA:113,0
DA:117,0
DA:118,0
DA:124,0
DA:125,0
DA:143,0
DA:145,0
DA:149,0
DA:158,0
LF:39
LH:0
BRDA:30,0,0,0
BRDA:30,0,1,0
BRDA:50,1,0,0
BRDA:50,1,1,0
BRDA:71,2,0,0
BRDA:71,2,1,0
BRDA:76,3,0,0
BRDA:76,3,1,0
BRDA:130,4,0,0
BRDA:130,4,1,0
BRDA:131,5,0,0
BRDA:131,5,1,0
BRDA:132,6,0,0
BRDA:132,6,1,0
BRDA:133,7,0,0
BRDA:133,7,1,0
BRDA:134,8,0,0
BRDA:134,8,1,0
BRDA:135,9,0,0
BRDA:135,9,1,0
BRDA:136,10,0,0
BRDA:136,10,1,0
BRDA:137,11,0,0
BRDA:137,11,1,0
BRDA:138,12,0,0
BRDA:138,12,1,0
BRF:26
BRH:0
end_of_record
TN:
SF:src/projects/mutations/deleteProject.ts
FN:9,(anonymous_0)
FNF:1
FNH:0
FNDA:0,(anonymous_0)
DA:5,0
DA:11,0
DA:13,0
LF:3
LH:0
BRF:0
BRH:0
end_of_record
TN:
SF:src/projects/mutations/updateProject.ts
FN:13,(anonymous_0)
FNF:1
FNH:0
FNDA:0,(anonymous_0)
DA:5,0
DA:15,0
DA:17,0
LF:3
LH:0
BRF:0
BRH:0
end_of_record
TN:
SF:src/queues/ChangeFrequencyQueue.ts
FN:21,(anonymous_0)
FNF:1
FNH:0
FNDA:0,(anonymous_0)
DA:7,0
DA:13,0
DA:21,0
DA:27,0
DA:28,0
LF:5
LH:0
BRF:0
BRH:0
end_of_record
TN:
SF:src/queues/CombineCoverage.ts
FN:23,(anonymous_0)
FNF:1
FNH:0
FNDA:0,(anonymous_0)
DA:6,0
DA:15,0
DA:23,0
DA:24,0
DA:25,0
LF:5
LH:0
BRF:0
BRH:0
end_of_record
TN:
SF:src/queues/SonarQubeQueue.ts
FN:18,(anonymous_0)
FNF:1
FNH:0
FNDA:0,(anonymous_0)
DA:7,0
DA:13,0
DA:18,0
DA:24,0
DA:25,0
LF:5
LH:0
BRF:0
BRH:0
end_of_record
TN:
SF:src/queues/UploadQueue.ts
FN:19,(anonymous_0)
FNF:1
FNH:0
FNDA:0,(anonymous_0)
DA:8,0
DA:14,0
DA:19,0
DA:28,0
DA:37,0
DA:38,0
DA:39,0
DA:55,0
DA:56,0
LF:9
LH:0
BRF:0
BRH:0
end_of_record
TN:
SF:src/queues/config.ts
FNF:0
FNH:0
DA:3,0
LF:1
LH:0
BRDA:5,0,0,0
BRDA:5,0,1,0
BRDA:6,1,0,0
BRDA:6,1,1,0
BRF:4
BRH:0
end_of_record
TN:
SF:src/settings/mutations/createSetting.ts
FN:12,(anonymous_0)
FNF:1
FNH:0
FNDA:0,(anonymous_0)
DA:5,0
DA:14,0
DA:16,0
LF:3
LH:0
BRF:0
BRH:0
end_of_record
TN:
SF:src/settings/mutations/deleteSetting.ts
FN:12,(anonymous_0)
FNF:1
FNH:0
FNDA:0,(anonymous_0)
DA:5,0
DA:14,0
DA:16,0
LF:3
LH:0
BRF:0
BRH:0
end_of_record
TN:
SF:src/settings/mutations/updateSetting.ts
FN:12,(anonymous_0)
FNF:1
FNH:0
FNDA:0,(anonymous_0)
DA:5,0
DA:14,0
DA:20,0
LF:3
LH:0
BRF:0
BRH:0
end_of_record
TN:
SF:src/settings/queries/getSetting.ts
FN:10,(anonymous_0)
FNF:1
FNH:0
FNDA:0,(anonymous_0)
DA:5,0
DA:12,0
DA:14,0
LF:3
LH:0
BRF:0
BRH:0
end_of_record
TN:
SF:src/settings/queries/getSettings.ts
FN:12,(anonymous_0)
FN:22,(anonymous_1)
FN:23,(anonymous_2)
FNF:3
FNH:0
FNDA:0,(anonymous_0)
FNDA:0,(anonymous_1)
FNDA:0,(anonymous_2)
DA:19,0
DA:22,0
DA:24,0
DA:27,0
LF:4
LH:0
BRDA:12,0,0,0
BRDA:12,1,0,0
BRF:2
BRH:0
end_of_record
TN:
SF:src/users/queries/getCurrentUser.ts
FN:4,getCurrentUser
FNF:1
FNH:0
FNDA:0,getCurrentUser
DA:5,0
DA:7,0
DA:12,0
LF:3
LH:0
BRDA:5,0,0,0
BRDA:5,0,1,0
BRF:2
BRH:0
end_of_record
